#
# A fatal error has been detected by the Java Runtime Environment:
#
#  SIGSEGV (0xb) at pc=0x00007fff98d0f390, pid=3109, tid=6197321728
#
# JRE version: 7.0_04-b21
# Java VM: Java HotSpot(TM) 64-Bit Server VM (23.0-b21 mixed mode bsd-amd64 compressed oops)
# Problematic frame:
# C  [libobjc.A.dylib+0xb390]  objc_msgSend_vtable14+0x10
#
# Failed to write core dump. Core dumps have been disabled. To enable core dumping, try "ulimit -c unlimited" before starting Java again
#
# If you would like to submit a bug report, please visit:
#   http://bugreport.sun.com/bugreport/crash.jsp
# The crash happened outside the Java Virtual Machine in native code.
# See problematic frame for where to report the bug.
#

---------------  T H R E A D  ---------------

Current thread (0x00007f9c438df000):  JavaThread "QuantumRenderer-0" daemon [_thread_in_native, id=1902354432, stack(0x000000017153a000,0x000000017163a000)]

siginfo:si_signo=SIGSEGV: si_errno=0, si_code=0 (SEGV0), si_addr=0x0000000000000000

Registers:
RAX=0x700007f9c44b5ca9, RBX=0x00007f9c44b50470, RCX=0x00000000000f59d0, RDX=0x00007f9c435799a0
RSP=0x0000000171639588, RBP=0x00000001716395b0, RSI=0x0000000171c7c7c8, RDI=0x00007f9c44b50470
R8 =0x0000000000000002, R9 =0x00007f9c43575fb0, R10=0x0000000056ddfe59, R11=0x0000000078d623ce
R12=0x00007f9c438df1d8, R13=0x0000000000000001, R14=0x0000000171639668, R15=0x00007f9c438df000
RIP=0x00007fff98d0f390, EFLAGS=0x0000000000010246, ERR=0x0000000000000000
  TRAPNO=0x000000000000000d

Top of Stack: (sp=0x0000000171639588)
0x0000000171639588:   0000000171c54e55 0000000000000000
0x0000000171639598:   000000010ef60080 0000000000000000
0x00000001716395a8:   000000010ef60080 0000000171639628
0x00000001716395b8:   000000010b702f90 000000010ea8ce38
0x00000001716395c8:   0000000171639600 000000010ea8d708
0x00000001716395d8:   0000000000000000 000000010ea8ce40
0x00000001716395e8:   00000001716395e8 0000000000000000
0x00000001716395f8:   0000000171639668 000000010ef615f8
0x0000000171639608:   0000000000000000 000000010ef60080
0x0000000171639618:   0000000000000000 0000000171639648
0x0000000171639628:   00000001716396b0 000000010b6f7158
0x0000000171639638:   0000000000000000 000000010b6ffdd8
0x0000000171639648:   0000000000000001 0000000000000000
0x0000000171639658:   00007f9c44b50470 000000010b6f7158
0x0000000171639668:   00000001507a2f20 0000000171639670
0x0000000171639678:   000000010ef3bb1e 00000001716396c8
0x0000000171639688:   000000010ef3e710 0000000000000000
0x0000000171639698:   000000010ef3bb48 0000000171639648
0x00000001716396a8:   00000001716396c0 0000000171639710
0x00000001716396b8:   000000010b6f7158 0000000000000001
0x00000001716396c8:   00000001507a2f20 00000001716396d0
0x00000001716396d8:   000000010ef59105 0000000171639720
0x00000001716396e8:   000000010ef596f0 0000000000000000
0x00000001716396f8:   000000010ef59120 00000001716396c0
0x0000000171639708:   0000000171639720 0000000171639768
0x0000000171639718:   000000010b6f7158 00000001507a2ae0
0x0000000171639728:   0000000171639728 000000010ef9d0dc
0x0000000171639738:   0000000171639790 000000010ef9edc0
0x0000000171639748:   0000000000000000 000000010ef9d1a0
0x0000000171639758:   0000000171639720 0000000171639790
0x0000000171639768:   00000001716397d8 000000010b6f7806
0x0000000171639778:   0000000000000000 0000000000000000 

Instructions: (pc=0x00007fff98d0f390)
0x00007fff98d0f370:   8b 42 18 48 8b 76 08 ff 60 68 66 0f 1f 44 00 00
0x00007fff98d0f380:   48 85 ff 74 16 f7 c7 01 00 00 00 75 12 48 8b 07
0x00007fff98d0f390:   48 8b 40 18 48 8b 76 08 ff 60 70 31 c0 c3 90 89
0x00007fff98d0f3a0:   f8 83 e0 0f 4c 8d 15 2d 51 84 e6 4d 8b 14 c2 49 

Register to memory mapping:

RAX=0x700007f9c44b5ca9 is an unknown value
RBX=0x00007f9c44b50470 is an unknown value
RCX=0x00000000000f59d0 is an unknown value
RDX=0x00007f9c435799a0 is an unknown value
RSP=0x0000000171639588 is pointing into the stack for thread: 0x00007f9c438df000
RBP=0x00000001716395b0 is pointing into the stack for thread: 0x00007f9c438df000
RSI=0x0000000171c7c7c8: OBJC_CLASS_$_GlassWindow_Normal+0x48 in /Library/Java/JavaVirtualMachines/jdk1.7.0_45.jdk/Contents/Home/jre/lib/libglass.dylib at 0x0000000171c3b000
RDI=0x00007f9c44b50470 is an unknown value
R8 =0x0000000000000002 is an unknown value
R9 =0x00007f9c43575fb0 is an unknown value
R10=0x0000000056ddfe59 is an unknown value
R11=0x0000000078d623ce is an unknown value
R12=0x00007f9c438df1d8 is an unknown value
R13=0x0000000000000001 is an unknown value
R14=0x0000000171639668 is pointing into the stack for thread: 0x00007f9c438df000
R15=0x00007f9c438df000 is a thread


Stack: [0x000000017153a000,0x000000017163a000],  sp=0x0000000171639588,  free space=1021k
Native frames: (J=compiled Java code, j=interpreted, Vv=VM code, C=native code)
C  [libobjc.A.dylib+0xb390]  objc_msgSend_vtable14+0x10
j  com.sun.glass.ui.mac.MacView._end(JZZ)V+0
j  com.sun.glass.ui.View.unlock(Z)V+14
j  com.sun.glass.ui.Pen.end()V+5
j  com.sun.javafx.tk.quantum.PresentingPainter.run()V+628
j  java.util.concurrent.Executors$RunnableAdapter.call()Ljava/lang/Object;+4
j  java.util.concurrent.FutureTask$Sync.innerRunAndReset()Z+30
j  java.util.concurrent.FutureTask.runAndReset()Z+4
j  com.sun.prism.render.RenderJob.run()V+1
j  java.util.concurrent.ThreadPoolExecutor.runWorker(Ljava/util/concurrent/ThreadPoolExecutor$Worker;)V+46
j  java.util.concurrent.ThreadPoolExecutor$Worker.run()V+5
j  com.sun.javafx.tk.quantum.QuantumRenderer$PipelineRunnable.run()V+8
j  java.lang.Thread.run()V+11
v  ~StubRoutines::call_stub
V  [libjvm.dylib+0x286acf]
V  [libjvm.dylib+0x286fac]
V  [libjvm.dylib+0x2870e6]
V  [libjvm.dylib+0x2bd820]
V  [libjvm.dylib+0x4763cc]
V  [libjvm.dylib+0x4778b2]
V  [libjvm.dylib+0x3b393d]
C  [libsystem_c.dylib+0x4e8bf]  _pthread_start+0x14f
C  [libsystem_c.dylib+0x51b75]  thread_start+0xd

Java frames: (J=compiled Java code, j=interpreted, Vv=VM code)
j  com.sun.glass.ui.mac.MacView._end(JZZ)V+0
j  com.sun.glass.ui.View.unlock(Z)V+14
j  com.sun.glass.ui.Pen.end()V+5
j  com.sun.javafx.tk.quantum.PresentingPainter.run()V+628
j  java.util.concurrent.Executors$RunnableAdapter.call()Ljava/lang/Object;+4
j  java.util.concurrent.FutureTask$Sync.innerRunAndReset()Z+30
j  java.util.concurrent.FutureTask.runAndReset()Z+4
j  com.sun.prism.render.RenderJob.run()V+1
j  java.util.concurrent.ThreadPoolExecutor.runWorker(Ljava/util/concurrent/ThreadPoolExecutor$Worker;)V+46
j  java.util.concurrent.ThreadPoolExecutor$Worker.run()V+5
j  com.sun.javafx.tk.quantum.QuantumRenderer$PipelineRunnable.run()V+8
j  java.lang.Thread.run()V+11
v  ~StubRoutines::call_stub

---------------  P R O C E S S  ---------------

Java Threads: ( => current thread )
  0x00007f9c44000800 JavaThread "DestroyJavaVM" [_thread_blocked, id=191500288, stack(0x000000010b5a1000,0x000000010b6a1000)]
  0x00007f9c43a26800 JavaThread "Prism Font Disposer" daemon [_thread_blocked, id=1971228672, stack(0x00000001756e9000,0x00000001757e9000)]
  0x00007f9c440c4000 JavaThread "Thread-2" daemon [_thread_blocked, id=1910108160, stack(0x0000000171c9f000,0x0000000171d9f000)]
  0x00007f9c440c3000 JavaThread "Disposer" daemon [_thread_blocked, id=1908641792, stack(0x0000000171b39000,0x0000000171c39000)]
=>0x00007f9c438df000 JavaThread "QuantumRenderer-0" daemon [_thread_in_native, id=1902354432, stack(0x000000017153a000,0x000000017163a000)]
  0x00007f9c44023800 JavaThread "Service Thread" daemon [_thread_blocked, id=1898639360, stack(0x00000001711af000,0x00000001712af000)]
  0x00007f9c44023000 JavaThread "C2 CompilerThread1" daemon [_thread_blocked, id=1897578496, stack(0x00000001710ac000,0x00000001711ac000)]
  0x00007f9c44021800 JavaThread "C2 CompilerThread0" daemon [_thread_blocked, id=1896517632, stack(0x0000000170fa9000,0x00000001710a9000)]
  0x00007f9c4401f800 JavaThread "Signal Dispatcher" daemon [_thread_blocked, id=1895456768, stack(0x0000000170ea6000,0x0000000170fa6000)]
  0x00007f9c44009000 JavaThread "Finalizer" daemon [_thread_blocked, id=1892323328, stack(0x0000000170ba9000,0x0000000170ca9000)]
  0x00007f9c44008000 JavaThread "Reference Handler" daemon [_thread_blocked, id=1891262464, stack(0x0000000170aa6000,0x0000000170ba6000)]

Other Threads:
  0x00007f9c44005800 VMThread [stack: 0x00000001709a3000,0x0000000170aa3000] [id=1890201600]
  0x00007f9c44020800 WatcherThread [stack: 0x00000001712b2000,0x00000001713b2000] [id=1899700224]

VM state:not at safepoint (normal execution)

VM Mutex/Monitor currently owned by a thread: None

Heap
 PSYoungGen      total 49024K, used 45044K [0x000000014e5d0000, 0x0000000151950000, 0x000000016bbd0000)
  eden space 45312K, 91% used [0x000000014e5d0000,0x0000000150e339f0,0x0000000151210000)
  from space 3712K, 99% used [0x00000001515b0000,0x0000000151949878,0x0000000151950000)
  to   space 3712K, 0% used [0x0000000151210000,0x0000000151210000,0x00000001515b0000)
 ParOldGen       total 60160K, used 31964K [0x00000001139d0000, 0x0000000117490000, 0x000000014e5d0000)
  object space 60160K, 53% used [0x00000001139d0000,0x00000001159071f8,0x0000000117490000)
 PSPermGen       total 21248K, used 11305K [0x000000010e7d0000, 0x000000010fc90000, 0x00000001139d0000)
  object space 21248K, 53% used [0x000000010e7d0000,0x000000010f2da4e0,0x000000010fc90000)

Code Cache  [0x000000010b6f1000, 0x000000010b961000, 0x000000010e6f1000)
 total_blobs=658 nmethods=128 adapters=482 free_code_cache=48274Kb largest_free_block=49406592

Compilation events (10 events):
Event: 25.881 Thread 0x00007f9c44023000  123             javafx.beans.property.ObjectPropertyBase::get (29 bytes)
Event: 25.882 Thread 0x00007f9c44023000 nmethod 123 0x000000010b7d0d50 code [0x000000010b7d0ea0, 0x000000010b7d0f38]
Event: 25.899 Thread 0x00007f9c44021800  124             com.sun.javafx.geom.transform.GeneralTransform3D::isInfOrNaN (40 bytes)
Event: 25.901 Thread 0x00007f9c44021800 nmethod 124 0x000000010b7d1910 code [0x000000010b7d1a80, 0x000000010b7d1bb8]
Event: 26.017 Thread 0x00007f9c44021800  125             java.lang.ref.Reference::get (5 bytes)
Event: 26.018 Thread 0x00007f9c44021800 nmethod 125 0x000000010b7d0b50 code [0x000000010b7d0c80, 0x000000010b7d0cf8]
Event: 27.808 Thread 0x00007f9c44021800  126             javafx.scene.Node::getParent (22 bytes)
Event: 27.809 Thread 0x00007f9c44021800 nmethod 126 0x000000010b7d0810 code [0x000000010b7d0960, 0x000000010b7d0a58]
Event: 28.676 Thread 0x00007f9c44023000  127             java.util.ArrayList::ensureCapacityInternal (26 bytes)
Event: 28.677 Thread 0x00007f9c44023000 nmethod 127 0x000000010b7d2210 code [0x000000010b7d2360, 0x000000010b7d2408]

GC Heap History (4 events):
Event: 5.385 GC heap before
{Heap before GC invocations=1 (full 0):
 PSYoungGen      total 26368K, used 22311K [0x000000014e5d0000, 0x0000000150330000, 0x000000016bbd0000)
  eden space 22656K, 98% used [0x000000014e5d0000,0x000000014fb99f18,0x000000014fbf0000)
  from space 3712K, 0% used [0x000000014ff90000,0x000000014ff90000,0x0000000150330000)
  to   space 3712K, 0% used [0x000000014fbf0000,0x000000014fbf0000,0x000000014ff90000)
 ParOldGen       total 60160K, used 0K [0x00000001139d0000, 0x0000000117490000, 0x000000014e5d0000)
  object space 60160K, 0% used [0x00000001139d0000,0x00000001139d0000,0x0000000117490000)
 PSPermGen       total 21248K, used 5541K [0x000000010e7d0000, 0x000000010fc90000, 0x00000001139d0000)
  object space 21248K, 26% used [0x000000010e7d0000,0x000000010ed39570,0x000000010fc90000)
Event: 6.946 GC heap after
Heap after GC invocations=1 (full 0):
 PSYoungGen      total 26368K, used 3698K [0x000000014e5d0000, 0x0000000151950000, 0x000000016bbd0000)
  eden space 22656K, 0% used [0x000000014e5d0000,0x000000014e5d0000,0x000000014fbf0000)
  from space 3712K, 99% used [0x000000014fbf0000,0x000000014ff8c9a0,0x000000014ff90000)
  to   space 3712K, 0% used [0x00000001515b0000,0x00000001515b0000,0x0000000151950000)
 ParOldGen       total 60160K, used 14129K [0x00000001139d0000, 0x0000000117490000, 0x000000014e5d0000)
  object space 60160K, 23% used [0x00000001139d0000,0x000000011479c548,0x0000000117490000)
 PSPermGen       total 21248K, used 5541K [0x000000010e7d0000, 0x000000010fc90000, 0x00000001139d0000)
  object space 21248K, 26% used [0x000000010e7d0000,0x000000010ed39570,0x000000010fc90000)
}
Event: 9.823 GC heap before
{Heap before GC invocations=2 (full 0):
 PSYoungGen      total 26368K, used 24803K [0x000000014e5d0000, 0x0000000151950000, 0x000000016bbd0000)
  eden space 22656K, 93% used [0x000000014e5d0000,0x000000014fa6c4f0,0x000000014fbf0000)
  from space 3712K, 99% used [0x000000014fbf0000,0x000000014ff8c9a0,0x000000014ff90000)
  to   space 3712K, 0% used [0x00000001515b0000,0x00000001515b0000,0x0000000151950000)
 ParOldGen       total 60160K, used 14129K [0x00000001139d0000, 0x0000000117490000, 0x000000014e5d0000)
  object space 60160K, 23% used [0x00000001139d0000,0x000000011479c548,0x0000000117490000)
 PSPermGen       total 21248K, used 6707K [0x000000010e7d0000, 0x000000010fc90000, 0x00000001139d0000)
  object space 21248K, 31% used [0x000000010e7d0000,0x000000010ee5cc90,0x000000010fc90000)
Event: 12.452 GC heap after
Heap after GC invocations=2 (full 0):
 PSYoungGen      total 49024K, used 3686K [0x000000014e5d0000, 0x0000000151950000, 0x000000016bbd0000)
  eden space 45312K, 0% used [0x000000014e5d0000,0x000000014e5d0000,0x0000000151210000)
  from space 3712K, 99% used [0x00000001515b0000,0x0000000151949878,0x0000000151950000)
  to   space 3712K, 0% used [0x0000000151210000,0x0000000151210000,0x00000001515b0000)
 ParOldGen       total 60160K, used 31964K [0x00000001139d0000, 0x0000000117490000, 0x000000014e5d0000)
  object space 60160K, 53% used [0x00000001139d0000,0x00000001159071f8,0x0000000117490000)
 PSPermGen       total 21248K, used 6707K [0x000000010e7d0000, 0x000000010fc90000, 0x00000001139d0000)
  object space 21248K, 31% used [0x000000010e7d0000,0x000000010ee5cc90,0x000000010fc90000)
}

Deoptimization events (10 events):
Event: 14.926 Thread 0x00007f9c440c6800 Uncommon trap -34 fr.pc 0x000000010b76bc68
Event: 14.980 Thread 0x00007f9c440c6800 Uncommon trap -34 fr.pc 0x000000010b76bc68
Event: 15.012 Thread 0x00007f9c440c6800 Uncommon trap -34 fr.pc 0x000000010b76bc68
Event: 15.985 Thread 0x00007f9c440c6800 Uncommon trap -34 fr.pc 0x000000010b76bc68
Event: 16.244 Thread 0x00007f9c440c6800 Uncommon trap -34 fr.pc 0x000000010b76c264
Event: 16.244 Thread 0x00007f9c440c6800 Uncommon trap -34 fr.pc 0x000000010b76c264
Event: 16.245 Thread 0x00007f9c440c6800 Uncommon trap -34 fr.pc 0x000000010b76c264
Event: 16.245 Thread 0x00007f9c440c6800 Uncommon trap -34 fr.pc 0x000000010b76c264
Event: 20.177 Thread 0x00007f9c440c6800 Uncommon trap -12 fr.pc 0x000000010b7bb314
Event: 39.047 Thread 0x00007f9c440c6800 Uncommon trap -12 fr.pc 0x000000010b7d0a10

Internal exceptions (10 events):
Event: 14.980 Thread 0x00007f9c440c6800 Threw 0x00000001506ad830 at /HUDSON/workspace/jdk7u4-2-build-macosx-x86_64-product/jdk7u4/hotspot/src/share/vm/prims/jvm.cpp:1166
Event: 14.995 Thread 0x00007f9c440c6800 Threw 0x00000001506b8aa0 at /HUDSON/workspace/jdk7u4-2-build-macosx-x86_64-product/jdk7u4/hotspot/src/share/vm/prims/jvm.cpp:1166
Event: 20.177 Thread 0x00007f9c440c6800 Implicit null exception at 0x000000010b7b8b01 to 0x000000010b7bb235
Event: 22.309 Thread 0x00007f9c440c6800 Threw 0x0000000150a0cd88 at /HUDSON/workspace/jdk7u4-2-build-macosx-x86_64-product/jdk7u4/hotspot/src/share/vm/prims/jvm.cpp:1166
Event: 22.324 Thread 0x00007f9c440c6800 Threw 0x0000000150a0fa78 at /HUDSON/workspace/jdk7u4-2-build-macosx-x86_64-product/jdk7u4/hotspot/src/share/vm/prims/jvm.cpp:1166
Event: 22.325 Thread 0x00007f9c440c6800 Threw 0x0000000150a12100 at /HUDSON/workspace/jdk7u4-2-build-macosx-x86_64-product/jdk7u4/hotspot/src/share/vm/prims/jvm.cpp:1166
Event: 22.326 Thread 0x00007f9c440c6800 Threw 0x0000000150a14a50 at /HUDSON/workspace/jdk7u4-2-build-macosx-x86_64-product/jdk7u4/hotspot/src/share/vm/prims/jvm.cpp:1166
Event: 23.099 Thread 0x00007f9c440c6800 Threw 0x0000000150bf04f0 at /HUDSON/workspace/jdk7u4-2-build-macosx-x86_64-product/jdk7u4/hotspot/src/share/vm/interpreter/linkReso
Event: 23.099 Thread 0x00007f9c440c6800 Threw 0x0000000150bf04f0 at /HUDSON/workspace/jdk7u4-2-build-macosx-x86_64-product/jdk7u4/hotspot/src/share/vm/prims/jvm.cpp:1170
Event: 39.047 Thread 0x00007f9c440c6800 Implicit null exception at 0x000000010b7d09b1 to 0x000000010b7d0a05

Events (10 events):
Event: 41.018 loading class 0x000000010aa6fa70
Event: 41.018 loading class 0x000000010aa6fa70 done
Event: 41.018 loading class 0x000000010aa70490
Event: 41.019 loading class 0x000000010aa70490 done
Event: 41.019 loading class 0x000000010aa6fab0
Event: 41.019 loading class 0x000000010aa6fab0 done
Event: 41.019 loading class 0x00007f9c43542110
Event: 41.019 loading class 0x00007f9c43542110 done
Event: 41.019 loading class 0x00007f9c4350d150
Event: 41.023 Thread 0x00007f9c44146000 Thread exited: 0x00007f9c44146000


Dynamic libraries:
0x000000000df65000 	/System/Library/Frameworks/Cocoa.framework/Versions/A/Cocoa
0x000000000df65000 	/System/Library/Frameworks/Security.framework/Versions/A/Security
0x000000000df65000 	/System/Library/Frameworks/ApplicationServices.framework/Versions/A/ApplicationServices
0x000000000df65000 	/usr/lib/libz.1.dylib
0x000000000df65000 	/usr/lib/libSystem.B.dylib
0x000000000df65000 	/usr/lib/libobjc.A.dylib
0x000000000df65000 	/System/Library/Frameworks/CoreFoundation.framework/Versions/A/CoreFoundation
0x000000000df65000 	/System/Library/Frameworks/AppKit.framework/Versions/C/AppKit
0x000000000df65000 	/System/Library/Frameworks/CoreData.framework/Versions/A/CoreData
0x000000000df65000 	/System/Library/Frameworks/Foundation.framework/Versions/C/Foundation
0x000000000df65000 	/System/Library/PrivateFrameworks/RemoteViewServices.framework/Versions/A/RemoteViewServices
0x000000000df65000 	/System/Library/Frameworks/AudioToolbox.framework/Versions/A/AudioToolbox
0x000000000df65000 	/System/Library/Frameworks/AudioUnit.framework/Versions/A/AudioUnit
0x000000000df65000 	/System/Library/PrivateFrameworks/DataDetectorsCore.framework/Versions/A/DataDetectorsCore
0x000000000df65000 	/System/Library/PrivateFrameworks/DesktopServicesPriv.framework/Versions/A/DesktopServicesPriv
0x000000000df65000 	/System/Library/Frameworks/Carbon.framework/Versions/A/Frameworks/HIToolbox.framework/Versions/A/HIToolbox
0x000000000df65000 	/System/Library/Frameworks/QuartzCore.framework/Versions/A/QuartzCore
0x000000000df65000 	/System/Library/Frameworks/Carbon.framework/Versions/A/Frameworks/SpeechRecognition.framework/Versions/A/SpeechRecognition
0x000000000df65000 	/usr/lib/libauto.dylib
0x000000000df65000 	/usr/lib/libicucore.A.dylib
0x000000000df65000 	/usr/lib/libxml2.2.dylib
0x000000000df65000 	/System/Library/PrivateFrameworks/CoreUI.framework/Versions/A/CoreUI
0x000000000df65000 	/System/Library/Frameworks/CoreAudio.framework/Versions/A/CoreAudio
0x000000000df65000 	/System/Library/Frameworks/DiskArbitration.framework/Versions/A/DiskArbitration
0x000000000df65000 	/usr/lib/liblangid.dylib
0x000000000df65000 	/System/Library/PrivateFrameworks/MultitouchSupport.framework/Versions/A/MultitouchSupport
0x000000000df65000 	/System/Library/Frameworks/IOKit.framework/Versions/A/IOKit
0x000000000df65000 	/usr/lib/libDiagnosticMessagesClient.dylib
0x000000000df65000 	/System/Library/Frameworks/CoreServices.framework/Versions/A/CoreServices
0x000000000df65000 	/System/Library/PrivateFrameworks/PerformanceAnalysis.framework/Versions/A/PerformanceAnalysis
0x000000000df65000 	/System/Library/PrivateFrameworks/GenerationalStorage.framework/Versions/A/GenerationalStorage
0x000000000df65000 	/System/Library/Frameworks/OpenGL.framework/Versions/A/OpenGL
0x000000000df65000 	/System/Library/Frameworks/CoreServices.framework/Versions/A/Frameworks/CFNetwork.framework/Versions/A/CFNetwork
0x000000000df65000 	/System/Library/Frameworks/SystemConfiguration.framework/Versions/A/SystemConfiguration
0x000000000df65000 	/usr/lib/libCRFSuite.dylib
0x000000000df65000 	/usr/lib/libc++.1.dylib
0x000000000df65000 	/usr/lib/libstdc++.6.dylib
0x000000000df65000 	/usr/lib/libc++abi.dylib
0x000000000df65000 	/usr/lib/system/libcache.dylib
0x000000000df65000 	/usr/lib/system/libcommonCrypto.dylib
0x000000000df65000 	/usr/lib/system/libcompiler_rt.dylib
0x000000000df65000 	/usr/lib/system/libcopyfile.dylib
0x000000000df65000 	/usr/lib/system/libdispatch.dylib
0x000000000df65000 	/usr/lib/system/libdnsinfo.dylib
0x000000000df65000 	/usr/lib/system/libdyld.dylib
0x000000000df65000 	/usr/lib/system/libkeymgr.dylib
0x000000000df65000 	/usr/lib/system/liblaunch.dylib
0x000000000df65000 	/usr/lib/system/libmacho.dylib
0x000000000df65000 	/usr/lib/system/libmathCommon.A.dylib
0x000000000df65000 	/usr/lib/system/libquarantine.dylib
0x000000000df65000 	/usr/lib/system/libremovefile.dylib
0x000000000df65000 	/usr/lib/system/libsystem_blocks.dylib
0x000000000df65000 	/usr/lib/system/libsystem_c.dylib
0x000000000df65000 	/usr/lib/system/libsystem_dnssd.dylib
0x000000000df65000 	/usr/lib/system/libsystem_info.dylib
0x000000000df65000 	/usr/lib/system/libsystem_kernel.dylib
0x000000000df65000 	/usr/lib/system/libsystem_network.dylib
0x000000000df65000 	/usr/lib/system/libsystem_notify.dylib
0x000000000df65000 	/usr/lib/system/libsystem_sandbox.dylib
0x000000000df65000 	/usr/lib/system/libunc.dylib
0x000000000df65000 	/usr/lib/system/libunwind.dylib
0x000000000df65000 	/usr/lib/system/libxpc.dylib
0x000000000df65000 	/usr/lib/libbsm.0.dylib
0x000000000df65000 	/usr/lib/libsqlite3.dylib
0x000000000df65000 	/usr/lib/libOpenScriptingUtil.dylib
0x000000000df65000 	/usr/lib/libpam.2.dylib
0x000000000df65000 	/usr/lib/libxar-nossl.dylib
0x000000000df65000 	/usr/lib/libbz2.1.0.dylib
0x000000000df65000 	/System/Library/Frameworks/CoreServices.framework/Versions/A/Frameworks/CarbonCore.framework/Versions/A/CarbonCore
0x000000000df65000 	/System/Library/Frameworks/CoreServices.framework/Versions/A/Frameworks/Metadata.framework/Versions/A/Metadata
0x000000000df65000 	/System/Library/Frameworks/CoreServices.framework/Versions/A/Frameworks/OSServices.framework/Versions/A/OSServices
0x000000000df65000 	/System/Library/Frameworks/CoreServices.framework/Versions/A/Frameworks/SearchKit.framework/Versions/A/SearchKit
0x000000000df65000 	/System/Library/Frameworks/CoreServices.framework/Versions/A/Frameworks/AE.framework/Versions/A/AE
0x000000000df65000 	/System/Library/Frameworks/CoreServices.framework/Versions/A/Frameworks/LaunchServices.framework/Versions/A/LaunchServices
0x000000000df65000 	/System/Library/Frameworks/CoreServices.framework/Versions/A/Frameworks/DictionaryServices.framework/Versions/A/DictionaryServices
0x000000000df65000 	/System/Library/Frameworks/NetFS.framework/Versions/A/NetFS
0x000000000df65000 	/usr/lib/system/libkxld.dylib
0x000000000df65000 	/System/Library/PrivateFrameworks/NetAuth.framework/Versions/A/NetAuth
0x000000000df65000 	/usr/lib/libcrypto.0.9.8.dylib
0x000000000df65000 	/System/Library/PrivateFrameworks/TrustEvaluationAgent.framework/Versions/A/TrustEvaluationAgent
0x000000000df65000 	/System/Library/Frameworks/OpenDirectory.framework/Versions/A/Frameworks/CFOpenDirectory.framework/Versions/A/CFOpenDirectory
0x000000000df65000 	/usr/lib/libxslt.1.dylib
0x000000000df65000 	/System/Library/PrivateFrameworks/FamilyControls.framework/Versions/A/FamilyControls
0x000000000df65000 	/System/Library/Frameworks/Carbon.framework/Versions/A/Frameworks/Ink.framework/Versions/A/Ink
0x000000000df65000 	/System/Library/Frameworks/ApplicationServices.framework/Versions/A/Frameworks/CoreGraphics.framework/Versions/A/CoreGraphics
0x000000000df65000 	/System/Library/Frameworks/ApplicationServices.framework/Versions/A/Frameworks/ImageIO.framework/Versions/A/ImageIO
0x000000000df65000 	/System/Library/Frameworks/ApplicationServices.framework/Versions/A/Frameworks/CoreText.framework/Versions/A/CoreText
0x000000000df65000 	/System/Library/Frameworks/ApplicationServices.framework/Versions/A/Frameworks/ATS.framework/Versions/A/ATS
0x000000000df65000 	/System/Library/Frameworks/ApplicationServices.framework/Versions/A/Frameworks/ColorSync.framework/Versions/A/ColorSync
0x000000000df65000 	/System/Library/Frameworks/ApplicationServices.framework/Versions/A/Frameworks/HIServices.framework/Versions/A/HIServices
0x000000000df65000 	/System/Library/Frameworks/ApplicationServices.framework/Versions/A/Frameworks/LangAnalysis.framework/Versions/A/LangAnalysis
0x000000000df65000 	/System/Library/Frameworks/ApplicationServices.framework/Versions/A/Frameworks/PrintCore.framework/Versions/A/PrintCore
0x000000000df65000 	/System/Library/Frameworks/ApplicationServices.framework/Versions/A/Frameworks/QD.framework/Versions/A/QD
0x000000000df65000 	/System/Library/Frameworks/ApplicationServices.framework/Versions/A/Frameworks/SpeechSynthesis.framework/Versions/A/SpeechSynthesis
0x000000000df65000 	/System/Library/Frameworks/IOSurface.framework/Versions/A/IOSurface
0x000000000df65000 	/System/Library/Frameworks/Accelerate.framework/Versions/A/Accelerate
0x000000000df65000 	/System/Library/Frameworks/ApplicationServices.framework/Versions/A/Frameworks/ImageIO.framework/Versions/A/Resources/libJPEG.dylib
0x000000000df65000 	/System/Library/Frameworks/ApplicationServices.framework/Versions/A/Frameworks/ImageIO.framework/Versions/A/Resources/libTIFF.dylib
0x000000000df65000 	/System/Library/Frameworks/ApplicationServices.framework/Versions/A/Frameworks/ImageIO.framework/Versions/A/Resources/libPng.dylib
0x000000000df65000 	/System/Library/Frameworks/ApplicationServices.framework/Versions/A/Frameworks/ImageIO.framework/Versions/A/Resources/libGIF.dylib
0x000000000df65000 	/System/Library/Frameworks/ApplicationServices.framework/Versions/A/Frameworks/ImageIO.framework/Versions/A/Resources/libJP2.dylib
0x000000000df65000 	/System/Library/Frameworks/ApplicationServices.framework/Versions/A/Frameworks/ImageIO.framework/Versions/A/Resources/libRadiance.dylib
0x000000000df65000 	/System/Library/Frameworks/Accelerate.framework/Versions/A/Frameworks/vImage.framework/Versions/A/vImage
0x000000000df65000 	/System/Library/Frameworks/Accelerate.framework/Versions/A/Frameworks/vecLib.framework/Versions/A/vecLib
0x000000000df65000 	/System/Library/Frameworks/Accelerate.framework/Versions/A/Frameworks/vecLib.framework/Versions/A/libvDSP.dylib
0x000000000df65000 	/System/Library/Frameworks/Accelerate.framework/Versions/A/Frameworks/vecLib.framework/Versions/A/libvMisc.dylib
0x000000000df65000 	/System/Library/Frameworks/Accelerate.framework/Versions/A/Frameworks/vecLib.framework/Versions/A/libLAPACK.dylib
0x000000000df65000 	/System/Library/Frameworks/Accelerate.framework/Versions/A/Frameworks/vecLib.framework/Versions/A/libBLAS.dylib
0x000000000df65000 	/System/Library/Frameworks/ApplicationServices.framework/Versions/A/Frameworks/ATS.framework/Versions/A/Resources/libFontParser.dylib
0x000000000df65000 	/System/Library/Frameworks/ApplicationServices.framework/Versions/A/Frameworks/ATS.framework/Versions/A/Resources/libFontRegistry.dylib
0x000000000df65000 	/usr/lib/libcups.2.dylib
0x000000000df65000 	/System/Library/Frameworks/Kerberos.framework/Versions/A/Kerberos
0x000000000df65000 	/System/Library/Frameworks/GSS.framework/Versions/A/GSS
0x000000000df65000 	/usr/lib/libresolv.9.dylib
0x000000000df65000 	/usr/lib/libiconv.2.dylib
0x000000000df65000 	/System/Library/PrivateFrameworks/Heimdal.framework/Versions/A/Heimdal
0x000000000df65000 	/System/Library/Frameworks/OpenDirectory.framework/Versions/A/OpenDirectory
0x000000000df65000 	/System/Library/PrivateFrameworks/CommonAuth.framework/Versions/A/CommonAuth
0x000000000df65000 	/System/Library/Frameworks/CoreVideo.framework/Versions/A/CoreVideo
0x000000000df65000 	/System/Library/Frameworks/QuartzCore.framework/Versions/A/Frameworks/CoreImage.framework/Versions/A/CoreImage
0x000000000df65000 	/System/Library/Frameworks/QuartzCore.framework/Versions/A/Frameworks/ScalableUserInterface.framework/Versions/A/ScalableUserInterface
0x000000000df65000 	/System/Library/Frameworks/OpenGL.framework/Versions/A/Libraries/libGLU.dylib
0x000000000df65000 	/System/Library/Frameworks/OpenGL.framework/Versions/A/Libraries/libGFXShared.dylib
0x000000000df65000 	/System/Library/Frameworks/OpenGL.framework/Versions/A/Libraries/libGL.dylib
0x000000000df65000 	/System/Library/Frameworks/OpenGL.framework/Versions/A/Libraries/libGLImage.dylib
0x000000000df65000 	/System/Library/Frameworks/OpenGL.framework/Versions/A/Libraries/libCVMSPluginSupport.dylib
0x000000000df65000 	/System/Library/Frameworks/OpenGL.framework/Versions/A/Libraries/libCoreVMClient.dylib
0x000000000df65000 	/System/Library/Frameworks/OpenCL.framework/Versions/A/OpenCL
0x000000000df65000 	/System/Library/PrivateFrameworks/FaceCoreLight.framework/Versions/A/FaceCoreLight
0x000000000df65000 	/System/Library/Frameworks/vecLib.framework/Versions/A/vecLib
0x000000000df65000 	/System/Library/Frameworks/SecurityFoundation.framework/Versions/A/SecurityFoundation
0x000000000df65000 	/System/Library/PrivateFrameworks/CommerceKit.framework/Versions/A/Frameworks/CommerceCore.framework/Versions/A/CommerceCore
0x000000000df65000 	/System/Library/PrivateFrameworks/CoreSymbolication.framework/Versions/A/CoreSymbolication
0x000000000df65000 	/System/Library/PrivateFrameworks/Symbolication.framework/Versions/A/Symbolication
0x000000000df65000 	/System/Library/PrivateFrameworks/DebugSymbols.framework/Versions/A/DebugSymbols
0x000000010ab00000 	/Library/Java/JavaVirtualMachines/1.7.0.jdk/Contents/Home/jre/lib/server/libjvm.dylib
0x000000010b6a3000 	/Library/Java/JavaVirtualMachines/1.7.0.jdk/Contents/Home/jre/lib/libverify.dylib
0x000000010b6b0000 	/Library/Java/JavaVirtualMachines/1.7.0.jdk/Contents/Home/jre/lib/libjava.dylib
0x000000010b6e8000 	/Library/Java/JavaVirtualMachines/1.7.0.jdk/Contents/Home/jre/lib/libzip.dylib
0x0000000170cab000 	/System/Library/Frameworks/JavaVM.framework/Frameworks/JavaRuntimeSupport.framework/JavaRuntimeSupport
0x0000000170cc3000 	/System/Library/Frameworks/JavaVM.framework/Versions/A/Frameworks/JavaNativeFoundation.framework/Versions/A/JavaNativeFoundation
0x000000010e7b2000 	/System/Library/Frameworks/JavaVM.framework/Versions/A/JavaVM
0x000000000df65000 	/System/Library/Frameworks/Carbon.framework/Versions/A/Carbon
0x0000000170cd8000 	/System/Library/PrivateFrameworks/JavaLaunching.framework/Versions/A/JavaLaunching
0x000000000df65000 	/System/Library/Frameworks/Carbon.framework/Versions/A/Frameworks/CommonPanels.framework/Versions/A/CommonPanels
0x000000000df65000 	/System/Library/Frameworks/Carbon.framework/Versions/A/Frameworks/Help.framework/Versions/A/Help
0x000000000df65000 	/System/Library/Frameworks/Carbon.framework/Versions/A/Frameworks/ImageCapture.framework/Versions/A/ImageCapture
0x000000000df65000 	/System/Library/Frameworks/Carbon.framework/Versions/A/Frameworks/OpenScripting.framework/Versions/A/OpenScripting
0x000000000df65000 	/System/Library/Frameworks/Carbon.framework/Versions/A/Frameworks/Print.framework/Versions/A/Print
0x000000000df65000 	/System/Library/Frameworks/Carbon.framework/Versions/A/Frameworks/SecurityHI.framework/Versions/A/SecurityHI
0x000000017163c000 	/Library/Java/JavaVirtualMachines/jdk1.7.0_45.jdk/Contents/Home/jre/lib/libprism-es2.dylib
0x00000001716aa000 	/System/Library/Frameworks/OpenGL.framework/Resources/GLEngine.bundle/GLEngine
0x0000000171899000 	/System/Library/Frameworks/OpenGL.framework/Versions/A/Libraries/libGLProgrammability.dylib
0x0000000000000000 	/System/Library/Extensions/GeForceGLDriver.bundle/Contents/MacOS/GeForceGLDriver
0x0000000171a25000 	/System/Library/PrivateFrameworks/GPUSupport.framework/Versions/A/Libraries/libGPUSupport.dylib
0x000000000df65000 	/System/Library/Extensions/GeForceGLDriver.bundle/Contents/MacOS/libclh.dylib
0x0000000171a3b000 	/System/Library/Frameworks/OpenGL.framework/Resources//GLRendererFloat.bundle/GLRendererFloat
0x0000000171a72000 	/System/Library/Frameworks/OpenCL.framework/Versions/A/Libraries/libcldcpuengine.dylib
0x000000000df65000 	/System/Library/PrivateFrameworks/DiskImages.framework/Versions/A/DiskImages
0x0000000171a82000 	/System/Library/Frameworks/OpenGL.framework/Versions/A/Libraries/libCoreFSCache.dylib
0x000000000df65000 	/System/Library/Frameworks/DiscRecording.framework/Versions/A/DiscRecording
0x000000000df65000 	/usr/lib/libcurl.4.dylib
0x000000000df65000 	/System/Library/PrivateFrameworks/MediaKit.framework/Versions/A/MediaKit
0x000000000df65000 	/usr/lib/libssl.0.9.8.dylib
0x000000000df65000 	/System/Library/Frameworks/LDAP.framework/Versions/A/LDAP
0x000000000df65000 	/usr/lib/libsasl2.2.dylib
0x0000000171c3b000 	/Library/Java/JavaVirtualMachines/jdk1.7.0_45.jdk/Contents/Home/jre/lib/libglass.dylib
0x000000000df65000 	/System/Library/PrivateFrameworks/CoreServicesInternal.framework/Versions/A/CoreServicesInternal
0x000000000df65000 	/System/Library/CoreServices/RawCamera.bundle/Contents/MacOS/RawCamera
0x000000000df65000 	/System/Library/Frameworks/ApplicationServices.framework/Versions/A/Frameworks/CoreGraphics.framework/Versions/A/Resources/libCSync.A.dylib
0x000000000df65000 	/System/Library/Frameworks/ApplicationServices.framework/Versions/A/Frameworks/CoreGraphics.framework/Versions/A/Resources/libRIP.A.dylib
0x0000000174732000 	/Library/Java/JavaVirtualMachines/jdk1.7.0_45.jdk/Contents/Home/jre/lib/libjavafx-iio.dylib
0x00000001749d5000 	/Library/Java/JavaVirtualMachines/jdk1.7.0_45.jdk/Contents/Home/jre/lib/libjavafx-font.dylib
0x000000000df65000 	/System/Library/Frameworks/ApplicationServices.framework/Versions/A/Frameworks/CoreGraphics.framework/Versions/A/Resources/libCGXType.A.dylib
0x0000000170e21000 	cl_kernels
0x000000017661d000 	/System/Library/Frameworks/OpenCL.framework/Versions/A/Libraries/ImageFormats/unorm8_bgra.dylib
0x0000000170e13000 	cl_kernels

VM Arguments:
jvm_args: -Dfile.encoding=US-ASCII -Xbootclasspath/a:/Library/Java/JavaVirtualMachines/jdk1.7.0_45.jdk/Contents/Home/jre/lib/jfxrt.jar 
java_command: controller.com.Main
Launcher Type: SUN_STANDARD

Environment Variables:
PATH=/usr/bin:/bin:/usr/sbin:/sbin
SHELL=/bin/bash
DISPLAY=/tmp/launch-jpFX7C/org.x:0

Signal Handlers:
SIGSEGV: [libjvm.dylib+0x4a177d], sa_mask[0]=0xfffefeff, sa_flags=0x00000042
SIGBUS: [libjvm.dylib+0x4a177d], sa_mask[0]=0xfffefeff, sa_flags=0x00000042
SIGFPE: [libjvm.dylib+0x3b1541], sa_mask[0]=0xfffefeff, sa_flags=0x00000042
SIGPIPE: [libjvm.dylib+0x3b1541], sa_mask[0]=0xfffefeff, sa_flags=0x00000042
SIGXFSZ: [libjvm.dylib+0x3b1541], sa_mask[0]=0xfffefeff, sa_flags=0x00000042
SIGILL: [libjvm.dylib+0x3b1541], sa_mask[0]=0xfffefeff, sa_flags=0x00000042
SIGUSR1: SIG_DFL, sa_mask[0]=0x00000000, sa_flags=0x00000002
SIGUSR2: [libjvm.dylib+0x3b10ce], sa_mask[0]=0x00000004, sa_flags=0x00000042
SIGHUP: [libjvm.dylib+0x3af2f3], sa_mask[0]=0xfffefeff, sa_flags=0x00000042
SIGINT: [libjvm.dylib+0x3af2f3], sa_mask[0]=0xfffefeff, sa_flags=0x00000042
SIGTERM: [libjvm.dylib+0x3af2f3], sa_mask[0]=0xfffefeff, sa_flags=0x00000042
SIGQUIT: [libjvm.dylib+0x3af2f3], sa_mask[0]=0xfffefeff, sa_flags=0x00000042


---------------  S Y S T E M  ---------------

OS:Bsd
uname:Darwin 11.4.2 Darwin Kernel Version 11.4.2: Thu Aug 23 16:25:48 PDT 2012; root:xnu-1699.32.7~1/RELEASE_X86_64 x86_64
rlimit: STACK 8192k, CORE 0k, NPROC 266, NOFILE 10240
CPU:total 2 (2 cores per cpu, 1 threads per core) family 6 model 23 stepping 10, cmov, cx8, fxsr, mmx, sse, sse2, sse3, ssse3, sse4.1, tsc

Memory: 4k page, physical 5775336k(1443834k free)

/proc/meminfo:


vm_info: Java HotSpot(TM) 64-Bit Server VM (23.0-b21) for bsd-amd64 JRE (1.7.0_04-b21), built on Apr 19 2012 22:33:17 by "java_re" with gcc 4.2.1 (Based on Apple Inc. build 5658) (LLVM build 2336.1.00)

time: Tue Jan 21 18:45:08 2014
elapsed time: 41 seconds

