#
# A fatal error has been detected by the Java Runtime Environment:
#
#  SIGSEGV (0xb) at pc=0x00007fff9507d390, pid=1515, tid=4678156288
#
# JRE version: 7.0_04-b21
# Java VM: Java HotSpot(TM) 64-Bit Server VM (23.0-b21 mixed mode bsd-amd64 compressed oops)
# Problematic frame:
# C  [libobjc.A.dylib+0xb390]  objc_msgSend_vtable14+0x10
#
# Failed to write core dump. Core dumps have been disabled. To enable core dumping, try "ulimit -c unlimited" before starting Java again
#
# If you would like to submit a bug report, please visit:
#   http://bugreport.sun.com/bugreport/crash.jsp
# The crash happened outside the Java Virtual Machine in native code.
# See problematic frame for where to report the bug.
#

---------------  T H R E A D  ---------------

Current thread (0x00007f89cb09f000):  JavaThread "QuantumRenderer-0" daemon [_thread_in_native, id=383188992, stack(0x0000000116c70000,0x0000000116d70000)]

siginfo:si_signo=SIGSEGV: si_errno=0, si_code=0 (SEGV0), si_addr=0x0000000000000000

Registers:
RAX=0xc000000000000000, RBX=0x00007f89cc409c70, RCX=0x00000000000f8ba0, RDX=0x000000010d5ae800
RSP=0x0000000116d6f588, RBP=0x0000000116d6f5b0, RSI=0x000000011739a7c8, RDI=0x00007f89cc409c70
R8 =0x0000000000000002, R9 =0x000000010d5c4c70, R10=0x00000000974c7f5e, R11=0x000000008adf7c8a
R12=0x00007f89cb09f1d8, R13=0x0000000000000001, R14=0x0000000116d6f668, R15=0x00007f89cb09f000
RIP=0x00007fff9507d390, EFLAGS=0x0000000000010246, ERR=0x0000000000000000
  TRAPNO=0x000000000000000d

Top of Stack: (sp=0x0000000116d6f588)
0x0000000116d6f588:   0000000117372e55 0000000116d6f610
0x0000000116d6f598:   00000007a2fc53e8 0000000000000000
0x0000000116d6f5a8:   00000007a2fc53e8 0000000116d6f628
0x0000000116d6f5b8:   000000010e237f90 00000007a2afb220
0x0000000116d6f5c8:   0000000116d6f600 00000007a2afbaf0
0x0000000116d6f5d8:   0000000000000000 00000007a2afb228
0x0000000116d6f5e8:   0000000116d6f5e8 0000000000000000
0x0000000116d6f5f8:   0000000116d6f668 00000007a2fc6960
0x0000000116d6f608:   0000000000000000 00000007a2fc53e8
0x0000000116d6f618:   0000000000000000 0000000116d6f648
0x0000000116d6f628:   0000000116d6f6b0 000000010e22c158
0x0000000116d6f638:   0000000000000000 000000010e234dd8
0x0000000116d6f648:   0000000000000001 0000000000000000
0x0000000116d6f658:   00007f89cc409c70 000000010e22c158
0x0000000116d6f668:   00000007e3fbfe00 0000000116d6f670
0x0000000116d6f678:   00000007a2fa0e86 0000000116d6f6c8
0x0000000116d6f688:   00000007a2fa3a78 0000000000000000
0x0000000116d6f698:   00000007a2fa0eb0 0000000116d6f648
0x0000000116d6f6a8:   0000000116d6f6c0 0000000116d6f710
0x0000000116d6f6b8:   000000010e22c158 0000000000000001
0x0000000116d6f6c8:   00000007e3fbfe00 0000000116d6f6d0
0x0000000116d6f6d8:   00000007a2fbe46d 0000000116d6f720
0x0000000116d6f6e8:   00000007a2fbea58 0000000000000000
0x0000000116d6f6f8:   00000007a2fbe488 0000000116d6f6c0
0x0000000116d6f708:   0000000116d6f720 0000000116d6f768
0x0000000116d6f718:   000000010e22c158 00000007e3fbf9c0
0x0000000116d6f728:   0000000116d6f728 00000007a3002444
0x0000000116d6f738:   0000000116d6f790 00000007a3004128
0x0000000116d6f748:   0000000000000000 00000007a3002508
0x0000000116d6f758:   0000000116d6f720 0000000116d6f790
0x0000000116d6f768:   0000000116d6f7d8 000000010e22c806
0x0000000116d6f778:   0000000000000000 0000000000000000 

Instructions: (pc=0x00007fff9507d390)
0x00007fff9507d370:   8b 42 18 48 8b 76 08 ff 60 68 66 0f 1f 44 00 00
0x00007fff9507d380:   48 85 ff 74 16 f7 c7 01 00 00 00 75 12 48 8b 07
0x00007fff9507d390:   48 8b 40 18 48 8b 76 08 ff 60 70 31 c0 c3 90 89
0x00007fff9507d3a0:   f8 83 e0 0f 4c 8d 15 2d 51 84 e6 4d 8b 14 c2 49 

Register to memory mapping:

RAX=0xc000000000000000 is an unknown value
RBX=0x00007f89cc409c70 is an unknown value
RCX=0x00000000000f8ba0 is an unknown value
RDX=0x000000010d5ae800 is an unknown value
RSP=0x0000000116d6f588 is pointing into the stack for thread: 0x00007f89cb09f000
RBP=0x0000000116d6f5b0 is pointing into the stack for thread: 0x00007f89cb09f000
RSI=0x000000011739a7c8: OBJC_CLASS_$_GlassWindow_Normal+0x48 in /Library/Java/JavaVirtualMachines/jdk1.7.0_45.jdk/Contents/Home/jre/lib/libglass.dylib at 0x0000000117359000
RDI=0x00007f89cc409c70 is an unknown value
R8 =0x0000000000000002 is an unknown value
R9 =0x000000010d5c4c70 is an unknown value
R10=0x00000000974c7f5e is an unknown value
R11=0x000000008adf7c8a is an unknown value
R12=0x00007f89cb09f1d8 is an unknown value
R13=0x0000000000000001 is an unknown value
R14=0x0000000116d6f668 is pointing into the stack for thread: 0x00007f89cb09f000
R15=0x00007f89cb09f000 is a thread


Stack: [0x0000000116c70000,0x0000000116d70000],  sp=0x0000000116d6f588,  free space=1021k
Native frames: (J=compiled Java code, j=interpreted, Vv=VM code, C=native code)
C  [libobjc.A.dylib+0xb390]  objc_msgSend_vtable14+0x10
j  com.sun.glass.ui.mac.MacView._end(JZZ)V+0
j  com.sun.glass.ui.View.unlock(Z)V+14
j  com.sun.glass.ui.Pen.end()V+5
j  com.sun.javafx.tk.quantum.PresentingPainter.run()V+628
j  java.util.concurrent.Executors$RunnableAdapter.call()Ljava/lang/Object;+4
j  java.util.concurrent.FutureTask$Sync.innerRunAndReset()Z+30
j  java.util.concurrent.FutureTask.runAndReset()Z+4
j  com.sun.prism.render.RenderJob.run()V+1
j  java.util.concurrent.ThreadPoolExecutor.runWorker(Ljava/util/concurrent/ThreadPoolExecutor$Worker;)V+46
j  java.util.concurrent.ThreadPoolExecutor$Worker.run()V+5
j  com.sun.javafx.tk.quantum.QuantumRenderer$PipelineRunnable.run()V+8
j  java.lang.Thread.run()V+11
v  ~StubRoutines::call_stub
V  [libjvm.dylib+0x286acf]
V  [libjvm.dylib+0x286fac]
V  [libjvm.dylib+0x2870e6]
V  [libjvm.dylib+0x2bd820]
V  [libjvm.dylib+0x4763cc]
V  [libjvm.dylib+0x4778b2]
V  [libjvm.dylib+0x3b393d]
C  [libsystem_c.dylib+0x4e8bf]  _pthread_start+0x14f
C  [libsystem_c.dylib+0x51b75]  thread_start+0xd

Java frames: (J=compiled Java code, j=interpreted, Vv=VM code)
j  com.sun.glass.ui.mac.MacView._end(JZZ)V+0
j  com.sun.glass.ui.View.unlock(Z)V+14
j  com.sun.glass.ui.Pen.end()V+5
j  com.sun.javafx.tk.quantum.PresentingPainter.run()V+628
j  java.util.concurrent.Executors$RunnableAdapter.call()Ljava/lang/Object;+4
j  java.util.concurrent.FutureTask$Sync.innerRunAndReset()Z+30
j  java.util.concurrent.FutureTask.runAndReset()Z+4
j  com.sun.prism.render.RenderJob.run()V+1
j  java.util.concurrent.ThreadPoolExecutor.runWorker(Ljava/util/concurrent/ThreadPoolExecutor$Worker;)V+46
j  java.util.concurrent.ThreadPoolExecutor$Worker.run()V+5
j  com.sun.javafx.tk.quantum.QuantumRenderer$PipelineRunnable.run()V+8
j  java.lang.Thread.run()V+11
v  ~StubRoutines::call_stub

---------------  P R O C E S S  ---------------

Java Threads: ( => current thread )
  0x00007f89cb3e9800 JavaThread "Prism Font Disposer" daemon [_thread_blocked, id=450342912, stack(0x000000011ac7b000,0x000000011ad7b000)]
  0x00007f89cb888000 JavaThread "Thread-2" daemon [_thread_blocked, id=390844416, stack(0x00000001173bd000,0x00000001174bd000)]
  0x00007f89cb885000 JavaThread "Disposer" daemon [_thread_blocked, id=389378048, stack(0x0000000117257000,0x0000000117357000)]
=>0x00007f89cb09f000 JavaThread "QuantumRenderer-0" daemon [_thread_in_native, id=383188992, stack(0x0000000116c70000,0x0000000116d70000)]
  0x00007f89cb815000 JavaThread "Service Thread" daemon [_thread_blocked, id=379469824, stack(0x00000001168e4000,0x00000001169e4000)]
  0x00007f89cb814800 JavaThread "C2 CompilerThread1" daemon [_thread_blocked, id=378408960, stack(0x00000001167e1000,0x00000001168e1000)]
  0x00007f89cb80b000 JavaThread "C2 CompilerThread0" daemon [_thread_blocked, id=377348096, stack(0x00000001166de000,0x00000001167de000)]
  0x00007f89cb08d800 JavaThread "Finalizer" daemon [_thread_blocked, id=373108736, stack(0x00000001162d3000,0x00000001163d3000)]
  0x00007f89cb08d000 JavaThread "Reference Handler" daemon [_thread_blocked, id=372047872, stack(0x00000001161d0000,0x00000001162d0000)]

Other Threads:
  0x00007f89cb08a800 VMThread [stack: 0x00000001160cd000,0x00000001161cd000] [id=370987008]

VM state:at safepoint (normal execution)

VM Mutex/Monitor currently owned by a thread:  ([mutex/lock_event])
[0x000000010d51bb10] Threads_lock - owner thread: 0x00007f89cb08a800
[0x000000010d51c010] Heap_lock - owner thread: 0x00007f89cb866000

Heap
 PSYoungGen      total 49152K, used 33974K [0x00000007e28b0000, 0x00000007e88b0000, 0x0000000800000000)
  eden space 45440K, 67% used [0x00000007e28b0000,0x00000007e4675990,0x00000007e5510000)
  from space 3712K, 93% used [0x00000007e5510000,0x00000007e5877f88,0x00000007e58b0000)
  to   space 3712K, 0% used [0x00000007e8510000,0x00000007e8510000,0x00000007e88b0000)
 ParOldGen       total 155520K, used 77389K [0x00000007a7a00000, 0x00000007b11e0000, 0x00000007e28b0000)
  object space 155520K, 49% used [0x00000007a7a00000,0x00000007ac593408,0x00000007b11e0000)
 PSPermGen       total 21248K, used 11269K [0x00000007a2800000, 0x00000007a3cc0000, 0x00000007a7a00000)
  object space 21248K, 53% used [0x00000007a2800000,0x00000007a3301728,0x00000007a3cc0000)

Code Cache  [0x000000010e226000, 0x000000010e496000, 0x0000000111226000)
 total_blobs=653 nmethods=123 adapters=482 free_code_cache=48285Kb largest_free_block=49416896

Compilation events (10 events):
Event: 11.796 Thread 0x00007f89cb814800  113             java.util.ArrayList::ensureCapacityInternal (26 bytes)
Event: 11.796 Thread 0x00007f89cb814800 nmethod 113 0x000000010e2fbf50 code [0x000000010e2fc0a0, 0x000000010e2fc148]
Event: 11.814 Thread 0x00007f89cb80b000  114             javafx.scene.Node::getParent (22 bytes)
Event: 11.816 Thread 0x00007f89cb80b000 nmethod 114 0x000000010e2fbc10 code [0x000000010e2fbd60, 0x000000010e2fbe58]
Event: 17.313 Thread 0x00007f89cb814800  116             java.nio.Buffer::nextPutIndex (31 bytes)
Event: 17.314 Thread 0x00007f89cb814800 nmethod 116 0x000000010e2f9a10 code [0x000000010e2f9b40, 0x000000010e2f9bb8]
Event: 17.321 Thread 0x00007f89cb814800  117             java.nio.DirectFloatBufferU::put (17 bytes)
Event: 17.322 Thread 0x00007f89cb814800 nmethod 117 0x000000010e303b50 code [0x000000010e303c80, 0x000000010e303d38]
Event: 17.322 Thread 0x00007f89cb814800  118             java.nio.DirectFloatBufferU::ix (10 bytes)
Event: 17.323 Thread 0x00007f89cb814800 nmethod 118 0x000000010e303950 code [0x000000010e303a80, 0x000000010e303af8]

GC Heap History (8 events):
Event: 1.104 GC heap before
{Heap before GC invocations=1 (full 0):
 PSYoungGen      total 26432K, used 22485K [0x00000007e28b0000, 0x00000007e4620000, 0x0000000800000000)
  eden space 22720K, 98% used [0x00000007e28b0000,0x00000007e3ea5478,0x00000007e3ee0000)
  from space 3712K, 0% used [0x00000007e4280000,0x00000007e4280000,0x00000007e4620000)
  to   space 3712K, 0% used [0x00000007e3ee0000,0x00000007e3ee0000,0x00000007e4280000)
 ParOldGen       total 60288K, used 0K [0x00000007a7a00000, 0x00000007ab4e0000, 0x00000007e28b0000)
  object space 60288K, 0% used [0x00000007a7a00000,0x00000007a7a00000,0x00000007ab4e0000)
 PSPermGen       total 21248K, used 6413K [0x00000007a2800000, 0x00000007a3cc0000, 0x00000007a7a00000)
  object space 21248K, 30% used [0x00000007a2800000,0x00000007a2e43550,0x00000007a3cc0000)
Event: 1.125 GC heap after
Heap after GC invocations=1 (full 0):
 PSYoungGen      total 26432K, used 3687K [0x00000007e28b0000, 0x00000007e5c50000, 0x0000000800000000)
  eden space 22720K, 0% used [0x00000007e28b0000,0x00000007e28b0000,0x00000007e3ee0000)
  from space 3712K, 99% used [0x00000007e3ee0000,0x00000007e4279ce8,0x00000007e4280000)
  to   space 3712K, 0% used [0x00000007e58b0000,0x00000007e58b0000,0x00000007e5c50000)
 ParOldGen       total 60288K, used 13730K [0x00000007a7a00000, 0x00000007ab4e0000, 0x00000007e28b0000)
  object space 60288K, 22% used [0x00000007a7a00000,0x00000007a8768b88,0x00000007ab4e0000)
 PSPermGen       total 21248K, used 6413K [0x00000007a2800000, 0x00000007a3cc0000, 0x00000007a7a00000)
  object space 21248K, 30% used [0x00000007a2800000,0x00000007a2e43550,0x00000007a3cc0000)
}
Event: 1.577 GC heap before
{Heap before GC invocations=2 (full 0):
 PSYoungGen      total 26432K, used 26132K [0x00000007e28b0000, 0x00000007e5c50000, 0x0000000800000000)
  eden space 22720K, 98% used [0x00000007e28b0000,0x00000007e3e9b398,0x00000007e3ee0000)
  from space 3712K, 99% used [0x00000007e3ee0000,0x00000007e4279ce8,0x00000007e4280000)
  to   space 3712K, 0% used [0x00000007e58b0000,0x00000007e58b0000,0x00000007e5c50000)
 ParOldGen       total 60288K, used 13730K [0x00000007a7a00000, 0x00000007ab4e0000, 0x00000007e28b0000)
  object space 60288K, 22% used [0x00000007a7a00000,0x00000007a8768b88,0x00000007ab4e0000)
 PSPermGen       total 21248K, used 6418K [0x00000007a2800000, 0x00000007a3cc0000, 0x00000007a7a00000)
  object space 21248K, 30% used [0x00000007a2800000,0x00000007a2e44828,0x00000007a3cc0000)
Event: 1.605 GC heap after
Heap after GC invocations=2 (full 0):
 PSYoungGen      total 49152K, used 3688K [0x00000007e28b0000, 0x00000007e5c50000, 0x0000000800000000)
  eden space 45440K, 0% used [0x00000007e28b0000,0x00000007e28b0000,0x00000007e5510000)
  from space 3712K, 99% used [0x00000007e58b0000,0x00000007e5c4a2d8,0x00000007e5c50000)
  to   space 3712K, 0% used [0x00000007e5510000,0x00000007e5510000,0x00000007e58b0000)
 ParOldGen       total 60288K, used 34567K [0x00000007a7a00000, 0x00000007ab4e0000, 0x00000007e28b0000)
  object space 60288K, 57% used [0x00000007a7a00000,0x00000007a9bc1c10,0x00000007ab4e0000)
 PSPermGen       total 21248K, used 6418K [0x00000007a2800000, 0x00000007a3cc0000, 0x00000007a7a00000)
  object space 21248K, 30% used [0x00000007a2800000,0x00000007a2e44828,0x00000007a3cc0000)
}
Event: 2.505 GC heap before
{Heap before GC invocations=3 (full 0):
 PSYoungGen      total 49152K, used 48868K [0x00000007e28b0000, 0x00000007e5c50000, 0x0000000800000000)
  eden space 45440K, 99% used [0x00000007e28b0000,0x00000007e54cef48,0x00000007e5510000)
  from space 3712K, 99% used [0x00000007e58b0000,0x00000007e5c4a2d8,0x00000007e5c50000)
  to   space 3712K, 0% used [0x00000007e5510000,0x00000007e5510000,0x00000007e58b0000)
 ParOldGen       total 60288K, used 34567K [0x00000007a7a00000, 0x00000007ab4e0000, 0x00000007e28b0000)
  object space 60288K, 57% used [0x00000007a7a00000,0x00000007a9bc1c10,0x00000007ab4e0000)
 PSPermGen       total 21248K, used 6429K [0x00000007a2800000, 0x00000007a3cc0000, 0x00000007a7a00000)
  object space 21248K, 30% used [0x00000007a2800000,0x00000007a2e47700,0x00000007a3cc0000)
Event: 2.566 GC heap after
Heap after GC invocations=3 (full 0):
 PSYoungGen      total 49152K, used 3688K [0x00000007e28b0000, 0x00000007e88b0000, 0x0000000800000000)
  eden space 45440K, 0% used [0x00000007e28b0000,0x00000007e28b0000,0x00000007e5510000)
  from space 3712K, 99% used [0x00000007e5510000,0x00000007e58aa2d8,0x00000007e58b0000)
  to   space 3712K, 0% used [0x00000007e8510000,0x00000007e8510000,0x00000007e88b0000)
 ParOldGen       total 77568K, used 77287K [0x00000007a7a00000, 0x00000007ac5c0000, 0x00000007e28b0000)
  object space 77568K, 99% used [0x00000007a7a00000,0x00000007ac579d28,0x00000007ac5c0000)
 PSPermGen       total 21248K, used 6429K [0x00000007a2800000, 0x00000007a3cc0000, 0x00000007a7a00000)
  object space 21248K, 30% used [0x00000007a2800000,0x00000007a2e47700,0x00000007a3cc0000)
}
Event: 2.566 GC heap before
{Heap before GC invocations=4 (full 1):
 PSYoungGen      total 49152K, used 3688K [0x00000007e28b0000, 0x00000007e88b0000, 0x0000000800000000)
  eden space 45440K, 0% used [0x00000007e28b0000,0x00000007e28b0000,0x00000007e5510000)
  from space 3712K, 99% used [0x00000007e5510000,0x00000007e58aa2d8,0x00000007e58b0000)
  to   space 3712K, 0% used [0x00000007e8510000,0x00000007e8510000,0x00000007e88b0000)
 ParOldGen       total 77568K, used 77287K [0x00000007a7a00000, 0x00000007ac5c0000, 0x00000007e28b0000)
  object space 77568K, 99% used [0x00000007a7a00000,0x00000007ac579d28,0x00000007ac5c0000)
 PSPermGen       total 21248K, used 6429K [0x00000007a2800000, 0x00000007a3cc0000, 0x00000007a7a00000)
  object space 21248K, 30% used [0x00000007a2800000,0x00000007a2e47700,0x00000007a3cc0000)
Event: 2.651 GC heap after
Heap after GC invocations=4 (full 1):
 PSYoungGen      total 49152K, used 3487K [0x00000007e28b0000, 0x00000007e88b0000, 0x0000000800000000)
  eden space 45440K, 0% used [0x00000007e28b0000,0x00000007e28b0000,0x00000007e5510000)
  from space 3712K, 93% used [0x00000007e5510000,0x00000007e5877f88,0x00000007e58b0000)
  to   space 3712K, 0% used [0x00000007e8510000,0x00000007e8510000,0x00000007e88b0000)
 ParOldGen       total 155520K, used 77389K [0x00000007a7a00000, 0x00000007b11e0000, 0x00000007e28b0000)
  object space 155520K, 49% used [0x00000007a7a00000,0x00000007ac593408,0x00000007b11e0000)
 PSPermGen       total 21248K, used 6426K [0x00000007a2800000, 0x00000007a3cc0000, 0x00000007a7a00000)
  object space 21248K, 30% used [0x00000007a2800000,0x00000007a2e46b20,0x00000007a3cc0000)
}

Deoptimization events (10 events):
Event: 0.504 Thread 0x00007f89cb88a000 Uncommon trap -34 fr.pc 0x000000010e29a348
Event: 3.376 Thread 0x00007f89cb88a000 Uncommon trap -34 fr.pc 0x000000010e296e5c
Event: 3.376 Thread 0x00007f89cb88a000 Uncommon trap -34 fr.pc 0x000000010e296e5c
Event: 3.376 Thread 0x00007f89cb88a000 Uncommon trap -34 fr.pc 0x000000010e296e5c
Event: 3.376 Thread 0x00007f89cb88a000 Uncommon trap -34 fr.pc 0x000000010e296e5c
Event: 3.535 Thread 0x00007f89cb88a000 Uncommon trap 51 fr.pc 0x000000010e2d1c00
Event: 3.971 Thread 0x00007f89cb88a000 Uncommon trap -12 fr.pc 0x000000010e2d7b90
Event: 3.972 Thread 0x00007f89cb88a000 Uncommon trap -12 fr.pc 0x000000010e2dd8c4
Event: 11.778 Thread 0x00007f89cb88a000 Uncommon trap -12 fr.pc 0x000000010e2f0ae4
Event: 14.251 Thread 0x00007f89cb88a000 Uncommon trap -12 fr.pc 0x000000010e2fbe10

Internal exceptions (10 events):
Event: 3.073 Thread 0x00007f89cb88a000 Threw 0x00000007e3f3c818 at /HUDSON/workspace/jdk7u4-2-build-macosx-x86_64-product/jdk7u4/hotspot/src/share/vm/prims/jvm.cpp:1166
Event: 3.074 Thread 0x00007f89cb88a000 Threw 0x00000007e3f44d38 at /HUDSON/workspace/jdk7u4-2-build-macosx-x86_64-product/jdk7u4/hotspot/src/share/vm/prims/jvm.cpp:1166
Event: 3.075 Thread 0x00007f89cb88a000 Threw 0x00000007e3f4a7a0 at /HUDSON/workspace/jdk7u4-2-build-macosx-x86_64-product/jdk7u4/hotspot/src/share/vm/prims/jvm.cpp:1166
Event: 3.076 Thread 0x00007f89cb88a000 Threw 0x00000007e3f4dbe8 at /HUDSON/workspace/jdk7u4-2-build-macosx-x86_64-product/jdk7u4/hotspot/src/share/vm/prims/jvm.cpp:1166
Event: 3.077 Thread 0x00007f89cb88a000 Threw 0x00000007e3f50b80 at /HUDSON/workspace/jdk7u4-2-build-macosx-x86_64-product/jdk7u4/hotspot/src/share/vm/prims/jvm.cpp:1166
Event: 3.077 Thread 0x00007f89cb88a000 Threw 0x00000007e3f55270 at /HUDSON/workspace/jdk7u4-2-build-macosx-x86_64-product/jdk7u4/hotspot/src/share/vm/prims/jvm.cpp:1166
Event: 3.971 Thread 0x00007f89cb88a000 Implicit null exception at 0x000000010e2d7acb to 0x000000010e2d7b85
Event: 3.972 Thread 0x00007f89cb88a000 Implicit null exception at 0x000000010e2dd669 to 0x000000010e2dd8a9
Event: 11.778 Thread 0x00007f89cb88a000 Implicit null exception at 0x000000010e2ee24d to 0x000000010e2f0a01
Event: 14.251 Thread 0x00007f89cb88a000 Implicit null exception at 0x000000010e2fbdb1 to 0x000000010e2fbe05

Events (10 events):
Event: 17.356 loading class 0x00007f89cc430bc0
Event: 17.357 loading class 0x00007f89cc430bc0 done
Event: 17.357 loading class 0x00007f89cc430b80 done
Event: 17.357 Thread 0x00007f89cb034800 Thread added: 0x00007f89cb034800
Event: 17.358 loading class 0x00007f89cc4294f0
Event: 17.358 loading class 0x00007f89cc4294f0 done
Event: 17.359 Thread 0x00007f89cb908000 Thread exited: 0x00007f89cb908000
Event: 17.370 Thread 0x00007f89cb034800 Thread exited: 0x00007f89cb034800
Event: 17.370 Thread 0x00007f89cb866000 Thread exited: 0x00007f89cb866000
Event: 17.370 Thread 0x00007f89cb80a000 Thread exited: 0x00007f89cb80a000


Dynamic libraries:
0x000000000a2d3000 	/System/Library/Frameworks/Cocoa.framework/Versions/A/Cocoa
0x000000000a2d3000 	/System/Library/Frameworks/Security.framework/Versions/A/Security
0x000000000a2d3000 	/System/Library/Frameworks/ApplicationServices.framework/Versions/A/ApplicationServices
0x000000000a2d3000 	/usr/lib/libz.1.dylib
0x000000000a2d3000 	/usr/lib/libSystem.B.dylib
0x000000000a2d3000 	/usr/lib/libobjc.A.dylib
0x000000000a2d3000 	/System/Library/Frameworks/CoreFoundation.framework/Versions/A/CoreFoundation
0x000000000a2d3000 	/System/Library/Frameworks/AppKit.framework/Versions/C/AppKit
0x000000000a2d3000 	/System/Library/Frameworks/CoreData.framework/Versions/A/CoreData
0x000000000a2d3000 	/System/Library/Frameworks/Foundation.framework/Versions/C/Foundation
0x000000000a2d3000 	/System/Library/PrivateFrameworks/RemoteViewServices.framework/Versions/A/RemoteViewServices
0x000000000a2d3000 	/System/Library/Frameworks/AudioToolbox.framework/Versions/A/AudioToolbox
0x000000000a2d3000 	/System/Library/Frameworks/AudioUnit.framework/Versions/A/AudioUnit
0x000000000a2d3000 	/System/Library/PrivateFrameworks/DataDetectorsCore.framework/Versions/A/DataDetectorsCore
0x000000000a2d3000 	/System/Library/PrivateFrameworks/DesktopServicesPriv.framework/Versions/A/DesktopServicesPriv
0x000000000a2d3000 	/System/Library/Frameworks/Carbon.framework/Versions/A/Frameworks/HIToolbox.framework/Versions/A/HIToolbox
0x000000000a2d3000 	/System/Library/Frameworks/QuartzCore.framework/Versions/A/QuartzCore
0x000000000a2d3000 	/System/Library/Frameworks/Carbon.framework/Versions/A/Frameworks/SpeechRecognition.framework/Versions/A/SpeechRecognition
0x000000000a2d3000 	/usr/lib/libauto.dylib
0x000000000a2d3000 	/usr/lib/libicucore.A.dylib
0x000000000a2d3000 	/usr/lib/libxml2.2.dylib
0x000000000a2d3000 	/System/Library/PrivateFrameworks/CoreUI.framework/Versions/A/CoreUI
0x000000000a2d3000 	/System/Library/Frameworks/CoreAudio.framework/Versions/A/CoreAudio
0x000000000a2d3000 	/System/Library/Frameworks/DiskArbitration.framework/Versions/A/DiskArbitration
0x000000000a2d3000 	/usr/lib/liblangid.dylib
0x000000000a2d3000 	/System/Library/PrivateFrameworks/MultitouchSupport.framework/Versions/A/MultitouchSupport
0x000000000a2d3000 	/System/Library/Frameworks/IOKit.framework/Versions/A/IOKit
0x000000000a2d3000 	/usr/lib/libDiagnosticMessagesClient.dylib
0x000000000a2d3000 	/System/Library/Frameworks/CoreServices.framework/Versions/A/CoreServices
0x000000000a2d3000 	/System/Library/PrivateFrameworks/PerformanceAnalysis.framework/Versions/A/PerformanceAnalysis
0x000000000a2d3000 	/System/Library/PrivateFrameworks/GenerationalStorage.framework/Versions/A/GenerationalStorage
0x000000000a2d3000 	/System/Library/Frameworks/OpenGL.framework/Versions/A/OpenGL
0x000000000a2d3000 	/System/Library/Frameworks/CoreServices.framework/Versions/A/Frameworks/CFNetwork.framework/Versions/A/CFNetwork
0x000000000a2d3000 	/System/Library/Frameworks/SystemConfiguration.framework/Versions/A/SystemConfiguration
0x000000000a2d3000 	/usr/lib/libCRFSuite.dylib
0x000000000a2d3000 	/usr/lib/libc++.1.dylib
0x000000000a2d3000 	/usr/lib/libstdc++.6.dylib
0x000000000a2d3000 	/usr/lib/libc++abi.dylib
0x000000000a2d3000 	/usr/lib/system/libcache.dylib
0x000000000a2d3000 	/usr/lib/system/libcommonCrypto.dylib
0x000000000a2d3000 	/usr/lib/system/libcompiler_rt.dylib
0x000000000a2d3000 	/usr/lib/system/libcopyfile.dylib
0x000000000a2d3000 	/usr/lib/system/libdispatch.dylib
0x000000000a2d3000 	/usr/lib/system/libdnsinfo.dylib
0x000000000a2d3000 	/usr/lib/system/libdyld.dylib
0x000000000a2d3000 	/usr/lib/system/libkeymgr.dylib
0x000000000a2d3000 	/usr/lib/system/liblaunch.dylib
0x000000000a2d3000 	/usr/lib/system/libmacho.dylib
0x000000000a2d3000 	/usr/lib/system/libmathCommon.A.dylib
0x000000000a2d3000 	/usr/lib/system/libquarantine.dylib
0x000000000a2d3000 	/usr/lib/system/libremovefile.dylib
0x000000000a2d3000 	/usr/lib/system/libsystem_blocks.dylib
0x000000000a2d3000 	/usr/lib/system/libsystem_c.dylib
0x000000000a2d3000 	/usr/lib/system/libsystem_dnssd.dylib
0x000000000a2d3000 	/usr/lib/system/libsystem_info.dylib
0x000000000a2d3000 	/usr/lib/system/libsystem_kernel.dylib
0x000000000a2d3000 	/usr/lib/system/libsystem_network.dylib
0x000000000a2d3000 	/usr/lib/system/libsystem_notify.dylib
0x000000000a2d3000 	/usr/lib/system/libsystem_sandbox.dylib
0x000000000a2d3000 	/usr/lib/system/libunc.dylib
0x000000000a2d3000 	/usr/lib/system/libunwind.dylib
0x000000000a2d3000 	/usr/lib/system/libxpc.dylib
0x000000000a2d3000 	/usr/lib/libbsm.0.dylib
0x000000000a2d3000 	/usr/lib/libsqlite3.dylib
0x000000000a2d3000 	/usr/lib/libOpenScriptingUtil.dylib
0x000000000a2d3000 	/usr/lib/libpam.2.dylib
0x000000000a2d3000 	/usr/lib/libxar-nossl.dylib
0x000000000a2d3000 	/usr/lib/libbz2.1.0.dylib
0x000000000a2d3000 	/System/Library/Frameworks/CoreServices.framework/Versions/A/Frameworks/CarbonCore.framework/Versions/A/CarbonCore
0x000000000a2d3000 	/System/Library/Frameworks/CoreServices.framework/Versions/A/Frameworks/Metadata.framework/Versions/A/Metadata
0x000000000a2d3000 	/System/Library/Frameworks/CoreServices.framework/Versions/A/Frameworks/OSServices.framework/Versions/A/OSServices
0x000000000a2d3000 	/System/Library/Frameworks/CoreServices.framework/Versions/A/Frameworks/SearchKit.framework/Versions/A/SearchKit
0x000000000a2d3000 	/System/Library/Frameworks/CoreServices.framework/Versions/A/Frameworks/AE.framework/Versions/A/AE
0x000000000a2d3000 	/System/Library/Frameworks/CoreServices.framework/Versions/A/Frameworks/LaunchServices.framework/Versions/A/LaunchServices
0x000000000a2d3000 	/System/Library/Frameworks/CoreServices.framework/Versions/A/Frameworks/DictionaryServices.framework/Versions/A/DictionaryServices
0x000000000a2d3000 	/System/Library/Frameworks/NetFS.framework/Versions/A/NetFS
0x000000000a2d3000 	/usr/lib/system/libkxld.dylib
0x000000000a2d3000 	/System/Library/PrivateFrameworks/NetAuth.framework/Versions/A/NetAuth
0x000000000a2d3000 	/usr/lib/libcrypto.0.9.8.dylib
0x000000000a2d3000 	/System/Library/PrivateFrameworks/TrustEvaluationAgent.framework/Versions/A/TrustEvaluationAgent
0x000000000a2d3000 	/System/Library/Frameworks/OpenDirectory.framework/Versions/A/Frameworks/CFOpenDirectory.framework/Versions/A/CFOpenDirectory
0x000000000a2d3000 	/usr/lib/libxslt.1.dylib
0x000000000a2d3000 	/System/Library/PrivateFrameworks/FamilyControls.framework/Versions/A/FamilyControls
0x000000000a2d3000 	/System/Library/Frameworks/Carbon.framework/Versions/A/Frameworks/Ink.framework/Versions/A/Ink
0x000000000a2d3000 	/System/Library/Frameworks/ApplicationServices.framework/Versions/A/Frameworks/CoreGraphics.framework/Versions/A/CoreGraphics
0x000000000a2d3000 	/System/Library/Frameworks/ApplicationServices.framework/Versions/A/Frameworks/ImageIO.framework/Versions/A/ImageIO
0x000000000a2d3000 	/System/Library/Frameworks/ApplicationServices.framework/Versions/A/Frameworks/CoreText.framework/Versions/A/CoreText
0x000000000a2d3000 	/System/Library/Frameworks/ApplicationServices.framework/Versions/A/Frameworks/ATS.framework/Versions/A/ATS
0x000000000a2d3000 	/System/Library/Frameworks/ApplicationServices.framework/Versions/A/Frameworks/ColorSync.framework/Versions/A/ColorSync
0x000000000a2d3000 	/System/Library/Frameworks/ApplicationServices.framework/Versions/A/Frameworks/HIServices.framework/Versions/A/HIServices
0x000000000a2d3000 	/System/Library/Frameworks/ApplicationServices.framework/Versions/A/Frameworks/LangAnalysis.framework/Versions/A/LangAnalysis
0x000000000a2d3000 	/System/Library/Frameworks/ApplicationServices.framework/Versions/A/Frameworks/PrintCore.framework/Versions/A/PrintCore
0x000000000a2d3000 	/System/Library/Frameworks/ApplicationServices.framework/Versions/A/Frameworks/QD.framework/Versions/A/QD
0x000000000a2d3000 	/System/Library/Frameworks/ApplicationServices.framework/Versions/A/Frameworks/SpeechSynthesis.framework/Versions/A/SpeechSynthesis
0x000000000a2d3000 	/System/Library/Frameworks/IOSurface.framework/Versions/A/IOSurface
0x000000000a2d3000 	/System/Library/Frameworks/Accelerate.framework/Versions/A/Accelerate
0x000000000a2d3000 	/System/Library/Frameworks/ApplicationServices.framework/Versions/A/Frameworks/ImageIO.framework/Versions/A/Resources/libJPEG.dylib
0x000000000a2d3000 	/System/Library/Frameworks/ApplicationServices.framework/Versions/A/Frameworks/ImageIO.framework/Versions/A/Resources/libTIFF.dylib
0x000000000a2d3000 	/System/Library/Frameworks/ApplicationServices.framework/Versions/A/Frameworks/ImageIO.framework/Versions/A/Resources/libPng.dylib
0x000000000a2d3000 	/System/Library/Frameworks/ApplicationServices.framework/Versions/A/Frameworks/ImageIO.framework/Versions/A/Resources/libGIF.dylib
0x000000000a2d3000 	/System/Library/Frameworks/ApplicationServices.framework/Versions/A/Frameworks/ImageIO.framework/Versions/A/Resources/libJP2.dylib
0x000000000a2d3000 	/System/Library/Frameworks/ApplicationServices.framework/Versions/A/Frameworks/ImageIO.framework/Versions/A/Resources/libRadiance.dylib
0x000000000a2d3000 	/System/Library/Frameworks/Accelerate.framework/Versions/A/Frameworks/vImage.framework/Versions/A/vImage
0x000000000a2d3000 	/System/Library/Frameworks/Accelerate.framework/Versions/A/Frameworks/vecLib.framework/Versions/A/vecLib
0x000000000a2d3000 	/System/Library/Frameworks/Accelerate.framework/Versions/A/Frameworks/vecLib.framework/Versions/A/libvDSP.dylib
0x000000000a2d3000 	/System/Library/Frameworks/Accelerate.framework/Versions/A/Frameworks/vecLib.framework/Versions/A/libvMisc.dylib
0x000000000a2d3000 	/System/Library/Frameworks/Accelerate.framework/Versions/A/Frameworks/vecLib.framework/Versions/A/libLAPACK.dylib
0x000000000a2d3000 	/System/Library/Frameworks/Accelerate.framework/Versions/A/Frameworks/vecLib.framework/Versions/A/libBLAS.dylib
0x000000000a2d3000 	/System/Library/Frameworks/ApplicationServices.framework/Versions/A/Frameworks/ATS.framework/Versions/A/Resources/libFontParser.dylib
0x000000000a2d3000 	/System/Library/Frameworks/ApplicationServices.framework/Versions/A/Frameworks/ATS.framework/Versions/A/Resources/libFontRegistry.dylib
0x000000000a2d3000 	/usr/lib/libcups.2.dylib
0x000000000a2d3000 	/System/Library/Frameworks/Kerberos.framework/Versions/A/Kerberos
0x000000000a2d3000 	/System/Library/Frameworks/GSS.framework/Versions/A/GSS
0x000000000a2d3000 	/usr/lib/libresolv.9.dylib
0x000000000a2d3000 	/usr/lib/libiconv.2.dylib
0x000000000a2d3000 	/System/Library/PrivateFrameworks/Heimdal.framework/Versions/A/Heimdal
0x000000000a2d3000 	/System/Library/Frameworks/OpenDirectory.framework/Versions/A/OpenDirectory
0x000000000a2d3000 	/System/Library/PrivateFrameworks/CommonAuth.framework/Versions/A/CommonAuth
0x000000000a2d3000 	/System/Library/Frameworks/CoreVideo.framework/Versions/A/CoreVideo
0x000000000a2d3000 	/System/Library/Frameworks/QuartzCore.framework/Versions/A/Frameworks/CoreImage.framework/Versions/A/CoreImage
0x000000000a2d3000 	/System/Library/Frameworks/QuartzCore.framework/Versions/A/Frameworks/ScalableUserInterface.framework/Versions/A/ScalableUserInterface
0x000000000a2d3000 	/System/Library/Frameworks/OpenGL.framework/Versions/A/Libraries/libGLU.dylib
0x000000000a2d3000 	/System/Library/Frameworks/OpenGL.framework/Versions/A/Libraries/libGFXShared.dylib
0x000000000a2d3000 	/System/Library/Frameworks/OpenGL.framework/Versions/A/Libraries/libGL.dylib
0x000000000a2d3000 	/System/Library/Frameworks/OpenGL.framework/Versions/A/Libraries/libGLImage.dylib
0x000000000a2d3000 	/System/Library/Frameworks/OpenGL.framework/Versions/A/Libraries/libCVMSPluginSupport.dylib
0x000000000a2d3000 	/System/Library/Frameworks/OpenGL.framework/Versions/A/Libraries/libCoreVMClient.dylib
0x000000000a2d3000 	/System/Library/Frameworks/OpenCL.framework/Versions/A/OpenCL
0x000000000a2d3000 	/System/Library/PrivateFrameworks/FaceCoreLight.framework/Versions/A/FaceCoreLight
0x000000000a2d3000 	/System/Library/Frameworks/vecLib.framework/Versions/A/vecLib
0x000000000a2d3000 	/System/Library/Frameworks/SecurityFoundation.framework/Versions/A/SecurityFoundation
0x000000000a2d3000 	/System/Library/PrivateFrameworks/CommerceKit.framework/Versions/A/Frameworks/CommerceCore.framework/Versions/A/CommerceCore
0x000000000a2d3000 	/System/Library/PrivateFrameworks/CoreSymbolication.framework/Versions/A/CoreSymbolication
0x000000000a2d3000 	/System/Library/PrivateFrameworks/Symbolication.framework/Versions/A/Symbolication
0x000000000a2d3000 	/System/Library/PrivateFrameworks/DebugSymbols.framework/Versions/A/DebugSymbols
0x000000010d683000 	/Library/Java/JavaVirtualMachines/1.7.0.jdk/Contents/Home/jre/lib/server/libjvm.dylib
0x000000010d495000 	/Library/Java/JavaVirtualMachines/1.7.0.jdk/Contents/Home/jre/lib/libverify.dylib
0x000000010d4a2000 	/Library/Java/JavaVirtualMachines/1.7.0.jdk/Contents/Home/jre/lib/libjava.dylib
0x000000010d4dc000 	/Library/Java/JavaVirtualMachines/1.7.0.jdk/Contents/Home/jre/lib/libzip.dylib
0x00000001163d5000 	/System/Library/Frameworks/JavaVM.framework/Frameworks/JavaRuntimeSupport.framework/JavaRuntimeSupport
0x00000001163ed000 	/System/Library/Frameworks/JavaVM.framework/Versions/A/Frameworks/JavaNativeFoundation.framework/Versions/A/JavaNativeFoundation
0x0000000116402000 	/System/Library/Frameworks/JavaVM.framework/Versions/A/JavaVM
0x000000000a2d3000 	/System/Library/Frameworks/Carbon.framework/Versions/A/Carbon
0x000000011640f000 	/System/Library/PrivateFrameworks/JavaLaunching.framework/Versions/A/JavaLaunching
0x000000000a2d3000 	/System/Library/Frameworks/Carbon.framework/Versions/A/Frameworks/CommonPanels.framework/Versions/A/CommonPanels
0x000000000a2d3000 	/System/Library/Frameworks/Carbon.framework/Versions/A/Frameworks/Help.framework/Versions/A/Help
0x000000000a2d3000 	/System/Library/Frameworks/Carbon.framework/Versions/A/Frameworks/ImageCapture.framework/Versions/A/ImageCapture
0x000000000a2d3000 	/System/Library/Frameworks/Carbon.framework/Versions/A/Frameworks/OpenScripting.framework/Versions/A/OpenScripting
0x000000000a2d3000 	/System/Library/Frameworks/Carbon.framework/Versions/A/Frameworks/Print.framework/Versions/A/Print
0x000000000a2d3000 	/System/Library/Frameworks/Carbon.framework/Versions/A/Frameworks/SecurityHI.framework/Versions/A/SecurityHI
0x0000000116d72000 	/Library/Java/JavaVirtualMachines/jdk1.7.0_45.jdk/Contents/Home/jre/lib/libprism-es2.dylib
0x0000000116dc8000 	/System/Library/Frameworks/OpenGL.framework/Resources/GLEngine.bundle/GLEngine
0x0000000116fb7000 	/System/Library/Frameworks/OpenGL.framework/Versions/A/Libraries/libGLProgrammability.dylib
0x0000000000000000 	/System/Library/Extensions/GeForceGLDriver.bundle/Contents/MacOS/GeForceGLDriver
0x0000000117143000 	/System/Library/PrivateFrameworks/GPUSupport.framework/Versions/A/Libraries/libGPUSupport.dylib
0x000000000a2d3000 	/System/Library/Extensions/GeForceGLDriver.bundle/Contents/MacOS/libclh.dylib
0x0000000117159000 	/System/Library/Frameworks/OpenGL.framework/Resources//GLRendererFloat.bundle/GLRendererFloat
0x0000000117190000 	/System/Library/Frameworks/OpenCL.framework/Versions/A/Libraries/libcldcpuengine.dylib
0x000000000a2d3000 	/System/Library/PrivateFrameworks/DiskImages.framework/Versions/A/DiskImages
0x00000001171a0000 	/System/Library/Frameworks/OpenGL.framework/Versions/A/Libraries/libCoreFSCache.dylib
0x000000000a2d3000 	/System/Library/Frameworks/DiscRecording.framework/Versions/A/DiscRecording
0x000000000a2d3000 	/usr/lib/libcurl.4.dylib
0x000000000a2d3000 	/System/Library/PrivateFrameworks/MediaKit.framework/Versions/A/MediaKit
0x000000000a2d3000 	/usr/lib/libssl.0.9.8.dylib
0x000000000a2d3000 	/System/Library/Frameworks/LDAP.framework/Versions/A/LDAP
0x000000000a2d3000 	/usr/lib/libsasl2.2.dylib
0x0000000117359000 	/Library/Java/JavaVirtualMachines/jdk1.7.0_45.jdk/Contents/Home/jre/lib/libglass.dylib
0x000000000a2d3000 	/System/Library/PrivateFrameworks/CoreServicesInternal.framework/Versions/A/CoreServicesInternal
0x000000000a2d3000 	/System/Library/CoreServices/RawCamera.bundle/Contents/MacOS/RawCamera
0x000000000a2d3000 	/System/Library/Frameworks/ApplicationServices.framework/Versions/A/Frameworks/CoreGraphics.framework/Versions/A/Resources/libCSync.A.dylib
0x000000000a2d3000 	/System/Library/Frameworks/ApplicationServices.framework/Versions/A/Frameworks/CoreGraphics.framework/Versions/A/Resources/libRIP.A.dylib
0x000000011a09d000 	/Library/Java/JavaVirtualMachines/jdk1.7.0_45.jdk/Contents/Home/jre/lib/libjavafx-iio.dylib
0x0000000118859000 	/Library/Java/JavaVirtualMachines/jdk1.7.0_45.jdk/Contents/Home/jre/lib/libjavafx-font.dylib
0x000000000a2d3000 	/System/Library/Frameworks/ApplicationServices.framework/Versions/A/Frameworks/CoreGraphics.framework/Versions/A/Resources/libCGXType.A.dylib
0x0000000118480000 	cl_kernels
0x000000011a1f8000 	/System/Library/Frameworks/OpenCL.framework/Versions/A/Libraries/ImageFormats/unorm8_bgra.dylib
0x0000000118a7a000 	cl_kernels

VM Arguments:
jvm_args: -Dfile.encoding=US-ASCII -Xbootclasspath/a:/Library/Java/JavaVirtualMachines/jdk1.7.0_45.jdk/Contents/Home/jre/lib/jfxrt.jar 
java_command: com.main.MVPApplication
Launcher Type: SUN_STANDARD

Environment Variables:
PATH=/usr/bin:/bin:/usr/sbin:/sbin
SHELL=/bin/bash
DISPLAY=/tmp/launch-fRATom/org.x:0

Signal Handlers:
SIGSEGV: [libjvm.dylib+0x4a177d], sa_mask[0]=0xfffefeff, sa_flags=0x00000042
SIGBUS: [libjvm.dylib+0x4a177d], sa_mask[0]=0xfffefeff, sa_flags=0x00000042
SIGFPE: [libjvm.dylib+0x3b1541], sa_mask[0]=0xfffefeff, sa_flags=0x00000042
SIGPIPE: [libjvm.dylib+0x3b1541], sa_mask[0]=0xfffefeff, sa_flags=0x00000042
SIGXFSZ: [libjvm.dylib+0x3b1541], sa_mask[0]=0xfffefeff, sa_flags=0x00000042
SIGILL: [libjvm.dylib+0x3b1541], sa_mask[0]=0xfffefeff, sa_flags=0x00000042
SIGUSR1: SIG_DFL, sa_mask[0]=0x00000000, sa_flags=0x00000002
SIGUSR2: [libjvm.dylib+0x3b10ce], sa_mask[0]=0x00000004, sa_flags=0x00000042
SIGHUP: [libjvm.dylib+0x3af2f3], sa_mask[0]=0xfffefeff, sa_flags=0x00000042
SIGINT: [libjvm.dylib+0x3af2f3], sa_mask[0]=0xfffefeff, sa_flags=0x00000042
SIGTERM: [libjvm.dylib+0x3af2f3], sa_mask[0]=0xfffefeff, sa_flags=0x00000042
SIGQUIT: [libjvm.dylib+0x3af2f3], sa_mask[0]=0xfffefeff, sa_flags=0x00000042


---------------  S Y S T E M  ---------------

OS:Bsd
uname:Darwin 11.4.2 Darwin Kernel Version 11.4.2: Thu Aug 23 16:25:48 PDT 2012; root:xnu-1699.32.7~1/RELEASE_X86_64 x86_64
rlimit: STACK 8192k, CORE 0k, NPROC 266, NOFILE 10240
CPU:total 2 (2 cores per cpu, 1 threads per core) family 6 model 23 stepping 10, cmov, cx8, fxsr, mmx, sse, sse2, sse3, ssse3, sse4.1, tsc

Memory: 4k page, physical 5786116k(1446529k free)

/proc/meminfo:


vm_info: Java HotSpot(TM) 64-Bit Server VM (23.0-b21) for bsd-amd64 JRE (1.7.0_04-b21), built on Apr 19 2012 22:33:17 by "java_re" with gcc 4.2.1 (Based on Apple Inc. build 5658) (LLVM build 2336.1.00)

time: Fri Jan 24 17:50:33 2014
elapsed time: 17 seconds

