#
# A fatal error has been detected by the Java Runtime Environment:
#
#  SIGSEGV (0xb) at pc=0x00007fff9507d390, pid=6136, tid=140735261858144
#
# JRE version: 7.0_04-b21
# Java VM: Java HotSpot(TM) 64-Bit Server VM (23.0-b21 mixed mode bsd-amd64 compressed oops)
# Problematic frame:
# C  [libobjc.A.dylib+0xb390]  objc_msgSend_vtable14+0x10
#
# Failed to write core dump. Core dumps have been disabled. To enable core dumping, try "ulimit -c unlimited" before starting Java again
#
# If you would like to submit a bug report, please visit:
#   http://bugreport.sun.com/bugreport/crash.jsp
# The crash happened outside the Java Virtual Machine in native code.
# See problematic frame for where to report the bug.
#

---------------  T H R E A D  ---------------

Current thread (0x00007fd932086000):  JavaThread "JavaFX Application Thread" [_thread_in_native, id=2068470112, stack(0x00007fff5fd24000,0x00007fff60524000)]

siginfo:si_signo=SIGSEGV: si_errno=0, si_code=0 (SEGV0), si_addr=0x0000000000000000

Registers:
RAX=0x1000000000000000, RBX=0x00007fd932c96c90, RCX=0x00007fd932088070, RDX=0x00000000a1a1a1a1
RSP=0x00007fff605200d8, RBP=0x00007fff60520100, RSI=0x00007fff7b9f2720, RDI=0x00007fd9315f1300
R8 =0x00007fff7aeae084, R9 =0x00007fff60520098, R10=0x00007fd9315714a0, R11=0x00007fd931566418
R12=0x0000000100a18b40, R13=0x0000000000000004, R14=0x00007fd932088068, R15=0x00007fff7b9f2720
RIP=0x00007fff9507d390, EFLAGS=0x0000000000010246, ERR=0x0000000000000000
  TRAPNO=0x000000000000000d

Top of Stack: (sp=0x00007fff605200d8)
0x00007fff605200d8:   00007fff956b7404 0000000100a18b40
0x00007fff605200e8:   00007fd932c96cd0 0000000000000000
0x00007fff605200f8:   0000163ae8abd77e 00007fff60520160
0x00007fff60520108:   00007fff9149bb58 00007fff94cee3a3
0x00007fff60520118:   00007fd932c96c90 00007fd932c96cd0
0x00007fff60520128:   00007fd932c96ce8 a4fc4ce2a164eed7
0x00007fff60520138:   00007fd932c96cd0 0000000100a18b40
0x00007fff60520148:   0000000000000004 0000000100a18b30
0x00007fff60520158:   0000163ae8abd77e 00007fff605201d0
0x00007fff60520168:   00007fff9149b4ba 00007fff605201a0
0x00007fff60520178:   0000000000000000 0000000000000000
0x00007fff60520188:   00007fd932c96c90 00007fd932c96ce8
0x00007fff60520198:   0000000100a18a40 a4fc4ce2a164eed7
0x00007fff605201a8:   0000000000000002 00007fd932b5a120
0x00007fff605201b8:   00007fd932c562a0 0000000000000001
0x00007fff605201c8:   0000000000000005 00007fff60520e80
0x00007fff605201d8:   00007fff9147be11 00007fd9320861d8
0x00007fff605201e8:   00230004ffffffff 0000000000000000
0x00007fff605201f8:   000000017b59f670 00007fd932b8ee80
0x00007fff60520208:   0000000100a18b40 0000000100a18a40
0x00007fff60520218:   01007fff930bd160 00007fff60520258
0x00007fff60520228:   00001b037b59f68c 00007fff7aea6fa0
0x00007fff60520238:   0000000100a18a30 0000000100a18b30
0x00007fff60520248:   00007fd932c95cf0 00007fff60520258
0x00007fff60520258:   0000003000001100 00001a0300000000
0x00007fff60520268:   0000000000000000 0000000000000000
0x00007fff60520278:   0000000000000000 0000000000000000
0x00007fff60520288:   0000004400000000 0000000000000e75
0x00007fff60520298:   0000000000000001 0000000000000000
0x00007fff605202a8:   0000000000000000 0000000000000000
0x00007fff605202b8:   0000000000000000 3fe530f600000000
0x00007fff605202c8:   0000000000000000 000000000000d033 

Instructions: (pc=0x00007fff9507d390)
0x00007fff9507d370:   8b 42 18 48 8b 76 08 ff 60 68 66 0f 1f 44 00 00
0x00007fff9507d380:   48 85 ff 74 16 f7 c7 01 00 00 00 75 12 48 8b 07
0x00007fff9507d390:   48 8b 40 18 48 8b 76 08 ff 60 70 31 c0 c3 90 89
0x00007fff9507d3a0:   f8 83 e0 0f 4c 8d 15 2d 51 84 e6 4d 8b 14 c2 49 

Register to memory mapping:

RAX=0x1000000000000000 is an unknown value
RBX=0x00007fd932c96c90 is an unknown value
RCX=0x00007fd932088070 is an unknown value
RDX=0x00000000a1a1a1a1 is an unknown value
RSP=0x00007fff605200d8 is pointing into the stack for thread: 0x00007fd932086000
RBP=0x00007fff60520100 is pointing into the stack for thread: 0x00007fd932086000
RSI=0x00007fff7b9f2720: OBJC_IVAR_$_NSFileWatcher._formerPath+0x72d0 in /System/Library/Frameworks/Foundation.framework/Versions/C/Foundation at 0x00007fff956a1000
RDI=0x00007fd9315f1300 is an unknown value
R8 =0x00007fff7aeae084: __CFProcessKillingLock+0 in /System/Library/Frameworks/CoreFoundation.framework/Versions/A/CoreFoundation at 0x00007fff91443000
R9 =0x00007fff60520098 is pointing into the stack for thread: 0x00007fd932086000
R10=0x00007fd9315714a0 is an unknown value
R11=0x00007fd931566418 is an unknown value
R12=0x0000000100a18b40 is an unknown value
R13=0x0000000000000004 is an unknown value
R14=0x00007fd932088068 is an unknown value
R15=0x00007fff7b9f2720: OBJC_IVAR_$_NSFileWatcher._formerPath+0x72d0 in /System/Library/Frameworks/Foundation.framework/Versions/C/Foundation at 0x00007fff956a1000


Stack: [0x00007fff5fd24000,0x00007fff60524000],  sp=0x00007fff605200d8,  free space=8176k
Native frames: (J=compiled Java code, j=interpreted, Vv=VM code, C=native code)
C  [libobjc.A.dylib+0xb390]  objc_msgSend_vtable14+0x10
C  [CoreFoundation+0x58b58]  CFRunLoopTimerInvalidate+0x218
C  [CoreFoundation+0x584ba]  __CFRunLoopDoTimer+0x24a
C  [CoreFoundation+0x38e11]  __CFRunLoopRun+0x651
C  [CoreFoundation+0x38486]  CFRunLoopRunSpecific+0xe6
C  [HIToolbox+0x22bf]  RunCurrentEventLoopInMode+0x115
C  [HIToolbox+0x94bf]  ReceiveNextEventCommon+0xb5
C  [HIToolbox+0x93fa]  BlockUntilNextEventMatchingListInMode+0x3e
C  [AppKit+0x8779]  _DPSNextEvent+0x293
C  [AppKit+0x807d]  -[NSApplication nextEventMatchingMask:untilDate:inMode:dequeue:]+0x87
C  [AppKit+0x49b9]  -[NSApplication run]+0x1d6
C  [libglass.dylib+0x3d31]  -[GlassApplication runLoop:]+0x2f1
C  [CoreFoundation+0x9370d]  -[NSObject performSelector:withObject:]+0x3d
C  [Foundation+0x4fd70]  __NSThreadPerformPerform+0xd6
C  [CoreFoundation+0x124f1]  __CFRUNLOOP_IS_CALLING_OUT_TO_A_SOURCE0_PERFORM_FUNCTION__+0x11
C  [CoreFoundation+0x11d5d]  __CFRunLoopDoSources0+0xfd
C  [CoreFoundation+0x38b49]  __CFRunLoopRun+0x389
C  [CoreFoundation+0x38486]  CFRunLoopRunSpecific+0xe6
C  [java+0x74bc]  CreateExecutionEnvironment+0x367
C  [java+0x1cac]  JLI_Launch+0x7a0
C  [java+0x7819]  main+0x65
C  [java+0x1504]  start+0x34


---------------  P R O C E S S  ---------------

Java Threads: ( => current thread )
  0x00007fd931b31000 JavaThread "Prism Font Disposer" daemon [_thread_blocked, id=236224512, stack(0x000000010e048000,0x000000010e148000)]
  0x00007fd9320b1800 JavaThread "Thread-4" daemon [_thread_in_native, id=202969088, stack(0x000000010c111000,0x000000010c191000)]
=>0x00007fd932086000 JavaThread "JavaFX Application Thread" [_thread_in_native, id=2068470112, stack(0x00007fff5fd24000,0x00007fff60524000)]
  0x00007fd932084000 JavaThread "Thread-2" daemon [_thread_blocked, id=178008064, stack(0x000000010a8c3000,0x000000010a9c3000)]
  0x00007fd932081800 JavaThread "Disposer" daemon [_thread_blocked, id=176541696, stack(0x000000010a75d000,0x000000010a85d000)]
  0x00007fd931956000 JavaThread "QuantumRenderer-0" daemon [_thread_blocked, id=170352640, stack(0x000000010a176000,0x000000010a276000)]
  0x00007fd932060000 JavaThread "JavaFX-Launcher" [_thread_blocked, id=169259008, stack(0x000000010a06b000,0x000000010a16b000)]
  0x00007fd931890000 JavaThread "Service Thread" daemon [_thread_blocked, id=166653952, stack(0x0000000109def000,0x0000000109eef000)]
  0x00007fd93188f000 JavaThread "C2 CompilerThread1" daemon [_thread_blocked, id=165593088, stack(0x0000000109cec000,0x0000000109dec000)]
  0x00007fd931885800 JavaThread "C2 CompilerThread0" daemon [_thread_blocked, id=164532224, stack(0x0000000109be9000,0x0000000109ce9000)]
  0x00007fd93186e800 JavaThread "Signal Dispatcher" daemon [_thread_blocked, id=163471360, stack(0x0000000109ae6000,0x0000000109be6000)]
  0x00007fd93185d000 JavaThread "Finalizer" daemon [_thread_blocked, id=160346112, stack(0x00000001097eb000,0x00000001098eb000)]
  0x00007fd93185c000 JavaThread "Reference Handler" daemon [_thread_blocked, id=159285248, stack(0x00000001096e8000,0x00000001097e8000)]
  0x00007fd931838000 JavaThread "main" [_thread_blocked, id=24264704, stack(0x0000000101624000,0x0000000101724000)]

Other Threads:
  0x00007fd931859800 VMThread [stack: 0x00000001095e5000,0x00000001096e5000] [id=158224384]
  0x00007fd931898800 WatcherThread [stack: 0x0000000109ef2000,0x0000000109ff2000] [id=167714816]

VM state:not at safepoint (normal execution)

VM Mutex/Monitor currently owned by a thread: None

Heap
 PSYoungGen      total 49152K, used 39551K [0x00000007e28b0000, 0x00000007e88b0000, 0x0000000800000000)
  eden space 45440K, 79% used [0x00000007e28b0000,0x00000007e4bec210,0x00000007e5510000)
  from space 3712K, 93% used [0x00000007e5510000,0x00000007e5873ca8,0x00000007e58b0000)
  to   space 3712K, 0% used [0x00000007e8510000,0x00000007e8510000,0x00000007e88b0000)
 ParOldGen       total 154880K, used 77405K [0x00000007a7a00000, 0x00000007b1140000, 0x00000007e28b0000)
  object space 154880K, 49% used [0x00000007a7a00000,0x00000007ac5974f8,0x00000007b1140000)
 PSPermGen       total 21248K, used 11633K [0x00000007a2800000, 0x00000007a3cc0000, 0x00000007a7a00000)
  object space 21248K, 54% used [0x00000007a2800000,0x00000007a335c6a8,0x00000007a3cc0000)

Code Cache  [0x0000000101726000, 0x0000000101996000, 0x0000000104726000)
 total_blobs=754 nmethods=224 adapters=482 free_code_cache=47921Kb largest_free_block=49006464

Compilation events (10 events):
Event: 33.329 Thread 0x00007fd931885800  216             com.sun.javafx.geom.transform.GeneralTransform3D::updateState (196 bytes)
Event: 33.332 Thread 0x00007fd931885800 nmethod 216 0x000000010182f690 code [0x000000010182f840, 0x000000010182fa78]
Event: 33.332 Thread 0x00007fd931885800  217             com.sun.prism.impl.BaseGraphics::getTransformNoClone (5 bytes)
Event: 33.332 Thread 0x00007fd931885800 nmethod 217 0x000000010182e010 code [0x000000010182e140, 0x000000010182e1b8]
Event: 33.336 Thread 0x00007fd931885800  218             com.sun.prism.impl.VertexBuffer::flush (21 bytes)
Event: 33.337 Thread 0x00007fd931885800 nmethod 218 0x000000010182fc90 code [0x000000010182fde0, 0x000000010182fec8]
Event: 33.337 Thread 0x00007fd931885800  219             com.sun.prism.impl.BaseContext::flushVertexBuffer (8 bytes)
Event: 33.339 Thread 0x00007fd931885800 nmethod 219 0x0000000101845550 code [0x00000001018456a0, 0x00000001018457a8]
Event: 33.697 Thread 0x00007fd93188f000  220             com.sun.prism.impl.BaseGraphics::validateTransformAndPaint (71 bytes)
Event: 33.699 Thread 0x00007fd93188f000 nmethod 220 0x0000000101845190 code [0x00000001018452e0, 0x00000001018453e8]

GC Heap History (8 events):
Event: 1.155 GC heap before
{Heap before GC invocations=1 (full 0):
 PSYoungGen      total 26432K, used 22450K [0x00000007e28b0000, 0x00000007e4620000, 0x0000000800000000)
  eden space 22720K, 98% used [0x00000007e28b0000,0x00000007e3e9cb58,0x00000007e3ee0000)
  from space 3712K, 0% used [0x00000007e4280000,0x00000007e4280000,0x00000007e4620000)
  to   space 3712K, 0% used [0x00000007e3ee0000,0x00000007e3ee0000,0x00000007e4280000)
 ParOldGen       total 60352K, used 0K [0x00000007a7a00000, 0x00000007ab4f0000, 0x00000007e28b0000)
  object space 60352K, 0% used [0x00000007a7a00000,0x00000007a7a00000,0x00000007ab4f0000)
 PSPermGen       total 21248K, used 6405K [0x00000007a2800000, 0x00000007a3cc0000, 0x00000007a7a00000)
  object space 21248K, 30% used [0x00000007a2800000,0x00000007a2e41518,0x00000007a3cc0000)
Event: 1.178 GC heap after
Heap after GC invocations=1 (full 0):
 PSYoungGen      total 26432K, used 3688K [0x00000007e28b0000, 0x00000007e5c50000, 0x0000000800000000)
  eden space 22720K, 0% used [0x00000007e28b0000,0x00000007e28b0000,0x00000007e3ee0000)
  from space 3712K, 99% used [0x00000007e3ee0000,0x00000007e427a140,0x00000007e4280000)
  to   space 3712K, 0% used [0x00000007e58b0000,0x00000007e58b0000,0x00000007e5c50000)
 ParOldGen       total 60352K, used 13729K [0x00000007a7a00000, 0x00000007ab4f0000, 0x00000007e28b0000)
  object space 60352K, 22% used [0x00000007a7a00000,0x00000007a8768730,0x00000007ab4f0000)
 PSPermGen       total 21248K, used 6405K [0x00000007a2800000, 0x00000007a3cc0000, 0x00000007a7a00000)
  object space 21248K, 30% used [0x00000007a2800000,0x00000007a2e41518,0x00000007a3cc0000)
}
Event: 1.625 GC heap before
{Heap before GC invocations=2 (full 0):
 PSYoungGen      total 26432K, used 26133K [0x00000007e28b0000, 0x00000007e5c50000, 0x0000000800000000)
  eden space 22720K, 98% used [0x00000007e28b0000,0x00000007e3e9b5f0,0x00000007e3ee0000)
  from space 3712K, 99% used [0x00000007e3ee0000,0x00000007e427a140,0x00000007e4280000)
  to   space 3712K, 0% used [0x00000007e58b0000,0x00000007e58b0000,0x00000007e5c50000)
 ParOldGen       total 60352K, used 13729K [0x00000007a7a00000, 0x00000007ab4f0000, 0x00000007e28b0000)
  object space 60352K, 22% used [0x00000007a7a00000,0x00000007a8768730,0x00000007ab4f0000)
 PSPermGen       total 21248K, used 6409K [0x00000007a2800000, 0x00000007a3cc0000, 0x00000007a7a00000)
  object space 21248K, 30% used [0x00000007a2800000,0x00000007a2e427b0,0x00000007a3cc0000)
Event: 1.654 GC heap after
Heap after GC invocations=2 (full 0):
 PSYoungGen      total 49152K, used 3682K [0x00000007e28b0000, 0x00000007e5c50000, 0x0000000800000000)
  eden space 45440K, 0% used [0x00000007e28b0000,0x00000007e28b0000,0x00000007e5510000)
  from space 3712K, 99% used [0x00000007e58b0000,0x00000007e5c48ab8,0x00000007e5c50000)
  to   space 3712K, 0% used [0x00000007e5510000,0x00000007e5510000,0x00000007e58b0000)
 ParOldGen       total 60352K, used 34557K [0x00000007a7a00000, 0x00000007ab4f0000, 0x00000007e28b0000)
  object space 60352K, 57% used [0x00000007a7a00000,0x00000007a9bbf440,0x00000007ab4f0000)
 PSPermGen       total 21248K, used 6409K [0x00000007a2800000, 0x00000007a3cc0000, 0x00000007a7a00000)
  object space 21248K, 30% used [0x00000007a2800000,0x00000007a2e427b0,0x00000007a3cc0000)
}
Event: 2.532 GC heap before
{Heap before GC invocations=3 (full 0):
 PSYoungGen      total 49152K, used 48863K [0x00000007e28b0000, 0x00000007e5c50000, 0x0000000800000000)
  eden space 45440K, 99% used [0x00000007e28b0000,0x00000007e54cf218,0x00000007e5510000)
  from space 3712K, 99% used [0x00000007e58b0000,0x00000007e5c48ab8,0x00000007e5c50000)
  to   space 3712K, 0% used [0x00000007e5510000,0x00000007e5510000,0x00000007e58b0000)
 ParOldGen       total 60352K, used 34557K [0x00000007a7a00000, 0x00000007ab4f0000, 0x00000007e28b0000)
  object space 60352K, 57% used [0x00000007a7a00000,0x00000007a9bbf440,0x00000007ab4f0000)
 PSPermGen       total 21248K, used 6421K [0x00000007a2800000, 0x00000007a3cc0000, 0x00000007a7a00000)
  object space 21248K, 30% used [0x00000007a2800000,0x00000007a2e45648,0x00000007a3cc0000)
Event: 2.583 GC heap after
Heap after GC invocations=3 (full 0):
 PSYoungGen      total 49152K, used 3695K [0x00000007e28b0000, 0x00000007e88b0000, 0x0000000800000000)
  eden space 45440K, 0% used [0x00000007e28b0000,0x00000007e28b0000,0x00000007e5510000)
  from space 3712K, 99% used [0x00000007e5510000,0x00000007e58abcb8,0x00000007e58b0000)
  to   space 3712K, 0% used [0x00000007e8510000,0x00000007e8510000,0x00000007e88b0000)
 ParOldGen       total 77632K, used 77280K [0x00000007a7a00000, 0x00000007ac5d0000, 0x00000007e28b0000)
  object space 77632K, 99% used [0x00000007a7a00000,0x00000007ac578358,0x00000007ac5d0000)
 PSPermGen       total 21248K, used 6421K [0x00000007a2800000, 0x00000007a3cc0000, 0x00000007a7a00000)
  object space 21248K, 30% used [0x00000007a2800000,0x00000007a2e45648,0x00000007a3cc0000)
}
Event: 2.583 GC heap before
{Heap before GC invocations=4 (full 1):
 PSYoungGen      total 49152K, used 3695K [0x00000007e28b0000, 0x00000007e88b0000, 0x0000000800000000)
  eden space 45440K, 0% used [0x00000007e28b0000,0x00000007e28b0000,0x00000007e5510000)
  from space 3712K, 99% used [0x00000007e5510000,0x00000007e58abcb8,0x00000007e58b0000)
  to   space 3712K, 0% used [0x00000007e8510000,0x00000007e8510000,0x00000007e88b0000)
 ParOldGen       total 77632K, used 77280K [0x00000007a7a00000, 0x00000007ac5d0000, 0x00000007e28b0000)
  object space 77632K, 99% used [0x00000007a7a00000,0x00000007ac578358,0x00000007ac5d0000)
 PSPermGen       total 21248K, used 6421K [0x00000007a2800000, 0x00000007a3cc0000, 0x00000007a7a00000)
  object space 21248K, 30% used [0x00000007a2800000,0x00000007a2e45648,0x00000007a3cc0000)
Event: 2.656 GC heap after
Heap after GC invocations=4 (full 1):
 PSYoungGen      total 49152K, used 3471K [0x00000007e28b0000, 0x00000007e88b0000, 0x0000000800000000)
  eden space 45440K, 0% used [0x00000007e28b0000,0x00000007e28b0000,0x00000007e5510000)
  from space 3712K, 93% used [0x00000007e5510000,0x00000007e5873ca8,0x00000007e58b0000)
  to   space 3712K, 0% used [0x00000007e8510000,0x00000007e8510000,0x00000007e88b0000)
 ParOldGen       total 154880K, used 77405K [0x00000007a7a00000, 0x00000007b1140000, 0x00000007e28b0000)
  object space 154880K, 49% used [0x00000007a7a00000,0x00000007ac5974f8,0x00000007b1140000)
 PSPermGen       total 21248K, used 6418K [0x00000007a2800000, 0x00000007a3cc0000, 0x00000007a7a00000)
  object space 21248K, 30% used [0x00000007a2800000,0x00000007a2e44a28,0x00000007a3cc0000)
}

Deoptimization events (10 events):
Event: 3.308 Thread 0x00007fd932086000 Uncommon trap 51 fr.pc 0x00000001017ca300
Event: 3.465 Thread 0x00007fd932086000 Uncommon trap -12 fr.pc 0x00000001017d8d10
Event: 3.465 Thread 0x00007fd932086000 Uncommon trap -12 fr.pc 0x00000001017db444
Event: 4.214 Thread 0x00007fd932086000 Uncommon trap -12 fr.pc 0x00000001017f36a4
Event: 26.198 Thread 0x00007fd932086000 Uncommon trap -34 fr.pc 0x000000010181315c
Event: 26.198 Thread 0x00007fd932086000 Uncommon trap -34 fr.pc 0x000000010181315c
Event: 26.198 Thread 0x00007fd932086000 Uncommon trap -34 fr.pc 0x000000010181315c
Event: 26.199 Thread 0x00007fd932086000 Uncommon trap -34 fr.pc 0x000000010181315c
Event: 26.201 Thread 0x00007fd932086000 Uncommon trap -12 fr.pc 0x000000010181ec3c
Event: 27.119 Thread 0x00007fd931956000 Uncommon trap -83 fr.pc 0x0000000101829564

Internal exceptions (10 events):
Event: 3.089 Thread 0x00007fd932086000 Threw 0x00000007e3ae4428 at /HUDSON/workspace/jdk7u4-2-build-macosx-x86_64-product/jdk7u4/hotspot/src/share/vm/prims/jvm.cpp:1166
Event: 3.090 Thread 0x00007fd932086000 Threw 0x00000007e3ae8b18 at /HUDSON/workspace/jdk7u4-2-build-macosx-x86_64-product/jdk7u4/hotspot/src/share/vm/prims/jvm.cpp:1166
Event: 3.465 Thread 0x00007fd932086000 Implicit null exception at 0x00000001017d8c4b to 0x00000001017d8d05
Event: 3.465 Thread 0x00007fd932086000 Implicit null exception at 0x00000001017db1e9 to 0x00000001017db429
Event: 4.214 Thread 0x00007fd932086000 Implicit null exception at 0x00000001017f0dfd to 0x00000001017f35c1
Event: 5.218 Thread 0x00007fd932086000 Threw 0x00000007e44bc938 at /HUDSON/workspace/jdk7u4-2-build-macosx-x86_64-product/jdk7u4/hotspot/src/share/vm/prims/jvm.cpp:1166
Event: 26.148 Thread 0x00007fd932086000 Threw 0x00000007e459da00 at /HUDSON/workspace/jdk7u4-2-build-macosx-x86_64-product/jdk7u4/hotspot/src/share/vm/prims/jvm.cpp:1166
Event: 26.151 Thread 0x00007fd932086000 Threw 0x00000007e45a1f38 at /HUDSON/workspace/jdk7u4-2-build-macosx-x86_64-product/jdk7u4/hotspot/src/share/vm/prims/jvm.cpp:1166
Event: 26.187 Thread 0x00007fd932086000 Threw 0x00000007e46a1440 at /HUDSON/workspace/jdk7u4-2-build-macosx-x86_64-product/jdk7u4/hotspot/src/share/vm/prims/jvm.cpp:1166
Event: 26.201 Thread 0x00007fd932086000 Implicit null exception at 0x000000010181b100 to 0x000000010181ec25

Events (10 events):
Event: 33.708 loading class 0x0000000100a77310
Event: 33.708 loading class 0x0000000100a77310 done
Event: 33.708 loading class 0x00007fd931511cb0
Event: 33.708 loading class 0x00007fd931511f60
Event: 33.708 loading class 0x00007fd931511f60 done
Event: 33.708 loading class 0x00007fd931511cb0 done
Event: 33.708 loading class 0x00007fd932b4dbe0
Event: 33.708 loading class 0x00007fd932b4dbe0 done
Event: 33.719 loading class 0x0000000100a85ec0
Event: 33.719 loading class 0x0000000100a85ec0 done


Dynamic libraries:
0x000000000a2d3000 	/System/Library/Frameworks/Cocoa.framework/Versions/A/Cocoa
0x000000000a2d3000 	/System/Library/Frameworks/Security.framework/Versions/A/Security
0x000000000a2d3000 	/System/Library/Frameworks/ApplicationServices.framework/Versions/A/ApplicationServices
0x000000000a2d3000 	/usr/lib/libz.1.dylib
0x000000000a2d3000 	/usr/lib/libSystem.B.dylib
0x000000000a2d3000 	/usr/lib/libobjc.A.dylib
0x000000000a2d3000 	/System/Library/Frameworks/CoreFoundation.framework/Versions/A/CoreFoundation
0x000000000a2d3000 	/System/Library/Frameworks/AppKit.framework/Versions/C/AppKit
0x000000000a2d3000 	/System/Library/Frameworks/CoreData.framework/Versions/A/CoreData
0x000000000a2d3000 	/System/Library/Frameworks/Foundation.framework/Versions/C/Foundation
0x000000000a2d3000 	/System/Library/PrivateFrameworks/RemoteViewServices.framework/Versions/A/RemoteViewServices
0x000000000a2d3000 	/System/Library/Frameworks/AudioToolbox.framework/Versions/A/AudioToolbox
0x000000000a2d3000 	/System/Library/Frameworks/AudioUnit.framework/Versions/A/AudioUnit
0x000000000a2d3000 	/System/Library/PrivateFrameworks/DataDetectorsCore.framework/Versions/A/DataDetectorsCore
0x000000000a2d3000 	/System/Library/PrivateFrameworks/DesktopServicesPriv.framework/Versions/A/DesktopServicesPriv
0x000000000a2d3000 	/System/Library/Frameworks/Carbon.framework/Versions/A/Frameworks/HIToolbox.framework/Versions/A/HIToolbox
0x000000000a2d3000 	/System/Library/Frameworks/QuartzCore.framework/Versions/A/QuartzCore
0x000000000a2d3000 	/System/Library/Frameworks/Carbon.framework/Versions/A/Frameworks/SpeechRecognition.framework/Versions/A/SpeechRecognition
0x000000000a2d3000 	/usr/lib/libauto.dylib
0x000000000a2d3000 	/usr/lib/libicucore.A.dylib
0x000000000a2d3000 	/usr/lib/libxml2.2.dylib
0x000000000a2d3000 	/System/Library/PrivateFrameworks/CoreUI.framework/Versions/A/CoreUI
0x000000000a2d3000 	/System/Library/Frameworks/CoreAudio.framework/Versions/A/CoreAudio
0x000000000a2d3000 	/System/Library/Frameworks/DiskArbitration.framework/Versions/A/DiskArbitration
0x000000000a2d3000 	/usr/lib/liblangid.dylib
0x000000000a2d3000 	/System/Library/PrivateFrameworks/MultitouchSupport.framework/Versions/A/MultitouchSupport
0x000000000a2d3000 	/System/Library/Frameworks/IOKit.framework/Versions/A/IOKit
0x000000000a2d3000 	/usr/lib/libDiagnosticMessagesClient.dylib
0x000000000a2d3000 	/System/Library/Frameworks/CoreServices.framework/Versions/A/CoreServices
0x000000000a2d3000 	/System/Library/PrivateFrameworks/PerformanceAnalysis.framework/Versions/A/PerformanceAnalysis
0x000000000a2d3000 	/System/Library/PrivateFrameworks/GenerationalStorage.framework/Versions/A/GenerationalStorage
0x000000000a2d3000 	/System/Library/Frameworks/OpenGL.framework/Versions/A/OpenGL
0x000000000a2d3000 	/System/Library/Frameworks/CoreServices.framework/Versions/A/Frameworks/CFNetwork.framework/Versions/A/CFNetwork
0x000000000a2d3000 	/System/Library/Frameworks/SystemConfiguration.framework/Versions/A/SystemConfiguration
0x000000000a2d3000 	/usr/lib/libCRFSuite.dylib
0x000000000a2d3000 	/usr/lib/libc++.1.dylib
0x000000000a2d3000 	/usr/lib/libstdc++.6.dylib
0x000000000a2d3000 	/usr/lib/libc++abi.dylib
0x000000000a2d3000 	/usr/lib/system/libcache.dylib
0x000000000a2d3000 	/usr/lib/system/libcommonCrypto.dylib
0x000000000a2d3000 	/usr/lib/system/libcompiler_rt.dylib
0x000000000a2d3000 	/usr/lib/system/libcopyfile.dylib
0x000000000a2d3000 	/usr/lib/system/libdispatch.dylib
0x000000000a2d3000 	/usr/lib/system/libdnsinfo.dylib
0x000000000a2d3000 	/usr/lib/system/libdyld.dylib
0x000000000a2d3000 	/usr/lib/system/libkeymgr.dylib
0x000000000a2d3000 	/usr/lib/system/liblaunch.dylib
0x000000000a2d3000 	/usr/lib/system/libmacho.dylib
0x000000000a2d3000 	/usr/lib/system/libmathCommon.A.dylib
0x000000000a2d3000 	/usr/lib/system/libquarantine.dylib
0x000000000a2d3000 	/usr/lib/system/libremovefile.dylib
0x000000000a2d3000 	/usr/lib/system/libsystem_blocks.dylib
0x000000000a2d3000 	/usr/lib/system/libsystem_c.dylib
0x000000000a2d3000 	/usr/lib/system/libsystem_dnssd.dylib
0x000000000a2d3000 	/usr/lib/system/libsystem_info.dylib
0x000000000a2d3000 	/usr/lib/system/libsystem_kernel.dylib
0x000000000a2d3000 	/usr/lib/system/libsystem_network.dylib
0x000000000a2d3000 	/usr/lib/system/libsystem_notify.dylib
0x000000000a2d3000 	/usr/lib/system/libsystem_sandbox.dylib
0x000000000a2d3000 	/usr/lib/system/libunc.dylib
0x000000000a2d3000 	/usr/lib/system/libunwind.dylib
0x000000000a2d3000 	/usr/lib/system/libxpc.dylib
0x000000000a2d3000 	/usr/lib/libbsm.0.dylib
0x000000000a2d3000 	/usr/lib/libsqlite3.dylib
0x000000000a2d3000 	/usr/lib/libOpenScriptingUtil.dylib
0x000000000a2d3000 	/usr/lib/libpam.2.dylib
0x000000000a2d3000 	/usr/lib/libxar-nossl.dylib
0x000000000a2d3000 	/usr/lib/libbz2.1.0.dylib
0x000000000a2d3000 	/System/Library/Frameworks/CoreServices.framework/Versions/A/Frameworks/CarbonCore.framework/Versions/A/CarbonCore
0x000000000a2d3000 	/System/Library/Frameworks/CoreServices.framework/Versions/A/Frameworks/Metadata.framework/Versions/A/Metadata
0x000000000a2d3000 	/System/Library/Frameworks/CoreServices.framework/Versions/A/Frameworks/OSServices.framework/Versions/A/OSServices
0x000000000a2d3000 	/System/Library/Frameworks/CoreServices.framework/Versions/A/Frameworks/SearchKit.framework/Versions/A/SearchKit
0x000000000a2d3000 	/System/Library/Frameworks/CoreServices.framework/Versions/A/Frameworks/AE.framework/Versions/A/AE
0x000000000a2d3000 	/System/Library/Frameworks/CoreServices.framework/Versions/A/Frameworks/LaunchServices.framework/Versions/A/LaunchServices
0x000000000a2d3000 	/System/Library/Frameworks/CoreServices.framework/Versions/A/Frameworks/DictionaryServices.framework/Versions/A/DictionaryServices
0x000000000a2d3000 	/System/Library/Frameworks/NetFS.framework/Versions/A/NetFS
0x000000000a2d3000 	/usr/lib/system/libkxld.dylib
0x000000000a2d3000 	/System/Library/PrivateFrameworks/NetAuth.framework/Versions/A/NetAuth
0x000000000a2d3000 	/usr/lib/libcrypto.0.9.8.dylib
0x000000000a2d3000 	/System/Library/PrivateFrameworks/TrustEvaluationAgent.framework/Versions/A/TrustEvaluationAgent
0x000000000a2d3000 	/System/Library/Frameworks/OpenDirectory.framework/Versions/A/Frameworks/CFOpenDirectory.framework/Versions/A/CFOpenDirectory
0x000000000a2d3000 	/usr/lib/libxslt.1.dylib
0x000000000a2d3000 	/System/Library/PrivateFrameworks/FamilyControls.framework/Versions/A/FamilyControls
0x000000000a2d3000 	/System/Library/Frameworks/Carbon.framework/Versions/A/Frameworks/Ink.framework/Versions/A/Ink
0x000000000a2d3000 	/System/Library/Frameworks/ApplicationServices.framework/Versions/A/Frameworks/CoreGraphics.framework/Versions/A/CoreGraphics
0x000000000a2d3000 	/System/Library/Frameworks/ApplicationServices.framework/Versions/A/Frameworks/ImageIO.framework/Versions/A/ImageIO
0x000000000a2d3000 	/System/Library/Frameworks/ApplicationServices.framework/Versions/A/Frameworks/CoreText.framework/Versions/A/CoreText
0x000000000a2d3000 	/System/Library/Frameworks/ApplicationServices.framework/Versions/A/Frameworks/ATS.framework/Versions/A/ATS
0x000000000a2d3000 	/System/Library/Frameworks/ApplicationServices.framework/Versions/A/Frameworks/ColorSync.framework/Versions/A/ColorSync
0x000000000a2d3000 	/System/Library/Frameworks/ApplicationServices.framework/Versions/A/Frameworks/HIServices.framework/Versions/A/HIServices
0x000000000a2d3000 	/System/Library/Frameworks/ApplicationServices.framework/Versions/A/Frameworks/LangAnalysis.framework/Versions/A/LangAnalysis
0x000000000a2d3000 	/System/Library/Frameworks/ApplicationServices.framework/Versions/A/Frameworks/PrintCore.framework/Versions/A/PrintCore
0x000000000a2d3000 	/System/Library/Frameworks/ApplicationServices.framework/Versions/A/Frameworks/QD.framework/Versions/A/QD
0x000000000a2d3000 	/System/Library/Frameworks/ApplicationServices.framework/Versions/A/Frameworks/SpeechSynthesis.framework/Versions/A/SpeechSynthesis
0x000000000a2d3000 	/System/Library/Frameworks/IOSurface.framework/Versions/A/IOSurface
0x000000000a2d3000 	/System/Library/Frameworks/Accelerate.framework/Versions/A/Accelerate
0x000000000a2d3000 	/System/Library/Frameworks/ApplicationServices.framework/Versions/A/Frameworks/ImageIO.framework/Versions/A/Resources/libJPEG.dylib
0x000000000a2d3000 	/System/Library/Frameworks/ApplicationServices.framework/Versions/A/Frameworks/ImageIO.framework/Versions/A/Resources/libTIFF.dylib
0x000000000a2d3000 	/System/Library/Frameworks/ApplicationServices.framework/Versions/A/Frameworks/ImageIO.framework/Versions/A/Resources/libPng.dylib
0x000000000a2d3000 	/System/Library/Frameworks/ApplicationServices.framework/Versions/A/Frameworks/ImageIO.framework/Versions/A/Resources/libGIF.dylib
0x000000000a2d3000 	/System/Library/Frameworks/ApplicationServices.framework/Versions/A/Frameworks/ImageIO.framework/Versions/A/Resources/libJP2.dylib
0x000000000a2d3000 	/System/Library/Frameworks/ApplicationServices.framework/Versions/A/Frameworks/ImageIO.framework/Versions/A/Resources/libRadiance.dylib
0x000000000a2d3000 	/System/Library/Frameworks/Accelerate.framework/Versions/A/Frameworks/vImage.framework/Versions/A/vImage
0x000000000a2d3000 	/System/Library/Frameworks/Accelerate.framework/Versions/A/Frameworks/vecLib.framework/Versions/A/vecLib
0x000000000a2d3000 	/System/Library/Frameworks/Accelerate.framework/Versions/A/Frameworks/vecLib.framework/Versions/A/libvDSP.dylib
0x000000000a2d3000 	/System/Library/Frameworks/Accelerate.framework/Versions/A/Frameworks/vecLib.framework/Versions/A/libvMisc.dylib
0x000000000a2d3000 	/System/Library/Frameworks/Accelerate.framework/Versions/A/Frameworks/vecLib.framework/Versions/A/libLAPACK.dylib
0x000000000a2d3000 	/System/Library/Frameworks/Accelerate.framework/Versions/A/Frameworks/vecLib.framework/Versions/A/libBLAS.dylib
0x000000000a2d3000 	/System/Library/Frameworks/ApplicationServices.framework/Versions/A/Frameworks/ATS.framework/Versions/A/Resources/libFontParser.dylib
0x000000000a2d3000 	/System/Library/Frameworks/ApplicationServices.framework/Versions/A/Frameworks/ATS.framework/Versions/A/Resources/libFontRegistry.dylib
0x000000000a2d3000 	/usr/lib/libcups.2.dylib
0x000000000a2d3000 	/System/Library/Frameworks/Kerberos.framework/Versions/A/Kerberos
0x000000000a2d3000 	/System/Library/Frameworks/GSS.framework/Versions/A/GSS
0x000000000a2d3000 	/usr/lib/libresolv.9.dylib
0x000000000a2d3000 	/usr/lib/libiconv.2.dylib
0x000000000a2d3000 	/System/Library/PrivateFrameworks/Heimdal.framework/Versions/A/Heimdal
0x000000000a2d3000 	/System/Library/Frameworks/OpenDirectory.framework/Versions/A/OpenDirectory
0x000000000a2d3000 	/System/Library/PrivateFrameworks/CommonAuth.framework/Versions/A/CommonAuth
0x000000000a2d3000 	/System/Library/Frameworks/CoreVideo.framework/Versions/A/CoreVideo
0x000000000a2d3000 	/System/Library/Frameworks/QuartzCore.framework/Versions/A/Frameworks/CoreImage.framework/Versions/A/CoreImage
0x000000000a2d3000 	/System/Library/Frameworks/QuartzCore.framework/Versions/A/Frameworks/ScalableUserInterface.framework/Versions/A/ScalableUserInterface
0x000000000a2d3000 	/System/Library/Frameworks/OpenGL.framework/Versions/A/Libraries/libGLU.dylib
0x000000000a2d3000 	/System/Library/Frameworks/OpenGL.framework/Versions/A/Libraries/libGFXShared.dylib
0x000000000a2d3000 	/System/Library/Frameworks/OpenGL.framework/Versions/A/Libraries/libGL.dylib
0x000000000a2d3000 	/System/Library/Frameworks/OpenGL.framework/Versions/A/Libraries/libGLImage.dylib
0x000000000a2d3000 	/System/Library/Frameworks/OpenGL.framework/Versions/A/Libraries/libCVMSPluginSupport.dylib
0x000000000a2d3000 	/System/Library/Frameworks/OpenGL.framework/Versions/A/Libraries/libCoreVMClient.dylib
0x000000000a2d3000 	/System/Library/Frameworks/OpenCL.framework/Versions/A/OpenCL
0x000000000a2d3000 	/System/Library/PrivateFrameworks/FaceCoreLight.framework/Versions/A/FaceCoreLight
0x000000000a2d3000 	/System/Library/Frameworks/vecLib.framework/Versions/A/vecLib
0x000000000a2d3000 	/System/Library/Frameworks/SecurityFoundation.framework/Versions/A/SecurityFoundation
0x000000000a2d3000 	/System/Library/PrivateFrameworks/CommerceKit.framework/Versions/A/Frameworks/CommerceCore.framework/Versions/A/CommerceCore
0x000000000a2d3000 	/System/Library/PrivateFrameworks/CoreSymbolication.framework/Versions/A/CoreSymbolication
0x000000000a2d3000 	/System/Library/PrivateFrameworks/Symbolication.framework/Versions/A/Symbolication
0x000000000a2d3000 	/System/Library/PrivateFrameworks/DebugSymbols.framework/Versions/A/DebugSymbols
0x0000000100b83000 	/Library/Java/JavaVirtualMachines/1.7.0.jdk/Contents/Home/jre/lib/server/libjvm.dylib
0x000000010099b000 	/Library/Java/JavaVirtualMachines/1.7.0.jdk/Contents/Home/jre/lib/libverify.dylib
0x00000001009a8000 	/Library/Java/JavaVirtualMachines/1.7.0.jdk/Contents/Home/jre/lib/libjava.dylib
0x00000001009e2000 	/Library/Java/JavaVirtualMachines/1.7.0.jdk/Contents/Home/jre/lib/libzip.dylib
0x00000001098ed000 	/System/Library/Frameworks/JavaVM.framework/Frameworks/JavaRuntimeSupport.framework/JavaRuntimeSupport
0x0000000109905000 	/System/Library/Frameworks/JavaVM.framework/Versions/A/Frameworks/JavaNativeFoundation.framework/Versions/A/JavaNativeFoundation
0x00000001009ec000 	/System/Library/Frameworks/JavaVM.framework/Versions/A/JavaVM
0x000000000a2d3000 	/System/Library/Frameworks/Carbon.framework/Versions/A/Carbon
0x000000010991a000 	/System/Library/PrivateFrameworks/JavaLaunching.framework/Versions/A/JavaLaunching
0x000000000a2d3000 	/System/Library/Frameworks/Carbon.framework/Versions/A/Frameworks/CommonPanels.framework/Versions/A/CommonPanels
0x000000000a2d3000 	/System/Library/Frameworks/Carbon.framework/Versions/A/Frameworks/Help.framework/Versions/A/Help
0x000000000a2d3000 	/System/Library/Frameworks/Carbon.framework/Versions/A/Frameworks/ImageCapture.framework/Versions/A/ImageCapture
0x000000000a2d3000 	/System/Library/Frameworks/Carbon.framework/Versions/A/Frameworks/OpenScripting.framework/Versions/A/OpenScripting
0x000000000a2d3000 	/System/Library/Frameworks/Carbon.framework/Versions/A/Frameworks/Print.framework/Versions/A/Print
0x000000000a2d3000 	/System/Library/Frameworks/Carbon.framework/Versions/A/Frameworks/SecurityHI.framework/Versions/A/SecurityHI
0x000000010a278000 	/Library/Java/JavaVirtualMachines/jdk1.7.0_45.jdk/Contents/Home/jre/lib/libprism-es2.dylib
0x000000010a2ce000 	/System/Library/Frameworks/OpenGL.framework/Resources/GLEngine.bundle/GLEngine
0x000000010a4bd000 	/System/Library/Frameworks/OpenGL.framework/Versions/A/Libraries/libGLProgrammability.dylib
0x0000000000000000 	/System/Library/Extensions/GeForceGLDriver.bundle/Contents/MacOS/GeForceGLDriver
0x000000010a649000 	/System/Library/PrivateFrameworks/GPUSupport.framework/Versions/A/Libraries/libGPUSupport.dylib
0x000000000a2d3000 	/System/Library/Extensions/GeForceGLDriver.bundle/Contents/MacOS/libclh.dylib
0x000000010a65f000 	/System/Library/Frameworks/OpenGL.framework/Resources//GLRendererFloat.bundle/GLRendererFloat
0x000000010a696000 	/System/Library/Frameworks/OpenCL.framework/Versions/A/Libraries/libcldcpuengine.dylib
0x000000000a2d3000 	/System/Library/PrivateFrameworks/DiskImages.framework/Versions/A/DiskImages
0x000000010a6a6000 	/System/Library/Frameworks/OpenGL.framework/Versions/A/Libraries/libCoreFSCache.dylib
0x000000000a2d3000 	/System/Library/Frameworks/DiscRecording.framework/Versions/A/DiscRecording
0x000000000a2d3000 	/usr/lib/libcurl.4.dylib
0x000000000a2d3000 	/System/Library/PrivateFrameworks/MediaKit.framework/Versions/A/MediaKit
0x000000000a2d3000 	/usr/lib/libssl.0.9.8.dylib
0x000000000a2d3000 	/System/Library/Frameworks/LDAP.framework/Versions/A/LDAP
0x000000000a2d3000 	/usr/lib/libsasl2.2.dylib
0x000000010a85f000 	/Library/Java/JavaVirtualMachines/jdk1.7.0_45.jdk/Contents/Home/jre/lib/libglass.dylib
0x000000000a2d3000 	/System/Library/PrivateFrameworks/CoreServicesInternal.framework/Versions/A/CoreServicesInternal
0x000000000a2d3000 	/System/Library/CoreServices/RawCamera.bundle/Contents/MacOS/RawCamera
0x000000000a2d3000 	/System/Library/Frameworks/ApplicationServices.framework/Versions/A/Frameworks/CoreGraphics.framework/Versions/A/Resources/libCSync.A.dylib
0x000000000a2d3000 	/System/Library/Frameworks/ApplicationServices.framework/Versions/A/Frameworks/CoreGraphics.framework/Versions/A/Resources/libRIP.A.dylib
0x000000010d599000 	/Library/Java/JavaVirtualMachines/jdk1.7.0_45.jdk/Contents/Home/jre/lib/libjavafx-iio.dylib
0x000000010d42e000 	/Library/Java/JavaVirtualMachines/jdk1.7.0_45.jdk/Contents/Home/jre/lib/libjavafx-font.dylib
0x000000000a2d3000 	/System/Library/Frameworks/ApplicationServices.framework/Versions/A/Frameworks/CoreGraphics.framework/Versions/A/Resources/libCGXType.A.dylib
0x000000010b987000 	cl_kernels
0x000000010d693000 	/System/Library/Frameworks/OpenCL.framework/Versions/A/Libraries/ImageFormats/unorm8_bgra.dylib
0x000000010bddf000 	cl_kernels

VM Arguments:
jvm_args: -Dfile.encoding=US-ASCII -Xbootclasspath/a:/Library/Java/JavaVirtualMachines/jdk1.7.0_45.jdk/Contents/Home/jre/lib/jfxrt.jar 
java_command: com.main.MVPApplication
Launcher Type: SUN_STANDARD

Environment Variables:
PATH=/usr/bin:/bin:/usr/sbin:/sbin
SHELL=/bin/bash
DISPLAY=/tmp/launch-fRATom/org.x:0

Signal Handlers:
SIGSEGV: [libjvm.dylib+0x4a177d], sa_mask[0]=0xfffefeff, sa_flags=0x00000042
SIGBUS: [libjvm.dylib+0x4a177d], sa_mask[0]=0xfffefeff, sa_flags=0x00000042
SIGFPE: [libjvm.dylib+0x3b1541], sa_mask[0]=0xfffefeff, sa_flags=0x00000042
SIGPIPE: [libjvm.dylib+0x3b1541], sa_mask[0]=0xfffefeff, sa_flags=0x00000042
SIGXFSZ: [libjvm.dylib+0x3b1541], sa_mask[0]=0xfffefeff, sa_flags=0x00000042
SIGILL: [libjvm.dylib+0x3b1541], sa_mask[0]=0xfffefeff, sa_flags=0x00000042
SIGUSR1: SIG_DFL, sa_mask[0]=0x00000000, sa_flags=0x00000002
SIGUSR2: [libjvm.dylib+0x3b10ce], sa_mask[0]=0x00000004, sa_flags=0x00000042
SIGHUP: [libjvm.dylib+0x3af2f3], sa_mask[0]=0xfffefeff, sa_flags=0x00000042
SIGINT: [libjvm.dylib+0x3af2f3], sa_mask[0]=0xfffefeff, sa_flags=0x00000042
SIGTERM: [libjvm.dylib+0x3af2f3], sa_mask[0]=0xfffefeff, sa_flags=0x00000042
SIGQUIT: [libjvm.dylib+0x3af2f3], sa_mask[0]=0xfffefeff, sa_flags=0x00000042


---------------  S Y S T E M  ---------------

OS:Bsd
uname:Darwin 11.4.2 Darwin Kernel Version 11.4.2: Thu Aug 23 16:25:48 PDT 2012; root:xnu-1699.32.7~1/RELEASE_X86_64 x86_64
rlimit: STACK 8192k, CORE 0k, NPROC 266, NOFILE 10240
CPU:total 2 (2 cores per cpu, 1 threads per core) family 6 model 23 stepping 10, cmov, cx8, fxsr, mmx, sse, sse2, sse3, ssse3, sse4.1, tsc

Memory: 4k page, physical 5788984k(1447246k free)

/proc/meminfo:


vm_info: Java HotSpot(TM) 64-Bit Server VM (23.0-b21) for bsd-amd64 JRE (1.7.0_04-b21), built on Apr 19 2012 22:33:17 by "java_re" with gcc 4.2.1 (Based on Apple Inc. build 5658) (LLVM build 2336.1.00)

time: Sat Jan 25 00:06:51 2014
elapsed time: 33 seconds

