#
# A fatal error has been detected by the Java Runtime Environment:
#
#  SIGSEGV (0xb) at pc=0x00007fff9507d390, pid=6088, tid=140735261858144
#
# JRE version: 7.0_04-b21
# Java VM: Java HotSpot(TM) 64-Bit Server VM (23.0-b21 mixed mode bsd-amd64 compressed oops)
# Problematic frame:
# C  [libobjc.A.dylib+0xb390]  objc_msgSend_vtable14+0x10
#
# Failed to write core dump. Core dumps have been disabled. To enable core dumping, try "ulimit -c unlimited" before starting Java again
#
# If you would like to submit a bug report, please visit:
#   http://bugreport.sun.com/bugreport/crash.jsp
# The crash happened outside the Java Virtual Machine in native code.
# See problematic frame for where to report the bug.
#

---------------  T H R E A D  ---------------

Current thread (0x00007fe5a1082000):  JavaThread "JavaFX Application Thread" [_thread_in_native, id=2068470112, stack(0x00007fff6e319000,0x00007fff6eb19000)]

siginfo:si_signo=SIGSEGV: si_errno=0, si_code=0 (SEGV0), si_addr=0x0000000000000000

Registers:
RAX=0xb000000000000000, RBX=0x00007fe5a2521a30, RCX=0x00007fe5a1081070, RDX=0x00000000a1a1a1a1
RSP=0x00007fff6eb150d8, RBP=0x00007fff6eb15100, RSI=0x00007fff7b9f2720, RDI=0x000000010f0b39a0
R8 =0x00007fff7aeae084, R9 =0x00007fff6eb15098, R10=0x00007fe5a0dac8e0, R11=0x000000010f058318
R12=0x000000010f0187e0, R13=0x0000000000000004, R14=0x00007fe5a1081068, R15=0x00007fff7b9f2720
RIP=0x00007fff9507d390, EFLAGS=0x0000000000010246, ERR=0x0000000000000000
  TRAPNO=0x000000000000000d

Top of Stack: (sp=0x00007fff6eb150d8)
0x00007fff6eb150d8:   00007fff956b7404 000000010f0187e0
0x00007fff6eb150e8:   00007fe5a2521b80 0000000000000000
0x00007fff6eb150f8:   000014030fbcedca 00007fff6eb15160
0x00007fff6eb15108:   00007fff9149bb58 00007fff94cee3a3
0x00007fff6eb15118:   00007fe5a2521a30 00007fe5a2521b80
0x00007fff6eb15128:   00007fe5a2521b98 8d47df2282e79005
0x00007fff6eb15138:   00007fe5a2521b80 000000010f0187e0
0x00007fff6eb15148:   0000000000000004 000000010f0187d0
0x00007fff6eb15158:   000014030fbcedca 00007fff6eb151d0
0x00007fff6eb15168:   00007fff9149b4ba 00007fff6eb151a0
0x00007fff6eb15178:   0000000000000000 0000000000000000
0x00007fff6eb15188:   00007fe5a2521a30 00007fe5a2521b98
0x00007fff6eb15198:   000000010f0186d0 8d47df2282e79005
0x00007fff6eb151a8:   0000000000000003 00007fe5a24431a0
0x00007fff6eb151b8:   000000010f018590 0000000000000002
0x00007fff6eb151c8:   0000000000000005 00007fff6eb15e80
0x00007fff6eb151d8:   00007fff9147be11 00007fe5a10821d8
0x00007fff6eb151e8:   00230004ffffffff 0000000000000000
0x00007fff6eb151f8:   000000017b59f670 00007fe5a2400000
0x00007fff6eb15208:   000000010f0187e0 000000010f0186d0
0x00007fff6eb15218:   01007fff930bd160 00007fff6eb15258
0x00007fff6eb15228:   00001a037b59f68c 00007fff7aea6fa0
0x00007fff6eb15238:   000000010f0186c0 000000010f0187d0
0x00007fff6eb15248:   00007fe5a251ecb0 00007fff6eb15258
0x00007fff6eb15258:   0000003000001100 0000190300000000
0x00007fff6eb15268:   0000000000000000 0000000000000000
0x00007fff6eb15278:   0000000000000000 0000000000000000
0x00007fff6eb15288:   0000004400000000 0000000000000910
0x00007fff6eb15298:   0000000000000001 0000000000000000
0x00007fff6eb152a8:   0000000000000000 0000000000000000
0x00007fff6eb152b8:   0000000000000000 0000000000000000
0x00007fff6eb152c8:   0000000000000000 000000000000fee3 

Instructions: (pc=0x00007fff9507d390)
0x00007fff9507d370:   8b 42 18 48 8b 76 08 ff 60 68 66 0f 1f 44 00 00
0x00007fff9507d380:   48 85 ff 74 16 f7 c7 01 00 00 00 75 12 48 8b 07
0x00007fff9507d390:   48 8b 40 18 48 8b 76 08 ff 60 70 31 c0 c3 90 89
0x00007fff9507d3a0:   f8 83 e0 0f 4c 8d 15 2d 51 84 e6 4d 8b 14 c2 49 

Register to memory mapping:

RAX=0xb000000000000000 is an unknown value
RBX=0x00007fe5a2521a30 is an unknown value
RCX=0x00007fe5a1081070 is an unknown value
RDX=0x00000000a1a1a1a1 is an unknown value
RSP=0x00007fff6eb150d8 is pointing into the stack for thread: 0x00007fe5a1082000
RBP=0x00007fff6eb15100 is pointing into the stack for thread: 0x00007fe5a1082000
RSI=0x00007fff7b9f2720: OBJC_IVAR_$_NSFileWatcher._formerPath+0x72d0 in /System/Library/Frameworks/Foundation.framework/Versions/C/Foundation at 0x00007fff956a1000
RDI=0x000000010f0b39a0 is an unknown value
R8 =0x00007fff7aeae084: __CFProcessKillingLock+0 in /System/Library/Frameworks/CoreFoundation.framework/Versions/A/CoreFoundation at 0x00007fff91443000
R9 =0x00007fff6eb15098 is pointing into the stack for thread: 0x00007fe5a1082000
R10=0x00007fe5a0dac8e0 is an unknown value
R11=0x000000010f058318 is an unknown value
R12=0x000000010f0187e0 is an unknown value
R13=0x0000000000000004 is an unknown value
R14=0x00007fe5a1081068 is an unknown value
R15=0x00007fff7b9f2720: OBJC_IVAR_$_NSFileWatcher._formerPath+0x72d0 in /System/Library/Frameworks/Foundation.framework/Versions/C/Foundation at 0x00007fff956a1000


Stack: [0x00007fff6e319000,0x00007fff6eb19000],  sp=0x00007fff6eb150d8,  free space=8176k
Native frames: (J=compiled Java code, j=interpreted, Vv=VM code, C=native code)
C  [libobjc.A.dylib+0xb390]  objc_msgSend_vtable14+0x10
C  [CoreFoundation+0x58b58]  CFRunLoopTimerInvalidate+0x218
C  [CoreFoundation+0x584ba]  __CFRunLoopDoTimer+0x24a
C  [CoreFoundation+0x38e11]  __CFRunLoopRun+0x651
C  [CoreFoundation+0x38486]  CFRunLoopRunSpecific+0xe6
C  [HIToolbox+0x22bf]  RunCurrentEventLoopInMode+0x115
C  [HIToolbox+0x94bf]  ReceiveNextEventCommon+0xb5
C  [HIToolbox+0x93fa]  BlockUntilNextEventMatchingListInMode+0x3e
C  [AppKit+0x8779]  _DPSNextEvent+0x293
C  [AppKit+0x807d]  -[NSApplication nextEventMatchingMask:untilDate:inMode:dequeue:]+0x87
C  [AppKit+0x49b9]  -[NSApplication run]+0x1d6
C  [libglass.dylib+0x3d31]  -[GlassApplication runLoop:]+0x2f1
C  [CoreFoundation+0x9370d]  -[NSObject performSelector:withObject:]+0x3d
C  [Foundation+0x4fd70]  __NSThreadPerformPerform+0xd6
C  [CoreFoundation+0x124f1]  __CFRUNLOOP_IS_CALLING_OUT_TO_A_SOURCE0_PERFORM_FUNCTION__+0x11
C  [CoreFoundation+0x11d5d]  __CFRunLoopDoSources0+0xfd
C  [CoreFoundation+0x38b49]  __CFRunLoopRun+0x389
C  [CoreFoundation+0x38486]  CFRunLoopRunSpecific+0xe6
C  [java+0x74bc]  CreateExecutionEnvironment+0x367
C  [java+0x1cac]  JLI_Launch+0x7a0
C  [java+0x7819]  main+0x65
C  [java+0x1504]  start+0x34


---------------  P R O C E S S  ---------------

Java Threads: ( => current thread )
  0x00007fe5a10e0800 JavaThread "Prism Font Disposer" daemon [_thread_blocked, id=476979200, stack(0x000000011c5e2000,0x000000011c6e2000)]
  0x00007fe5a10d4800 JavaThread "Thread-4" daemon [_thread_in_native, id=444006400, stack(0x000000011a6f0000,0x000000011a770000)]
=>0x00007fe5a1082000 JavaThread "JavaFX Application Thread" [_thread_in_native, id=2068470112, stack(0x00007fff6e319000,0x00007fff6eb19000)]
  0x00007fe5a1036800 JavaThread "Thread-2" daemon [_thread_blocked, id=419045376, stack(0x0000000118ea2000,0x0000000118fa2000)]
  0x00007fe5a1944800 JavaThread "Disposer" daemon [_thread_blocked, id=417579008, stack(0x0000000118d3c000,0x0000000118e3c000)]
  0x00007fe5a1071000 JavaThread "QuantumRenderer-0" daemon [_thread_blocked, id=411389952, stack(0x0000000118755000,0x0000000118855000)]
  0x00007fe5a1911800 JavaThread "JavaFX-Launcher" [_thread_blocked, id=410296320, stack(0x000000011864a000,0x000000011874a000)]
  0x00007fe5a185d000 JavaThread "Service Thread" daemon [_thread_blocked, id=407691264, stack(0x00000001183ce000,0x00000001184ce000)]
  0x00007fe5a185c000 JavaThread "C2 CompilerThread1" daemon [_thread_blocked, id=406630400, stack(0x00000001182cb000,0x00000001183cb000)]
  0x00007fe5a1852800 JavaThread "C2 CompilerThread0" daemon [_thread_blocked, id=405569536, stack(0x00000001181c8000,0x00000001182c8000)]
  0x00007fe5a1851800 JavaThread "Signal Dispatcher" daemon [_thread_blocked, id=404508672, stack(0x00000001180c5000,0x00000001181c5000)]
  0x00007fe5a1824800 JavaThread "Finalizer" daemon [_thread_blocked, id=401330176, stack(0x0000000117dbd000,0x0000000117ebd000)]
  0x00007fe5a181e800 JavaThread "Reference Handler" daemon [_thread_blocked, id=400269312, stack(0x0000000117cba000,0x0000000117dba000)]
  0x00007fe5a1034800 JavaThread "main" [_thread_blocked, id=265437184, stack(0x000000010fc24000,0x000000010fd24000)]

Other Threads:
  0x00007fe5a181c000 VMThread [stack: 0x0000000117bb7000,0x0000000117cb7000] [id=399208448]
  0x00007fe5a1832800 WatcherThread [stack: 0x00000001184d1000,0x00000001185d1000] [id=408752128]

VM state:not at safepoint (normal execution)

VM Mutex/Monitor currently owned by a thread: None

Heap
 PSYoungGen      total 49024K, used 41853K [0x00000007e2960000, 0x00000007e8920000, 0x0000000800000000)
  eden space 45312K, 84% used [0x00000007e2960000,0x00000007e4edd200,0x00000007e55a0000)
  from space 3712K, 93% used [0x00000007e55a0000,0x00000007e5902380,0x00000007e5940000)
  to   space 3712K, 0% used [0x00000007e8580000,0x00000007e8580000,0x00000007e8920000)
 ParOldGen       total 155712K, used 77411K [0x00000007a7c00000, 0x00000007b1410000, 0x00000007e2960000)
  object space 155712K, 49% used [0x00000007a7c00000,0x00000007ac798f50,0x00000007b1410000)
 PSPermGen       total 21248K, used 11647K [0x00000007a2a00000, 0x00000007a3ec0000, 0x00000007a7c00000)
  object space 21248K, 54% used [0x00000007a2a00000,0x00000007a355ff48,0x00000007a3ec0000)

Code Cache  [0x000000010fd26000, 0x000000010ff96000, 0x0000000112d26000)
 total_blobs=779 nmethods=249 adapters=482 free_code_cache=47977Kb largest_free_block=49097664

Compilation events (10 events):
Event: 22.245 Thread 0x00007fe5a185c000  240             com.sun.prism.impl.VertexBuffer::flush (21 bytes)
Event: 22.247 Thread 0x00007fe5a185c000 nmethod 240 0x000000010fe31350 code [0x000000010fe314a0, 0x000000010fe31588]
Event: 22.247 Thread 0x00007fe5a185c000  241             com.sun.prism.impl.BaseContext::flushVertexBuffer (8 bytes)
Event: 22.248 Thread 0x00007fe5a1852800  242             com.sun.javafx.geom.transform.GeneralTransform3D::updateState (196 bytes)
Event: 22.248 Thread 0x00007fe5a185c000 nmethod 241 0x000000010fe30f50 code [0x000000010fe310a0, 0x000000010fe311a8]
Event: 22.250 Thread 0x00007fe5a1852800 nmethod 242 0x000000010fe32250 code [0x000000010fe32400, 0x000000010fe32638]
Event: 22.789 Thread 0x00007fe5a185c000  243             com.sun.prism.impl.BaseTexture::getPhysicalWidth (5 bytes)
Event: 22.790 Thread 0x00007fe5a185c000 nmethod 243 0x000000010fe30d50 code [0x000000010fe30e80, 0x000000010fe30ed8]
Event: 22.790 Thread 0x00007fe5a185c000  244             com.sun.prism.impl.BaseTexture::getPhysicalHeight (5 bytes)
Event: 22.790 Thread 0x00007fe5a185c000 nmethod 244 0x000000010fe32050 code [0x000000010fe32180, 0x000000010fe321d8]

GC Heap History (8 events):
Event: 1.127 GC heap before
{Heap before GC invocations=1 (full 0):
 PSYoungGen      total 26368K, used 22422K [0x00000007e2960000, 0x00000007e46c0000, 0x0000000800000000)
  eden space 22656K, 98% used [0x00000007e2960000,0x00000007e3f45b70,0x00000007e3f80000)
  from space 3712K, 0% used [0x00000007e4320000,0x00000007e4320000,0x00000007e46c0000)
  to   space 3712K, 0% used [0x00000007e3f80000,0x00000007e3f80000,0x00000007e4320000)
 ParOldGen       total 60288K, used 0K [0x00000007a7c00000, 0x00000007ab6e0000, 0x00000007e2960000)
  object space 60288K, 0% used [0x00000007a7c00000,0x00000007a7c00000,0x00000007ab6e0000)
 PSPermGen       total 21248K, used 6409K [0x00000007a2a00000, 0x00000007a3ec0000, 0x00000007a7c00000)
  object space 21248K, 30% used [0x00000007a2a00000,0x00000007a30425a0,0x00000007a3ec0000)
Event: 1.148 GC heap after
Heap after GC invocations=1 (full 0):
 PSYoungGen      total 26368K, used 3683K [0x00000007e2960000, 0x00000007e5ce0000, 0x0000000800000000)
  eden space 22656K, 0% used [0x00000007e2960000,0x00000007e2960000,0x00000007e3f80000)
  from space 3712K, 99% used [0x00000007e3f80000,0x00000007e4318db8,0x00000007e4320000)
  to   space 3712K, 0% used [0x00000007e5940000,0x00000007e5940000,0x00000007e5ce0000)
 ParOldGen       total 60288K, used 13734K [0x00000007a7c00000, 0x00000007ab6e0000, 0x00000007e2960000)
  object space 60288K, 22% used [0x00000007a7c00000,0x00000007a8969ab8,0x00000007ab6e0000)
 PSPermGen       total 21248K, used 6409K [0x00000007a2a00000, 0x00000007a3ec0000, 0x00000007a7c00000)
  object space 21248K, 30% used [0x00000007a2a00000,0x00000007a30425a0,0x00000007a3ec0000)
}
Event: 1.601 GC heap before
{Heap before GC invocations=2 (full 0):
 PSYoungGen      total 26368K, used 26123K [0x00000007e2960000, 0x00000007e5ce0000, 0x0000000800000000)
  eden space 22656K, 99% used [0x00000007e2960000,0x00000007e3f49f48,0x00000007e3f80000)
  from space 3712K, 99% used [0x00000007e3f80000,0x00000007e4318db8,0x00000007e4320000)
  to   space 3712K, 0% used [0x00000007e5940000,0x00000007e5940000,0x00000007e5ce0000)
 ParOldGen       total 60288K, used 13734K [0x00000007a7c00000, 0x00000007ab6e0000, 0x00000007e2960000)
  object space 60288K, 22% used [0x00000007a7c00000,0x00000007a8969ab8,0x00000007ab6e0000)
 PSPermGen       total 21248K, used 6414K [0x00000007a2a00000, 0x00000007a3ec0000, 0x00000007a7c00000)
  object space 21248K, 30% used [0x00000007a2a00000,0x00000007a3043858,0x00000007a3ec0000)
Event: 1.629 GC heap after
Heap after GC invocations=2 (full 0):
 PSYoungGen      total 49024K, used 3674K [0x00000007e2960000, 0x00000007e5ce0000, 0x0000000800000000)
  eden space 45312K, 0% used [0x00000007e2960000,0x00000007e2960000,0x00000007e55a0000)
  from space 3712K, 98% used [0x00000007e5940000,0x00000007e5cd6878,0x00000007e5ce0000)
  to   space 3712K, 0% used [0x00000007e55a0000,0x00000007e55a0000,0x00000007e5940000)
 ParOldGen       total 60288K, used 34589K [0x00000007a7c00000, 0x00000007ab6e0000, 0x00000007e2960000)
  object space 60288K, 57% used [0x00000007a7c00000,0x00000007a9dc7670,0x00000007ab6e0000)
 PSPermGen       total 21248K, used 6414K [0x00000007a2a00000, 0x00000007a3ec0000, 0x00000007a7c00000)
  object space 21248K, 30% used [0x00000007a2a00000,0x00000007a3043858,0x00000007a3ec0000)
}
Event: 2.510 GC heap before
{Heap before GC invocations=3 (full 0):
 PSYoungGen      total 49024K, used 48846K [0x00000007e2960000, 0x00000007e5ce0000, 0x0000000800000000)
  eden space 45312K, 99% used [0x00000007e2960000,0x00000007e557d138,0x00000007e55a0000)
  from space 3712K, 98% used [0x00000007e5940000,0x00000007e5cd6878,0x00000007e5ce0000)
  to   space 3712K, 0% used [0x00000007e55a0000,0x00000007e55a0000,0x00000007e5940000)
 ParOldGen       total 60288K, used 34589K [0x00000007a7c00000, 0x00000007ab6e0000, 0x00000007e2960000)
  object space 60288K, 57% used [0x00000007a7c00000,0x00000007a9dc7670,0x00000007ab6e0000)
 PSPermGen       total 21248K, used 6425K [0x00000007a2a00000, 0x00000007a3ec0000, 0x00000007a7c00000)
  object space 21248K, 30% used [0x00000007a2a00000,0x00000007a3046730,0x00000007a3ec0000)
Event: 2.561 GC heap after
Heap after GC invocations=3 (full 0):
 PSYoungGen      total 49024K, used 3706K [0x00000007e2960000, 0x00000007e8920000, 0x0000000800000000)
  eden space 45312K, 0% used [0x00000007e2960000,0x00000007e2960000,0x00000007e55a0000)
  from space 3712K, 99% used [0x00000007e55a0000,0x00000007e593e878,0x00000007e5940000)
  to   space 3712K, 0% used [0x00000007e8580000,0x00000007e8580000,0x00000007e8920000)
 ParOldGen       total 77568K, used 77277K [0x00000007a7c00000, 0x00000007ac7c0000, 0x00000007e2960000)
  object space 77568K, 99% used [0x00000007a7c00000,0x00000007ac777788,0x00000007ac7c0000)
 PSPermGen       total 21248K, used 6425K [0x00000007a2a00000, 0x00000007a3ec0000, 0x00000007a7c00000)
  object space 21248K, 30% used [0x00000007a2a00000,0x00000007a3046730,0x00000007a3ec0000)
}
Event: 2.561 GC heap before
{Heap before GC invocations=4 (full 1):
 PSYoungGen      total 49024K, used 3706K [0x00000007e2960000, 0x00000007e8920000, 0x0000000800000000)
  eden space 45312K, 0% used [0x00000007e2960000,0x00000007e2960000,0x00000007e55a0000)
  from space 3712K, 99% used [0x00000007e55a0000,0x00000007e593e878,0x00000007e5940000)
  to   space 3712K, 0% used [0x00000007e8580000,0x00000007e8580000,0x00000007e8920000)
 ParOldGen       total 77568K, used 77277K [0x00000007a7c00000, 0x00000007ac7c0000, 0x00000007e2960000)
  object space 77568K, 99% used [0x00000007a7c00000,0x00000007ac777788,0x00000007ac7c0000)
 PSPermGen       total 21248K, used 6425K [0x00000007a2a00000, 0x00000007a3ec0000, 0x00000007a7c00000)
  object space 21248K, 30% used [0x00000007a2a00000,0x00000007a3046730,0x00000007a3ec0000)
Event: 2.645 GC heap after
Heap after GC invocations=4 (full 1):
 PSYoungGen      total 49024K, used 3464K [0x00000007e2960000, 0x00000007e8920000, 0x0000000800000000)
  eden space 45312K, 0% used [0x00000007e2960000,0x00000007e2960000,0x00000007e55a0000)
  from space 3712K, 93% used [0x00000007e55a0000,0x00000007e5902380,0x00000007e5940000)
  to   space 3712K, 0% used [0x00000007e8580000,0x00000007e8580000,0x00000007e8920000)
 ParOldGen       total 155712K, used 77411K [0x00000007a7c00000, 0x00000007b1410000, 0x00000007e2960000)
  object space 155712K, 49% used [0x00000007a7c00000,0x00000007ac798f50,0x00000007b1410000)
 PSPermGen       total 21248K, used 6422K [0x00000007a2a00000, 0x00000007a3ec0000, 0x00000007a7c00000)
  object space 21248K, 30% used [0x00000007a2a00000,0x00000007a3045af0,0x00000007a3ec0000)
}

Deoptimization events (10 events):
Event: 3.175 Thread 0x00007fe5a1082000 Uncommon trap -34 fr.pc 0x000000010fd96e1c
Event: 3.175 Thread 0x00007fe5a1082000 Uncommon trap -34 fr.pc 0x000000010fd96e1c
Event: 3.175 Thread 0x00007fe5a1082000 Uncommon trap -34 fr.pc 0x000000010fd96e1c
Event: 3.294 Thread 0x00007fe5a1082000 Uncommon trap 51 fr.pc 0x000000010fdca980
Event: 3.417 Thread 0x00007fe5a1082000 Uncommon trap -12 fr.pc 0x000000010fddc644
Event: 8.828 Thread 0x00007fe5a1082000 Uncommon trap -12 fr.pc 0x000000010fe00950
Event: 8.846 Thread 0x00007fe5a1082000 Uncommon trap -12 fr.pc 0x000000010fdf0730
Event: 13.122 Thread 0x00007fe5a1071000 Uncommon trap -83 fr.pc 0x000000010fe20998
Event: 15.511 Thread 0x00007fe5a1082000 Uncommon trap -58 fr.pc 0x000000010fe1bfb0
Event: 15.516 Thread 0x00007fe5a1082000 Uncommon trap -58 fr.pc 0x000000010fe1bfb0

Internal exceptions (10 events):
Event: 3.077 Thread 0x00007fe5a1082000 Threw 0x00000007e3b96058 at /HUDSON/workspace/jdk7u4-2-build-macosx-x86_64-product/jdk7u4/hotspot/src/share/vm/prims/jvm.cpp:1166
Event: 3.078 Thread 0x00007fe5a1082000 Threw 0x00000007e3b9a748 at /HUDSON/workspace/jdk7u4-2-build-macosx-x86_64-product/jdk7u4/hotspot/src/share/vm/prims/jvm.cpp:1166
Event: 3.417 Thread 0x00007fe5a1082000 Implicit null exception at 0x000000010fddc3e9 to 0x000000010fddc629
Event: 5.404 Thread 0x00007fe5a1082000 Threw 0x00000007e44ee650 at /HUDSON/workspace/jdk7u4-2-build-macosx-x86_64-product/jdk7u4/hotspot/src/share/vm/prims/jvm.cpp:1166
Event: 5.406 Thread 0x00007fe5a1082000 Threw 0x00000007e44f2bc0 at /HUDSON/workspace/jdk7u4-2-build-macosx-x86_64-product/jdk7u4/hotspot/src/share/vm/prims/jvm.cpp:1166
Event: 5.442 Thread 0x00007fe5a1082000 Threw 0x00000007e4666020 at /HUDSON/workspace/jdk7u4-2-build-macosx-x86_64-product/jdk7u4/hotspot/src/share/vm/prims/jvm.cpp:1166
Event: 5.443 Thread 0x00007fe5a1082000 Threw 0x00000007e4667d18 at /HUDSON/workspace/jdk7u4-2-build-macosx-x86_64-product/jdk7u4/hotspot/src/share/vm/prims/jvm.cpp:1170
Event: 7.452 Thread 0x00007fe5a1082000 Threw 0x00000007e47bac20 at /HUDSON/workspace/jdk7u4-2-build-macosx-x86_64-product/jdk7u4/hotspot/src/share/vm/prims/jvm.cpp:1170
Event: 8.828 Thread 0x00007fe5a1082000 Implicit null exception at 0x000000010fe008f5 to 0x000000010fe00945
Event: 8.846 Thread 0x00007fe5a1082000 Implicit null exception at 0x000000010fdedecd to 0x000000010fdf064d

Events (10 events):
Event: 15.511 Thread 0x00007fe5a1082000 DEOPT UNPACKING pc=0x000000010fd5f145 sp=0x00007fff6eb143d8 mode 2
Event: 15.514 loading class 0x00007fe5a0d237b0
Event: 15.514 loading class 0x00007fe5a0d237b0 done
Event: 15.516 Thread 0x00007fe5a1082000 DEOPT PACKING pc=0x000000010fe1bfb0 sp=0x00007fff6eb14440
Event: 15.516 Thread 0x00007fe5a1082000 DEOPT UNPACKING pc=0x000000010fd5f145 sp=0x00007fff6eb143d8 mode 2
Event: 16.721 Thread 0x00007fe5a185c000 flushing nmethod 0x000000010fd96a50
Event: 22.792 loading class 0x000000010f03c830
Event: 22.792 loading class 0x000000010f03c830 done
Event: 22.823 loading class 0x000000010f04a9c0
Event: 22.823 loading class 0x000000010f04a9c0 done


Dynamic libraries:
0x000000000a2d3000 	/System/Library/Frameworks/Cocoa.framework/Versions/A/Cocoa
0x000000000a2d3000 	/System/Library/Frameworks/Security.framework/Versions/A/Security
0x000000000a2d3000 	/System/Library/Frameworks/ApplicationServices.framework/Versions/A/ApplicationServices
0x000000000a2d3000 	/usr/lib/libz.1.dylib
0x000000000a2d3000 	/usr/lib/libSystem.B.dylib
0x000000000a2d3000 	/usr/lib/libobjc.A.dylib
0x000000000a2d3000 	/System/Library/Frameworks/CoreFoundation.framework/Versions/A/CoreFoundation
0x000000000a2d3000 	/System/Library/Frameworks/AppKit.framework/Versions/C/AppKit
0x000000000a2d3000 	/System/Library/Frameworks/CoreData.framework/Versions/A/CoreData
0x000000000a2d3000 	/System/Library/Frameworks/Foundation.framework/Versions/C/Foundation
0x000000000a2d3000 	/System/Library/PrivateFrameworks/RemoteViewServices.framework/Versions/A/RemoteViewServices
0x000000000a2d3000 	/System/Library/Frameworks/AudioToolbox.framework/Versions/A/AudioToolbox
0x000000000a2d3000 	/System/Library/Frameworks/AudioUnit.framework/Versions/A/AudioUnit
0x000000000a2d3000 	/System/Library/PrivateFrameworks/DataDetectorsCore.framework/Versions/A/DataDetectorsCore
0x000000000a2d3000 	/System/Library/PrivateFrameworks/DesktopServicesPriv.framework/Versions/A/DesktopServicesPriv
0x000000000a2d3000 	/System/Library/Frameworks/Carbon.framework/Versions/A/Frameworks/HIToolbox.framework/Versions/A/HIToolbox
0x000000000a2d3000 	/System/Library/Frameworks/QuartzCore.framework/Versions/A/QuartzCore
0x000000000a2d3000 	/System/Library/Frameworks/Carbon.framework/Versions/A/Frameworks/SpeechRecognition.framework/Versions/A/SpeechRecognition
0x000000000a2d3000 	/usr/lib/libauto.dylib
0x000000000a2d3000 	/usr/lib/libicucore.A.dylib
0x000000000a2d3000 	/usr/lib/libxml2.2.dylib
0x000000000a2d3000 	/System/Library/PrivateFrameworks/CoreUI.framework/Versions/A/CoreUI
0x000000000a2d3000 	/System/Library/Frameworks/CoreAudio.framework/Versions/A/CoreAudio
0x000000000a2d3000 	/System/Library/Frameworks/DiskArbitration.framework/Versions/A/DiskArbitration
0x000000000a2d3000 	/usr/lib/liblangid.dylib
0x000000000a2d3000 	/System/Library/PrivateFrameworks/MultitouchSupport.framework/Versions/A/MultitouchSupport
0x000000000a2d3000 	/System/Library/Frameworks/IOKit.framework/Versions/A/IOKit
0x000000000a2d3000 	/usr/lib/libDiagnosticMessagesClient.dylib
0x000000000a2d3000 	/System/Library/Frameworks/CoreServices.framework/Versions/A/CoreServices
0x000000000a2d3000 	/System/Library/PrivateFrameworks/PerformanceAnalysis.framework/Versions/A/PerformanceAnalysis
0x000000000a2d3000 	/System/Library/PrivateFrameworks/GenerationalStorage.framework/Versions/A/GenerationalStorage
0x000000000a2d3000 	/System/Library/Frameworks/OpenGL.framework/Versions/A/OpenGL
0x000000000a2d3000 	/System/Library/Frameworks/CoreServices.framework/Versions/A/Frameworks/CFNetwork.framework/Versions/A/CFNetwork
0x000000000a2d3000 	/System/Library/Frameworks/SystemConfiguration.framework/Versions/A/SystemConfiguration
0x000000000a2d3000 	/usr/lib/libCRFSuite.dylib
0x000000000a2d3000 	/usr/lib/libc++.1.dylib
0x000000000a2d3000 	/usr/lib/libstdc++.6.dylib
0x000000000a2d3000 	/usr/lib/libc++abi.dylib
0x000000000a2d3000 	/usr/lib/system/libcache.dylib
0x000000000a2d3000 	/usr/lib/system/libcommonCrypto.dylib
0x000000000a2d3000 	/usr/lib/system/libcompiler_rt.dylib
0x000000000a2d3000 	/usr/lib/system/libcopyfile.dylib
0x000000000a2d3000 	/usr/lib/system/libdispatch.dylib
0x000000000a2d3000 	/usr/lib/system/libdnsinfo.dylib
0x000000000a2d3000 	/usr/lib/system/libdyld.dylib
0x000000000a2d3000 	/usr/lib/system/libkeymgr.dylib
0x000000000a2d3000 	/usr/lib/system/liblaunch.dylib
0x000000000a2d3000 	/usr/lib/system/libmacho.dylib
0x000000000a2d3000 	/usr/lib/system/libmathCommon.A.dylib
0x000000000a2d3000 	/usr/lib/system/libquarantine.dylib
0x000000000a2d3000 	/usr/lib/system/libremovefile.dylib
0x000000000a2d3000 	/usr/lib/system/libsystem_blocks.dylib
0x000000000a2d3000 	/usr/lib/system/libsystem_c.dylib
0x000000000a2d3000 	/usr/lib/system/libsystem_dnssd.dylib
0x000000000a2d3000 	/usr/lib/system/libsystem_info.dylib
0x000000000a2d3000 	/usr/lib/system/libsystem_kernel.dylib
0x000000000a2d3000 	/usr/lib/system/libsystem_network.dylib
0x000000000a2d3000 	/usr/lib/system/libsystem_notify.dylib
0x000000000a2d3000 	/usr/lib/system/libsystem_sandbox.dylib
0x000000000a2d3000 	/usr/lib/system/libunc.dylib
0x000000000a2d3000 	/usr/lib/system/libunwind.dylib
0x000000000a2d3000 	/usr/lib/system/libxpc.dylib
0x000000000a2d3000 	/usr/lib/libbsm.0.dylib
0x000000000a2d3000 	/usr/lib/libsqlite3.dylib
0x000000000a2d3000 	/usr/lib/libOpenScriptingUtil.dylib
0x000000000a2d3000 	/usr/lib/libpam.2.dylib
0x000000000a2d3000 	/usr/lib/libxar-nossl.dylib
0x000000000a2d3000 	/usr/lib/libbz2.1.0.dylib
0x000000000a2d3000 	/System/Library/Frameworks/CoreServices.framework/Versions/A/Frameworks/CarbonCore.framework/Versions/A/CarbonCore
0x000000000a2d3000 	/System/Library/Frameworks/CoreServices.framework/Versions/A/Frameworks/Metadata.framework/Versions/A/Metadata
0x000000000a2d3000 	/System/Library/Frameworks/CoreServices.framework/Versions/A/Frameworks/OSServices.framework/Versions/A/OSServices
0x000000000a2d3000 	/System/Library/Frameworks/CoreServices.framework/Versions/A/Frameworks/SearchKit.framework/Versions/A/SearchKit
0x000000000a2d3000 	/System/Library/Frameworks/CoreServices.framework/Versions/A/Frameworks/AE.framework/Versions/A/AE
0x000000000a2d3000 	/System/Library/Frameworks/CoreServices.framework/Versions/A/Frameworks/LaunchServices.framework/Versions/A/LaunchServices
0x000000000a2d3000 	/System/Library/Frameworks/CoreServices.framework/Versions/A/Frameworks/DictionaryServices.framework/Versions/A/DictionaryServices
0x000000000a2d3000 	/System/Library/Frameworks/NetFS.framework/Versions/A/NetFS
0x000000000a2d3000 	/usr/lib/system/libkxld.dylib
0x000000000a2d3000 	/System/Library/PrivateFrameworks/NetAuth.framework/Versions/A/NetAuth
0x000000000a2d3000 	/usr/lib/libcrypto.0.9.8.dylib
0x000000000a2d3000 	/System/Library/PrivateFrameworks/TrustEvaluationAgent.framework/Versions/A/TrustEvaluationAgent
0x000000000a2d3000 	/System/Library/Frameworks/OpenDirectory.framework/Versions/A/Frameworks/CFOpenDirectory.framework/Versions/A/CFOpenDirectory
0x000000000a2d3000 	/usr/lib/libxslt.1.dylib
0x000000000a2d3000 	/System/Library/PrivateFrameworks/FamilyControls.framework/Versions/A/FamilyControls
0x000000000a2d3000 	/System/Library/Frameworks/Carbon.framework/Versions/A/Frameworks/Ink.framework/Versions/A/Ink
0x000000000a2d3000 	/System/Library/Frameworks/ApplicationServices.framework/Versions/A/Frameworks/CoreGraphics.framework/Versions/A/CoreGraphics
0x000000000a2d3000 	/System/Library/Frameworks/ApplicationServices.framework/Versions/A/Frameworks/ImageIO.framework/Versions/A/ImageIO
0x000000000a2d3000 	/System/Library/Frameworks/ApplicationServices.framework/Versions/A/Frameworks/CoreText.framework/Versions/A/CoreText
0x000000000a2d3000 	/System/Library/Frameworks/ApplicationServices.framework/Versions/A/Frameworks/ATS.framework/Versions/A/ATS
0x000000000a2d3000 	/System/Library/Frameworks/ApplicationServices.framework/Versions/A/Frameworks/ColorSync.framework/Versions/A/ColorSync
0x000000000a2d3000 	/System/Library/Frameworks/ApplicationServices.framework/Versions/A/Frameworks/HIServices.framework/Versions/A/HIServices
0x000000000a2d3000 	/System/Library/Frameworks/ApplicationServices.framework/Versions/A/Frameworks/LangAnalysis.framework/Versions/A/LangAnalysis
0x000000000a2d3000 	/System/Library/Frameworks/ApplicationServices.framework/Versions/A/Frameworks/PrintCore.framework/Versions/A/PrintCore
0x000000000a2d3000 	/System/Library/Frameworks/ApplicationServices.framework/Versions/A/Frameworks/QD.framework/Versions/A/QD
0x000000000a2d3000 	/System/Library/Frameworks/ApplicationServices.framework/Versions/A/Frameworks/SpeechSynthesis.framework/Versions/A/SpeechSynthesis
0x000000000a2d3000 	/System/Library/Frameworks/IOSurface.framework/Versions/A/IOSurface
0x000000000a2d3000 	/System/Library/Frameworks/Accelerate.framework/Versions/A/Accelerate
0x000000000a2d3000 	/System/Library/Frameworks/ApplicationServices.framework/Versions/A/Frameworks/ImageIO.framework/Versions/A/Resources/libJPEG.dylib
0x000000000a2d3000 	/System/Library/Frameworks/ApplicationServices.framework/Versions/A/Frameworks/ImageIO.framework/Versions/A/Resources/libTIFF.dylib
0x000000000a2d3000 	/System/Library/Frameworks/ApplicationServices.framework/Versions/A/Frameworks/ImageIO.framework/Versions/A/Resources/libPng.dylib
0x000000000a2d3000 	/System/Library/Frameworks/ApplicationServices.framework/Versions/A/Frameworks/ImageIO.framework/Versions/A/Resources/libGIF.dylib
0x000000000a2d3000 	/System/Library/Frameworks/ApplicationServices.framework/Versions/A/Frameworks/ImageIO.framework/Versions/A/Resources/libJP2.dylib
0x000000000a2d3000 	/System/Library/Frameworks/ApplicationServices.framework/Versions/A/Frameworks/ImageIO.framework/Versions/A/Resources/libRadiance.dylib
0x000000000a2d3000 	/System/Library/Frameworks/Accelerate.framework/Versions/A/Frameworks/vImage.framework/Versions/A/vImage
0x000000000a2d3000 	/System/Library/Frameworks/Accelerate.framework/Versions/A/Frameworks/vecLib.framework/Versions/A/vecLib
0x000000000a2d3000 	/System/Library/Frameworks/Accelerate.framework/Versions/A/Frameworks/vecLib.framework/Versions/A/libvDSP.dylib
0x000000000a2d3000 	/System/Library/Frameworks/Accelerate.framework/Versions/A/Frameworks/vecLib.framework/Versions/A/libvMisc.dylib
0x000000000a2d3000 	/System/Library/Frameworks/Accelerate.framework/Versions/A/Frameworks/vecLib.framework/Versions/A/libLAPACK.dylib
0x000000000a2d3000 	/System/Library/Frameworks/Accelerate.framework/Versions/A/Frameworks/vecLib.framework/Versions/A/libBLAS.dylib
0x000000000a2d3000 	/System/Library/Frameworks/ApplicationServices.framework/Versions/A/Frameworks/ATS.framework/Versions/A/Resources/libFontParser.dylib
0x000000000a2d3000 	/System/Library/Frameworks/ApplicationServices.framework/Versions/A/Frameworks/ATS.framework/Versions/A/Resources/libFontRegistry.dylib
0x000000000a2d3000 	/usr/lib/libcups.2.dylib
0x000000000a2d3000 	/System/Library/Frameworks/Kerberos.framework/Versions/A/Kerberos
0x000000000a2d3000 	/System/Library/Frameworks/GSS.framework/Versions/A/GSS
0x000000000a2d3000 	/usr/lib/libresolv.9.dylib
0x000000000a2d3000 	/usr/lib/libiconv.2.dylib
0x000000000a2d3000 	/System/Library/PrivateFrameworks/Heimdal.framework/Versions/A/Heimdal
0x000000000a2d3000 	/System/Library/Frameworks/OpenDirectory.framework/Versions/A/OpenDirectory
0x000000000a2d3000 	/System/Library/PrivateFrameworks/CommonAuth.framework/Versions/A/CommonAuth
0x000000000a2d3000 	/System/Library/Frameworks/CoreVideo.framework/Versions/A/CoreVideo
0x000000000a2d3000 	/System/Library/Frameworks/QuartzCore.framework/Versions/A/Frameworks/CoreImage.framework/Versions/A/CoreImage
0x000000000a2d3000 	/System/Library/Frameworks/QuartzCore.framework/Versions/A/Frameworks/ScalableUserInterface.framework/Versions/A/ScalableUserInterface
0x000000000a2d3000 	/System/Library/Frameworks/OpenGL.framework/Versions/A/Libraries/libGLU.dylib
0x000000000a2d3000 	/System/Library/Frameworks/OpenGL.framework/Versions/A/Libraries/libGFXShared.dylib
0x000000000a2d3000 	/System/Library/Frameworks/OpenGL.framework/Versions/A/Libraries/libGL.dylib
0x000000000a2d3000 	/System/Library/Frameworks/OpenGL.framework/Versions/A/Libraries/libGLImage.dylib
0x000000000a2d3000 	/System/Library/Frameworks/OpenGL.framework/Versions/A/Libraries/libCVMSPluginSupport.dylib
0x000000000a2d3000 	/System/Library/Frameworks/OpenGL.framework/Versions/A/Libraries/libCoreVMClient.dylib
0x000000000a2d3000 	/System/Library/Frameworks/OpenCL.framework/Versions/A/OpenCL
0x000000000a2d3000 	/System/Library/PrivateFrameworks/FaceCoreLight.framework/Versions/A/FaceCoreLight
0x000000000a2d3000 	/System/Library/Frameworks/vecLib.framework/Versions/A/vecLib
0x000000000a2d3000 	/System/Library/Frameworks/SecurityFoundation.framework/Versions/A/SecurityFoundation
0x000000000a2d3000 	/System/Library/PrivateFrameworks/CommerceKit.framework/Versions/A/Frameworks/CommerceCore.framework/Versions/A/CommerceCore
0x000000000a2d3000 	/System/Library/PrivateFrameworks/CoreSymbolication.framework/Versions/A/CoreSymbolication
0x000000000a2d3000 	/System/Library/PrivateFrameworks/Symbolication.framework/Versions/A/Symbolication
0x000000000a2d3000 	/System/Library/PrivateFrameworks/DebugSymbols.framework/Versions/A/DebugSymbols
0x000000010f183000 	/Library/Java/JavaVirtualMachines/1.7.0.jdk/Contents/Home/jre/lib/server/libjvm.dylib
0x000000010ef90000 	/Library/Java/JavaVirtualMachines/1.7.0.jdk/Contents/Home/jre/lib/libverify.dylib
0x000000010ef9d000 	/Library/Java/JavaVirtualMachines/1.7.0.jdk/Contents/Home/jre/lib/libjava.dylib
0x000000010efd7000 	/Library/Java/JavaVirtualMachines/1.7.0.jdk/Contents/Home/jre/lib/libzip.dylib
0x0000000117ebf000 	/System/Library/Frameworks/JavaVM.framework/Frameworks/JavaRuntimeSupport.framework/JavaRuntimeSupport
0x0000000117ed7000 	/System/Library/Frameworks/JavaVM.framework/Versions/A/Frameworks/JavaNativeFoundation.framework/Versions/A/JavaNativeFoundation
0x0000000117eec000 	/System/Library/Frameworks/JavaVM.framework/Versions/A/JavaVM
0x000000000a2d3000 	/System/Library/Frameworks/Carbon.framework/Versions/A/Carbon
0x0000000117ef9000 	/System/Library/PrivateFrameworks/JavaLaunching.framework/Versions/A/JavaLaunching
0x000000000a2d3000 	/System/Library/Frameworks/Carbon.framework/Versions/A/Frameworks/CommonPanels.framework/Versions/A/CommonPanels
0x000000000a2d3000 	/System/Library/Frameworks/Carbon.framework/Versions/A/Frameworks/Help.framework/Versions/A/Help
0x000000000a2d3000 	/System/Library/Frameworks/Carbon.framework/Versions/A/Frameworks/ImageCapture.framework/Versions/A/ImageCapture
0x000000000a2d3000 	/System/Library/Frameworks/Carbon.framework/Versions/A/Frameworks/OpenScripting.framework/Versions/A/OpenScripting
0x000000000a2d3000 	/System/Library/Frameworks/Carbon.framework/Versions/A/Frameworks/Print.framework/Versions/A/Print
0x000000000a2d3000 	/System/Library/Frameworks/Carbon.framework/Versions/A/Frameworks/SecurityHI.framework/Versions/A/SecurityHI
0x0000000118857000 	/Library/Java/JavaVirtualMachines/jdk1.7.0_45.jdk/Contents/Home/jre/lib/libprism-es2.dylib
0x00000001188ad000 	/System/Library/Frameworks/OpenGL.framework/Resources/GLEngine.bundle/GLEngine
0x0000000118a9c000 	/System/Library/Frameworks/OpenGL.framework/Versions/A/Libraries/libGLProgrammability.dylib
0x0000000000000000 	/System/Library/Extensions/GeForceGLDriver.bundle/Contents/MacOS/GeForceGLDriver
0x0000000118c28000 	/System/Library/PrivateFrameworks/GPUSupport.framework/Versions/A/Libraries/libGPUSupport.dylib
0x000000000a2d3000 	/System/Library/Extensions/GeForceGLDriver.bundle/Contents/MacOS/libclh.dylib
0x0000000118c3e000 	/System/Library/Frameworks/OpenGL.framework/Resources//GLRendererFloat.bundle/GLRendererFloat
0x0000000118c75000 	/System/Library/Frameworks/OpenCL.framework/Versions/A/Libraries/libcldcpuengine.dylib
0x000000000a2d3000 	/System/Library/PrivateFrameworks/DiskImages.framework/Versions/A/DiskImages
0x0000000118c85000 	/System/Library/Frameworks/OpenGL.framework/Versions/A/Libraries/libCoreFSCache.dylib
0x000000000a2d3000 	/System/Library/Frameworks/DiscRecording.framework/Versions/A/DiscRecording
0x000000000a2d3000 	/usr/lib/libcurl.4.dylib
0x000000000a2d3000 	/System/Library/PrivateFrameworks/MediaKit.framework/Versions/A/MediaKit
0x000000000a2d3000 	/usr/lib/libssl.0.9.8.dylib
0x000000000a2d3000 	/System/Library/Frameworks/LDAP.framework/Versions/A/LDAP
0x000000000a2d3000 	/usr/lib/libsasl2.2.dylib
0x0000000118e3e000 	/Library/Java/JavaVirtualMachines/jdk1.7.0_45.jdk/Contents/Home/jre/lib/libglass.dylib
0x000000000a2d3000 	/System/Library/PrivateFrameworks/CoreServicesInternal.framework/Versions/A/CoreServicesInternal
0x000000000a2d3000 	/System/Library/CoreServices/RawCamera.bundle/Contents/MacOS/RawCamera
0x000000000a2d3000 	/System/Library/Frameworks/ApplicationServices.framework/Versions/A/Frameworks/CoreGraphics.framework/Versions/A/Resources/libCSync.A.dylib
0x000000000a2d3000 	/System/Library/Frameworks/ApplicationServices.framework/Versions/A/Frameworks/CoreGraphics.framework/Versions/A/Resources/libRIP.A.dylib
0x000000011ba6d000 	/Library/Java/JavaVirtualMachines/jdk1.7.0_45.jdk/Contents/Home/jre/lib/libjavafx-iio.dylib
0x000000011a33e000 	/Library/Java/JavaVirtualMachines/jdk1.7.0_45.jdk/Contents/Home/jre/lib/libjavafx-font.dylib
0x000000000a2d3000 	/System/Library/Frameworks/ApplicationServices.framework/Versions/A/Frameworks/CoreGraphics.framework/Versions/A/Resources/libCGXType.A.dylib
0x0000000119f66000 	cl_kernels
0x000000011d6b9000 	/System/Library/Frameworks/OpenCL.framework/Versions/A/Libraries/ImageFormats/unorm8_bgra.dylib
0x000000011a53b000 	cl_kernels

VM Arguments:
jvm_args: -Dfile.encoding=US-ASCII -Xbootclasspath/a:/Library/Java/JavaVirtualMachines/jdk1.7.0_45.jdk/Contents/Home/jre/lib/jfxrt.jar 
java_command: com.main.MVPApplication
Launcher Type: SUN_STANDARD

Environment Variables:
PATH=/usr/bin:/bin:/usr/sbin:/sbin
SHELL=/bin/bash
DISPLAY=/tmp/launch-fRATom/org.x:0

Signal Handlers:
SIGSEGV: [libjvm.dylib+0x4a177d], sa_mask[0]=0xfffefeff, sa_flags=0x00000042
SIGBUS: [libjvm.dylib+0x4a177d], sa_mask[0]=0xfffefeff, sa_flags=0x00000042
SIGFPE: [libjvm.dylib+0x3b1541], sa_mask[0]=0xfffefeff, sa_flags=0x00000042
SIGPIPE: [libjvm.dylib+0x3b1541], sa_mask[0]=0xfffefeff, sa_flags=0x00000042
SIGXFSZ: [libjvm.dylib+0x3b1541], sa_mask[0]=0xfffefeff, sa_flags=0x00000042
SIGILL: [libjvm.dylib+0x3b1541], sa_mask[0]=0xfffefeff, sa_flags=0x00000042
SIGUSR1: SIG_DFL, sa_mask[0]=0x00000000, sa_flags=0x00000002
SIGUSR2: [libjvm.dylib+0x3b10ce], sa_mask[0]=0x00000004, sa_flags=0x00000042
SIGHUP: [libjvm.dylib+0x3af2f3], sa_mask[0]=0xfffefeff, sa_flags=0x00000042
SIGINT: [libjvm.dylib+0x3af2f3], sa_mask[0]=0xfffefeff, sa_flags=0x00000042
SIGTERM: [libjvm.dylib+0x3af2f3], sa_mask[0]=0xfffefeff, sa_flags=0x00000042
SIGQUIT: [libjvm.dylib+0x3af2f3], sa_mask[0]=0xfffefeff, sa_flags=0x00000042


---------------  S Y S T E M  ---------------

OS:Bsd
uname:Darwin 11.4.2 Darwin Kernel Version 11.4.2: Thu Aug 23 16:25:48 PDT 2012; root:xnu-1699.32.7~1/RELEASE_X86_64 x86_64
rlimit: STACK 8192k, CORE 0k, NPROC 266, NOFILE 10240
CPU:total 2 (2 cores per cpu, 1 threads per core) family 6 model 23 stepping 10, cmov, cx8, fxsr, mmx, sse, sse2, sse3, ssse3, sse4.1, tsc

Memory: 4k page, physical 5781524k(1445381k free)

/proc/meminfo:


vm_info: Java HotSpot(TM) 64-Bit Server VM (23.0-b21) for bsd-amd64 JRE (1.7.0_04-b21), built on Apr 19 2012 22:33:17 by "java_re" with gcc 4.2.1 (Based on Apple Inc. build 5658) (LLVM build 2336.1.00)

time: Fri Jan 24 23:26:12 2014
elapsed time: 22 seconds

