#
# A fatal error has been detected by the Java Runtime Environment:
#
#  SIGSEGV (0xb) at pc=0x00007fff9507d398, pid=3238, tid=140735261858144
#
# JRE version: 7.0_04-b21
# Java VM: Java HotSpot(TM) 64-Bit Server VM (23.0-b21 mixed mode bsd-amd64 compressed oops)
# Problematic frame:
# C  [libobjc.A.dylib+0xb398]  objc_msgSend_vtable14+0x18
#
# Failed to write core dump. Core dumps have been disabled. To enable core dumping, try "ulimit -c unlimited" before starting Java again
#
# If you would like to submit a bug report, please visit:
#   http://bugreport.sun.com/bugreport/crash.jsp
# The crash happened outside the Java Virtual Machine in native code.
# See problematic frame for where to report the bug.
#

---------------  T H R E A D  ---------------

Current thread (0x00007f8e131c9800):  JavaThread "JavaFX Application Thread" [_thread_in_native, id=2068470112, stack(0x00007fff619dd000,0x00007fff621dd000)]

siginfo:si_signo=SIGSEGV: si_errno=0, si_code=0 (SEGV0), si_addr=0x0000000000000000

Registers:
RAX=0x03040286100e0000, RBX=0x00007f8e1452b8b0, RCX=0x00007f8e131c8070, RDX=0x00000000a1a1a1a1
RSP=0x00007fff621d90d8, RBP=0x00007fff621d9100, RSI=0x00007fff94c27cb0, RDI=0x00007f8e12da6e70
R8 =0x00007fff7aeae084, R9 =0x00007fff621d9098, R10=0x00007f8e142256d0, R11=0x00000001027de588
R12=0x00007f8e12d00270, R13=0x0000000000000004, R14=0x00007f8e131c8068, R15=0x00007fff7b9f2720
RIP=0x00007fff9507d398, EFLAGS=0x0000000000010246, ERR=0x0000000000000000
  TRAPNO=0x000000000000000d

Top of Stack: (sp=0x00007fff621d90d8)
0x00007fff621d90d8:   00007fff956b7404 00007f8e12d00270
0x00007fff621d90e8:   00007f8e1452b8f0 0000000000000000
0x00007fff621d90f8:   00000848db88410a 00007fff621d9160
0x00007fff621d9108:   00007fff9149bb58 00007fff94cee3a3
0x00007fff621d9118:   00007f8e1452b8b0 00007f8e1452b8f0
0x00007fff621d9128:   00007f8e1452b908 89d1adb6236c1aa2
0x00007fff621d9138:   00007f8e1452b8f0 00007f8e12d00270
0x00007fff621d9148:   0000000000000004 00007f8e12d00260
0x00007fff621d9158:   00000848db88410a 00007fff621d91d0
0x00007fff621d9168:   00007fff9149b4ba 00007fff621d91a0
0x00007fff621d9178:   0000000000000000 0000000000000000
0x00007fff621d9188:   00007f8e1452b8b0 00007f8e1452b908
0x00007fff621d9198:   00007f8e12d00140 89d1adb6236c1aa2
0x00007fff621d91a8:   0000000000000003 00007f8e12db48f0
0x00007fff621d91b8:   00007f8e12d00000 0000000000000001
0x00007fff621d91c8:   0000000000000005 00007fff621d9e80
0x00007fff621d91d8:   00007fff9147be11 00007f8e131c99d8
0x00007fff621d91e8:   00230004ffffffff 0000000000000000
0x00007fff621d91f8:   000000017b59f670 00007f8e12de67f0
0x00007fff621d9208:   00007f8e12d00270 00007f8e12d00140
0x00007fff621d9218:   01007fff930bd160 00007fff621d9258
0x00007fff621d9228:   00001a037b59f68c 00007fff7aea6fa0
0x00007fff621d9238:   00007f8e12d00130 00007f8e12d00260
0x00007fff621d9248:   00007f8e1444bcc0 00007fff621d9258
0x00007fff621d9258:   0000003000001100 0000190300000000
0x00007fff621d9268:   0000000000000000 0000000000000000
0x00007fff621d9278:   0000000000000000 0000000000000000
0x00007fff621d9288:   0000004400000000 0000000000000ec4
0x00007fff621d9298:   0000000000000001 0000000000000000
0x00007fff621d92a8:   0000000000000000 0000000000000000
0x00007fff621d92b8:   0000000000000000 0000000000000000
0x00007fff621d92c8:   0000000000000000 000000000000ed23 

Instructions: (pc=0x00007fff9507d398)
0x00007fff9507d378:   60 68 66 0f 1f 44 00 00 48 85 ff 74 16 f7 c7 01
0x00007fff9507d388:   00 00 00 75 12 48 8b 07 48 8b 40 18 48 8b 76 08
0x00007fff9507d398:   ff 60 70 31 c0 c3 90 89 f8 83 e0 0f 4c 8d 15 2d
0x00007fff9507d3a8:   51 84 e6 4d 8b 14 c2 49 8b 42 18 48 8b 76 08 ff 

Register to memory mapping:

RAX=0x03040286100e0000 is an unknown value
RBX=0x00007f8e1452b8b0 is an unknown value
RCX=0x00007f8e131c8070 is an unknown value
RDX=0x00000000a1a1a1a1 is an unknown value
RSP=0x00007fff621d90d8 is pointing into the stack for thread: 0x00007f8e131c9800
RBP=0x00007fff621d9100 is pointing into the stack for thread: 0x00007f8e131c9800
RSI=0x00007fff94c27cb0: __FUNCTION__.177291+0x23b8 in /System/Library/Frameworks/AppKit.framework/Versions/C/AppKit at 0x00007fff9439e000
RDI=0x00007f8e12da6e70 is an unknown value
R8 =0x00007fff7aeae084: __CFProcessKillingLock+0 in /System/Library/Frameworks/CoreFoundation.framework/Versions/A/CoreFoundation at 0x00007fff91443000
R9 =0x00007fff621d9098 is pointing into the stack for thread: 0x00007f8e131c9800
R10=0x00007f8e142256d0 is an unknown value
R11=0x00000001027de588 is an unknown value
R12=0x00007f8e12d00270 is an unknown value
R13=0x0000000000000004 is an unknown value
R14=0x00007f8e131c8068 is an unknown value
R15=0x00007fff7b9f2720: OBJC_IVAR_$_NSFileWatcher._formerPath+0x72d0 in /System/Library/Frameworks/Foundation.framework/Versions/C/Foundation at 0x00007fff956a1000


Stack: [0x00007fff619dd000,0x00007fff621dd000],  sp=0x00007fff621d90d8,  free space=8176k
Native frames: (J=compiled Java code, j=interpreted, Vv=VM code, C=native code)
C  [libobjc.A.dylib+0xb398]  objc_msgSend_vtable14+0x18
C  [CoreFoundation+0x58b58]  CFRunLoopTimerInvalidate+0x218
C  [CoreFoundation+0x584ba]  __CFRunLoopDoTimer+0x24a
C  [CoreFoundation+0x38e11]  __CFRunLoopRun+0x651
C  [CoreFoundation+0x38486]  CFRunLoopRunSpecific+0xe6
C  [HIToolbox+0x22bf]  RunCurrentEventLoopInMode+0x115
C  [HIToolbox+0x94bf]  ReceiveNextEventCommon+0xb5
C  [HIToolbox+0x93fa]  BlockUntilNextEventMatchingListInMode+0x3e
C  [AppKit+0x8779]  _DPSNextEvent+0x293
C  [AppKit+0x807d]  -[NSApplication nextEventMatchingMask:untilDate:inMode:dequeue:]+0x87
C  [AppKit+0x49b9]  -[NSApplication run]+0x1d6
C  [libglass.dylib+0x3d31]  -[GlassApplication runLoop:]+0x2f1
C  [CoreFoundation+0x9370d]  -[NSObject performSelector:withObject:]+0x3d
C  [Foundation+0x4fd70]  __NSThreadPerformPerform+0xd6
C  [CoreFoundation+0x124f1]  __CFRUNLOOP_IS_CALLING_OUT_TO_A_SOURCE0_PERFORM_FUNCTION__+0x11
C  [CoreFoundation+0x11d5d]  __CFRunLoopDoSources0+0xfd
C  [CoreFoundation+0x38b49]  __CFRunLoopRun+0x389
C  [CoreFoundation+0x38486]  CFRunLoopRunSpecific+0xe6
C  [java+0x74bc]  CreateExecutionEnvironment+0x367
C  [java+0x1cac]  JLI_Launch+0x7a0
C  [java+0x7819]  main+0x65
C  [java+0x1504]  start+0x34


---------------  P R O C E S S  ---------------

Java Threads: ( => current thread )
  0x00007f8e135b9000 JavaThread "Prism Font Disposer" daemon [_thread_blocked, id=266059776, stack(0x000000010fcbc000,0x000000010fdbc000)]
  0x00007f8e13818800 JavaThread "Thread-4" daemon [_thread_in_native, id=233086976, stack(0x000000010ddca000,0x000000010de4a000)]
=>0x00007f8e131c9800 JavaThread "JavaFX Application Thread" [_thread_in_native, id=2068470112, stack(0x00007fff619dd000,0x00007fff621dd000)]
  0x00007f8e1380f000 JavaThread "Thread-2" daemon [_thread_blocked, id=208125952, stack(0x000000010c57c000,0x000000010c67c000)]
  0x00007f8e1380c800 JavaThread "Disposer" daemon [_thread_blocked, id=206659584, stack(0x000000010c416000,0x000000010c516000)]
  0x00007f8e13175800 JavaThread "QuantumRenderer-0" daemon [_thread_blocked, id=200470528, stack(0x000000010be2f000,0x000000010bf2f000)]
  0x00007f8e13178800 JavaThread "JavaFX-Launcher" [_thread_blocked, id=199376896, stack(0x000000010bd24000,0x000000010be24000)]
  0x00007f8e130c4800 JavaThread "Service Thread" daemon [_thread_blocked, id=196775936, stack(0x000000010baa9000,0x000000010bba9000)]
  0x00007f8e130c4000 JavaThread "C2 CompilerThread1" daemon [_thread_blocked, id=195715072, stack(0x000000010b9a6000,0x000000010baa6000)]
  0x00007f8e130ba800 JavaThread "C2 CompilerThread0" daemon [_thread_blocked, id=194654208, stack(0x000000010b8a3000,0x000000010b9a3000)]
  0x00007f8e1309f000 JavaThread "Signal Dispatcher" daemon [_thread_blocked, id=193593344, stack(0x000000010b7a0000,0x000000010b8a0000)]
  0x00007f8e1308d800 JavaThread "Finalizer" daemon [_thread_blocked, id=190414848, stack(0x000000010b498000,0x000000010b598000)]
  0x00007f8e1308d000 JavaThread "Reference Handler" daemon [_thread_blocked, id=189353984, stack(0x000000010b395000,0x000000010b495000)]
  0x00007f8e13034800 JavaThread "main" [_thread_blocked, id=54136832, stack(0x00000001032a1000,0x00000001033a1000)]

Other Threads:
  0x00007f8e1308a800 VMThread [stack: 0x000000010b292000,0x000000010b392000] [id=188293120]
  0x00007f8e130a5000 WatcherThread [stack: 0x000000010bbac000,0x000000010bcac000] [id=197836800]

VM state:not at safepoint (normal execution)

VM Mutex/Monitor currently owned by a thread: None

Heap
 PSYoungGen      total 49152K, used 37534K [0x00000007e28b0000, 0x00000007e88b0000, 0x0000000800000000)
  eden space 45440K, 75% used [0x00000007e28b0000,0x00000007e49fcac8,0x00000007e5510000)
  from space 3712K, 92% used [0x00000007e5510000,0x00000007e586ae20,0x00000007e58b0000)
  to   space 3712K, 0% used [0x00000007e8510000,0x00000007e8510000,0x00000007e88b0000)
 ParOldGen       total 155840K, used 77441K [0x00000007a7a00000, 0x00000007b1230000, 0x00000007e28b0000)
  object space 155840K, 49% used [0x00000007a7a00000,0x00000007ac5a04b0,0x00000007b1230000)
 PSPermGen       total 21248K, used 11618K [0x00000007a2800000, 0x00000007a3cc0000, 0x00000007a7a00000)
  object space 21248K, 54% used [0x00000007a2800000,0x00000007a3358950,0x00000007a3cc0000)

Code Cache  [0x00000001033d3000, 0x0000000103643000, 0x00000001063d3000)
 total_blobs=721 nmethods=191 adapters=482 free_code_cache=48046Kb largest_free_block=49151616

Compilation events (10 events):
Event: 30.711 Thread 0x00007f8e130c4000  190             java.lang.Object::equals (11 bytes)
Event: 30.712 Thread 0x00007f8e130c4000 nmethod 190 0x0000000103488cd0 code [0x0000000103488e00, 0x0000000103488e78]
Event: 30.715 Thread 0x00007f8e130c4000  191             java.util.ArrayList::remove (77 bytes)
Event: 30.722 Thread 0x00007f8e130c4000 nmethod 191 0x00000001034d2a50 code [0x00000001034d2bc0, 0x00000001034d2f78]
Event: 30.734 Thread 0x00007f8e130ba800  192   !         com.sun.javafx.css.StyleHelper::transitionToState (638 bytes)
Event: 30.897 Thread 0x00007f8e130ba800 nmethod 192 0x00000001034eaf50 code [0x00000001034eb4e0, 0x00000001034ee7d0]
Event: 31.121 Thread 0x00007f8e130c4000  193             java.util.WeakHashMap$HashIterator::hasNext (95 bytes)
Event: 31.126 Thread 0x00007f8e130c4000 nmethod 193 0x0000000103489750 code [0x00000001034898a0, 0x0000000103489ab8]
Event: 33.292 Thread 0x00007f8e130ba800  194  s          com.sun.scenario.effect.impl.ImagePool::checkIn (139 bytes)
Event: 33.308 Thread 0x00007f8e130ba800 nmethod 194 0x00000001034e7c90 code [0x00000001034e7e80, 0x00000001034e87e8]

GC Heap History (8 events):
Event: 1.153 GC heap before
{Heap before GC invocations=1 (full 0):
 PSYoungGen      total 26432K, used 22460K [0x00000007e28b0000, 0x00000007e4620000, 0x0000000800000000)
  eden space 22720K, 98% used [0x00000007e28b0000,0x00000007e3e9f268,0x00000007e3ee0000)
  from space 3712K, 0% used [0x00000007e4280000,0x00000007e4280000,0x00000007e4620000)
  to   space 3712K, 0% used [0x00000007e3ee0000,0x00000007e3ee0000,0x00000007e4280000)
 ParOldGen       total 60288K, used 0K [0x00000007a7a00000, 0x00000007ab4e0000, 0x00000007e28b0000)
  object space 60288K, 0% used [0x00000007a7a00000,0x00000007a7a00000,0x00000007ab4e0000)
 PSPermGen       total 21248K, used 6409K [0x00000007a2800000, 0x00000007a3cc0000, 0x00000007a7a00000)
  object space 21248K, 30% used [0x00000007a2800000,0x00000007a2e425c0,0x00000007a3cc0000)
Event: 1.174 GC heap after
Heap after GC invocations=1 (full 0):
 PSYoungGen      total 26432K, used 3682K [0x00000007e28b0000, 0x00000007e5c50000, 0x0000000800000000)
  eden space 22720K, 0% used [0x00000007e28b0000,0x00000007e28b0000,0x00000007e3ee0000)
  from space 3712K, 99% used [0x00000007e3ee0000,0x00000007e4278900,0x00000007e4280000)
  to   space 3712K, 0% used [0x00000007e58b0000,0x00000007e58b0000,0x00000007e5c50000)
 ParOldGen       total 60288K, used 13743K [0x00000007a7a00000, 0x00000007ab4e0000, 0x00000007e28b0000)
  object space 60288K, 22% used [0x00000007a7a00000,0x00000007a876bf70,0x00000007ab4e0000)
 PSPermGen       total 21248K, used 6409K [0x00000007a2800000, 0x00000007a3cc0000, 0x00000007a7a00000)
  object space 21248K, 30% used [0x00000007a2800000,0x00000007a2e425c0,0x00000007a3cc0000)
}
Event: 1.623 GC heap before
{Heap before GC invocations=2 (full 0):
 PSYoungGen      total 26432K, used 26127K [0x00000007e28b0000, 0x00000007e5c50000, 0x0000000800000000)
  eden space 22720K, 98% used [0x00000007e28b0000,0x00000007e3e9b5b8,0x00000007e3ee0000)
  from space 3712K, 99% used [0x00000007e3ee0000,0x00000007e4278900,0x00000007e4280000)
  to   space 3712K, 0% used [0x00000007e58b0000,0x00000007e58b0000,0x00000007e5c50000)
 ParOldGen       total 60288K, used 13743K [0x00000007a7a00000, 0x00000007ab4e0000, 0x00000007e28b0000)
  object space 60288K, 22% used [0x00000007a7a00000,0x00000007a876bf70,0x00000007ab4e0000)
 PSPermGen       total 21248K, used 6414K [0x00000007a2800000, 0x00000007a3cc0000, 0x00000007a7a00000)
  object space 21248K, 30% used [0x00000007a2800000,0x00000007a2e43878,0x00000007a3cc0000)
Event: 1.651 GC heap after
Heap after GC invocations=2 (full 0):
 PSYoungGen      total 49152K, used 3676K [0x00000007e28b0000, 0x00000007e5c50000, 0x0000000800000000)
  eden space 45440K, 0% used [0x00000007e28b0000,0x00000007e28b0000,0x00000007e5510000)
  from space 3712K, 99% used [0x00000007e58b0000,0x00000007e5c47128,0x00000007e5c50000)
  to   space 3712K, 0% used [0x00000007e5510000,0x00000007e5510000,0x00000007e58b0000)
 ParOldGen       total 60288K, used 34595K [0x00000007a7a00000, 0x00000007ab4e0000, 0x00000007e28b0000)
  object space 60288K, 57% used [0x00000007a7a00000,0x00000007a9bc8dc0,0x00000007ab4e0000)
 PSPermGen       total 21248K, used 6414K [0x00000007a2800000, 0x00000007a3cc0000, 0x00000007a7a00000)
  object space 21248K, 30% used [0x00000007a2800000,0x00000007a2e43878,0x00000007a3cc0000)
}
Event: 2.530 GC heap before
{Heap before GC invocations=3 (full 0):
 PSYoungGen      total 49152K, used 48856K [0x00000007e28b0000, 0x00000007e5c50000, 0x0000000800000000)
  eden space 45440K, 99% used [0x00000007e28b0000,0x00000007e54cf1d8,0x00000007e5510000)
  from space 3712K, 99% used [0x00000007e58b0000,0x00000007e5c47128,0x00000007e5c50000)
  to   space 3712K, 0% used [0x00000007e5510000,0x00000007e5510000,0x00000007e58b0000)
 ParOldGen       total 60288K, used 34595K [0x00000007a7a00000, 0x00000007ab4e0000, 0x00000007e28b0000)
  object space 60288K, 57% used [0x00000007a7a00000,0x00000007a9bc8dc0,0x00000007ab4e0000)
 PSPermGen       total 21248K, used 6425K [0x00000007a2800000, 0x00000007a3cc0000, 0x00000007a7a00000)
  object space 21248K, 30% used [0x00000007a2800000,0x00000007a2e46750,0x00000007a3cc0000)
Event: 2.581 GC heap after
Heap after GC invocations=3 (full 0):
 PSYoungGen      total 49152K, used 3708K [0x00000007e28b0000, 0x00000007e88b0000, 0x0000000800000000)
  eden space 45440K, 0% used [0x00000007e28b0000,0x00000007e28b0000,0x00000007e5510000)
  from space 3712K, 99% used [0x00000007e5510000,0x00000007e58af128,0x00000007e58b0000)
  to   space 3712K, 0% used [0x00000007e8510000,0x00000007e8510000,0x00000007e88b0000)
 ParOldGen       total 77568K, used 77251K [0x00000007a7a00000, 0x00000007ac5c0000, 0x00000007e28b0000)
  object space 77568K, 99% used [0x00000007a7a00000,0x00000007ac570ed8,0x00000007ac5c0000)
 PSPermGen       total 21248K, used 6425K [0x00000007a2800000, 0x00000007a3cc0000, 0x00000007a7a00000)
  object space 21248K, 30% used [0x00000007a2800000,0x00000007a2e46750,0x00000007a3cc0000)
}
Event: 2.581 GC heap before
{Heap before GC invocations=4 (full 1):
 PSYoungGen      total 49152K, used 3708K [0x00000007e28b0000, 0x00000007e88b0000, 0x0000000800000000)
  eden space 45440K, 0% used [0x00000007e28b0000,0x00000007e28b0000,0x00000007e5510000)
  from space 3712K, 99% used [0x00000007e5510000,0x00000007e58af128,0x00000007e58b0000)
  to   space 3712K, 0% used [0x00000007e8510000,0x00000007e8510000,0x00000007e88b0000)
 ParOldGen       total 77568K, used 77251K [0x00000007a7a00000, 0x00000007ac5c0000, 0x00000007e28b0000)
  object space 77568K, 99% used [0x00000007a7a00000,0x00000007ac570ed8,0x00000007ac5c0000)
 PSPermGen       total 21248K, used 6425K [0x00000007a2800000, 0x00000007a3cc0000, 0x00000007a7a00000)
  object space 21248K, 30% used [0x00000007a2800000,0x00000007a2e46750,0x00000007a3cc0000)
Event: 2.667 GC heap after
Heap after GC invocations=4 (full 1):
 PSYoungGen      total 49152K, used 3435K [0x00000007e28b0000, 0x00000007e88b0000, 0x0000000800000000)
  eden space 45440K, 0% used [0x00000007e28b0000,0x00000007e28b0000,0x00000007e5510000)
  from space 3712K, 92% used [0x00000007e5510000,0x00000007e586ae20,0x00000007e58b0000)
  to   space 3712K, 0% used [0x00000007e8510000,0x00000007e8510000,0x00000007e88b0000)
 ParOldGen       total 155840K, used 77441K [0x00000007a7a00000, 0x00000007b1230000, 0x00000007e28b0000)
  object space 155840K, 49% used [0x00000007a7a00000,0x00000007ac5a04b0,0x00000007b1230000)
 PSPermGen       total 21248K, used 6422K [0x00000007a2800000, 0x00000007a3cc0000, 0x00000007a7a00000)
  object space 21248K, 30% used [0x00000007a2800000,0x00000007a2e45b30,0x00000007a3cc0000)
}

Deoptimization events (10 events):
Event: 3.200 Thread 0x00007f8e131c9800 Uncommon trap -34 fr.pc 0x0000000103443e1c
Event: 3.201 Thread 0x00007f8e131c9800 Uncommon trap -34 fr.pc 0x0000000103443e1c
Event: 3.201 Thread 0x00007f8e131c9800 Uncommon trap -34 fr.pc 0x0000000103443e1c
Event: 3.324 Thread 0x00007f8e131c9800 Uncommon trap 51 fr.pc 0x0000000103475d40
Event: 3.460 Thread 0x00007f8e131c9800 Uncommon trap -12 fr.pc 0x0000000103488d10
Event: 3.460 Thread 0x00007f8e131c9800 Uncommon trap -12 fr.pc 0x0000000103489544
Event: 5.560 Thread 0x00007f8e131c9800 Uncommon trap -12 fr.pc 0x000000010349ffc8
Event: 7.883 Thread 0x00007f8e131c9800 Uncommon trap -12 fr.pc 0x00000001034acc50
Event: 7.895 Thread 0x00007f8e131c9800 Uncommon trap -12 fr.pc 0x00000001034c9a68
Event: 10.041 Thread 0x00007f8e131c9800 Uncommon trap -83 fr.pc 0x00000001034b1658

Internal exceptions (10 events):
Event: 3.101 Thread 0x00007f8e131c9800 Threw 0x00000007e3f55848 at /HUDSON/workspace/jdk7u4-2-build-macosx-x86_64-product/jdk7u4/hotspot/src/share/vm/prims/jvm.cpp:1166
Event: 3.460 Thread 0x00007f8e131c9800 Implicit null exception at 0x0000000103488c4b to 0x0000000103488d05
Event: 3.460 Thread 0x00007f8e131c9800 Implicit null exception at 0x00000001034892e9 to 0x0000000103489529
Event: 5.549 Thread 0x00007f8e131c9800 Threw 0x00000007e4454390 at /HUDSON/workspace/jdk7u4-2-build-macosx-x86_64-product/jdk7u4/hotspot/src/share/vm/prims/jvm.cpp:1166
Event: 5.560 Thread 0x00007f8e131c9800 Implicit null exception at 0x000000010349d7bd to 0x000000010349fee5
Event: 7.883 Thread 0x00007f8e131c9800 Implicit null exception at 0x00000001034acbf1 to 0x00000001034acc45
Event: 7.886 Thread 0x00007f8e131c9800 Threw 0x00000007e45861f0 at /HUDSON/workspace/jdk7u4-2-build-macosx-x86_64-product/jdk7u4/hotspot/src/share/vm/prims/jvm.cpp:1166
Event: 7.895 Thread 0x00007f8e131c9800 Implicit null exception at 0x00000001034c5f40 to 0x00000001034c9a51
Event: 27.646 Thread 0x00007f8e131c9800 Threw 0x00000007e4751ab0 at /HUDSON/workspace/jdk7u4-2-build-macosx-x86_64-product/jdk7u4/hotspot/src/share/vm/prims/jvm.cpp:1166
Event: 27.648 Thread 0x00007f8e131c9800 Threw 0x00000007e4756020 at /HUDSON/workspace/jdk7u4-2-build-macosx-x86_64-product/jdk7u4/hotspot/src/share/vm/prims/jvm.cpp:1166

Events (10 events):
Event: 33.958 loading class 0x00000001027adf90
Event: 33.958 loading class 0x00000001027adf90 done
Event: 33.958 loading class 0x0000000102739a50
Event: 33.958 loading class 0x0000000102739d00
Event: 33.958 loading class 0x0000000102739d00 done
Event: 33.958 loading class 0x0000000102739a50 done
Event: 33.958 loading class 0x00007f8e142922e0
Event: 33.958 loading class 0x00007f8e142922e0 done
Event: 33.987 loading class 0x00000001027bcb10
Event: 33.987 loading class 0x00000001027bcb10 done


Dynamic libraries:
0x000000000a2d3000 	/System/Library/Frameworks/Cocoa.framework/Versions/A/Cocoa
0x000000000a2d3000 	/System/Library/Frameworks/Security.framework/Versions/A/Security
0x000000000a2d3000 	/System/Library/Frameworks/ApplicationServices.framework/Versions/A/ApplicationServices
0x000000000a2d3000 	/usr/lib/libz.1.dylib
0x000000000a2d3000 	/usr/lib/libSystem.B.dylib
0x000000000a2d3000 	/usr/lib/libobjc.A.dylib
0x000000000a2d3000 	/System/Library/Frameworks/CoreFoundation.framework/Versions/A/CoreFoundation
0x000000000a2d3000 	/System/Library/Frameworks/AppKit.framework/Versions/C/AppKit
0x000000000a2d3000 	/System/Library/Frameworks/CoreData.framework/Versions/A/CoreData
0x000000000a2d3000 	/System/Library/Frameworks/Foundation.framework/Versions/C/Foundation
0x000000000a2d3000 	/System/Library/PrivateFrameworks/RemoteViewServices.framework/Versions/A/RemoteViewServices
0x000000000a2d3000 	/System/Library/Frameworks/AudioToolbox.framework/Versions/A/AudioToolbox
0x000000000a2d3000 	/System/Library/Frameworks/AudioUnit.framework/Versions/A/AudioUnit
0x000000000a2d3000 	/System/Library/PrivateFrameworks/DataDetectorsCore.framework/Versions/A/DataDetectorsCore
0x000000000a2d3000 	/System/Library/PrivateFrameworks/DesktopServicesPriv.framework/Versions/A/DesktopServicesPriv
0x000000000a2d3000 	/System/Library/Frameworks/Carbon.framework/Versions/A/Frameworks/HIToolbox.framework/Versions/A/HIToolbox
0x000000000a2d3000 	/System/Library/Frameworks/QuartzCore.framework/Versions/A/QuartzCore
0x000000000a2d3000 	/System/Library/Frameworks/Carbon.framework/Versions/A/Frameworks/SpeechRecognition.framework/Versions/A/SpeechRecognition
0x000000000a2d3000 	/usr/lib/libauto.dylib
0x000000000a2d3000 	/usr/lib/libicucore.A.dylib
0x000000000a2d3000 	/usr/lib/libxml2.2.dylib
0x000000000a2d3000 	/System/Library/PrivateFrameworks/CoreUI.framework/Versions/A/CoreUI
0x000000000a2d3000 	/System/Library/Frameworks/CoreAudio.framework/Versions/A/CoreAudio
0x000000000a2d3000 	/System/Library/Frameworks/DiskArbitration.framework/Versions/A/DiskArbitration
0x000000000a2d3000 	/usr/lib/liblangid.dylib
0x000000000a2d3000 	/System/Library/PrivateFrameworks/MultitouchSupport.framework/Versions/A/MultitouchSupport
0x000000000a2d3000 	/System/Library/Frameworks/IOKit.framework/Versions/A/IOKit
0x000000000a2d3000 	/usr/lib/libDiagnosticMessagesClient.dylib
0x000000000a2d3000 	/System/Library/Frameworks/CoreServices.framework/Versions/A/CoreServices
0x000000000a2d3000 	/System/Library/PrivateFrameworks/PerformanceAnalysis.framework/Versions/A/PerformanceAnalysis
0x000000000a2d3000 	/System/Library/PrivateFrameworks/GenerationalStorage.framework/Versions/A/GenerationalStorage
0x000000000a2d3000 	/System/Library/Frameworks/OpenGL.framework/Versions/A/OpenGL
0x000000000a2d3000 	/System/Library/Frameworks/CoreServices.framework/Versions/A/Frameworks/CFNetwork.framework/Versions/A/CFNetwork
0x000000000a2d3000 	/System/Library/Frameworks/SystemConfiguration.framework/Versions/A/SystemConfiguration
0x000000000a2d3000 	/usr/lib/libCRFSuite.dylib
0x000000000a2d3000 	/usr/lib/libc++.1.dylib
0x000000000a2d3000 	/usr/lib/libstdc++.6.dylib
0x000000000a2d3000 	/usr/lib/libc++abi.dylib
0x000000000a2d3000 	/usr/lib/system/libcache.dylib
0x000000000a2d3000 	/usr/lib/system/libcommonCrypto.dylib
0x000000000a2d3000 	/usr/lib/system/libcompiler_rt.dylib
0x000000000a2d3000 	/usr/lib/system/libcopyfile.dylib
0x000000000a2d3000 	/usr/lib/system/libdispatch.dylib
0x000000000a2d3000 	/usr/lib/system/libdnsinfo.dylib
0x000000000a2d3000 	/usr/lib/system/libdyld.dylib
0x000000000a2d3000 	/usr/lib/system/libkeymgr.dylib
0x000000000a2d3000 	/usr/lib/system/liblaunch.dylib
0x000000000a2d3000 	/usr/lib/system/libmacho.dylib
0x000000000a2d3000 	/usr/lib/system/libmathCommon.A.dylib
0x000000000a2d3000 	/usr/lib/system/libquarantine.dylib
0x000000000a2d3000 	/usr/lib/system/libremovefile.dylib
0x000000000a2d3000 	/usr/lib/system/libsystem_blocks.dylib
0x000000000a2d3000 	/usr/lib/system/libsystem_c.dylib
0x000000000a2d3000 	/usr/lib/system/libsystem_dnssd.dylib
0x000000000a2d3000 	/usr/lib/system/libsystem_info.dylib
0x000000000a2d3000 	/usr/lib/system/libsystem_kernel.dylib
0x000000000a2d3000 	/usr/lib/system/libsystem_network.dylib
0x000000000a2d3000 	/usr/lib/system/libsystem_notify.dylib
0x000000000a2d3000 	/usr/lib/system/libsystem_sandbox.dylib
0x000000000a2d3000 	/usr/lib/system/libunc.dylib
0x000000000a2d3000 	/usr/lib/system/libunwind.dylib
0x000000000a2d3000 	/usr/lib/system/libxpc.dylib
0x000000000a2d3000 	/usr/lib/libbsm.0.dylib
0x000000000a2d3000 	/usr/lib/libsqlite3.dylib
0x000000000a2d3000 	/usr/lib/libOpenScriptingUtil.dylib
0x000000000a2d3000 	/usr/lib/libpam.2.dylib
0x000000000a2d3000 	/usr/lib/libxar-nossl.dylib
0x000000000a2d3000 	/usr/lib/libbz2.1.0.dylib
0x000000000a2d3000 	/System/Library/Frameworks/CoreServices.framework/Versions/A/Frameworks/CarbonCore.framework/Versions/A/CarbonCore
0x000000000a2d3000 	/System/Library/Frameworks/CoreServices.framework/Versions/A/Frameworks/Metadata.framework/Versions/A/Metadata
0x000000000a2d3000 	/System/Library/Frameworks/CoreServices.framework/Versions/A/Frameworks/OSServices.framework/Versions/A/OSServices
0x000000000a2d3000 	/System/Library/Frameworks/CoreServices.framework/Versions/A/Frameworks/SearchKit.framework/Versions/A/SearchKit
0x000000000a2d3000 	/System/Library/Frameworks/CoreServices.framework/Versions/A/Frameworks/AE.framework/Versions/A/AE
0x000000000a2d3000 	/System/Library/Frameworks/CoreServices.framework/Versions/A/Frameworks/LaunchServices.framework/Versions/A/LaunchServices
0x000000000a2d3000 	/System/Library/Frameworks/CoreServices.framework/Versions/A/Frameworks/DictionaryServices.framework/Versions/A/DictionaryServices
0x000000000a2d3000 	/System/Library/Frameworks/NetFS.framework/Versions/A/NetFS
0x000000000a2d3000 	/usr/lib/system/libkxld.dylib
0x000000000a2d3000 	/System/Library/PrivateFrameworks/NetAuth.framework/Versions/A/NetAuth
0x000000000a2d3000 	/usr/lib/libcrypto.0.9.8.dylib
0x000000000a2d3000 	/System/Library/PrivateFrameworks/TrustEvaluationAgent.framework/Versions/A/TrustEvaluationAgent
0x000000000a2d3000 	/System/Library/Frameworks/OpenDirectory.framework/Versions/A/Frameworks/CFOpenDirectory.framework/Versions/A/CFOpenDirectory
0x000000000a2d3000 	/usr/lib/libxslt.1.dylib
0x000000000a2d3000 	/System/Library/PrivateFrameworks/FamilyControls.framework/Versions/A/FamilyControls
0x000000000a2d3000 	/System/Library/Frameworks/Carbon.framework/Versions/A/Frameworks/Ink.framework/Versions/A/Ink
0x000000000a2d3000 	/System/Library/Frameworks/ApplicationServices.framework/Versions/A/Frameworks/CoreGraphics.framework/Versions/A/CoreGraphics
0x000000000a2d3000 	/System/Library/Frameworks/ApplicationServices.framework/Versions/A/Frameworks/ImageIO.framework/Versions/A/ImageIO
0x000000000a2d3000 	/System/Library/Frameworks/ApplicationServices.framework/Versions/A/Frameworks/CoreText.framework/Versions/A/CoreText
0x000000000a2d3000 	/System/Library/Frameworks/ApplicationServices.framework/Versions/A/Frameworks/ATS.framework/Versions/A/ATS
0x000000000a2d3000 	/System/Library/Frameworks/ApplicationServices.framework/Versions/A/Frameworks/ColorSync.framework/Versions/A/ColorSync
0x000000000a2d3000 	/System/Library/Frameworks/ApplicationServices.framework/Versions/A/Frameworks/HIServices.framework/Versions/A/HIServices
0x000000000a2d3000 	/System/Library/Frameworks/ApplicationServices.framework/Versions/A/Frameworks/LangAnalysis.framework/Versions/A/LangAnalysis
0x000000000a2d3000 	/System/Library/Frameworks/ApplicationServices.framework/Versions/A/Frameworks/PrintCore.framework/Versions/A/PrintCore
0x000000000a2d3000 	/System/Library/Frameworks/ApplicationServices.framework/Versions/A/Frameworks/QD.framework/Versions/A/QD
0x000000000a2d3000 	/System/Library/Frameworks/ApplicationServices.framework/Versions/A/Frameworks/SpeechSynthesis.framework/Versions/A/SpeechSynthesis
0x000000000a2d3000 	/System/Library/Frameworks/IOSurface.framework/Versions/A/IOSurface
0x000000000a2d3000 	/System/Library/Frameworks/Accelerate.framework/Versions/A/Accelerate
0x000000000a2d3000 	/System/Library/Frameworks/ApplicationServices.framework/Versions/A/Frameworks/ImageIO.framework/Versions/A/Resources/libJPEG.dylib
0x000000000a2d3000 	/System/Library/Frameworks/ApplicationServices.framework/Versions/A/Frameworks/ImageIO.framework/Versions/A/Resources/libTIFF.dylib
0x000000000a2d3000 	/System/Library/Frameworks/ApplicationServices.framework/Versions/A/Frameworks/ImageIO.framework/Versions/A/Resources/libPng.dylib
0x000000000a2d3000 	/System/Library/Frameworks/ApplicationServices.framework/Versions/A/Frameworks/ImageIO.framework/Versions/A/Resources/libGIF.dylib
0x000000000a2d3000 	/System/Library/Frameworks/ApplicationServices.framework/Versions/A/Frameworks/ImageIO.framework/Versions/A/Resources/libJP2.dylib
0x000000000a2d3000 	/System/Library/Frameworks/ApplicationServices.framework/Versions/A/Frameworks/ImageIO.framework/Versions/A/Resources/libRadiance.dylib
0x000000000a2d3000 	/System/Library/Frameworks/Accelerate.framework/Versions/A/Frameworks/vImage.framework/Versions/A/vImage
0x000000000a2d3000 	/System/Library/Frameworks/Accelerate.framework/Versions/A/Frameworks/vecLib.framework/Versions/A/vecLib
0x000000000a2d3000 	/System/Library/Frameworks/Accelerate.framework/Versions/A/Frameworks/vecLib.framework/Versions/A/libvDSP.dylib
0x000000000a2d3000 	/System/Library/Frameworks/Accelerate.framework/Versions/A/Frameworks/vecLib.framework/Versions/A/libvMisc.dylib
0x000000000a2d3000 	/System/Library/Frameworks/Accelerate.framework/Versions/A/Frameworks/vecLib.framework/Versions/A/libLAPACK.dylib
0x000000000a2d3000 	/System/Library/Frameworks/Accelerate.framework/Versions/A/Frameworks/vecLib.framework/Versions/A/libBLAS.dylib
0x000000000a2d3000 	/System/Library/Frameworks/ApplicationServices.framework/Versions/A/Frameworks/ATS.framework/Versions/A/Resources/libFontParser.dylib
0x000000000a2d3000 	/System/Library/Frameworks/ApplicationServices.framework/Versions/A/Frameworks/ATS.framework/Versions/A/Resources/libFontRegistry.dylib
0x000000000a2d3000 	/usr/lib/libcups.2.dylib
0x000000000a2d3000 	/System/Library/Frameworks/Kerberos.framework/Versions/A/Kerberos
0x000000000a2d3000 	/System/Library/Frameworks/GSS.framework/Versions/A/GSS
0x000000000a2d3000 	/usr/lib/libresolv.9.dylib
0x000000000a2d3000 	/usr/lib/libiconv.2.dylib
0x000000000a2d3000 	/System/Library/PrivateFrameworks/Heimdal.framework/Versions/A/Heimdal
0x000000000a2d3000 	/System/Library/Frameworks/OpenDirectory.framework/Versions/A/OpenDirectory
0x000000000a2d3000 	/System/Library/PrivateFrameworks/CommonAuth.framework/Versions/A/CommonAuth
0x000000000a2d3000 	/System/Library/Frameworks/CoreVideo.framework/Versions/A/CoreVideo
0x000000000a2d3000 	/System/Library/Frameworks/QuartzCore.framework/Versions/A/Frameworks/CoreImage.framework/Versions/A/CoreImage
0x000000000a2d3000 	/System/Library/Frameworks/QuartzCore.framework/Versions/A/Frameworks/ScalableUserInterface.framework/Versions/A/ScalableUserInterface
0x000000000a2d3000 	/System/Library/Frameworks/OpenGL.framework/Versions/A/Libraries/libGLU.dylib
0x000000000a2d3000 	/System/Library/Frameworks/OpenGL.framework/Versions/A/Libraries/libGFXShared.dylib
0x000000000a2d3000 	/System/Library/Frameworks/OpenGL.framework/Versions/A/Libraries/libGL.dylib
0x000000000a2d3000 	/System/Library/Frameworks/OpenGL.framework/Versions/A/Libraries/libGLImage.dylib
0x000000000a2d3000 	/System/Library/Frameworks/OpenGL.framework/Versions/A/Libraries/libCVMSPluginSupport.dylib
0x000000000a2d3000 	/System/Library/Frameworks/OpenGL.framework/Versions/A/Libraries/libCoreVMClient.dylib
0x000000000a2d3000 	/System/Library/Frameworks/OpenCL.framework/Versions/A/OpenCL
0x000000000a2d3000 	/System/Library/PrivateFrameworks/FaceCoreLight.framework/Versions/A/FaceCoreLight
0x000000000a2d3000 	/System/Library/Frameworks/vecLib.framework/Versions/A/vecLib
0x000000000a2d3000 	/System/Library/Frameworks/SecurityFoundation.framework/Versions/A/SecurityFoundation
0x000000000a2d3000 	/System/Library/PrivateFrameworks/CommerceKit.framework/Versions/A/Frameworks/CommerceCore.framework/Versions/A/CommerceCore
0x000000000a2d3000 	/System/Library/PrivateFrameworks/CoreSymbolication.framework/Versions/A/CoreSymbolication
0x000000000a2d3000 	/System/Library/PrivateFrameworks/Symbolication.framework/Versions/A/Symbolication
0x000000000a2d3000 	/System/Library/PrivateFrameworks/DebugSymbols.framework/Versions/A/DebugSymbols
0x0000000102800000 	/Library/Java/JavaVirtualMachines/1.7.0.jdk/Contents/Home/jre/lib/server/libjvm.dylib
0x00000001026d7000 	/Library/Java/JavaVirtualMachines/1.7.0.jdk/Contents/Home/jre/lib/libverify.dylib
0x00000001033a3000 	/Library/Java/JavaVirtualMachines/1.7.0.jdk/Contents/Home/jre/lib/libjava.dylib
0x00000001026ee000 	/Library/Java/JavaVirtualMachines/1.7.0.jdk/Contents/Home/jre/lib/libzip.dylib
0x000000010b59a000 	/System/Library/Frameworks/JavaVM.framework/Frameworks/JavaRuntimeSupport.framework/JavaRuntimeSupport
0x000000010b5b2000 	/System/Library/Frameworks/JavaVM.framework/Versions/A/Frameworks/JavaNativeFoundation.framework/Versions/A/JavaNativeFoundation
0x000000010b5c7000 	/System/Library/Frameworks/JavaVM.framework/Versions/A/JavaVM
0x000000000a2d3000 	/System/Library/Frameworks/Carbon.framework/Versions/A/Carbon
0x000000010b5d4000 	/System/Library/PrivateFrameworks/JavaLaunching.framework/Versions/A/JavaLaunching
0x000000000a2d3000 	/System/Library/Frameworks/Carbon.framework/Versions/A/Frameworks/CommonPanels.framework/Versions/A/CommonPanels
0x000000000a2d3000 	/System/Library/Frameworks/Carbon.framework/Versions/A/Frameworks/Help.framework/Versions/A/Help
0x000000000a2d3000 	/System/Library/Frameworks/Carbon.framework/Versions/A/Frameworks/ImageCapture.framework/Versions/A/ImageCapture
0x000000000a2d3000 	/System/Library/Frameworks/Carbon.framework/Versions/A/Frameworks/OpenScripting.framework/Versions/A/OpenScripting
0x000000000a2d3000 	/System/Library/Frameworks/Carbon.framework/Versions/A/Frameworks/Print.framework/Versions/A/Print
0x000000000a2d3000 	/System/Library/Frameworks/Carbon.framework/Versions/A/Frameworks/SecurityHI.framework/Versions/A/SecurityHI
0x000000010bf31000 	/Library/Java/JavaVirtualMachines/jdk1.7.0_45.jdk/Contents/Home/jre/lib/libprism-es2.dylib
0x000000010bf87000 	/System/Library/Frameworks/OpenGL.framework/Resources/GLEngine.bundle/GLEngine
0x000000010c176000 	/System/Library/Frameworks/OpenGL.framework/Versions/A/Libraries/libGLProgrammability.dylib
0x0000000000000000 	/System/Library/Extensions/GeForceGLDriver.bundle/Contents/MacOS/GeForceGLDriver
0x000000010c302000 	/System/Library/PrivateFrameworks/GPUSupport.framework/Versions/A/Libraries/libGPUSupport.dylib
0x000000000a2d3000 	/System/Library/Extensions/GeForceGLDriver.bundle/Contents/MacOS/libclh.dylib
0x000000010c318000 	/System/Library/Frameworks/OpenGL.framework/Resources//GLRendererFloat.bundle/GLRendererFloat
0x000000010c34f000 	/System/Library/Frameworks/OpenCL.framework/Versions/A/Libraries/libcldcpuengine.dylib
0x000000000a2d3000 	/System/Library/PrivateFrameworks/DiskImages.framework/Versions/A/DiskImages
0x000000010c35f000 	/System/Library/Frameworks/OpenGL.framework/Versions/A/Libraries/libCoreFSCache.dylib
0x000000000a2d3000 	/System/Library/Frameworks/DiscRecording.framework/Versions/A/DiscRecording
0x000000000a2d3000 	/usr/lib/libcurl.4.dylib
0x000000000a2d3000 	/System/Library/PrivateFrameworks/MediaKit.framework/Versions/A/MediaKit
0x000000000a2d3000 	/usr/lib/libssl.0.9.8.dylib
0x000000000a2d3000 	/System/Library/Frameworks/LDAP.framework/Versions/A/LDAP
0x000000000a2d3000 	/usr/lib/libsasl2.2.dylib
0x000000010c518000 	/Library/Java/JavaVirtualMachines/jdk1.7.0_45.jdk/Contents/Home/jre/lib/libglass.dylib
0x000000000a2d3000 	/System/Library/PrivateFrameworks/CoreServicesInternal.framework/Versions/A/CoreServicesInternal
0x000000000a2d3000 	/System/Library/CoreServices/RawCamera.bundle/Contents/MacOS/RawCamera
0x000000000a2d3000 	/System/Library/Frameworks/ApplicationServices.framework/Versions/A/Frameworks/CoreGraphics.framework/Versions/A/Resources/libCSync.A.dylib
0x000000000a2d3000 	/System/Library/Frameworks/ApplicationServices.framework/Versions/A/Frameworks/CoreGraphics.framework/Versions/A/Resources/libRIP.A.dylib
0x000000010f147000 	/Library/Java/JavaVirtualMachines/jdk1.7.0_45.jdk/Contents/Home/jre/lib/libjavafx-iio.dylib
0x000000010da18000 	/Library/Java/JavaVirtualMachines/jdk1.7.0_45.jdk/Contents/Home/jre/lib/libjavafx-font.dylib
0x000000000a2d3000 	/System/Library/Frameworks/ApplicationServices.framework/Versions/A/Frameworks/CoreGraphics.framework/Versions/A/Resources/libCGXType.A.dylib
0x000000010efee000 	cl_kernels
0x000000010f305000 	/System/Library/Frameworks/OpenCL.framework/Versions/A/Libraries/ImageFormats/unorm8_bgra.dylib
0x000000010eff3000 	cl_kernels

VM Arguments:
jvm_args: -Dfile.encoding=US-ASCII -Xbootclasspath/a:/Library/Java/JavaVirtualMachines/jdk1.7.0_45.jdk/Contents/Home/jre/lib/jfxrt.jar 
java_command: com.main.MVPApplication
Launcher Type: SUN_STANDARD

Environment Variables:
PATH=/usr/bin:/bin:/usr/sbin:/sbin
SHELL=/bin/bash
DISPLAY=/tmp/launch-fRATom/org.x:0

Signal Handlers:
SIGSEGV: [libjvm.dylib+0x4a177d], sa_mask[0]=0xfffefeff, sa_flags=0x00000042
SIGBUS: [libjvm.dylib+0x4a177d], sa_mask[0]=0xfffefeff, sa_flags=0x00000042
SIGFPE: [libjvm.dylib+0x3b1541], sa_mask[0]=0xfffefeff, sa_flags=0x00000042
SIGPIPE: [libjvm.dylib+0x3b1541], sa_mask[0]=0xfffefeff, sa_flags=0x00000042
SIGXFSZ: [libjvm.dylib+0x3b1541], sa_mask[0]=0xfffefeff, sa_flags=0x00000042
SIGILL: [libjvm.dylib+0x3b1541], sa_mask[0]=0xfffefeff, sa_flags=0x00000042
SIGUSR1: SIG_DFL, sa_mask[0]=0x00000000, sa_flags=0x00000002
SIGUSR2: [libjvm.dylib+0x3b10ce], sa_mask[0]=0x00000004, sa_flags=0x00000042
SIGHUP: [libjvm.dylib+0x3af2f3], sa_mask[0]=0xfffefeff, sa_flags=0x00000042
SIGINT: [libjvm.dylib+0x3af2f3], sa_mask[0]=0xfffefeff, sa_flags=0x00000042
SIGTERM: [libjvm.dylib+0x3af2f3], sa_mask[0]=0xfffefeff, sa_flags=0x00000042
SIGQUIT: [libjvm.dylib+0x3af2f3], sa_mask[0]=0xfffefeff, sa_flags=0x00000042


---------------  S Y S T E M  ---------------

OS:Bsd
uname:Darwin 11.4.2 Darwin Kernel Version 11.4.2: Thu Aug 23 16:25:48 PDT 2012; root:xnu-1699.32.7~1/RELEASE_X86_64 x86_64
rlimit: STACK 8192k, CORE 0k, NPROC 266, NOFILE 10240
CPU:total 2 (2 cores per cpu, 1 threads per core) family 6 model 23 stepping 10, cmov, cx8, fxsr, mmx, sse, sse2, sse3, ssse3, sse4.1, tsc

Memory: 4k page, physical 5785972k(1446493k free)

/proc/meminfo:


vm_info: Java HotSpot(TM) 64-Bit Server VM (23.0-b21) for bsd-amd64 JRE (1.7.0_04-b21), built on Apr 19 2012 22:33:17 by "java_re" with gcc 4.2.1 (Based on Apple Inc. build 5658) (LLVM build 2336.1.00)

time: Fri Jan 24 19:22:16 2014
elapsed time: 34 seconds

