#
# A fatal error has been detected by the Java Runtime Environment:
#
#  SIGSEGV (0xb) at pc=0x00007fff9507d390, pid=5405, tid=140735261858144
#
# JRE version: 7.0_04-b21
# Java VM: Java HotSpot(TM) 64-Bit Server VM (23.0-b21 mixed mode bsd-amd64 compressed oops)
# Problematic frame:
# C  [libobjc.A.dylib+0xb390]  objc_msgSend_vtable14+0x10
#
# Failed to write core dump. Core dumps have been disabled. To enable core dumping, try "ulimit -c unlimited" before starting Java again
#
# If you would like to submit a bug report, please visit:
#   http://bugreport.sun.com/bugreport/crash.jsp
# The crash happened outside the Java Virtual Machine in native code.
# See problematic frame for where to report the bug.
#

---------------  T H R E A D  ---------------

Current thread (0x00007fedca120000):  JavaThread "JavaFX Application Thread" [_thread_in_native, id=2068470112, stack(0x00007fff5fa58000,0x00007fff60258000)]

siginfo:si_signo=SIGSEGV: si_errno=0, si_code=0 (SEGV0), si_addr=0x0000000000000000

Registers:
RAX=0xe000000000000000, RBX=0x00007fedcb3d6ae0, RCX=0x00007fedca11e070, RDX=0x00000000a1a1a1a1
RSP=0x00007fff602540d8, RBP=0x00007fff60254100, RSI=0x00007fff7b9f2720, RDI=0x00007fedcb333ff0
R8 =0x00007fff7aeae084, R9 =0x00007fff60254098, R10=0x00007fedc9d70e30, R11=0x0000000100793eb8
R12=0x00007fedc9d005d0, R13=0x0000000000000004, R14=0x00007fedca11e068, R15=0x00007fff7b9f2720
RIP=0x00007fff9507d390, EFLAGS=0x0000000000010246, ERR=0x0000000000000000
  TRAPNO=0x000000000000000d

Top of Stack: (sp=0x00007fff602540d8)
0x00007fff602540d8:   00007fff956b7404 00007fedc9d005d0
0x00007fff602540e8:   00007fedcb3d6c10 0000000000000000
0x00007fff602540f8:   0000133d0e1081e6 00007fff60254160
0x00007fff60254108:   00007fff9149bb58 00007fff94cee3a3
0x00007fff60254118:   00007fedcb3d6ae0 00007fedcb3d6c10
0x00007fff60254128:   00007fedcb3d6c28 d7c667e39f798234
0x00007fff60254138:   00007fedcb3d6c10 00007fedc9d005d0
0x00007fff60254148:   0000000000000004 00007fedc9d005c0
0x00007fff60254158:   0000133d0e1081e6 00007fff602541d0
0x00007fff60254168:   00007fff9149b4ba 00007fff602541a0
0x00007fff60254178:   0000000000000000 0000000000000000
0x00007fff60254188:   00007fedcb3d6ae0 00007fedcb3d6c28
0x00007fff60254198:   00007fedc9d004d0 d7c667e39f798234
0x00007fff602541a8:   0000000000000003 00000001007b3940
0x00007fff602541b8:   00007fedc9d00400 0000000000000002
0x00007fff602541c8:   0000000000000005 00007fff60254e80
0x00007fff602541d8:   00007fff9147be11 00007fedca1201d8
0x00007fff602541e8:   00230004ffffffff 0000000000000000
0x00007fff602541f8:   000000017b59f670 00007fedcb360760
0x00007fff60254208:   00007fedc9d005d0 00007fedc9d004d0
0x00007fff60254218:   01007fff930bd160 00007fff60254258
0x00007fff60254228:   00001b037b59f68c 00007fff7aea6fa0
0x00007fff60254238:   00007fedc9d004c0 00007fedc9d005c0
0x00007fff60254248:   00007fedcb43f860 00007fff60254258
0x00007fff60254258:   0000003000001100 00001a0300000000
0x00007fff60254268:   0000000000000000 0000000000000000
0x00007fff60254278:   0000000000000000 0000000000000000
0x00007fff60254288:   0000004400000000 000000000000057b
0x00007fff60254298:   0000000000000001 0000000000000000
0x00007fff602542a8:   0000000000000000 0000000000000000
0x00007fff602542b8:   0000000000000000 0321091600000000
0x00007fff602542c8:   0000000000000000 000000000000fb5b 

Instructions: (pc=0x00007fff9507d390)
0x00007fff9507d370:   8b 42 18 48 8b 76 08 ff 60 68 66 0f 1f 44 00 00
0x00007fff9507d380:   48 85 ff 74 16 f7 c7 01 00 00 00 75 12 48 8b 07
0x00007fff9507d390:   48 8b 40 18 48 8b 76 08 ff 60 70 31 c0 c3 90 89
0x00007fff9507d3a0:   f8 83 e0 0f 4c 8d 15 2d 51 84 e6 4d 8b 14 c2 49 

Register to memory mapping:

RAX=0xe000000000000000 is an unknown value
RBX=0x00007fedcb3d6ae0 is an unknown value
RCX=0x00007fedca11e070 is an unknown value
RDX=0x00000000a1a1a1a1 is an unknown value
RSP=0x00007fff602540d8 is pointing into the stack for thread: 0x00007fedca120000
RBP=0x00007fff60254100 is pointing into the stack for thread: 0x00007fedca120000
RSI=0x00007fff7b9f2720: OBJC_IVAR_$_NSFileWatcher._formerPath+0x72d0 in /System/Library/Frameworks/Foundation.framework/Versions/C/Foundation at 0x00007fff956a1000
RDI=0x00007fedcb333ff0 is an unknown value
R8 =0x00007fff7aeae084: __CFProcessKillingLock+0 in /System/Library/Frameworks/CoreFoundation.framework/Versions/A/CoreFoundation at 0x00007fff91443000
R9 =0x00007fff60254098 is pointing into the stack for thread: 0x00007fedca120000
R10=0x00007fedc9d70e30 is an unknown value
R11=0x0000000100793eb8 is an unknown value
R12=0x00007fedc9d005d0 is an unknown value
R13=0x0000000000000004 is an unknown value
R14=0x00007fedca11e068 is an unknown value
R15=0x00007fff7b9f2720: OBJC_IVAR_$_NSFileWatcher._formerPath+0x72d0 in /System/Library/Frameworks/Foundation.framework/Versions/C/Foundation at 0x00007fff956a1000


Stack: [0x00007fff5fa58000,0x00007fff60258000],  sp=0x00007fff602540d8,  free space=8176k
Native frames: (J=compiled Java code, j=interpreted, Vv=VM code, C=native code)
C  [libobjc.A.dylib+0xb390]  objc_msgSend_vtable14+0x10
C  [CoreFoundation+0x58b58]  CFRunLoopTimerInvalidate+0x218
C  [CoreFoundation+0x584ba]  __CFRunLoopDoTimer+0x24a
C  [CoreFoundation+0x38e11]  __CFRunLoopRun+0x651
C  [CoreFoundation+0x38486]  CFRunLoopRunSpecific+0xe6
C  [HIToolbox+0x22bf]  RunCurrentEventLoopInMode+0x115
C  [HIToolbox+0x94bf]  ReceiveNextEventCommon+0xb5
C  [HIToolbox+0x93fa]  BlockUntilNextEventMatchingListInMode+0x3e
C  [AppKit+0x8779]  _DPSNextEvent+0x293
C  [AppKit+0x807d]  -[NSApplication nextEventMatchingMask:untilDate:inMode:dequeue:]+0x87
C  [AppKit+0x49b9]  -[NSApplication run]+0x1d6
C  [libglass.dylib+0x3d31]  -[GlassApplication runLoop:]+0x2f1
C  [CoreFoundation+0x9370d]  -[NSObject performSelector:withObject:]+0x3d
C  [Foundation+0x4fd70]  __NSThreadPerformPerform+0xd6
C  [CoreFoundation+0x124f1]  __CFRUNLOOP_IS_CALLING_OUT_TO_A_SOURCE0_PERFORM_FUNCTION__+0x11
C  [CoreFoundation+0x11d5d]  __CFRunLoopDoSources0+0xfd
C  [CoreFoundation+0x38b49]  __CFRunLoopRun+0x389
C  [CoreFoundation+0x38486]  CFRunLoopRunSpecific+0xe6
C  [java+0x74bc]  CreateExecutionEnvironment+0x367
C  [java+0x1cac]  JLI_Launch+0x7a0
C  [java+0x7819]  main+0x65
C  [java+0x1504]  start+0x34


---------------  P R O C E S S  ---------------

Java Threads: ( => current thread )
  0x00007fedca3dd800 JavaThread "Prism Font Disposer" daemon [_thread_blocked, id=234323968, stack(0x000000010de78000,0x000000010df78000)]
  0x00007fedca1d2000 JavaThread "Thread-4" daemon [_thread_in_native, id=200302592, stack(0x000000010be86000,0x000000010bf06000)]
=>0x00007fedca120000 JavaThread "JavaFX Application Thread" [_thread_in_native, id=2068470112, stack(0x00007fff5fa58000,0x00007fff60258000)]
  0x00007fedca8dd000 JavaThread "Thread-2" daemon [_thread_blocked, id=175341568, stack(0x000000010a638000,0x000000010a738000)]
  0x00007fedca8c8000 JavaThread "Disposer" daemon [_thread_blocked, id=173875200, stack(0x000000010a4d2000,0x000000010a5d2000)]
  0x00007fedca8d3000 JavaThread "QuantumRenderer-0" daemon [_thread_blocked, id=167686144, stack(0x0000000109eeb000,0x0000000109feb000)]
  0x00007fedca0eb800 JavaThread "JavaFX-Launcher" [_thread_blocked, id=166592512, stack(0x0000000109de0000,0x0000000109ee0000)]
  0x00007fedca836800 JavaThread "Service Thread" daemon [_thread_blocked, id=163971072, stack(0x0000000109b60000,0x0000000109c60000)]
  0x00007fedca82e800 JavaThread "C2 CompilerThread1" daemon [_thread_blocked, id=162910208, stack(0x0000000109a5d000,0x0000000109b5d000)]
  0x00007fedca835000 JavaThread "C2 CompilerThread0" daemon [_thread_blocked, id=161849344, stack(0x000000010995a000,0x0000000109a5a000)]
  0x00007fedca834000 JavaThread "Signal Dispatcher" daemon [_thread_blocked, id=160788480, stack(0x0000000109857000,0x0000000109957000)]
  0x00007fedca078800 JavaThread "Finalizer" daemon [_thread_blocked, id=157663232, stack(0x000000010955c000,0x000000010965c000)]
  0x00007fedca816000 JavaThread "Reference Handler" daemon [_thread_blocked, id=156602368, stack(0x0000000109459000,0x0000000109559000)]
  0x00007fedca800800 JavaThread "main" [_thread_blocked, id=21118976, stack(0x0000000101324000,0x0000000101424000)]

Other Threads:
  0x00007fedca078000 VMThread [stack: 0x0000000109356000,0x0000000109456000] [id=155541504]
  0x00007fedca086000 WatcherThread [stack: 0x0000000109c63000,0x0000000109d63000] [id=165031936]

VM state:not at safepoint (normal execution)

VM Mutex/Monitor currently owned by a thread: None

Heap
 PSYoungGen      total 49216K, used 32389K [0x00000007e26b0000, 0x00000007e86d0000, 0x0000000800000000)
  eden space 45440K, 63% used [0x00000007e26b0000,0x00000007e42c5958,0x00000007e5310000)
  from space 3776K, 96% used [0x00000007e5310000,0x00000007e569bab0,0x00000007e56c0000)
  to   space 3776K, 0% used [0x00000007e8320000,0x00000007e8320000,0x00000007e86d0000)
 ParOldGen       total 155648K, used 77245K [0x00000007a7400000, 0x00000007b0c00000, 0x00000007e26b0000)
  object space 155648K, 49% used [0x00000007a7400000,0x00000007abf6f7e0,0x00000007b0c00000)
 PSPermGen       total 21248K, used 11231K [0x00000007a2200000, 0x00000007a36c0000, 0x00000007a7400000)
  object space 21248K, 52% used [0x00000007a2200000,0x00000007a2cf7e30,0x00000007a36c0000)

Code Cache  [0x0000000101456000, 0x00000001016c6000, 0x0000000104456000)
 total_blobs=654 nmethods=124 adapters=482 free_code_cache=48284Kb largest_free_block=49418048

Compilation events (10 events):
Event: 3.956 Thread 0x00007fedca835000  115             com.sun.openpisces.Renderer$ScanlineIterator::access$900 (5 bytes)
Event: 3.956 Thread 0x00007fedca835000 nmethod 115 0x000000010152c090 code [0x000000010152c1c0, 0x000000010152c218]
Event: 3.956 Thread 0x00007fedca835000  116             com.sun.openpisces.Renderer$ScanlineIterator::curY (7 bytes)
Event: 3.957 Thread 0x00007fedca835000 nmethod 116 0x000000010152be90 code [0x000000010152bfc0, 0x000000010152c018]
Event: 3.957 Thread 0x00007fedca835000    5 %           com.sun.openpisces.Renderer::produceAlphas @ 267 (589 bytes)
Event: 3.977 Thread 0x00007fedca835000 nmethod 5% 0x000000010152a450 code [0x000000010152a600, 0x000000010152b348]
Event: 14.104 Thread 0x00007fedca835000  117             com.sun.javafx.geom.transform.GeneralTransform3D::isInfOrNaN (40 bytes)
Event: 14.109 Thread 0x00007fedca835000 nmethod 117 0x0000000101531390 code [0x0000000101531500, 0x0000000101531638]
Event: 14.781 Thread 0x00007fedca835000  118             java.nio.Buffer::nextPutIndex (31 bytes)
Event: 14.782 Thread 0x00007fedca835000 nmethod 118 0x0000000101532210 code [0x0000000101532340, 0x00000001015323b8]

GC Heap History (8 events):
Event: 1.152 GC heap before
{Heap before GC invocations=1 (full 0):
 PSYoungGen      total 26496K, used 22461K [0x00000007e26b0000, 0x00000007e4440000, 0x0000000800000000)
  eden space 22720K, 98% used [0x00000007e26b0000,0x00000007e3c9f410,0x00000007e3ce0000)
  from space 3776K, 0% used [0x00000007e4090000,0x00000007e4090000,0x00000007e4440000)
  to   space 3776K, 0% used [0x00000007e3ce0000,0x00000007e3ce0000,0x00000007e4090000)
 ParOldGen       total 60544K, used 0K [0x00000007a7400000, 0x00000007aaf20000, 0x00000007e26b0000)
  object space 60544K, 0% used [0x00000007a7400000,0x00000007a7400000,0x00000007aaf20000)
 PSPermGen       total 21248K, used 6409K [0x00000007a2200000, 0x00000007a36c0000, 0x00000007a7400000)
  object space 21248K, 30% used [0x00000007a2200000,0x00000007a2842540,0x00000007a36c0000)
Event: 1.173 GC heap after
Heap after GC invocations=1 (full 0):
 PSYoungGen      total 26496K, used 3752K [0x00000007e26b0000, 0x00000007e5a70000, 0x0000000800000000)
  eden space 22720K, 0% used [0x00000007e26b0000,0x00000007e26b0000,0x00000007e3ce0000)
  from space 3776K, 99% used [0x00000007e3ce0000,0x00000007e408a138,0x00000007e4090000)
  to   space 3776K, 0% used [0x00000007e56c0000,0x00000007e56c0000,0x00000007e5a70000)
 ParOldGen       total 60544K, used 13665K [0x00000007a7400000, 0x00000007aaf20000, 0x00000007e26b0000)
  object space 60544K, 22% used [0x00000007a7400000,0x00000007a8158738,0x00000007aaf20000)
 PSPermGen       total 21248K, used 6409K [0x00000007a2200000, 0x00000007a36c0000, 0x00000007a7400000)
  object space 21248K, 30% used [0x00000007a2200000,0x00000007a2842540,0x00000007a36c0000)
}
Event: 1.620 GC heap before
{Heap before GC invocations=2 (full 0):
 PSYoungGen      total 26496K, used 26197K [0x00000007e26b0000, 0x00000007e5a70000, 0x0000000800000000)
  eden space 22720K, 98% used [0x00000007e26b0000,0x00000007e3c9b5b8,0x00000007e3ce0000)
  from space 3776K, 99% used [0x00000007e3ce0000,0x00000007e408a138,0x00000007e4090000)
  to   space 3776K, 0% used [0x00000007e56c0000,0x00000007e56c0000,0x00000007e5a70000)
 ParOldGen       total 60544K, used 13665K [0x00000007a7400000, 0x00000007aaf20000, 0x00000007e26b0000)
  object space 60544K, 22% used [0x00000007a7400000,0x00000007a8158738,0x00000007aaf20000)
 PSPermGen       total 21248K, used 6413K [0x00000007a2200000, 0x00000007a36c0000, 0x00000007a7400000)
  object space 21248K, 30% used [0x00000007a2200000,0x00000007a28437f8,0x00000007a36c0000)
Event: 1.648 GC heap after
Heap after GC invocations=2 (full 0):
 PSYoungGen      total 49216K, used 3754K [0x00000007e26b0000, 0x00000007e5a70000, 0x0000000800000000)
  eden space 45440K, 0% used [0x00000007e26b0000,0x00000007e26b0000,0x00000007e5310000)
  from space 3776K, 99% used [0x00000007e56c0000,0x00000007e5a6a9c0,0x00000007e5a70000)
  to   space 3776K, 0% used [0x00000007e5310000,0x00000007e5310000,0x00000007e56c0000)
 ParOldGen       total 60544K, used 34501K [0x00000007a7400000, 0x00000007aaf20000, 0x00000007e26b0000)
  object space 60544K, 56% used [0x00000007a7400000,0x00000007a95b1528,0x00000007aaf20000)
 PSPermGen       total 21248K, used 6413K [0x00000007a2200000, 0x00000007a36c0000, 0x00000007a7400000)
  object space 21248K, 30% used [0x00000007a2200000,0x00000007a28437f8,0x00000007a36c0000)
}
Event: 2.526 GC heap before
{Heap before GC invocations=3 (full 0):
 PSYoungGen      total 49216K, used 48934K [0x00000007e26b0000, 0x00000007e5a70000, 0x0000000800000000)
  eden space 45440K, 99% used [0x00000007e26b0000,0x00000007e52cf1a8,0x00000007e5310000)
  from space 3776K, 99% used [0x00000007e56c0000,0x00000007e5a6a9c0,0x00000007e5a70000)
  to   space 3776K, 0% used [0x00000007e5310000,0x00000007e5310000,0x00000007e56c0000)
 ParOldGen       total 60544K, used 34501K [0x00000007a7400000, 0x00000007aaf20000, 0x00000007e26b0000)
  object space 60544K, 56% used [0x00000007a7400000,0x00000007a95b1528,0x00000007aaf20000)
 PSPermGen       total 21248K, used 6425K [0x00000007a2200000, 0x00000007a36c0000, 0x00000007a7400000)
  object space 21248K, 30% used [0x00000007a2200000,0x00000007a28466d0,0x00000007a36c0000)
Event: 2.576 GC heap after
Heap after GC invocations=3 (full 0):
 PSYoungGen      total 49216K, used 3766K [0x00000007e26b0000, 0x00000007e86d0000, 0x0000000800000000)
  eden space 45440K, 0% used [0x00000007e26b0000,0x00000007e26b0000,0x00000007e5310000)
  from space 3776K, 99% used [0x00000007e5310000,0x00000007e56bdae8,0x00000007e56c0000)
  to   space 3776K, 0% used [0x00000007e8320000,0x00000007e8320000,0x00000007e86d0000)
 ParOldGen       total 77248K, used 77209K [0x00000007a7400000, 0x00000007abf70000, 0x00000007e26b0000)
  object space 77248K, 99% used [0x00000007a7400000,0x00000007abf66518,0x00000007abf70000)
 PSPermGen       total 21248K, used 6425K [0x00000007a2200000, 0x00000007a36c0000, 0x00000007a7400000)
  object space 21248K, 30% used [0x00000007a2200000,0x00000007a28466d0,0x00000007a36c0000)
}
Event: 2.576 GC heap before
{Heap before GC invocations=4 (full 1):
 PSYoungGen      total 49216K, used 3766K [0x00000007e26b0000, 0x00000007e86d0000, 0x0000000800000000)
  eden space 45440K, 0% used [0x00000007e26b0000,0x00000007e26b0000,0x00000007e5310000)
  from space 3776K, 99% used [0x00000007e5310000,0x00000007e56bdae8,0x00000007e56c0000)
  to   space 3776K, 0% used [0x00000007e8320000,0x00000007e8320000,0x00000007e86d0000)
 ParOldGen       total 77248K, used 77209K [0x00000007a7400000, 0x00000007abf70000, 0x00000007e26b0000)
  object space 77248K, 99% used [0x00000007a7400000,0x00000007abf66518,0x00000007abf70000)
 PSPermGen       total 21248K, used 6425K [0x00000007a2200000, 0x00000007a36c0000, 0x00000007a7400000)
  object space 21248K, 30% used [0x00000007a2200000,0x00000007a28466d0,0x00000007a36c0000)
Event: 2.659 GC heap after
Heap after GC invocations=4 (full 1):
 PSYoungGen      total 49216K, used 3630K [0x00000007e26b0000, 0x00000007e86d0000, 0x0000000800000000)
  eden space 45440K, 0% used [0x00000007e26b0000,0x00000007e26b0000,0x00000007e5310000)
  from space 3776K, 96% used [0x00000007e5310000,0x00000007e569bab0,0x00000007e56c0000)
  to   space 3776K, 0% used [0x00000007e8320000,0x00000007e8320000,0x00000007e86d0000)
 ParOldGen       total 155648K, used 77245K [0x00000007a7400000, 0x00000007b0c00000, 0x00000007e26b0000)
  object space 155648K, 49% used [0x00000007a7400000,0x00000007abf6f7e0,0x00000007b0c00000)
 PSPermGen       total 21248K, used 6422K [0x00000007a2200000, 0x00000007a36c0000, 0x00000007a7400000)
  object space 21248K, 30% used [0x00000007a2200000,0x00000007a2845af0,0x00000007a36c0000)
}

Deoptimization events (10 events):
Event: 0.565 Thread 0x00007fedca120000 Uncommon trap -34 fr.pc 0x00000001014c6008
Event: 0.565 Thread 0x00007fedca120000 Uncommon trap -34 fr.pc 0x00000001014c6008
Event: 0.565 Thread 0x00007fedca120000 Uncommon trap -34 fr.pc 0x00000001014c6008
Event: 3.192 Thread 0x00007fedca120000 Uncommon trap -34 fr.pc 0x00000001014c8a9c
Event: 3.192 Thread 0x00007fedca120000 Uncommon trap -34 fr.pc 0x00000001014c8a9c
Event: 3.193 Thread 0x00007fedca120000 Uncommon trap -34 fr.pc 0x00000001014c8a9c
Event: 3.193 Thread 0x00007fedca120000 Uncommon trap -34 fr.pc 0x00000001014c8a9c
Event: 3.310 Thread 0x00007fedca120000 Uncommon trap 51 fr.pc 0x00000001014f80c0
Event: 3.313 Thread 0x00007fedca120000 Uncommon trap -75 fr.pc 0x0000000101505230
Event: 3.505 Thread 0x00007fedca120000 Uncommon trap -12 fr.pc 0x000000010150c344

Internal exceptions (10 events):
Event: 3.086 Thread 0x00007fedca120000 Threw 0x00000007e3d32220 at /HUDSON/workspace/jdk7u4-2-build-macosx-x86_64-product/jdk7u4/hotspot/src/share/vm/prims/jvm.cpp:1166
Event: 3.086 Thread 0x00007fedca120000 Threw 0x00000007e3d355b8 at /HUDSON/workspace/jdk7u4-2-build-macosx-x86_64-product/jdk7u4/hotspot/src/share/vm/prims/jvm.cpp:1166
Event: 3.088 Thread 0x00007fedca120000 Threw 0x00000007e3d39e20 at /HUDSON/workspace/jdk7u4-2-build-macosx-x86_64-product/jdk7u4/hotspot/src/share/vm/prims/jvm.cpp:1166
Event: 3.089 Thread 0x00007fedca120000 Threw 0x00000007e3d3ca98 at /HUDSON/workspace/jdk7u4-2-build-macosx-x86_64-product/jdk7u4/hotspot/src/share/vm/prims/jvm.cpp:1166
Event: 3.090 Thread 0x00007fedca120000 Threw 0x00000007e3d44f78 at /HUDSON/workspace/jdk7u4-2-build-macosx-x86_64-product/jdk7u4/hotspot/src/share/vm/prims/jvm.cpp:1166
Event: 3.091 Thread 0x00007fedca120000 Threw 0x00000007e3d4a9e0 at /HUDSON/workspace/jdk7u4-2-build-macosx-x86_64-product/jdk7u4/hotspot/src/share/vm/prims/jvm.cpp:1166
Event: 3.092 Thread 0x00007fedca120000 Threw 0x00000007e3d4de28 at /HUDSON/workspace/jdk7u4-2-build-macosx-x86_64-product/jdk7u4/hotspot/src/share/vm/prims/jvm.cpp:1166
Event: 3.092 Thread 0x00007fedca120000 Threw 0x00000007e3d50fa0 at /HUDSON/workspace/jdk7u4-2-build-macosx-x86_64-product/jdk7u4/hotspot/src/share/vm/prims/jvm.cpp:1166
Event: 3.093 Thread 0x00007fedca120000 Threw 0x00000007e3d55690 at /HUDSON/workspace/jdk7u4-2-build-macosx-x86_64-product/jdk7u4/hotspot/src/share/vm/prims/jvm.cpp:1166
Event: 3.505 Thread 0x00007fedca120000 Implicit null exception at 0x000000010150c0e9 to 0x000000010150c329

Events (10 events):
Event: 14.790 loading class 0x00007fedc9d460b0
Event: 14.790 loading class 0x00007fedc9d460b0 done
Event: 14.790 loading class 0x0000000100729ea0
Event: 14.790 loading class 0x000000010072a150
Event: 14.790 loading class 0x000000010072a150 done
Event: 14.790 loading class 0x0000000100729ea0 done
Event: 14.790 loading class 0x00007fedcb3654b0
Event: 14.790 loading class 0x00007fedcb3654b0 done
Event: 14.826 loading class 0x00007fedc9d54250
Event: 14.826 loading class 0x00007fedc9d54250 done


Dynamic libraries:
0x000000000a2d3000 	/System/Library/Frameworks/Cocoa.framework/Versions/A/Cocoa
0x000000000a2d3000 	/System/Library/Frameworks/Security.framework/Versions/A/Security
0x000000000a2d3000 	/System/Library/Frameworks/ApplicationServices.framework/Versions/A/ApplicationServices
0x000000000a2d3000 	/usr/lib/libz.1.dylib
0x000000000a2d3000 	/usr/lib/libSystem.B.dylib
0x000000000a2d3000 	/usr/lib/libobjc.A.dylib
0x000000000a2d3000 	/System/Library/Frameworks/CoreFoundation.framework/Versions/A/CoreFoundation
0x000000000a2d3000 	/System/Library/Frameworks/AppKit.framework/Versions/C/AppKit
0x000000000a2d3000 	/System/Library/Frameworks/CoreData.framework/Versions/A/CoreData
0x000000000a2d3000 	/System/Library/Frameworks/Foundation.framework/Versions/C/Foundation
0x000000000a2d3000 	/System/Library/PrivateFrameworks/RemoteViewServices.framework/Versions/A/RemoteViewServices
0x000000000a2d3000 	/System/Library/Frameworks/AudioToolbox.framework/Versions/A/AudioToolbox
0x000000000a2d3000 	/System/Library/Frameworks/AudioUnit.framework/Versions/A/AudioUnit
0x000000000a2d3000 	/System/Library/PrivateFrameworks/DataDetectorsCore.framework/Versions/A/DataDetectorsCore
0x000000000a2d3000 	/System/Library/PrivateFrameworks/DesktopServicesPriv.framework/Versions/A/DesktopServicesPriv
0x000000000a2d3000 	/System/Library/Frameworks/Carbon.framework/Versions/A/Frameworks/HIToolbox.framework/Versions/A/HIToolbox
0x000000000a2d3000 	/System/Library/Frameworks/QuartzCore.framework/Versions/A/QuartzCore
0x000000000a2d3000 	/System/Library/Frameworks/Carbon.framework/Versions/A/Frameworks/SpeechRecognition.framework/Versions/A/SpeechRecognition
0x000000000a2d3000 	/usr/lib/libauto.dylib
0x000000000a2d3000 	/usr/lib/libicucore.A.dylib
0x000000000a2d3000 	/usr/lib/libxml2.2.dylib
0x000000000a2d3000 	/System/Library/PrivateFrameworks/CoreUI.framework/Versions/A/CoreUI
0x000000000a2d3000 	/System/Library/Frameworks/CoreAudio.framework/Versions/A/CoreAudio
0x000000000a2d3000 	/System/Library/Frameworks/DiskArbitration.framework/Versions/A/DiskArbitration
0x000000000a2d3000 	/usr/lib/liblangid.dylib
0x000000000a2d3000 	/System/Library/PrivateFrameworks/MultitouchSupport.framework/Versions/A/MultitouchSupport
0x000000000a2d3000 	/System/Library/Frameworks/IOKit.framework/Versions/A/IOKit
0x000000000a2d3000 	/usr/lib/libDiagnosticMessagesClient.dylib
0x000000000a2d3000 	/System/Library/Frameworks/CoreServices.framework/Versions/A/CoreServices
0x000000000a2d3000 	/System/Library/PrivateFrameworks/PerformanceAnalysis.framework/Versions/A/PerformanceAnalysis
0x000000000a2d3000 	/System/Library/PrivateFrameworks/GenerationalStorage.framework/Versions/A/GenerationalStorage
0x000000000a2d3000 	/System/Library/Frameworks/OpenGL.framework/Versions/A/OpenGL
0x000000000a2d3000 	/System/Library/Frameworks/CoreServices.framework/Versions/A/Frameworks/CFNetwork.framework/Versions/A/CFNetwork
0x000000000a2d3000 	/System/Library/Frameworks/SystemConfiguration.framework/Versions/A/SystemConfiguration
0x000000000a2d3000 	/usr/lib/libCRFSuite.dylib
0x000000000a2d3000 	/usr/lib/libc++.1.dylib
0x000000000a2d3000 	/usr/lib/libstdc++.6.dylib
0x000000000a2d3000 	/usr/lib/libc++abi.dylib
0x000000000a2d3000 	/usr/lib/system/libcache.dylib
0x000000000a2d3000 	/usr/lib/system/libcommonCrypto.dylib
0x000000000a2d3000 	/usr/lib/system/libcompiler_rt.dylib
0x000000000a2d3000 	/usr/lib/system/libcopyfile.dylib
0x000000000a2d3000 	/usr/lib/system/libdispatch.dylib
0x000000000a2d3000 	/usr/lib/system/libdnsinfo.dylib
0x000000000a2d3000 	/usr/lib/system/libdyld.dylib
0x000000000a2d3000 	/usr/lib/system/libkeymgr.dylib
0x000000000a2d3000 	/usr/lib/system/liblaunch.dylib
0x000000000a2d3000 	/usr/lib/system/libmacho.dylib
0x000000000a2d3000 	/usr/lib/system/libmathCommon.A.dylib
0x000000000a2d3000 	/usr/lib/system/libquarantine.dylib
0x000000000a2d3000 	/usr/lib/system/libremovefile.dylib
0x000000000a2d3000 	/usr/lib/system/libsystem_blocks.dylib
0x000000000a2d3000 	/usr/lib/system/libsystem_c.dylib
0x000000000a2d3000 	/usr/lib/system/libsystem_dnssd.dylib
0x000000000a2d3000 	/usr/lib/system/libsystem_info.dylib
0x000000000a2d3000 	/usr/lib/system/libsystem_kernel.dylib
0x000000000a2d3000 	/usr/lib/system/libsystem_network.dylib
0x000000000a2d3000 	/usr/lib/system/libsystem_notify.dylib
0x000000000a2d3000 	/usr/lib/system/libsystem_sandbox.dylib
0x000000000a2d3000 	/usr/lib/system/libunc.dylib
0x000000000a2d3000 	/usr/lib/system/libunwind.dylib
0x000000000a2d3000 	/usr/lib/system/libxpc.dylib
0x000000000a2d3000 	/usr/lib/libbsm.0.dylib
0x000000000a2d3000 	/usr/lib/libsqlite3.dylib
0x000000000a2d3000 	/usr/lib/libOpenScriptingUtil.dylib
0x000000000a2d3000 	/usr/lib/libpam.2.dylib
0x000000000a2d3000 	/usr/lib/libxar-nossl.dylib
0x000000000a2d3000 	/usr/lib/libbz2.1.0.dylib
0x000000000a2d3000 	/System/Library/Frameworks/CoreServices.framework/Versions/A/Frameworks/CarbonCore.framework/Versions/A/CarbonCore
0x000000000a2d3000 	/System/Library/Frameworks/CoreServices.framework/Versions/A/Frameworks/Metadata.framework/Versions/A/Metadata
0x000000000a2d3000 	/System/Library/Frameworks/CoreServices.framework/Versions/A/Frameworks/OSServices.framework/Versions/A/OSServices
0x000000000a2d3000 	/System/Library/Frameworks/CoreServices.framework/Versions/A/Frameworks/SearchKit.framework/Versions/A/SearchKit
0x000000000a2d3000 	/System/Library/Frameworks/CoreServices.framework/Versions/A/Frameworks/AE.framework/Versions/A/AE
0x000000000a2d3000 	/System/Library/Frameworks/CoreServices.framework/Versions/A/Frameworks/LaunchServices.framework/Versions/A/LaunchServices
0x000000000a2d3000 	/System/Library/Frameworks/CoreServices.framework/Versions/A/Frameworks/DictionaryServices.framework/Versions/A/DictionaryServices
0x000000000a2d3000 	/System/Library/Frameworks/NetFS.framework/Versions/A/NetFS
0x000000000a2d3000 	/usr/lib/system/libkxld.dylib
0x000000000a2d3000 	/System/Library/PrivateFrameworks/NetAuth.framework/Versions/A/NetAuth
0x000000000a2d3000 	/usr/lib/libcrypto.0.9.8.dylib
0x000000000a2d3000 	/System/Library/PrivateFrameworks/TrustEvaluationAgent.framework/Versions/A/TrustEvaluationAgent
0x000000000a2d3000 	/System/Library/Frameworks/OpenDirectory.framework/Versions/A/Frameworks/CFOpenDirectory.framework/Versions/A/CFOpenDirectory
0x000000000a2d3000 	/usr/lib/libxslt.1.dylib
0x000000000a2d3000 	/System/Library/PrivateFrameworks/FamilyControls.framework/Versions/A/FamilyControls
0x000000000a2d3000 	/System/Library/Frameworks/Carbon.framework/Versions/A/Frameworks/Ink.framework/Versions/A/Ink
0x000000000a2d3000 	/System/Library/Frameworks/ApplicationServices.framework/Versions/A/Frameworks/CoreGraphics.framework/Versions/A/CoreGraphics
0x000000000a2d3000 	/System/Library/Frameworks/ApplicationServices.framework/Versions/A/Frameworks/ImageIO.framework/Versions/A/ImageIO
0x000000000a2d3000 	/System/Library/Frameworks/ApplicationServices.framework/Versions/A/Frameworks/CoreText.framework/Versions/A/CoreText
0x000000000a2d3000 	/System/Library/Frameworks/ApplicationServices.framework/Versions/A/Frameworks/ATS.framework/Versions/A/ATS
0x000000000a2d3000 	/System/Library/Frameworks/ApplicationServices.framework/Versions/A/Frameworks/ColorSync.framework/Versions/A/ColorSync
0x000000000a2d3000 	/System/Library/Frameworks/ApplicationServices.framework/Versions/A/Frameworks/HIServices.framework/Versions/A/HIServices
0x000000000a2d3000 	/System/Library/Frameworks/ApplicationServices.framework/Versions/A/Frameworks/LangAnalysis.framework/Versions/A/LangAnalysis
0x000000000a2d3000 	/System/Library/Frameworks/ApplicationServices.framework/Versions/A/Frameworks/PrintCore.framework/Versions/A/PrintCore
0x000000000a2d3000 	/System/Library/Frameworks/ApplicationServices.framework/Versions/A/Frameworks/QD.framework/Versions/A/QD
0x000000000a2d3000 	/System/Library/Frameworks/ApplicationServices.framework/Versions/A/Frameworks/SpeechSynthesis.framework/Versions/A/SpeechSynthesis
0x000000000a2d3000 	/System/Library/Frameworks/IOSurface.framework/Versions/A/IOSurface
0x000000000a2d3000 	/System/Library/Frameworks/Accelerate.framework/Versions/A/Accelerate
0x000000000a2d3000 	/System/Library/Frameworks/ApplicationServices.framework/Versions/A/Frameworks/ImageIO.framework/Versions/A/Resources/libJPEG.dylib
0x000000000a2d3000 	/System/Library/Frameworks/ApplicationServices.framework/Versions/A/Frameworks/ImageIO.framework/Versions/A/Resources/libTIFF.dylib
0x000000000a2d3000 	/System/Library/Frameworks/ApplicationServices.framework/Versions/A/Frameworks/ImageIO.framework/Versions/A/Resources/libPng.dylib
0x000000000a2d3000 	/System/Library/Frameworks/ApplicationServices.framework/Versions/A/Frameworks/ImageIO.framework/Versions/A/Resources/libGIF.dylib
0x000000000a2d3000 	/System/Library/Frameworks/ApplicationServices.framework/Versions/A/Frameworks/ImageIO.framework/Versions/A/Resources/libJP2.dylib
0x000000000a2d3000 	/System/Library/Frameworks/ApplicationServices.framework/Versions/A/Frameworks/ImageIO.framework/Versions/A/Resources/libRadiance.dylib
0x000000000a2d3000 	/System/Library/Frameworks/Accelerate.framework/Versions/A/Frameworks/vImage.framework/Versions/A/vImage
0x000000000a2d3000 	/System/Library/Frameworks/Accelerate.framework/Versions/A/Frameworks/vecLib.framework/Versions/A/vecLib
0x000000000a2d3000 	/System/Library/Frameworks/Accelerate.framework/Versions/A/Frameworks/vecLib.framework/Versions/A/libvDSP.dylib
0x000000000a2d3000 	/System/Library/Frameworks/Accelerate.framework/Versions/A/Frameworks/vecLib.framework/Versions/A/libvMisc.dylib
0x000000000a2d3000 	/System/Library/Frameworks/Accelerate.framework/Versions/A/Frameworks/vecLib.framework/Versions/A/libLAPACK.dylib
0x000000000a2d3000 	/System/Library/Frameworks/Accelerate.framework/Versions/A/Frameworks/vecLib.framework/Versions/A/libBLAS.dylib
0x000000000a2d3000 	/System/Library/Frameworks/ApplicationServices.framework/Versions/A/Frameworks/ATS.framework/Versions/A/Resources/libFontParser.dylib
0x000000000a2d3000 	/System/Library/Frameworks/ApplicationServices.framework/Versions/A/Frameworks/ATS.framework/Versions/A/Resources/libFontRegistry.dylib
0x000000000a2d3000 	/usr/lib/libcups.2.dylib
0x000000000a2d3000 	/System/Library/Frameworks/Kerberos.framework/Versions/A/Kerberos
0x000000000a2d3000 	/System/Library/Frameworks/GSS.framework/Versions/A/GSS
0x000000000a2d3000 	/usr/lib/libresolv.9.dylib
0x000000000a2d3000 	/usr/lib/libiconv.2.dylib
0x000000000a2d3000 	/System/Library/PrivateFrameworks/Heimdal.framework/Versions/A/Heimdal
0x000000000a2d3000 	/System/Library/Frameworks/OpenDirectory.framework/Versions/A/OpenDirectory
0x000000000a2d3000 	/System/Library/PrivateFrameworks/CommonAuth.framework/Versions/A/CommonAuth
0x000000000a2d3000 	/System/Library/Frameworks/CoreVideo.framework/Versions/A/CoreVideo
0x000000000a2d3000 	/System/Library/Frameworks/QuartzCore.framework/Versions/A/Frameworks/CoreImage.framework/Versions/A/CoreImage
0x000000000a2d3000 	/System/Library/Frameworks/QuartzCore.framework/Versions/A/Frameworks/ScalableUserInterface.framework/Versions/A/ScalableUserInterface
0x000000000a2d3000 	/System/Library/Frameworks/OpenGL.framework/Versions/A/Libraries/libGLU.dylib
0x000000000a2d3000 	/System/Library/Frameworks/OpenGL.framework/Versions/A/Libraries/libGFXShared.dylib
0x000000000a2d3000 	/System/Library/Frameworks/OpenGL.framework/Versions/A/Libraries/libGL.dylib
0x000000000a2d3000 	/System/Library/Frameworks/OpenGL.framework/Versions/A/Libraries/libGLImage.dylib
0x000000000a2d3000 	/System/Library/Frameworks/OpenGL.framework/Versions/A/Libraries/libCVMSPluginSupport.dylib
0x000000000a2d3000 	/System/Library/Frameworks/OpenGL.framework/Versions/A/Libraries/libCoreVMClient.dylib
0x000000000a2d3000 	/System/Library/Frameworks/OpenCL.framework/Versions/A/OpenCL
0x000000000a2d3000 	/System/Library/PrivateFrameworks/FaceCoreLight.framework/Versions/A/FaceCoreLight
0x000000000a2d3000 	/System/Library/Frameworks/vecLib.framework/Versions/A/vecLib
0x000000000a2d3000 	/System/Library/Frameworks/SecurityFoundation.framework/Versions/A/SecurityFoundation
0x000000000a2d3000 	/System/Library/PrivateFrameworks/CommerceKit.framework/Versions/A/Frameworks/CommerceCore.framework/Versions/A/CommerceCore
0x000000000a2d3000 	/System/Library/PrivateFrameworks/CoreSymbolication.framework/Versions/A/CoreSymbolication
0x000000000a2d3000 	/System/Library/PrivateFrameworks/Symbolication.framework/Versions/A/Symbolication
0x000000000a2d3000 	/System/Library/PrivateFrameworks/DebugSymbols.framework/Versions/A/DebugSymbols
0x0000000100883000 	/Library/Java/JavaVirtualMachines/1.7.0.jdk/Contents/Home/jre/lib/server/libjvm.dylib
0x00000001006cf000 	/Library/Java/JavaVirtualMachines/1.7.0.jdk/Contents/Home/jre/lib/libverify.dylib
0x0000000101426000 	/Library/Java/JavaVirtualMachines/1.7.0.jdk/Contents/Home/jre/lib/libjava.dylib
0x00000001006e6000 	/Library/Java/JavaVirtualMachines/1.7.0.jdk/Contents/Home/jre/lib/libzip.dylib
0x000000010965e000 	/System/Library/Frameworks/JavaVM.framework/Frameworks/JavaRuntimeSupport.framework/JavaRuntimeSupport
0x0000000109676000 	/System/Library/Frameworks/JavaVM.framework/Versions/A/Frameworks/JavaNativeFoundation.framework/Versions/A/JavaNativeFoundation
0x00000001006f0000 	/System/Library/Frameworks/JavaVM.framework/Versions/A/JavaVM
0x000000000a2d3000 	/System/Library/Frameworks/Carbon.framework/Versions/A/Carbon
0x000000010968b000 	/System/Library/PrivateFrameworks/JavaLaunching.framework/Versions/A/JavaLaunching
0x000000000a2d3000 	/System/Library/Frameworks/Carbon.framework/Versions/A/Frameworks/CommonPanels.framework/Versions/A/CommonPanels
0x000000000a2d3000 	/System/Library/Frameworks/Carbon.framework/Versions/A/Frameworks/Help.framework/Versions/A/Help
0x000000000a2d3000 	/System/Library/Frameworks/Carbon.framework/Versions/A/Frameworks/ImageCapture.framework/Versions/A/ImageCapture
0x000000000a2d3000 	/System/Library/Frameworks/Carbon.framework/Versions/A/Frameworks/OpenScripting.framework/Versions/A/OpenScripting
0x000000000a2d3000 	/System/Library/Frameworks/Carbon.framework/Versions/A/Frameworks/Print.framework/Versions/A/Print
0x000000000a2d3000 	/System/Library/Frameworks/Carbon.framework/Versions/A/Frameworks/SecurityHI.framework/Versions/A/SecurityHI
0x0000000109fed000 	/Library/Java/JavaVirtualMachines/jdk1.7.0_45.jdk/Contents/Home/jre/lib/libprism-es2.dylib
0x000000010a043000 	/System/Library/Frameworks/OpenGL.framework/Resources/GLEngine.bundle/GLEngine
0x000000010a232000 	/System/Library/Frameworks/OpenGL.framework/Versions/A/Libraries/libGLProgrammability.dylib
0x0000000000000000 	/System/Library/Extensions/GeForceGLDriver.bundle/Contents/MacOS/GeForceGLDriver
0x000000010a3be000 	/System/Library/PrivateFrameworks/GPUSupport.framework/Versions/A/Libraries/libGPUSupport.dylib
0x000000000a2d3000 	/System/Library/Extensions/GeForceGLDriver.bundle/Contents/MacOS/libclh.dylib
0x000000010a3d4000 	/System/Library/Frameworks/OpenGL.framework/Resources//GLRendererFloat.bundle/GLRendererFloat
0x000000010a40b000 	/System/Library/Frameworks/OpenCL.framework/Versions/A/Libraries/libcldcpuengine.dylib
0x000000000a2d3000 	/System/Library/PrivateFrameworks/DiskImages.framework/Versions/A/DiskImages
0x000000010a41b000 	/System/Library/Frameworks/OpenGL.framework/Versions/A/Libraries/libCoreFSCache.dylib
0x000000000a2d3000 	/System/Library/Frameworks/DiscRecording.framework/Versions/A/DiscRecording
0x000000000a2d3000 	/usr/lib/libcurl.4.dylib
0x000000000a2d3000 	/System/Library/PrivateFrameworks/MediaKit.framework/Versions/A/MediaKit
0x000000000a2d3000 	/usr/lib/libssl.0.9.8.dylib
0x000000000a2d3000 	/System/Library/Frameworks/LDAP.framework/Versions/A/LDAP
0x000000000a2d3000 	/usr/lib/libsasl2.2.dylib
0x000000010a5d4000 	/Library/Java/JavaVirtualMachines/jdk1.7.0_45.jdk/Contents/Home/jre/lib/libglass.dylib
0x000000000a2d3000 	/System/Library/PrivateFrameworks/CoreServicesInternal.framework/Versions/A/CoreServicesInternal
0x000000000a2d3000 	/System/Library/CoreServices/RawCamera.bundle/Contents/MacOS/RawCamera
0x000000000a2d3000 	/System/Library/Frameworks/ApplicationServices.framework/Versions/A/Frameworks/CoreGraphics.framework/Versions/A/Resources/libCSync.A.dylib
0x000000000a2d3000 	/System/Library/Frameworks/ApplicationServices.framework/Versions/A/Frameworks/CoreGraphics.framework/Versions/A/Resources/libRIP.A.dylib
0x000000010d21c000 	/Library/Java/JavaVirtualMachines/jdk1.7.0_45.jdk/Contents/Home/jre/lib/libjavafx-iio.dylib
0x000000010d4a0000 	/Library/Java/JavaVirtualMachines/jdk1.7.0_45.jdk/Contents/Home/jre/lib/libjavafx-font.dylib
0x000000000a2d3000 	/System/Library/Frameworks/ApplicationServices.framework/Versions/A/Frameworks/CoreGraphics.framework/Versions/A/Resources/libCGXType.A.dylib
0x000000010bb70000 	cl_kernels
0x000000010d3da000 	/System/Library/Frameworks/OpenCL.framework/Versions/A/Libraries/ImageFormats/unorm8_bgra.dylib
0x000000010bb76000 	cl_kernels

VM Arguments:
jvm_args: -Dfile.encoding=US-ASCII -Xbootclasspath/a:/Library/Java/JavaVirtualMachines/jdk1.7.0_45.jdk/Contents/Home/jre/lib/jfxrt.jar 
java_command: com.main.MVPApplication
Launcher Type: SUN_STANDARD

Environment Variables:
PATH=/usr/bin:/bin:/usr/sbin:/sbin
SHELL=/bin/bash
DISPLAY=/tmp/launch-fRATom/org.x:0

Signal Handlers:
SIGSEGV: [libjvm.dylib+0x4a177d], sa_mask[0]=0xfffefeff, sa_flags=0x00000042
SIGBUS: [libjvm.dylib+0x4a177d], sa_mask[0]=0xfffefeff, sa_flags=0x00000042
SIGFPE: [libjvm.dylib+0x3b1541], sa_mask[0]=0xfffefeff, sa_flags=0x00000042
SIGPIPE: [libjvm.dylib+0x3b1541], sa_mask[0]=0xfffefeff, sa_flags=0x00000042
SIGXFSZ: [libjvm.dylib+0x3b1541], sa_mask[0]=0xfffefeff, sa_flags=0x00000042
SIGILL: [libjvm.dylib+0x3b1541], sa_mask[0]=0xfffefeff, sa_flags=0x00000042
SIGUSR1: SIG_DFL, sa_mask[0]=0x00000000, sa_flags=0x00000002
SIGUSR2: [libjvm.dylib+0x3b10ce], sa_mask[0]=0x00000004, sa_flags=0x00000042
SIGHUP: [libjvm.dylib+0x3af2f3], sa_mask[0]=0xfffefeff, sa_flags=0x00000042
SIGINT: [libjvm.dylib+0x3af2f3], sa_mask[0]=0xfffefeff, sa_flags=0x00000042
SIGTERM: [libjvm.dylib+0x3af2f3], sa_mask[0]=0xfffefeff, sa_flags=0x00000042
SIGQUIT: [libjvm.dylib+0x3af2f3], sa_mask[0]=0xfffefeff, sa_flags=0x00000042


---------------  S Y S T E M  ---------------

OS:Bsd
uname:Darwin 11.4.2 Darwin Kernel Version 11.4.2: Thu Aug 23 16:25:48 PDT 2012; root:xnu-1699.32.7~1/RELEASE_X86_64 x86_64
rlimit: STACK 8192k, CORE 0k, NPROC 266, NOFILE 10240
CPU:total 2 (2 cores per cpu, 1 threads per core) family 6 model 23 stepping 10, cmov, cx8, fxsr, mmx, sse, sse2, sse3, ssse3, sse4.1, tsc

Memory: 4k page, physical 5810064k(1452516k free)

/proc/meminfo:


vm_info: Java HotSpot(TM) 64-Bit Server VM (23.0-b21) for bsd-amd64 JRE (1.7.0_04-b21), built on Apr 19 2012 22:33:17 by "java_re" with gcc 4.2.1 (Based on Apple Inc. build 5658) (LLVM build 2336.1.00)

time: Fri Jan 24 23:12:02 2014
elapsed time: 14 seconds

