#
# A fatal error has been detected by the Java Runtime Environment:
#
#  SIGSEGV (0xb) at pc=0x00007fff9507d390, pid=2184, tid=140735261858144
#
# JRE version: 7.0_04-b21
# Java VM: Java HotSpot(TM) 64-Bit Server VM (23.0-b21 mixed mode bsd-amd64 compressed oops)
# Problematic frame:
# C  [libobjc.A.dylib+0xb390]  objc_msgSend_vtable14+0x10
#
# Failed to write core dump. Core dumps have been disabled. To enable core dumping, try "ulimit -c unlimited" before starting Java again
#
# If you would like to submit a bug report, please visit:
#   http://bugreport.sun.com/bugreport/crash.jsp
# The crash happened outside the Java Virtual Machine in native code.
# See problematic frame for where to report the bug.
#

---------------  T H R E A D  ---------------

Current thread (0x00007f92ab0ad800):  JavaThread "JavaFX Application Thread" [_thread_in_native, id=2068470112, stack(0x00007fff68fe9000,0x00007fff697e9000)]

siginfo:si_signo=SIGSEGV: si_errno=0, si_code=0 (SEGV0), si_addr=0x0000000000000000

Registers:
RAX=0xf000000000000000, RBX=0x0000000109db5740, RCX=0x00007f92ab0ae070, RDX=0x00000000a1a1a1a1
RSP=0x00007fff697e50d8, RBP=0x00007fff697e5100, RSI=0x00007fff7b9f2720, RDI=0x00007f92aa5abd00
R8 =0x00007fff7aeae084, R9 =0x00007fff697e5098, R10=0x00007f92aa563920, R11=0x00007f92aa548638
R12=0x0000000109d18b40, R13=0x0000000000000004, R14=0x00007f92ab0ae068, R15=0x00007fff7b9f2720
RIP=0x00007fff9507d390, EFLAGS=0x0000000000010246, ERR=0x0000000000000000
  TRAPNO=0x000000000000000d

Top of Stack: (sp=0x00007fff697e50d8)
0x00007fff697e50d8:   00007fff956b7404 0000000109d18b40
0x00007fff697e50e8:   0000000109db6120 0000000000000000
0x00007fff697e50f8:   0000040eb4b7e200 00007fff697e5160
0x00007fff697e5108:   00007fff9149bb58 00007fff94cee3a3
0x00007fff697e5118:   0000000109db5740 0000000109db6120
0x00007fff697e5128:   0000000109db6138 ec78959725c9cca3
0x00007fff697e5138:   0000000109db6120 0000000109d18b40
0x00007fff697e5148:   0000000000000004 0000000109d18b30
0x00007fff697e5158:   0000040eb4b7e200 00007fff697e51d0
0x00007fff697e5168:   00007fff9149b4ba 00007fff697e51a0
0x00007fff697e5178:   0000000000000000 0000000000000000
0x00007fff697e5188:   0000000109db5740 0000000109db6138
0x00007fff697e5198:   0000000109d18a40 ec78959725c9cca3
0x00007fff697e51a8:   0000000000000003 00007f92abb5b910
0x00007fff697e51b8:   0000000109d18970 0000000000000001
0x00007fff697e51c8:   0000000000000005 00007fff697e5e80
0x00007fff697e51d8:   00007fff9147be11 00007f92ab0ad9d8
0x00007fff697e51e8:   00230004ffffffff 0000000000000000
0x00007fff697e51f8:   000000017b59f670 00007f92abb9c680
0x00007fff697e5208:   0000000109d18b40 0000000109d18a40
0x00007fff697e5218:   01007fff930bd160 00007fff697e5258
0x00007fff697e5228:   00001b037b59f68c 00007fff7aea6fa0
0x00007fff697e5238:   0000000109d18a30 0000000109d18b30
0x00007fff697e5248:   00007f92ad904750 00007fff697e5258
0x00007fff697e5258:   0000003000001100 00001a0300000000
0x00007fff697e5268:   0000000000000000 0000000000000000
0x00007fff697e5278:   0000000000000000 0000000000000000
0x00007fff697e5288:   0000004400000000 00000000000027e0
0x00007fff697e5298:   0000000000000001 0000000000000000
0x00007fff697e52a8:   0000000000000000 0000000000000000
0x00007fff697e52b8:   0000000000000000 bbd7dff700000000
0x00007fff697e52c8:   0000000000000000 0000000000011063 

Instructions: (pc=0x00007fff9507d390)
0x00007fff9507d370:   8b 42 18 48 8b 76 08 ff 60 68 66 0f 1f 44 00 00
0x00007fff9507d380:   48 85 ff 74 16 f7 c7 01 00 00 00 75 12 48 8b 07
0x00007fff9507d390:   48 8b 40 18 48 8b 76 08 ff 60 70 31 c0 c3 90 89
0x00007fff9507d3a0:   f8 83 e0 0f 4c 8d 15 2d 51 84 e6 4d 8b 14 c2 49 

Register to memory mapping:

RAX=0xf000000000000000 is an unknown value
RBX=0x0000000109db5740 is an unknown value
RCX=0x00007f92ab0ae070 is an unknown value
RDX=0x00000000a1a1a1a1 is an unknown value
RSP=0x00007fff697e50d8 is pointing into the stack for thread: 0x00007f92ab0ad800
RBP=0x00007fff697e5100 is pointing into the stack for thread: 0x00007f92ab0ad800
RSI=0x00007fff7b9f2720: OBJC_IVAR_$_NSFileWatcher._formerPath+0x72d0 in /System/Library/Frameworks/Foundation.framework/Versions/C/Foundation at 0x00007fff956a1000
RDI=0x00007f92aa5abd00 is an unknown value
R8 =0x00007fff7aeae084: __CFProcessKillingLock+0 in /System/Library/Frameworks/CoreFoundation.framework/Versions/A/CoreFoundation at 0x00007fff91443000
R9 =0x00007fff697e5098 is pointing into the stack for thread: 0x00007f92ab0ad800
R10=0x00007f92aa563920 is an unknown value
R11=0x00007f92aa548638 is an unknown value
R12=0x0000000109d18b40 is an unknown value
R13=0x0000000000000004 is an unknown value
R14=0x00007f92ab0ae068 is an unknown value
R15=0x00007fff7b9f2720: OBJC_IVAR_$_NSFileWatcher._formerPath+0x72d0 in /System/Library/Frameworks/Foundation.framework/Versions/C/Foundation at 0x00007fff956a1000


Stack: [0x00007fff68fe9000,0x00007fff697e9000],  sp=0x00007fff697e50d8,  free space=8176k
Native frames: (J=compiled Java code, j=interpreted, Vv=VM code, C=native code)
C  [libobjc.A.dylib+0xb390]  objc_msgSend_vtable14+0x10
C  [CoreFoundation+0x58b58]  CFRunLoopTimerInvalidate+0x218
C  [CoreFoundation+0x584ba]  __CFRunLoopDoTimer+0x24a
C  [CoreFoundation+0x38e11]  __CFRunLoopRun+0x651
C  [CoreFoundation+0x38486]  CFRunLoopRunSpecific+0xe6
C  [HIToolbox+0x22bf]  RunCurrentEventLoopInMode+0x115
C  [HIToolbox+0x94bf]  ReceiveNextEventCommon+0xb5
C  [HIToolbox+0x93fa]  BlockUntilNextEventMatchingListInMode+0x3e
C  [AppKit+0x8779]  _DPSNextEvent+0x293
C  [AppKit+0x807d]  -[NSApplication nextEventMatchingMask:untilDate:inMode:dequeue:]+0x87
C  [AppKit+0x49b9]  -[NSApplication run]+0x1d6
C  [libglass.dylib+0x3d31]  -[GlassApplication runLoop:]+0x2f1
C  [CoreFoundation+0x9370d]  -[NSObject performSelector:withObject:]+0x3d
C  [Foundation+0x4fd70]  __NSThreadPerformPerform+0xd6
C  [CoreFoundation+0x124f1]  __CFRUNLOOP_IS_CALLING_OUT_TO_A_SOURCE0_PERFORM_FUNCTION__+0x11
C  [CoreFoundation+0x11d5d]  __CFRunLoopDoSources0+0xfd
C  [CoreFoundation+0x38b49]  __CFRunLoopRun+0x389
C  [CoreFoundation+0x38486]  CFRunLoopRunSpecific+0xe6
C  [java+0x74bc]  CreateExecutionEnvironment+0x367
C  [java+0x1cac]  JLI_Launch+0x7a0
C  [java+0x7819]  main+0x65
C  [java+0x1504]  start+0x34


---------------  P R O C E S S  ---------------

Java Threads: ( => current thread )
  0x00007f92aacb3800 JavaThread "Prism Font Disposer" daemon [_thread_blocked, id=390492160, stack(0x0000000117367000,0x0000000117467000)]
  0x00007f92ab0e6800 JavaThread "Thread-4" daemon [_thread_in_native, id=357044224, stack(0x0000000115401000,0x0000000115481000)]
=>0x00007f92ab0ad800 JavaThread "JavaFX Application Thread" [_thread_in_native, id=2068470112, stack(0x00007fff68fe9000,0x00007fff697e9000)]
  0x00007f92aa933800 JavaThread "Thread-2" daemon [_thread_blocked, id=332083200, stack(0x0000000113bb3000,0x0000000113cb3000)]
  0x00007f92ab0ac800 JavaThread "Disposer" daemon [_thread_blocked, id=330616832, stack(0x0000000113a4d000,0x0000000113b4d000)]
  0x00007f92ab092800 JavaThread "QuantumRenderer-0" daemon [_thread_blocked, id=324427776, stack(0x0000000113466000,0x0000000113566000)]
  0x00007f92ab092000 JavaThread "JavaFX-Launcher" [_thread_blocked, id=323334144, stack(0x000000011335b000,0x000000011345b000)]
  0x00007f92ab007000 JavaThread "Service Thread" daemon [_thread_blocked, id=320720896, stack(0x00000001130dd000,0x00000001131dd000)]
  0x00007f92ab006000 JavaThread "C2 CompilerThread1" daemon [_thread_blocked, id=319660032, stack(0x0000000112fda000,0x00000001130da000)]
  0x00007f92ab004800 JavaThread "C2 CompilerThread0" daemon [_thread_blocked, id=318599168, stack(0x0000000112ed7000,0x0000000112fd7000)]
  0x00007f92ab003000 JavaThread "Signal Dispatcher" daemon [_thread_blocked, id=317538304, stack(0x0000000112dd4000,0x0000000112ed4000)]
  0x00007f92aa890800 JavaThread "Finalizer" daemon [_thread_blocked, id=314359808, stack(0x0000000112acc000,0x0000000112bcc000)]
  0x00007f92ab002000 JavaThread "Reference Handler" daemon [_thread_blocked, id=313298944, stack(0x00000001129c9000,0x0000000112ac9000)]
  0x00007f92aa834800 JavaThread "main" [_thread_blocked, id=177868800, stack(0x000000010a8a1000,0x000000010a9a1000)]

Other Threads:
  0x00007f92aa88a800 VMThread [stack: 0x00000001128c6000,0x00000001129c6000] [id=312238080]
  0x00007f92aa89e000 WatcherThread [stack: 0x00000001131e0000,0x00000001132e0000] [id=321781760]

VM state:not at safepoint (normal execution)

VM Mutex/Monitor currently owned by a thread: None

Heap
 PSYoungGen      total 49088K, used 36619K [0x00000007e2760000, 0x00000007e8740000, 0x0000000800000000)
  eden space 45312K, 73% used [0x00000007e2760000,0x00000007e47d92f0,0x00000007e53a0000)
  from space 3776K, 89% used [0x00000007e53a0000,0x00000007e56e99b0,0x00000007e5750000)
  to   space 3776K, 0% used [0x00000007e8390000,0x00000007e8390000,0x00000007e8740000)
 ParOldGen       total 155456K, used 77510K [0x00000007a7600000, 0x00000007b0dd0000, 0x00000007e2760000)
  object space 155456K, 49% used [0x00000007a7600000,0x00000007ac1b19e0,0x00000007b0dd0000)
 PSPermGen       total 21248K, used 11582K [0x00000007a2400000, 0x00000007a38c0000, 0x00000007a7600000)
  object space 21248K, 54% used [0x00000007a2400000,0x00000007a2f4f950,0x00000007a38c0000)

Code Cache  [0x000000010a9dc000, 0x000000010ac4c000, 0x000000010d9dc000)
 total_blobs=724 nmethods=194 adapters=482 free_code_cache=48111Kb largest_free_block=49241216

Compilation events (10 events):
Event: 82.743 Thread 0x00007f92ab006000  191  s          com.sun.scenario.effect.impl.ImagePool::checkIn (139 bytes)
Event: 82.774 Thread 0x00007f92ab006000 nmethod 191 0x000000010aacc250 code [0x000000010aacc460, 0x000000010aacd318]
Event: 83.789 Thread 0x00007f92ab004800  192             com.sun.prism.impl.VertexBuffer::flush (21 bytes)
Event: 83.793 Thread 0x00007f92ab004800 nmethod 192 0x000000010aacbed0 code [0x000000010aacc020, 0x000000010aacc108]
Event: 83.793 Thread 0x00007f92ab004800  193             com.sun.prism.impl.BaseContext::flushVertexBuffer (8 bytes)
Event: 83.795 Thread 0x00007f92ab004800 nmethod 193 0x000000010aacbad0 code [0x000000010aacbc20, 0x000000010aacbd28]
Event: 83.799 Thread 0x00007f92ab004800  194             java.lang.Math::min (46 bytes)
Event: 83.800 Thread 0x00007f92ab004800 nmethod 194 0x000000010aac1bd0 code [0x000000010aac1d20, 0x000000010aac1db8]
Event: 84.230 Thread 0x00007f92ab004800  195             com.sun.javafx.geom.transform.AffineBase::isTranslateOrIdentity (22 bytes)
Event: 84.233 Thread 0x00007f92ab004800 nmethod 195 0x000000010aacb790 code [0x000000010aacb8e0, 0x000000010aacb988]

GC Heap History (8 events):
Event: 1.166 GC heap before
{Heap before GC invocations=1 (full 0):
 PSYoungGen      total 26432K, used 22440K [0x00000007e2760000, 0x00000007e44e0000, 0x0000000800000000)
  eden space 22656K, 99% used [0x00000007e2760000,0x00000007e3d4a1b8,0x00000007e3d80000)
  from space 3776K, 0% used [0x00000007e4130000,0x00000007e4130000,0x00000007e44e0000)
  to   space 3776K, 0% used [0x00000007e3d80000,0x00000007e3d80000,0x00000007e4130000)
 ParOldGen       total 60544K, used 0K [0x00000007a7600000, 0x00000007ab120000, 0x00000007e2760000)
  object space 60544K, 0% used [0x00000007a7600000,0x00000007a7600000,0x00000007ab120000)
 PSPermGen       total 21248K, used 6413K [0x00000007a2400000, 0x00000007a38c0000, 0x00000007a7600000)
  object space 21248K, 30% used [0x00000007a2400000,0x00000007a2a43548,0x00000007a38c0000)
Event: 1.187 GC heap after
Heap after GC invocations=1 (full 0):
 PSYoungGen      total 26432K, used 3753K [0x00000007e2760000, 0x00000007e5b00000, 0x0000000800000000)
  eden space 22656K, 0% used [0x00000007e2760000,0x00000007e2760000,0x00000007e3d80000)
  from space 3776K, 99% used [0x00000007e3d80000,0x00000007e412a660,0x00000007e4130000)
  to   space 3776K, 0% used [0x00000007e5750000,0x00000007e5750000,0x00000007e5b00000)
 ParOldGen       total 60544K, used 13672K [0x00000007a7600000, 0x00000007ab120000, 0x00000007e2760000)
  object space 60544K, 22% used [0x00000007a7600000,0x00000007a835a210,0x00000007ab120000)
 PSPermGen       total 21248K, used 6413K [0x00000007a2400000, 0x00000007a38c0000, 0x00000007a7600000)
  object space 21248K, 30% used [0x00000007a2400000,0x00000007a2a43548,0x00000007a38c0000)
}
Event: 1.637 GC heap before
{Heap before GC invocations=2 (full 0):
 PSYoungGen      total 26432K, used 26193K [0x00000007e2760000, 0x00000007e5b00000, 0x0000000800000000)
  eden space 22656K, 99% used [0x00000007e2760000,0x00000007e3d49e48,0x00000007e3d80000)
  from space 3776K, 99% used [0x00000007e3d80000,0x00000007e412a660,0x00000007e4130000)
  to   space 3776K, 0% used [0x00000007e5750000,0x00000007e5750000,0x00000007e5b00000)
 ParOldGen       total 60544K, used 13672K [0x00000007a7600000, 0x00000007ab120000, 0x00000007e2760000)
  object space 60544K, 22% used [0x00000007a7600000,0x00000007a835a210,0x00000007ab120000)
 PSPermGen       total 21248K, used 6418K [0x00000007a2400000, 0x00000007a38c0000, 0x00000007a7600000)
  object space 21248K, 30% used [0x00000007a2400000,0x00000007a2a44870,0x00000007a38c0000)
Event: 1.667 GC heap after
Heap after GC invocations=2 (full 0):
 PSYoungGen      total 49088K, used 3755K [0x00000007e2760000, 0x00000007e5b00000, 0x0000000800000000)
  eden space 45312K, 0% used [0x00000007e2760000,0x00000007e2760000,0x00000007e53a0000)
  from space 3776K, 99% used [0x00000007e5750000,0x00000007e5afaf10,0x00000007e5b00000)
  to   space 3776K, 0% used [0x00000007e53a0000,0x00000007e53a0000,0x00000007e5750000)
 ParOldGen       total 60544K, used 34507K [0x00000007a7600000, 0x00000007ab120000, 0x00000007e2760000)
  object space 60544K, 56% used [0x00000007a7600000,0x00000007a97b2ff8,0x00000007ab120000)
 PSPermGen       total 21248K, used 6418K [0x00000007a2400000, 0x00000007a38c0000, 0x00000007a7600000)
  object space 21248K, 30% used [0x00000007a2400000,0x00000007a2a44870,0x00000007a38c0000)
}
Event: 2.559 GC heap before
{Heap before GC invocations=3 (full 0):
 PSYoungGen      total 49088K, used 48927K [0x00000007e2760000, 0x00000007e5b00000, 0x0000000800000000)
  eden space 45312K, 99% used [0x00000007e2760000,0x00000007e537cec8,0x00000007e53a0000)
  from space 3776K, 99% used [0x00000007e5750000,0x00000007e5afaf10,0x00000007e5b00000)
  to   space 3776K, 0% used [0x00000007e53a0000,0x00000007e53a0000,0x00000007e5750000)
 ParOldGen       total 60544K, used 34507K [0x00000007a7600000, 0x00000007ab120000, 0x00000007e2760000)
  object space 60544K, 56% used [0x00000007a7600000,0x00000007a97b2ff8,0x00000007ab120000)
 PSPermGen       total 21248K, used 6429K [0x00000007a2400000, 0x00000007a38c0000, 0x00000007a7600000)
  object space 21248K, 30% used [0x00000007a2400000,0x00000007a2a47748,0x00000007a38c0000)
Event: 2.611 GC heap after
Heap after GC invocations=3 (full 0):
 PSYoungGen      total 49088K, used 3743K [0x00000007e2760000, 0x00000007e8740000, 0x0000000800000000)
  eden space 45312K, 0% used [0x00000007e2760000,0x00000007e2760000,0x00000007e53a0000)
  from space 3776K, 99% used [0x00000007e53a0000,0x00000007e5747f28,0x00000007e5750000)
  to   space 3776K, 0% used [0x00000007e8390000,0x00000007e8390000,0x00000007e8740000)
 ParOldGen       total 77824K, used 77280K [0x00000007a7600000, 0x00000007ac200000, 0x00000007e2760000)
  object space 77824K, 99% used [0x00000007a7600000,0x00000007ac1780e8,0x00000007ac200000)
 PSPermGen       total 21248K, used 6429K [0x00000007a2400000, 0x00000007a38c0000, 0x00000007a7600000)
  object space 21248K, 30% used [0x00000007a2400000,0x00000007a2a47748,0x00000007a38c0000)
}
Event: 2.611 GC heap before
{Heap before GC invocations=4 (full 1):
 PSYoungGen      total 49088K, used 3743K [0x00000007e2760000, 0x00000007e8740000, 0x0000000800000000)
  eden space 45312K, 0% used [0x00000007e2760000,0x00000007e2760000,0x00000007e53a0000)
  from space 3776K, 99% used [0x00000007e53a0000,0x00000007e5747f28,0x00000007e5750000)
  to   space 3776K, 0% used [0x00000007e8390000,0x00000007e8390000,0x00000007e8740000)
 ParOldGen       total 77824K, used 77280K [0x00000007a7600000, 0x00000007ac200000, 0x00000007e2760000)
  object space 77824K, 99% used [0x00000007a7600000,0x00000007ac1780e8,0x00000007ac200000)
 PSPermGen       total 21248K, used 6429K [0x00000007a2400000, 0x00000007a38c0000, 0x00000007a7600000)
  object space 21248K, 30% used [0x00000007a2400000,0x00000007a2a47748,0x00000007a38c0000)
Event: 2.692 GC heap after
Heap after GC invocations=4 (full 1):
 PSYoungGen      total 49088K, used 3366K [0x00000007e2760000, 0x00000007e8740000, 0x0000000800000000)
  eden space 45312K, 0% used [0x00000007e2760000,0x00000007e2760000,0x00000007e53a0000)
  from space 3776K, 89% used [0x00000007e53a0000,0x00000007e56e99b0,0x00000007e5750000)
  to   space 3776K, 0% used [0x00000007e8390000,0x00000007e8390000,0x00000007e8740000)
 ParOldGen       total 155456K, used 77510K [0x00000007a7600000, 0x00000007b0dd0000, 0x00000007e2760000)
  object space 155456K, 49% used [0x00000007a7600000,0x00000007ac1b19e0,0x00000007b0dd0000)
 PSPermGen       total 21248K, used 6426K [0x00000007a2400000, 0x00000007a38c0000, 0x00000007a7600000)
  object space 21248K, 30% used [0x00000007a2400000,0x00000007a2a46b48,0x00000007a38c0000)
}

Deoptimization events (10 events):
Event: 3.226 Thread 0x00007f92ab0ad800 Uncommon trap -34 fr.pc 0x000000010aa4d2dc
Event: 3.226 Thread 0x00007f92ab0ad800 Uncommon trap -34 fr.pc 0x000000010aa4d2dc
Event: 3.226 Thread 0x00007f92ab0ad800 Uncommon trap -34 fr.pc 0x000000010aa4d2dc
Event: 3.352 Thread 0x00007f92ab0ad800 Uncommon trap 51 fr.pc 0x000000010aa7e000
Event: 3.534 Thread 0x00007f92ab0ad800 Uncommon trap -12 fr.pc 0x000000010aa8f82c
Event: 3.545 Thread 0x00007f92ab0ad800 Uncommon trap -12 fr.pc 0x000000010aa8a450
Event: 7.499 Thread 0x00007f92ab0ad800 Uncommon trap -12 fr.pc 0x000000010aaa456c
Event: 11.922 Thread 0x00007f92ab0ad800 Uncommon trap -12 fr.pc 0x000000010aab0c90
Event: 19.513 Thread 0x00007f92ab0ad800 Uncommon trap -12 fr.pc 0x000000010aad60a8
Event: 19.519 Thread 0x00007f92ab0ad800 Uncommon trap -83 fr.pc 0x000000010aab6dd8

Internal exceptions (10 events):
Event: 3.125 Thread 0x00007f92ab0ad800 Threw 0x00000007e3993820 at /HUDSON/workspace/jdk7u4-2-build-macosx-x86_64-product/jdk7u4/hotspot/src/share/vm/prims/jvm.cpp:1166
Event: 3.126 Thread 0x00007f92ab0ad800 Threw 0x00000007e3996c68 at /HUDSON/workspace/jdk7u4-2-build-macosx-x86_64-product/jdk7u4/hotspot/src/share/vm/prims/jvm.cpp:1166
Event: 3.126 Thread 0x00007f92ab0ad800 Threw 0x00000007e3999c00 at /HUDSON/workspace/jdk7u4-2-build-macosx-x86_64-product/jdk7u4/hotspot/src/share/vm/prims/jvm.cpp:1166
Event: 3.127 Thread 0x00007f92ab0ad800 Threw 0x00000007e399e2f0 at /HUDSON/workspace/jdk7u4-2-build-macosx-x86_64-product/jdk7u4/hotspot/src/share/vm/prims/jvm.cpp:1166
Event: 3.534 Thread 0x00007f92ab0ad800 Implicit null exception at 0x000000010aa8f2a1 to 0x000000010aa8f811
Event: 3.545 Thread 0x00007f92ab0ad800 Implicit null exception at 0x000000010aa8a38b to 0x000000010aa8a445
Event: 7.499 Thread 0x00007f92ab0ad800 Implicit null exception at 0x000000010aaa1ccd to 0x000000010aaa4489
Event: 11.922 Thread 0x00007f92ab0ad800 Implicit null exception at 0x000000010aab0c31 to 0x000000010aab0c85
Event: 18.125 Thread 0x00007f92ab0ad800 Threw 0x00000007e447d240 at /HUDSON/workspace/jdk7u4-2-build-macosx-x86_64-product/jdk7u4/hotspot/src/share/vm/prims/jvm.cpp:1166
Event: 19.513 Thread 0x00007f92ab0ad800 Implicit null exception at 0x000000010aad1f00 to 0x000000010aad6091

Events (10 events):
Event: 84.236 loading class 0x0000000109d96db0
Event: 84.237 loading class 0x0000000109d96db0 done
Event: 84.237 loading class 0x0000000109d37630
Event: 84.237 loading class 0x0000000109d378e0
Event: 84.237 loading class 0x0000000109d378e0 done
Event: 84.237 loading class 0x0000000109d37630 done
Event: 84.237 loading class 0x00007f92abb8d9d0
Event: 84.237 loading class 0x00007f92abb8d9d0 done
Event: 84.310 loading class 0x0000000109da4f70
Event: 84.311 loading class 0x0000000109da4f70 done


Dynamic libraries:
0x000000000a2d3000 	/System/Library/Frameworks/Cocoa.framework/Versions/A/Cocoa
0x000000000a2d3000 	/System/Library/Frameworks/Security.framework/Versions/A/Security
0x000000000a2d3000 	/System/Library/Frameworks/ApplicationServices.framework/Versions/A/ApplicationServices
0x000000000a2d3000 	/usr/lib/libz.1.dylib
0x000000000a2d3000 	/usr/lib/libSystem.B.dylib
0x000000000a2d3000 	/usr/lib/libobjc.A.dylib
0x000000000a2d3000 	/System/Library/Frameworks/CoreFoundation.framework/Versions/A/CoreFoundation
0x000000000a2d3000 	/System/Library/Frameworks/AppKit.framework/Versions/C/AppKit
0x000000000a2d3000 	/System/Library/Frameworks/CoreData.framework/Versions/A/CoreData
0x000000000a2d3000 	/System/Library/Frameworks/Foundation.framework/Versions/C/Foundation
0x000000000a2d3000 	/System/Library/PrivateFrameworks/RemoteViewServices.framework/Versions/A/RemoteViewServices
0x000000000a2d3000 	/System/Library/Frameworks/AudioToolbox.framework/Versions/A/AudioToolbox
0x000000000a2d3000 	/System/Library/Frameworks/AudioUnit.framework/Versions/A/AudioUnit
0x000000000a2d3000 	/System/Library/PrivateFrameworks/DataDetectorsCore.framework/Versions/A/DataDetectorsCore
0x000000000a2d3000 	/System/Library/PrivateFrameworks/DesktopServicesPriv.framework/Versions/A/DesktopServicesPriv
0x000000000a2d3000 	/System/Library/Frameworks/Carbon.framework/Versions/A/Frameworks/HIToolbox.framework/Versions/A/HIToolbox
0x000000000a2d3000 	/System/Library/Frameworks/QuartzCore.framework/Versions/A/QuartzCore
0x000000000a2d3000 	/System/Library/Frameworks/Carbon.framework/Versions/A/Frameworks/SpeechRecognition.framework/Versions/A/SpeechRecognition
0x000000000a2d3000 	/usr/lib/libauto.dylib
0x000000000a2d3000 	/usr/lib/libicucore.A.dylib
0x000000000a2d3000 	/usr/lib/libxml2.2.dylib
0x000000000a2d3000 	/System/Library/PrivateFrameworks/CoreUI.framework/Versions/A/CoreUI
0x000000000a2d3000 	/System/Library/Frameworks/CoreAudio.framework/Versions/A/CoreAudio
0x000000000a2d3000 	/System/Library/Frameworks/DiskArbitration.framework/Versions/A/DiskArbitration
0x000000000a2d3000 	/usr/lib/liblangid.dylib
0x000000000a2d3000 	/System/Library/PrivateFrameworks/MultitouchSupport.framework/Versions/A/MultitouchSupport
0x000000000a2d3000 	/System/Library/Frameworks/IOKit.framework/Versions/A/IOKit
0x000000000a2d3000 	/usr/lib/libDiagnosticMessagesClient.dylib
0x000000000a2d3000 	/System/Library/Frameworks/CoreServices.framework/Versions/A/CoreServices
0x000000000a2d3000 	/System/Library/PrivateFrameworks/PerformanceAnalysis.framework/Versions/A/PerformanceAnalysis
0x000000000a2d3000 	/System/Library/PrivateFrameworks/GenerationalStorage.framework/Versions/A/GenerationalStorage
0x000000000a2d3000 	/System/Library/Frameworks/OpenGL.framework/Versions/A/OpenGL
0x000000000a2d3000 	/System/Library/Frameworks/CoreServices.framework/Versions/A/Frameworks/CFNetwork.framework/Versions/A/CFNetwork
0x000000000a2d3000 	/System/Library/Frameworks/SystemConfiguration.framework/Versions/A/SystemConfiguration
0x000000000a2d3000 	/usr/lib/libCRFSuite.dylib
0x000000000a2d3000 	/usr/lib/libc++.1.dylib
0x000000000a2d3000 	/usr/lib/libstdc++.6.dylib
0x000000000a2d3000 	/usr/lib/libc++abi.dylib
0x000000000a2d3000 	/usr/lib/system/libcache.dylib
0x000000000a2d3000 	/usr/lib/system/libcommonCrypto.dylib
0x000000000a2d3000 	/usr/lib/system/libcompiler_rt.dylib
0x000000000a2d3000 	/usr/lib/system/libcopyfile.dylib
0x000000000a2d3000 	/usr/lib/system/libdispatch.dylib
0x000000000a2d3000 	/usr/lib/system/libdnsinfo.dylib
0x000000000a2d3000 	/usr/lib/system/libdyld.dylib
0x000000000a2d3000 	/usr/lib/system/libkeymgr.dylib
0x000000000a2d3000 	/usr/lib/system/liblaunch.dylib
0x000000000a2d3000 	/usr/lib/system/libmacho.dylib
0x000000000a2d3000 	/usr/lib/system/libmathCommon.A.dylib
0x000000000a2d3000 	/usr/lib/system/libquarantine.dylib
0x000000000a2d3000 	/usr/lib/system/libremovefile.dylib
0x000000000a2d3000 	/usr/lib/system/libsystem_blocks.dylib
0x000000000a2d3000 	/usr/lib/system/libsystem_c.dylib
0x000000000a2d3000 	/usr/lib/system/libsystem_dnssd.dylib
0x000000000a2d3000 	/usr/lib/system/libsystem_info.dylib
0x000000000a2d3000 	/usr/lib/system/libsystem_kernel.dylib
0x000000000a2d3000 	/usr/lib/system/libsystem_network.dylib
0x000000000a2d3000 	/usr/lib/system/libsystem_notify.dylib
0x000000000a2d3000 	/usr/lib/system/libsystem_sandbox.dylib
0x000000000a2d3000 	/usr/lib/system/libunc.dylib
0x000000000a2d3000 	/usr/lib/system/libunwind.dylib
0x000000000a2d3000 	/usr/lib/system/libxpc.dylib
0x000000000a2d3000 	/usr/lib/libbsm.0.dylib
0x000000000a2d3000 	/usr/lib/libsqlite3.dylib
0x000000000a2d3000 	/usr/lib/libOpenScriptingUtil.dylib
0x000000000a2d3000 	/usr/lib/libpam.2.dylib
0x000000000a2d3000 	/usr/lib/libxar-nossl.dylib
0x000000000a2d3000 	/usr/lib/libbz2.1.0.dylib
0x000000000a2d3000 	/System/Library/Frameworks/CoreServices.framework/Versions/A/Frameworks/CarbonCore.framework/Versions/A/CarbonCore
0x000000000a2d3000 	/System/Library/Frameworks/CoreServices.framework/Versions/A/Frameworks/Metadata.framework/Versions/A/Metadata
0x000000000a2d3000 	/System/Library/Frameworks/CoreServices.framework/Versions/A/Frameworks/OSServices.framework/Versions/A/OSServices
0x000000000a2d3000 	/System/Library/Frameworks/CoreServices.framework/Versions/A/Frameworks/SearchKit.framework/Versions/A/SearchKit
0x000000000a2d3000 	/System/Library/Frameworks/CoreServices.framework/Versions/A/Frameworks/AE.framework/Versions/A/AE
0x000000000a2d3000 	/System/Library/Frameworks/CoreServices.framework/Versions/A/Frameworks/LaunchServices.framework/Versions/A/LaunchServices
0x000000000a2d3000 	/System/Library/Frameworks/CoreServices.framework/Versions/A/Frameworks/DictionaryServices.framework/Versions/A/DictionaryServices
0x000000000a2d3000 	/System/Library/Frameworks/NetFS.framework/Versions/A/NetFS
0x000000000a2d3000 	/usr/lib/system/libkxld.dylib
0x000000000a2d3000 	/System/Library/PrivateFrameworks/NetAuth.framework/Versions/A/NetAuth
0x000000000a2d3000 	/usr/lib/libcrypto.0.9.8.dylib
0x000000000a2d3000 	/System/Library/PrivateFrameworks/TrustEvaluationAgent.framework/Versions/A/TrustEvaluationAgent
0x000000000a2d3000 	/System/Library/Frameworks/OpenDirectory.framework/Versions/A/Frameworks/CFOpenDirectory.framework/Versions/A/CFOpenDirectory
0x000000000a2d3000 	/usr/lib/libxslt.1.dylib
0x000000000a2d3000 	/System/Library/PrivateFrameworks/FamilyControls.framework/Versions/A/FamilyControls
0x000000000a2d3000 	/System/Library/Frameworks/Carbon.framework/Versions/A/Frameworks/Ink.framework/Versions/A/Ink
0x000000000a2d3000 	/System/Library/Frameworks/ApplicationServices.framework/Versions/A/Frameworks/CoreGraphics.framework/Versions/A/CoreGraphics
0x000000000a2d3000 	/System/Library/Frameworks/ApplicationServices.framework/Versions/A/Frameworks/ImageIO.framework/Versions/A/ImageIO
0x000000000a2d3000 	/System/Library/Frameworks/ApplicationServices.framework/Versions/A/Frameworks/CoreText.framework/Versions/A/CoreText
0x000000000a2d3000 	/System/Library/Frameworks/ApplicationServices.framework/Versions/A/Frameworks/ATS.framework/Versions/A/ATS
0x000000000a2d3000 	/System/Library/Frameworks/ApplicationServices.framework/Versions/A/Frameworks/ColorSync.framework/Versions/A/ColorSync
0x000000000a2d3000 	/System/Library/Frameworks/ApplicationServices.framework/Versions/A/Frameworks/HIServices.framework/Versions/A/HIServices
0x000000000a2d3000 	/System/Library/Frameworks/ApplicationServices.framework/Versions/A/Frameworks/LangAnalysis.framework/Versions/A/LangAnalysis
0x000000000a2d3000 	/System/Library/Frameworks/ApplicationServices.framework/Versions/A/Frameworks/PrintCore.framework/Versions/A/PrintCore
0x000000000a2d3000 	/System/Library/Frameworks/ApplicationServices.framework/Versions/A/Frameworks/QD.framework/Versions/A/QD
0x000000000a2d3000 	/System/Library/Frameworks/ApplicationServices.framework/Versions/A/Frameworks/SpeechSynthesis.framework/Versions/A/SpeechSynthesis
0x000000000a2d3000 	/System/Library/Frameworks/IOSurface.framework/Versions/A/IOSurface
0x000000000a2d3000 	/System/Library/Frameworks/Accelerate.framework/Versions/A/Accelerate
0x000000000a2d3000 	/System/Library/Frameworks/ApplicationServices.framework/Versions/A/Frameworks/ImageIO.framework/Versions/A/Resources/libJPEG.dylib
0x000000000a2d3000 	/System/Library/Frameworks/ApplicationServices.framework/Versions/A/Frameworks/ImageIO.framework/Versions/A/Resources/libTIFF.dylib
0x000000000a2d3000 	/System/Library/Frameworks/ApplicationServices.framework/Versions/A/Frameworks/ImageIO.framework/Versions/A/Resources/libPng.dylib
0x000000000a2d3000 	/System/Library/Frameworks/ApplicationServices.framework/Versions/A/Frameworks/ImageIO.framework/Versions/A/Resources/libGIF.dylib
0x000000000a2d3000 	/System/Library/Frameworks/ApplicationServices.framework/Versions/A/Frameworks/ImageIO.framework/Versions/A/Resources/libJP2.dylib
0x000000000a2d3000 	/System/Library/Frameworks/ApplicationServices.framework/Versions/A/Frameworks/ImageIO.framework/Versions/A/Resources/libRadiance.dylib
0x000000000a2d3000 	/System/Library/Frameworks/Accelerate.framework/Versions/A/Frameworks/vImage.framework/Versions/A/vImage
0x000000000a2d3000 	/System/Library/Frameworks/Accelerate.framework/Versions/A/Frameworks/vecLib.framework/Versions/A/vecLib
0x000000000a2d3000 	/System/Library/Frameworks/Accelerate.framework/Versions/A/Frameworks/vecLib.framework/Versions/A/libvDSP.dylib
0x000000000a2d3000 	/System/Library/Frameworks/Accelerate.framework/Versions/A/Frameworks/vecLib.framework/Versions/A/libvMisc.dylib
0x000000000a2d3000 	/System/Library/Frameworks/Accelerate.framework/Versions/A/Frameworks/vecLib.framework/Versions/A/libLAPACK.dylib
0x000000000a2d3000 	/System/Library/Frameworks/Accelerate.framework/Versions/A/Frameworks/vecLib.framework/Versions/A/libBLAS.dylib
0x000000000a2d3000 	/System/Library/Frameworks/ApplicationServices.framework/Versions/A/Frameworks/ATS.framework/Versions/A/Resources/libFontParser.dylib
0x000000000a2d3000 	/System/Library/Frameworks/ApplicationServices.framework/Versions/A/Frameworks/ATS.framework/Versions/A/Resources/libFontRegistry.dylib
0x000000000a2d3000 	/usr/lib/libcups.2.dylib
0x000000000a2d3000 	/System/Library/Frameworks/Kerberos.framework/Versions/A/Kerberos
0x000000000a2d3000 	/System/Library/Frameworks/GSS.framework/Versions/A/GSS
0x000000000a2d3000 	/usr/lib/libresolv.9.dylib
0x000000000a2d3000 	/usr/lib/libiconv.2.dylib
0x000000000a2d3000 	/System/Library/PrivateFrameworks/Heimdal.framework/Versions/A/Heimdal
0x000000000a2d3000 	/System/Library/Frameworks/OpenDirectory.framework/Versions/A/OpenDirectory
0x000000000a2d3000 	/System/Library/PrivateFrameworks/CommonAuth.framework/Versions/A/CommonAuth
0x000000000a2d3000 	/System/Library/Frameworks/CoreVideo.framework/Versions/A/CoreVideo
0x000000000a2d3000 	/System/Library/Frameworks/QuartzCore.framework/Versions/A/Frameworks/CoreImage.framework/Versions/A/CoreImage
0x000000000a2d3000 	/System/Library/Frameworks/QuartzCore.framework/Versions/A/Frameworks/ScalableUserInterface.framework/Versions/A/ScalableUserInterface
0x000000000a2d3000 	/System/Library/Frameworks/OpenGL.framework/Versions/A/Libraries/libGLU.dylib
0x000000000a2d3000 	/System/Library/Frameworks/OpenGL.framework/Versions/A/Libraries/libGFXShared.dylib
0x000000000a2d3000 	/System/Library/Frameworks/OpenGL.framework/Versions/A/Libraries/libGL.dylib
0x000000000a2d3000 	/System/Library/Frameworks/OpenGL.framework/Versions/A/Libraries/libGLImage.dylib
0x000000000a2d3000 	/System/Library/Frameworks/OpenGL.framework/Versions/A/Libraries/libCVMSPluginSupport.dylib
0x000000000a2d3000 	/System/Library/Frameworks/OpenGL.framework/Versions/A/Libraries/libCoreVMClient.dylib
0x000000000a2d3000 	/System/Library/Frameworks/OpenCL.framework/Versions/A/OpenCL
0x000000000a2d3000 	/System/Library/PrivateFrameworks/FaceCoreLight.framework/Versions/A/FaceCoreLight
0x000000000a2d3000 	/System/Library/Frameworks/vecLib.framework/Versions/A/vecLib
0x000000000a2d3000 	/System/Library/Frameworks/SecurityFoundation.framework/Versions/A/SecurityFoundation
0x000000000a2d3000 	/System/Library/PrivateFrameworks/CommerceKit.framework/Versions/A/Frameworks/CommerceCore.framework/Versions/A/CommerceCore
0x000000000a2d3000 	/System/Library/PrivateFrameworks/CoreSymbolication.framework/Versions/A/CoreSymbolication
0x000000000a2d3000 	/System/Library/PrivateFrameworks/Symbolication.framework/Versions/A/Symbolication
0x000000000a2d3000 	/System/Library/PrivateFrameworks/DebugSymbols.framework/Versions/A/DebugSymbols
0x0000000109e00000 	/Library/Java/JavaVirtualMachines/1.7.0.jdk/Contents/Home/jre/lib/server/libjvm.dylib
0x0000000109ce3000 	/Library/Java/JavaVirtualMachines/1.7.0.jdk/Contents/Home/jre/lib/libverify.dylib
0x000000010a9a3000 	/Library/Java/JavaVirtualMachines/1.7.0.jdk/Contents/Home/jre/lib/libjava.dylib
0x000000010a9d3000 	/Library/Java/JavaVirtualMachines/1.7.0.jdk/Contents/Home/jre/lib/libzip.dylib
0x0000000112bce000 	/System/Library/Frameworks/JavaVM.framework/Frameworks/JavaRuntimeSupport.framework/JavaRuntimeSupport
0x0000000112be6000 	/System/Library/Frameworks/JavaVM.framework/Versions/A/Frameworks/JavaNativeFoundation.framework/Versions/A/JavaNativeFoundation
0x0000000112bfb000 	/System/Library/Frameworks/JavaVM.framework/Versions/A/JavaVM
0x000000000a2d3000 	/System/Library/Frameworks/Carbon.framework/Versions/A/Carbon
0x0000000112c08000 	/System/Library/PrivateFrameworks/JavaLaunching.framework/Versions/A/JavaLaunching
0x000000000a2d3000 	/System/Library/Frameworks/Carbon.framework/Versions/A/Frameworks/CommonPanels.framework/Versions/A/CommonPanels
0x000000000a2d3000 	/System/Library/Frameworks/Carbon.framework/Versions/A/Frameworks/Help.framework/Versions/A/Help
0x000000000a2d3000 	/System/Library/Frameworks/Carbon.framework/Versions/A/Frameworks/ImageCapture.framework/Versions/A/ImageCapture
0x000000000a2d3000 	/System/Library/Frameworks/Carbon.framework/Versions/A/Frameworks/OpenScripting.framework/Versions/A/OpenScripting
0x000000000a2d3000 	/System/Library/Frameworks/Carbon.framework/Versions/A/Frameworks/Print.framework/Versions/A/Print
0x000000000a2d3000 	/System/Library/Frameworks/Carbon.framework/Versions/A/Frameworks/SecurityHI.framework/Versions/A/SecurityHI
0x0000000113568000 	/Library/Java/JavaVirtualMachines/jdk1.7.0_45.jdk/Contents/Home/jre/lib/libprism-es2.dylib
0x00000001135be000 	/System/Library/Frameworks/OpenGL.framework/Resources/GLEngine.bundle/GLEngine
0x00000001137ad000 	/System/Library/Frameworks/OpenGL.framework/Versions/A/Libraries/libGLProgrammability.dylib
0x0000000000000000 	/System/Library/Extensions/GeForceGLDriver.bundle/Contents/MacOS/GeForceGLDriver
0x0000000113939000 	/System/Library/PrivateFrameworks/GPUSupport.framework/Versions/A/Libraries/libGPUSupport.dylib
0x000000000a2d3000 	/System/Library/Extensions/GeForceGLDriver.bundle/Contents/MacOS/libclh.dylib
0x000000011394f000 	/System/Library/Frameworks/OpenGL.framework/Resources//GLRendererFloat.bundle/GLRendererFloat
0x0000000113986000 	/System/Library/Frameworks/OpenCL.framework/Versions/A/Libraries/libcldcpuengine.dylib
0x000000000a2d3000 	/System/Library/PrivateFrameworks/DiskImages.framework/Versions/A/DiskImages
0x0000000113996000 	/System/Library/Frameworks/OpenGL.framework/Versions/A/Libraries/libCoreFSCache.dylib
0x000000000a2d3000 	/System/Library/Frameworks/DiscRecording.framework/Versions/A/DiscRecording
0x000000000a2d3000 	/usr/lib/libcurl.4.dylib
0x000000000a2d3000 	/System/Library/PrivateFrameworks/MediaKit.framework/Versions/A/MediaKit
0x000000000a2d3000 	/usr/lib/libssl.0.9.8.dylib
0x000000000a2d3000 	/System/Library/Frameworks/LDAP.framework/Versions/A/LDAP
0x000000000a2d3000 	/usr/lib/libsasl2.2.dylib
0x0000000113b4f000 	/Library/Java/JavaVirtualMachines/jdk1.7.0_45.jdk/Contents/Home/jre/lib/libglass.dylib
0x000000000a2d3000 	/System/Library/PrivateFrameworks/CoreServicesInternal.framework/Versions/A/CoreServicesInternal
0x000000000a2d3000 	/System/Library/CoreServices/RawCamera.bundle/Contents/MacOS/RawCamera
0x000000000a2d3000 	/System/Library/Frameworks/ApplicationServices.framework/Versions/A/Frameworks/CoreGraphics.framework/Versions/A/Resources/libCSync.A.dylib
0x000000000a2d3000 	/System/Library/Frameworks/ApplicationServices.framework/Versions/A/Frameworks/CoreGraphics.framework/Versions/A/Resources/libRIP.A.dylib
0x0000000116714000 	/Library/Java/JavaVirtualMachines/jdk1.7.0_45.jdk/Contents/Home/jre/lib/libjavafx-iio.dylib
0x0000000116998000 	/Library/Java/JavaVirtualMachines/jdk1.7.0_45.jdk/Contents/Home/jre/lib/libjavafx-font.dylib
0x000000000a2d3000 	/System/Library/Frameworks/ApplicationServices.framework/Versions/A/Frameworks/CoreGraphics.framework/Versions/A/Resources/libCGXType.A.dylib
0x0000000114c77000 	cl_kernels
0x00000001183af000 	/System/Library/Frameworks/OpenCL.framework/Versions/A/Libraries/ImageFormats/unorm8_bgra.dylib
0x000000011696d000 	cl_kernels

VM Arguments:
jvm_args: -Dfile.encoding=US-ASCII -Xbootclasspath/a:/Library/Java/JavaVirtualMachines/jdk1.7.0_45.jdk/Contents/Home/jre/lib/jfxrt.jar 
java_command: com.main.MVPApplication
Launcher Type: SUN_STANDARD

Environment Variables:
PATH=/usr/bin:/bin:/usr/sbin:/sbin
SHELL=/bin/bash
DISPLAY=/tmp/launch-fRATom/org.x:0

Signal Handlers:
SIGSEGV: [libjvm.dylib+0x4a177d], sa_mask[0]=0xfffefeff, sa_flags=0x00000042
SIGBUS: [libjvm.dylib+0x4a177d], sa_mask[0]=0xfffefeff, sa_flags=0x00000042
SIGFPE: [libjvm.dylib+0x3b1541], sa_mask[0]=0xfffefeff, sa_flags=0x00000042
SIGPIPE: [libjvm.dylib+0x3b1541], sa_mask[0]=0xfffefeff, sa_flags=0x00000042
SIGXFSZ: [libjvm.dylib+0x3b1541], sa_mask[0]=0xfffefeff, sa_flags=0x00000042
SIGILL: [libjvm.dylib+0x3b1541], sa_mask[0]=0xfffefeff, sa_flags=0x00000042
SIGUSR1: SIG_DFL, sa_mask[0]=0x00000000, sa_flags=0x00000002
SIGUSR2: [libjvm.dylib+0x3b10ce], sa_mask[0]=0x00000004, sa_flags=0x00000042
SIGHUP: [libjvm.dylib+0x3af2f3], sa_mask[0]=0xfffefeff, sa_flags=0x00000042
SIGINT: [libjvm.dylib+0x3af2f3], sa_mask[0]=0xfffefeff, sa_flags=0x00000042
SIGTERM: [libjvm.dylib+0x3af2f3], sa_mask[0]=0xfffefeff, sa_flags=0x00000042
SIGQUIT: [libjvm.dylib+0x3af2f3], sa_mask[0]=0xfffefeff, sa_flags=0x00000042


---------------  S Y S T E M  ---------------

OS:Bsd
uname:Darwin 11.4.2 Darwin Kernel Version 11.4.2: Thu Aug 23 16:25:48 PDT 2012; root:xnu-1699.32.7~1/RELEASE_X86_64 x86_64
rlimit: STACK 8192k, CORE 0k, NPROC 266, NOFILE 10240
CPU:total 2 (2 cores per cpu, 1 threads per core) family 6 model 23 stepping 10, cmov, cx8, fxsr, mmx, sse, sse2, sse3, ssse3, sse4.1, tsc

Memory: 4k page, physical 5805124k(1451281k free)

/proc/meminfo:


vm_info: Java HotSpot(TM) 64-Bit Server VM (23.0-b21) for bsd-amd64 JRE (1.7.0_04-b21), built on Apr 19 2012 22:33:17 by "java_re" with gcc 4.2.1 (Based on Apple Inc. build 5658) (LLVM build 2336.1.00)

time: Fri Jan 24 18:04:48 2014
elapsed time: 84 seconds

