#
# A fatal error has been detected by the Java Runtime Environment:
#
#  SIGSEGV (0xb) at pc=0x00007fff95db1390, pid=4583, tid=4554915840
#
# JRE version: 7.0_04-b21
# Java VM: Java HotSpot(TM) 64-Bit Server VM (23.0-b21 mixed mode bsd-amd64 compressed oops)
# Problematic frame:
# C  [libobjc.A.dylib+0xb390]  objc_msgSend_vtable14+0x10
#
# Failed to write core dump. Core dumps have been disabled. To enable core dumping, try "ulimit -c unlimited" before starting Java again
#
# If you would like to submit a bug report, please visit:
#   http://bugreport.sun.com/bugreport/crash.jsp
# The crash happened outside the Java Virtual Machine in native code.
# See problematic frame for where to report the bug.
#

---------------  T H R E A D  ---------------

Current thread (0x00007f8fb9094800):  JavaThread "QuantumRenderer-0" daemon [_thread_in_native, id=259948544, stack(0x000000010f6e8000,0x000000010f7e8000)]

siginfo:si_signo=SIGSEGV: si_errno=0, si_code=0 (SEGV0), si_addr=0x0000000000000000

Registers:
RAX=0x7000000000000000, RBX=0x00007f8fb9b70fe0, RCX=0x00000000000e8fb0, RDX=0x00007f8fb9b80f10
RSP=0x000000010f7e7588, RBP=0x000000010f7e75b0, RSI=0x000000010fe227c8, RDI=0x00007f8fb9b70fe0
R8 =0x0000000000000002, R9 =0x00007f8fb9b78ca0, R10=0x00000000f0e8fd41, R11=0x00000000ee5102a6
R12=0x00007f8fb90949d8, R13=0x0000000000000001, R14=0x000000010f7e7668, R15=0x00007f8fb9094800
RIP=0x00007fff95db1390, EFLAGS=0x0000000000010246, ERR=0x0000000000000000
  TRAPNO=0x000000000000000d

Top of Stack: (sp=0x000000010f7e7588)
0x000000010f7e7588:   000000010fdfae55 000000010f7e7610
0x000000010f7e7598:   00000007a3958798 0000000000000000
0x000000010f7e75a8:   00000007a3958798 000000010f7e7628
0x000000010f7e75b8:   0000000106d02f90 00000007a34bcc28
0x000000010f7e75c8:   000000010f7e7600 00000007a34bd4f8
0x000000010f7e75d8:   0000000000000000 00000007a34bcc30
0x000000010f7e75e8:   000000010f7e75e8 0000000000000000
0x000000010f7e75f8:   000000010f7e7668 00000007a3959d10
0x000000010f7e7608:   0000000000000000 00000007a3958798
0x000000010f7e7618:   0000000000000000 000000010f7e7648
0x000000010f7e7628:   000000010f7e76b0 0000000106cf7158
0x000000010f7e7638:   0000000000000000 0000000106cffdd8
0x000000010f7e7648:   0000000000000001 0000000000000000
0x000000010f7e7658:   00007f8fb9b70fe0 0000000106cf7158
0x000000010f7e7668:   00000007e3446bc8 000000010f7e7670
0x000000010f7e7678:   00000007a3934236 000000010f7e76c8
0x000000010f7e7688:   00000007a3936e28 0000000000000000
0x000000010f7e7698:   00000007a3934260 000000010f7e7648
0x000000010f7e76a8:   000000010f7e76c0 000000010f7e7710
0x000000010f7e76b8:   0000000106cf7158 0000000000000001
0x000000010f7e76c8:   00000007e3446bc8 000000010f7e76d0
0x000000010f7e76d8:   00000007a395181d 000000010f7e7720
0x000000010f7e76e8:   00000007a3951e08 0000000000000000
0x000000010f7e76f8:   00000007a3951838 000000010f7e76c0
0x000000010f7e7708:   000000010f7e7720 000000010f7e7768
0x000000010f7e7718:   0000000106cf7158 00000007e3446788
0x000000010f7e7728:   000000010f7e7728 00000007a39957f4
0x000000010f7e7738:   000000010f7e7790 00000007a39974d8
0x000000010f7e7748:   0000000000000000 00000007a39958b8
0x000000010f7e7758:   000000010f7e7720 000000010f7e7790
0x000000010f7e7768:   000000010f7e77d8 0000000106cf7806
0x000000010f7e7778:   0000000000000000 0000000000000000 

Instructions: (pc=0x00007fff95db1390)
0x00007fff95db1370:   8b 42 18 48 8b 76 08 ff 60 68 66 0f 1f 44 00 00
0x00007fff95db1380:   48 85 ff 74 16 f7 c7 01 00 00 00 75 12 48 8b 07
0x00007fff95db1390:   48 8b 40 18 48 8b 76 08 ff 60 70 31 c0 c3 90 89
0x00007fff95db13a0:   f8 83 e0 0f 4c 8d 15 2d 51 84 e6 4d 8b 14 c2 49 

Register to memory mapping:

RAX=0x7000000000000000 is an unknown value
RBX=0x00007f8fb9b70fe0 is an unknown value
RCX=0x00000000000e8fb0 is an unknown value
RDX=0x00007f8fb9b80f10 is an unknown value
RSP=0x000000010f7e7588 is pointing into the stack for thread: 0x00007f8fb9094800
RBP=0x000000010f7e75b0 is pointing into the stack for thread: 0x00007f8fb9094800
RSI=0x000000010fe227c8: OBJC_CLASS_$_GlassWindow_Normal+0x48 in /Library/Java/JavaVirtualMachines/jdk1.7.0_45.jdk/Contents/Home/jre/lib/libglass.dylib at 0x000000010fde1000
RDI=0x00007f8fb9b70fe0 is an unknown value
R8 =0x0000000000000002 is an unknown value
R9 =0x00007f8fb9b78ca0 is an unknown value
R10=0x00000000f0e8fd41 is an unknown value
R11=0x00000000ee5102a6 is an unknown value
R12=0x00007f8fb90949d8 is an unknown value
R13=0x0000000000000001 is an unknown value
R14=0x000000010f7e7668 is pointing into the stack for thread: 0x00007f8fb9094800
R15=0x00007f8fb9094800 is a thread


Stack: [0x000000010f6e8000,0x000000010f7e8000],  sp=0x000000010f7e7588,  free space=1021k
Native frames: (J=compiled Java code, j=interpreted, Vv=VM code, C=native code)
C  [libobjc.A.dylib+0xb390]  objc_msgSend_vtable14+0x10
j  com.sun.glass.ui.mac.MacView._end(JZZ)V+0
j  com.sun.glass.ui.View.unlock(Z)V+14
j  com.sun.glass.ui.Pen.end()V+5
j  com.sun.javafx.tk.quantum.PresentingPainter.run()V+628
j  java.util.concurrent.Executors$RunnableAdapter.call()Ljava/lang/Object;+4
j  java.util.concurrent.FutureTask$Sync.innerRunAndReset()Z+30
j  java.util.concurrent.FutureTask.runAndReset()Z+4
j  com.sun.prism.render.RenderJob.run()V+1
j  java.util.concurrent.ThreadPoolExecutor.runWorker(Ljava/util/concurrent/ThreadPoolExecutor$Worker;)V+46
j  java.util.concurrent.ThreadPoolExecutor$Worker.run()V+5
j  com.sun.javafx.tk.quantum.QuantumRenderer$PipelineRunnable.run()V+8
j  java.lang.Thread.run()V+11
v  ~StubRoutines::call_stub
V  [libjvm.dylib+0x286acf]
V  [libjvm.dylib+0x286fac]
V  [libjvm.dylib+0x2870e6]
V  [libjvm.dylib+0x2bd820]
V  [libjvm.dylib+0x4763cc]
V  [libjvm.dylib+0x4778b2]
V  [libjvm.dylib+0x3b393d]
C  [libsystem_c.dylib+0x4e8bf]  _pthread_start+0x14f
C  [libsystem_c.dylib+0x51b75]  thread_start+0xd

Java frames: (J=compiled Java code, j=interpreted, Vv=VM code)
j  com.sun.glass.ui.mac.MacView._end(JZZ)V+0
j  com.sun.glass.ui.View.unlock(Z)V+14
j  com.sun.glass.ui.Pen.end()V+5
j  com.sun.javafx.tk.quantum.PresentingPainter.run()V+628
j  java.util.concurrent.Executors$RunnableAdapter.call()Ljava/lang/Object;+4
j  java.util.concurrent.FutureTask$Sync.innerRunAndReset()Z+30
j  java.util.concurrent.FutureTask.runAndReset()Z+4
j  com.sun.prism.render.RenderJob.run()V+1
j  java.util.concurrent.ThreadPoolExecutor.runWorker(Ljava/util/concurrent/ThreadPoolExecutor$Worker;)V+46
j  java.util.concurrent.ThreadPoolExecutor$Worker.run()V+5
j  com.sun.javafx.tk.quantum.QuantumRenderer$PipelineRunnable.run()V+8
j  java.lang.Thread.run()V+11
v  ~StubRoutines::call_stub

---------------  P R O C E S S  ---------------

Java Threads: ( => current thread )
  0x00007f8fbb033800 JavaThread "DestroyJavaVM" [_thread_blocked, id=113905664, stack(0x0000000106ba1000,0x0000000106ca1000)]
  0x00007f8fb8ae0800 JavaThread "Prism Font Disposer" daemon [_thread_blocked, id=325734400, stack(0x00000001135a5000,0x00000001136a5000)]
  0x00007f8fb88ef800 JavaThread "JavaFX Application Thread" [_thread_in_native, id=2082314592, stack(0x00007fff65303000,0x00007fff65b03000)]
  0x00007f8fb90c3000 JavaThread "Thread-2" daemon [_thread_blocked, id=267669504, stack(0x000000010fe45000,0x000000010ff45000)]
  0x00007f8fb90c2000 JavaThread "Disposer" daemon [_thread_blocked, id=266203136, stack(0x000000010fcdf000,0x000000010fddf000)]
=>0x00007f8fb9094800 JavaThread "QuantumRenderer-0" daemon [_thread_in_native, id=259948544, stack(0x000000010f6e8000,0x000000010f7e8000)]
  0x00007f8fb9061000 JavaThread "Service Thread" daemon [_thread_blocked, id=256229376, stack(0x000000010f35c000,0x000000010f45c000)]
  0x00007f8fb9057800 JavaThread "C2 CompilerThread1" daemon [_thread_blocked, id=255168512, stack(0x000000010f259000,0x000000010f359000)]
  0x00007f8fb9056800 JavaThread "C2 CompilerThread0" daemon [_thread_blocked, id=254107648, stack(0x000000010f156000,0x000000010f256000)]
  0x00007f8fb903e000 JavaThread "Signal Dispatcher" daemon [_thread_blocked, id=253046784, stack(0x000000010f053000,0x000000010f153000)]
  0x00007f8fb8862800 JavaThread "Finalizer" daemon [_thread_blocked, id=249860096, stack(0x000000010ed49000,0x000000010ee49000)]
  0x00007f8fb8862000 JavaThread "Reference Handler" daemon [_thread_blocked, id=248799232, stack(0x000000010ec46000,0x000000010ed46000)]

Other Threads:
  0x00007f8fb885f800 VMThread [stack: 0x000000010eb43000,0x000000010ec43000] [id=247738368]
  0x00007f8fb906a000 WatcherThread [stack: 0x000000010f45f000,0x000000010f55f000] [id=257290240]

VM state:not at safepoint (normal execution)

VM Mutex/Monitor currently owned by a thread: None

Heap
 PSYoungGen      total 26176K, used 14967K [0x00000007e2c00000, 0x00000007e4930000, 0x0000000800000000)
  eden space 22464K, 66% used [0x00000007e2c00000,0x00000007e3a9de08,0x00000007e41f0000)
  from space 3712K, 0% used [0x00000007e4590000,0x00000007e4590000,0x00000007e4930000)
  to   space 3712K, 0% used [0x00000007e41f0000,0x00000007e41f0000,0x00000007e4590000)
 ParOldGen       total 59904K, used 0K [0x00000007a8400000, 0x00000007abe80000, 0x00000007e2c00000)
  object space 59904K, 0% used [0x00000007a8400000,0x00000007a8400000,0x00000007abe80000)
 PSPermGen       total 21248K, used 11069K [0x00000007a3200000, 0x00000007a46c0000, 0x00000007a8400000)
  object space 21248K, 52% used [0x00000007a3200000,0x00000007a3ccf620,0x00000007a46c0000)

Code Cache  [0x0000000106cf1000, 0x0000000106f61000, 0x0000000109cf1000)
 total_blobs=635 nmethods=106 adapters=481 free_code_cache=48309Kb largest_free_block=49444160

Compilation events (10 events):
Event: 168.633 Thread 0x00007f8fb9056800 nmethod 96 0x0000000106dbd7d0 code [0x0000000106dbd940, 0x0000000106dbdaf8]
Event: 168.634 Thread 0x00007f8fb9057800 nmethod 95 0x0000000106dbd190 code [0x0000000106dbd320, 0x0000000106dbd528]
Event: 177.143 Thread 0x00007f8fb9056800   98             java.nio.Buffer::nextPutIndex (31 bytes)
Event: 177.144 Thread 0x00007f8fb9056800 nmethod 98 0x0000000106dbcf50 code [0x0000000106dbd080, 0x0000000106dbd0f8]
Event: 177.741 Thread 0x00007f8fb9056800   99             java.util.AbstractCollection::<init> (5 bytes)
Event: 177.741 Thread 0x00007f8fb9056800 nmethod 99 0x0000000106dbcd50 code [0x0000000106dbce80, 0x0000000106dbced8]
Event: 177.979 Thread 0x00007f8fb9057800  100             java.nio.DirectFloatBufferU::ix (10 bytes)
Event: 177.979 Thread 0x00007f8fb9057800 nmethod 100 0x0000000106dc6a10 code [0x0000000106dc6b40, 0x0000000106dc6bb8]
Event: 177.979 Thread 0x00007f8fb9057800  102             java.nio.DirectFloatBufferU::put (17 bytes)
Event: 177.980 Thread 0x00007f8fb9057800 nmethod 102 0x0000000106dc6790 code [0x0000000106dc68c0, 0x0000000106dc6978]

GC Heap History (0 events):
No events

Deoptimization events (10 events):
Event: 2.097 Thread 0x00007f8fb88ef800 Uncommon trap -34 fr.pc 0x0000000106d68dc8
Event: 2.125 Thread 0x00007f8fb88ef800 Uncommon trap -34 fr.pc 0x0000000106d6a8a8
Event: 2.158 Thread 0x00007f8fb88ef800 Uncommon trap -34 fr.pc 0x0000000106d6a8a8
Event: 2.520 Thread 0x00007f8fb88ef800 Uncommon trap -34 fr.pc 0x0000000106d6a8a8
Event: 2.520 Thread 0x00007f8fb88ef800 Uncommon trap -34 fr.pc 0x0000000106d6a8a8
Event: 2.550 Thread 0x00007f8fb88ef800 Uncommon trap -34 fr.pc 0x0000000106d6961c
Event: 2.550 Thread 0x00007f8fb88ef800 Uncommon trap -34 fr.pc 0x0000000106d6961c
Event: 2.550 Thread 0x00007f8fb88ef800 Uncommon trap -34 fr.pc 0x0000000106d6961c
Event: 2.550 Thread 0x00007f8fb88ef800 Uncommon trap -34 fr.pc 0x0000000106d6961c
Event: 3.439 Thread 0x00007f8fb88ef800 Uncommon trap -12 fr.pc 0x0000000106da9d5c

Internal exceptions (10 events):
Event: 1.921 Thread 0x00007f8fb88ef800 Threw 0x00000007e2e2a2d8 at /HUDSON/workspace/jdk7u4-2-build-macosx-x86_64-product/jdk7u4/hotspot/src/share/vm/prims/jvm.cpp:1166
Event: 1.936 Thread 0x00007f8fb88ef800 Threw 0x00000007e2e2c748 at /HUDSON/workspace/jdk7u4-2-build-macosx-x86_64-product/jdk7u4/hotspot/src/share/vm/prims/jvm.cpp:1166
Event: 1.961 Thread 0x00007f8fb88ef800 Threw 0x00000007e2f2ee80 at /HUDSON/workspace/jdk7u4-2-build-macosx-x86_64-product/jdk7u4/hotspot/src/share/vm/interpreter/linkReso
Event: 1.961 Thread 0x00007f8fb88ef800 Threw 0x00000007e2f2ee80 at /HUDSON/workspace/jdk7u4-2-build-macosx-x86_64-product/jdk7u4/hotspot/src/share/vm/prims/jvm.cpp:1170
Event: 2.060 Thread 0x00007f8fb88ef800 Implicit null exception at 0x0000000106d6816c to 0x0000000106d682d9
Event: 2.104 Thread 0x00007f8fb88ef800 Threw 0x00000007e3070fd8 at /HUDSON/workspace/jdk7u4-2-build-macosx-x86_64-product/jdk7u4/hotspot/src/share/vm/prims/jvm.cpp:1166
Event: 2.127 Thread 0x00007f8fb88ef800 Threw 0x00000007e3074c88 at /HUDSON/workspace/jdk7u4-2-build-macosx-x86_64-product/jdk7u4/hotspot/src/share/vm/prims/jvm.cpp:1166
Event: 3.439 Thread 0x00007f8fb88ef800 Implicit null exception at 0x0000000106da7561 to 0x0000000106da9c7d
Event: 3.853 Thread 0x00007f8fb88ef800 Threw 0x00000007e37d5a90 at /HUDSON/workspace/jdk7u4-2-build-macosx-x86_64-product/jdk7u4/hotspot/src/share/vm/prims/jvm.cpp:1166
Event: 3.870 Thread 0x00007f8fb88ef800 Threw 0x00000007e37d87d0 at /HUDSON/workspace/jdk7u4-2-build-macosx-x86_64-product/jdk7u4/hotspot/src/share/vm/prims/jvm.cpp:1166

Events (10 events):
Event: 180.734 loading class 0x000000010606c2f0
Event: 180.734 loading class 0x000000010606c2f0 done
Event: 180.735 loading class 0x0000000106040ff0
Event: 180.735 loading class 0x0000000106040ff0 done
Event: 180.735 loading class 0x000000010607af00
Event: 180.735 loading class 0x000000010607af00 done
Event: 180.736 Thread 0x00007f8fb8864000 Thread exited: 0x00007f8fb8864000
Event: 180.736 Thread 0x00007f8fb8834800 Thread exited: 0x00007f8fb8834800
Event: 180.736 Thread 0x00007f8fbb033800 Thread added: 0x00007f8fbb033800
Event: 180.740 Thread 0x00007f8fb90f8800 Thread exited: 0x00007f8fb90f8800


Dynamic libraries:
0x000000000b007000 	/System/Library/Frameworks/Cocoa.framework/Versions/A/Cocoa
0x000000000b007000 	/System/Library/Frameworks/Security.framework/Versions/A/Security
0x000000000b007000 	/System/Library/Frameworks/ApplicationServices.framework/Versions/A/ApplicationServices
0x000000000b007000 	/usr/lib/libz.1.dylib
0x000000000b007000 	/usr/lib/libSystem.B.dylib
0x000000000b007000 	/usr/lib/libobjc.A.dylib
0x000000000b007000 	/System/Library/Frameworks/CoreFoundation.framework/Versions/A/CoreFoundation
0x000000000b007000 	/System/Library/Frameworks/AppKit.framework/Versions/C/AppKit
0x000000000b007000 	/System/Library/Frameworks/CoreData.framework/Versions/A/CoreData
0x000000000b007000 	/System/Library/Frameworks/Foundation.framework/Versions/C/Foundation
0x000000000b007000 	/System/Library/PrivateFrameworks/RemoteViewServices.framework/Versions/A/RemoteViewServices
0x000000000b007000 	/System/Library/Frameworks/AudioToolbox.framework/Versions/A/AudioToolbox
0x000000000b007000 	/System/Library/Frameworks/AudioUnit.framework/Versions/A/AudioUnit
0x000000000b007000 	/System/Library/PrivateFrameworks/DataDetectorsCore.framework/Versions/A/DataDetectorsCore
0x000000000b007000 	/System/Library/PrivateFrameworks/DesktopServicesPriv.framework/Versions/A/DesktopServicesPriv
0x000000000b007000 	/System/Library/Frameworks/Carbon.framework/Versions/A/Frameworks/HIToolbox.framework/Versions/A/HIToolbox
0x000000000b007000 	/System/Library/Frameworks/QuartzCore.framework/Versions/A/QuartzCore
0x000000000b007000 	/System/Library/Frameworks/Carbon.framework/Versions/A/Frameworks/SpeechRecognition.framework/Versions/A/SpeechRecognition
0x000000000b007000 	/usr/lib/libauto.dylib
0x000000000b007000 	/usr/lib/libicucore.A.dylib
0x000000000b007000 	/usr/lib/libxml2.2.dylib
0x000000000b007000 	/System/Library/PrivateFrameworks/CoreUI.framework/Versions/A/CoreUI
0x000000000b007000 	/System/Library/Frameworks/CoreAudio.framework/Versions/A/CoreAudio
0x000000000b007000 	/System/Library/Frameworks/DiskArbitration.framework/Versions/A/DiskArbitration
0x000000000b007000 	/usr/lib/liblangid.dylib
0x000000000b007000 	/System/Library/PrivateFrameworks/MultitouchSupport.framework/Versions/A/MultitouchSupport
0x000000000b007000 	/System/Library/Frameworks/IOKit.framework/Versions/A/IOKit
0x000000000b007000 	/usr/lib/libDiagnosticMessagesClient.dylib
0x000000000b007000 	/System/Library/Frameworks/CoreServices.framework/Versions/A/CoreServices
0x000000000b007000 	/System/Library/PrivateFrameworks/PerformanceAnalysis.framework/Versions/A/PerformanceAnalysis
0x000000000b007000 	/System/Library/PrivateFrameworks/GenerationalStorage.framework/Versions/A/GenerationalStorage
0x000000000b007000 	/System/Library/Frameworks/OpenGL.framework/Versions/A/OpenGL
0x000000000b007000 	/System/Library/Frameworks/CoreServices.framework/Versions/A/Frameworks/CFNetwork.framework/Versions/A/CFNetwork
0x000000000b007000 	/System/Library/Frameworks/SystemConfiguration.framework/Versions/A/SystemConfiguration
0x000000000b007000 	/usr/lib/libCRFSuite.dylib
0x000000000b007000 	/usr/lib/libc++.1.dylib
0x000000000b007000 	/usr/lib/libstdc++.6.dylib
0x000000000b007000 	/usr/lib/libc++abi.dylib
0x000000000b007000 	/usr/lib/system/libcache.dylib
0x000000000b007000 	/usr/lib/system/libcommonCrypto.dylib
0x000000000b007000 	/usr/lib/system/libcompiler_rt.dylib
0x000000000b007000 	/usr/lib/system/libcopyfile.dylib
0x000000000b007000 	/usr/lib/system/libdispatch.dylib
0x000000000b007000 	/usr/lib/system/libdnsinfo.dylib
0x000000000b007000 	/usr/lib/system/libdyld.dylib
0x000000000b007000 	/usr/lib/system/libkeymgr.dylib
0x000000000b007000 	/usr/lib/system/liblaunch.dylib
0x000000000b007000 	/usr/lib/system/libmacho.dylib
0x000000000b007000 	/usr/lib/system/libmathCommon.A.dylib
0x000000000b007000 	/usr/lib/system/libquarantine.dylib
0x000000000b007000 	/usr/lib/system/libremovefile.dylib
0x000000000b007000 	/usr/lib/system/libsystem_blocks.dylib
0x000000000b007000 	/usr/lib/system/libsystem_c.dylib
0x000000000b007000 	/usr/lib/system/libsystem_dnssd.dylib
0x000000000b007000 	/usr/lib/system/libsystem_info.dylib
0x000000000b007000 	/usr/lib/system/libsystem_kernel.dylib
0x000000000b007000 	/usr/lib/system/libsystem_network.dylib
0x000000000b007000 	/usr/lib/system/libsystem_notify.dylib
0x000000000b007000 	/usr/lib/system/libsystem_sandbox.dylib
0x000000000b007000 	/usr/lib/system/libunc.dylib
0x000000000b007000 	/usr/lib/system/libunwind.dylib
0x000000000b007000 	/usr/lib/system/libxpc.dylib
0x000000000b007000 	/usr/lib/libbsm.0.dylib
0x000000000b007000 	/usr/lib/libsqlite3.dylib
0x000000000b007000 	/usr/lib/libOpenScriptingUtil.dylib
0x000000000b007000 	/usr/lib/libpam.2.dylib
0x000000000b007000 	/usr/lib/libxar-nossl.dylib
0x000000000b007000 	/usr/lib/libbz2.1.0.dylib
0x000000000b007000 	/System/Library/Frameworks/CoreServices.framework/Versions/A/Frameworks/CarbonCore.framework/Versions/A/CarbonCore
0x000000000b007000 	/System/Library/Frameworks/CoreServices.framework/Versions/A/Frameworks/Metadata.framework/Versions/A/Metadata
0x000000000b007000 	/System/Library/Frameworks/CoreServices.framework/Versions/A/Frameworks/OSServices.framework/Versions/A/OSServices
0x000000000b007000 	/System/Library/Frameworks/CoreServices.framework/Versions/A/Frameworks/SearchKit.framework/Versions/A/SearchKit
0x000000000b007000 	/System/Library/Frameworks/CoreServices.framework/Versions/A/Frameworks/AE.framework/Versions/A/AE
0x000000000b007000 	/System/Library/Frameworks/CoreServices.framework/Versions/A/Frameworks/LaunchServices.framework/Versions/A/LaunchServices
0x000000000b007000 	/System/Library/Frameworks/CoreServices.framework/Versions/A/Frameworks/DictionaryServices.framework/Versions/A/DictionaryServices
0x000000000b007000 	/System/Library/Frameworks/NetFS.framework/Versions/A/NetFS
0x000000000b007000 	/usr/lib/system/libkxld.dylib
0x000000000b007000 	/System/Library/PrivateFrameworks/NetAuth.framework/Versions/A/NetAuth
0x000000000b007000 	/usr/lib/libcrypto.0.9.8.dylib
0x000000000b007000 	/System/Library/PrivateFrameworks/TrustEvaluationAgent.framework/Versions/A/TrustEvaluationAgent
0x000000000b007000 	/System/Library/Frameworks/OpenDirectory.framework/Versions/A/Frameworks/CFOpenDirectory.framework/Versions/A/CFOpenDirectory
0x000000000b007000 	/usr/lib/libxslt.1.dylib
0x000000000b007000 	/System/Library/PrivateFrameworks/FamilyControls.framework/Versions/A/FamilyControls
0x000000000b007000 	/System/Library/Frameworks/Carbon.framework/Versions/A/Frameworks/Ink.framework/Versions/A/Ink
0x000000000b007000 	/System/Library/Frameworks/ApplicationServices.framework/Versions/A/Frameworks/CoreGraphics.framework/Versions/A/CoreGraphics
0x000000000b007000 	/System/Library/Frameworks/ApplicationServices.framework/Versions/A/Frameworks/ImageIO.framework/Versions/A/ImageIO
0x000000000b007000 	/System/Library/Frameworks/ApplicationServices.framework/Versions/A/Frameworks/CoreText.framework/Versions/A/CoreText
0x000000000b007000 	/System/Library/Frameworks/ApplicationServices.framework/Versions/A/Frameworks/ATS.framework/Versions/A/ATS
0x000000000b007000 	/System/Library/Frameworks/ApplicationServices.framework/Versions/A/Frameworks/ColorSync.framework/Versions/A/ColorSync
0x000000000b007000 	/System/Library/Frameworks/ApplicationServices.framework/Versions/A/Frameworks/HIServices.framework/Versions/A/HIServices
0x000000000b007000 	/System/Library/Frameworks/ApplicationServices.framework/Versions/A/Frameworks/LangAnalysis.framework/Versions/A/LangAnalysis
0x000000000b007000 	/System/Library/Frameworks/ApplicationServices.framework/Versions/A/Frameworks/PrintCore.framework/Versions/A/PrintCore
0x000000000b007000 	/System/Library/Frameworks/ApplicationServices.framework/Versions/A/Frameworks/QD.framework/Versions/A/QD
0x000000000b007000 	/System/Library/Frameworks/ApplicationServices.framework/Versions/A/Frameworks/SpeechSynthesis.framework/Versions/A/SpeechSynthesis
0x000000000b007000 	/System/Library/Frameworks/IOSurface.framework/Versions/A/IOSurface
0x000000000b007000 	/System/Library/Frameworks/Accelerate.framework/Versions/A/Accelerate
0x000000000b007000 	/System/Library/Frameworks/ApplicationServices.framework/Versions/A/Frameworks/ImageIO.framework/Versions/A/Resources/libJPEG.dylib
0x000000000b007000 	/System/Library/Frameworks/ApplicationServices.framework/Versions/A/Frameworks/ImageIO.framework/Versions/A/Resources/libTIFF.dylib
0x000000000b007000 	/System/Library/Frameworks/ApplicationServices.framework/Versions/A/Frameworks/ImageIO.framework/Versions/A/Resources/libPng.dylib
0x000000000b007000 	/System/Library/Frameworks/ApplicationServices.framework/Versions/A/Frameworks/ImageIO.framework/Versions/A/Resources/libGIF.dylib
0x000000000b007000 	/System/Library/Frameworks/ApplicationServices.framework/Versions/A/Frameworks/ImageIO.framework/Versions/A/Resources/libJP2.dylib
0x000000000b007000 	/System/Library/Frameworks/ApplicationServices.framework/Versions/A/Frameworks/ImageIO.framework/Versions/A/Resources/libRadiance.dylib
0x000000000b007000 	/System/Library/Frameworks/Accelerate.framework/Versions/A/Frameworks/vImage.framework/Versions/A/vImage
0x000000000b007000 	/System/Library/Frameworks/Accelerate.framework/Versions/A/Frameworks/vecLib.framework/Versions/A/vecLib
0x000000000b007000 	/System/Library/Frameworks/Accelerate.framework/Versions/A/Frameworks/vecLib.framework/Versions/A/libvDSP.dylib
0x000000000b007000 	/System/Library/Frameworks/Accelerate.framework/Versions/A/Frameworks/vecLib.framework/Versions/A/libvMisc.dylib
0x000000000b007000 	/System/Library/Frameworks/Accelerate.framework/Versions/A/Frameworks/vecLib.framework/Versions/A/libLAPACK.dylib
0x000000000b007000 	/System/Library/Frameworks/Accelerate.framework/Versions/A/Frameworks/vecLib.framework/Versions/A/libBLAS.dylib
0x000000000b007000 	/System/Library/Frameworks/ApplicationServices.framework/Versions/A/Frameworks/ATS.framework/Versions/A/Resources/libFontParser.dylib
0x000000000b007000 	/System/Library/Frameworks/ApplicationServices.framework/Versions/A/Frameworks/ATS.framework/Versions/A/Resources/libFontRegistry.dylib
0x000000000b007000 	/usr/lib/libcups.2.dylib
0x000000000b007000 	/System/Library/Frameworks/Kerberos.framework/Versions/A/Kerberos
0x000000000b007000 	/System/Library/Frameworks/GSS.framework/Versions/A/GSS
0x000000000b007000 	/usr/lib/libresolv.9.dylib
0x000000000b007000 	/usr/lib/libiconv.2.dylib
0x000000000b007000 	/System/Library/PrivateFrameworks/Heimdal.framework/Versions/A/Heimdal
0x000000000b007000 	/System/Library/Frameworks/OpenDirectory.framework/Versions/A/OpenDirectory
0x000000000b007000 	/System/Library/PrivateFrameworks/CommonAuth.framework/Versions/A/CommonAuth
0x000000000b007000 	/System/Library/Frameworks/CoreVideo.framework/Versions/A/CoreVideo
0x000000000b007000 	/System/Library/Frameworks/QuartzCore.framework/Versions/A/Frameworks/CoreImage.framework/Versions/A/CoreImage
0x000000000b007000 	/System/Library/Frameworks/QuartzCore.framework/Versions/A/Frameworks/ScalableUserInterface.framework/Versions/A/ScalableUserInterface
0x000000000b007000 	/System/Library/Frameworks/OpenGL.framework/Versions/A/Libraries/libGLU.dylib
0x000000000b007000 	/System/Library/Frameworks/OpenGL.framework/Versions/A/Libraries/libGFXShared.dylib
0x000000000b007000 	/System/Library/Frameworks/OpenGL.framework/Versions/A/Libraries/libGL.dylib
0x000000000b007000 	/System/Library/Frameworks/OpenGL.framework/Versions/A/Libraries/libGLImage.dylib
0x000000000b007000 	/System/Library/Frameworks/OpenGL.framework/Versions/A/Libraries/libCVMSPluginSupport.dylib
0x000000000b007000 	/System/Library/Frameworks/OpenGL.framework/Versions/A/Libraries/libCoreVMClient.dylib
0x000000000b007000 	/System/Library/Frameworks/OpenCL.framework/Versions/A/OpenCL
0x000000000b007000 	/System/Library/PrivateFrameworks/FaceCoreLight.framework/Versions/A/FaceCoreLight
0x000000000b007000 	/System/Library/Frameworks/vecLib.framework/Versions/A/vecLib
0x000000000b007000 	/System/Library/Frameworks/SecurityFoundation.framework/Versions/A/SecurityFoundation
0x000000000b007000 	/System/Library/PrivateFrameworks/CommerceKit.framework/Versions/A/Frameworks/CommerceCore.framework/Versions/A/CommerceCore
0x000000000b007000 	/System/Library/PrivateFrameworks/CoreSymbolication.framework/Versions/A/CoreSymbolication
0x000000000b007000 	/System/Library/PrivateFrameworks/Symbolication.framework/Versions/A/Symbolication
0x000000000b007000 	/System/Library/PrivateFrameworks/DebugSymbols.framework/Versions/A/DebugSymbols
0x0000000106100000 	/Library/Java/JavaVirtualMachines/1.7.0.jdk/Contents/Home/jre/lib/server/libjvm.dylib
0x0000000106ca3000 	/Library/Java/JavaVirtualMachines/1.7.0.jdk/Contents/Home/jre/lib/libverify.dylib
0x0000000106cb0000 	/Library/Java/JavaVirtualMachines/1.7.0.jdk/Contents/Home/jre/lib/libjava.dylib
0x0000000106ce8000 	/Library/Java/JavaVirtualMachines/1.7.0.jdk/Contents/Home/jre/lib/libzip.dylib
0x000000010ee4b000 	/System/Library/Frameworks/JavaVM.framework/Frameworks/JavaRuntimeSupport.framework/JavaRuntimeSupport
0x000000010ee63000 	/System/Library/Frameworks/JavaVM.framework/Versions/A/Frameworks/JavaNativeFoundation.framework/Versions/A/JavaNativeFoundation
0x000000010ee78000 	/System/Library/Frameworks/JavaVM.framework/Versions/A/JavaVM
0x000000000b007000 	/System/Library/Frameworks/Carbon.framework/Versions/A/Carbon
0x000000010ee85000 	/System/Library/PrivateFrameworks/JavaLaunching.framework/Versions/A/JavaLaunching
0x000000000b007000 	/System/Library/Frameworks/Carbon.framework/Versions/A/Frameworks/CommonPanels.framework/Versions/A/CommonPanels
0x000000000b007000 	/System/Library/Frameworks/Carbon.framework/Versions/A/Frameworks/Help.framework/Versions/A/Help
0x000000000b007000 	/System/Library/Frameworks/Carbon.framework/Versions/A/Frameworks/ImageCapture.framework/Versions/A/ImageCapture
0x000000000b007000 	/System/Library/Frameworks/Carbon.framework/Versions/A/Frameworks/OpenScripting.framework/Versions/A/OpenScripting
0x000000000b007000 	/System/Library/Frameworks/Carbon.framework/Versions/A/Frameworks/Print.framework/Versions/A/Print
0x000000000b007000 	/System/Library/Frameworks/Carbon.framework/Versions/A/Frameworks/SecurityHI.framework/Versions/A/SecurityHI
0x000000010f7ea000 	/Library/Java/JavaVirtualMachines/jdk1.7.0_45.jdk/Contents/Home/jre/lib/libprism-es2.dylib
0x000000010f850000 	/System/Library/Frameworks/OpenGL.framework/Resources/GLEngine.bundle/GLEngine
0x000000010fa3f000 	/System/Library/Frameworks/OpenGL.framework/Versions/A/Libraries/libGLProgrammability.dylib
0x0000000000000000 	/System/Library/Extensions/GeForceGLDriver.bundle/Contents/MacOS/GeForceGLDriver
0x000000010fbcb000 	/System/Library/PrivateFrameworks/GPUSupport.framework/Versions/A/Libraries/libGPUSupport.dylib
0x000000000b007000 	/System/Library/Extensions/GeForceGLDriver.bundle/Contents/MacOS/libclh.dylib
0x000000010fbe1000 	/System/Library/Frameworks/OpenGL.framework/Resources//GLRendererFloat.bundle/GLRendererFloat
0x000000010fc18000 	/System/Library/Frameworks/OpenCL.framework/Versions/A/Libraries/libcldcpuengine.dylib
0x000000000b007000 	/System/Library/PrivateFrameworks/DiskImages.framework/Versions/A/DiskImages
0x000000010fc28000 	/System/Library/Frameworks/OpenGL.framework/Versions/A/Libraries/libCoreFSCache.dylib
0x000000000b007000 	/System/Library/Frameworks/DiscRecording.framework/Versions/A/DiscRecording
0x000000000b007000 	/usr/lib/libcurl.4.dylib
0x000000000b007000 	/System/Library/PrivateFrameworks/MediaKit.framework/Versions/A/MediaKit
0x000000000b007000 	/usr/lib/libssl.0.9.8.dylib
0x000000000b007000 	/System/Library/Frameworks/LDAP.framework/Versions/A/LDAP
0x000000000b007000 	/usr/lib/libsasl2.2.dylib
0x000000010fde1000 	/Library/Java/JavaVirtualMachines/jdk1.7.0_45.jdk/Contents/Home/jre/lib/libglass.dylib
0x000000000b007000 	/System/Library/PrivateFrameworks/CoreServicesInternal.framework/Versions/A/CoreServicesInternal
0x000000000b007000 	/System/Library/CoreServices/RawCamera.bundle/Contents/MacOS/RawCamera
0x000000000b007000 	/System/Library/Frameworks/ApplicationServices.framework/Versions/A/Frameworks/CoreGraphics.framework/Versions/A/Resources/libCSync.A.dylib
0x000000000b007000 	/System/Library/Frameworks/ApplicationServices.framework/Versions/A/Frameworks/CoreGraphics.framework/Versions/A/Resources/libRIP.A.dylib
0x0000000112ac3000 	/Library/Java/JavaVirtualMachines/jdk1.7.0_45.jdk/Contents/Home/jre/lib/libjavafx-font.dylib
0x0000000112b1f000 	/Library/Java/JavaVirtualMachines/jdk1.7.0_45.jdk/Contents/Home/jre/lib/libjavafx-iio.dylib
0x000000000b007000 	/System/Library/Frameworks/ApplicationServices.framework/Versions/A/Frameworks/CoreGraphics.framework/Versions/A/Resources/libCGXType.A.dylib
0x0000000110f08000 	cl_kernels
0x000000011464f000 	/System/Library/Frameworks/OpenCL.framework/Versions/A/Libraries/ImageFormats/unorm8_bgra.dylib
0x000000011471d000 	cl_kernels

VM Arguments:
jvm_args: -Dfile.encoding=US-ASCII -Xbootclasspath/a:/Library/Java/JavaVirtualMachines/jdk1.7.0_45.jdk/Contents/Home/jre/lib/jfxrt.jar 
java_command: controller.com.Main
Launcher Type: SUN_STANDARD

Environment Variables:
PATH=/usr/bin:/bin:/usr/sbin:/sbin
SHELL=/bin/bash
DISPLAY=/tmp/launch-TxnTCv/org.x:0

Signal Handlers:
SIGSEGV: [libjvm.dylib+0x4a177d], sa_mask[0]=0xfffefeff, sa_flags=0x00000042
SIGBUS: [libjvm.dylib+0x4a177d], sa_mask[0]=0xfffefeff, sa_flags=0x00000042
SIGFPE: [libjvm.dylib+0x3b1541], sa_mask[0]=0xfffefeff, sa_flags=0x00000042
SIGPIPE: [libjvm.dylib+0x3b1541], sa_mask[0]=0xfffefeff, sa_flags=0x00000042
SIGXFSZ: [libjvm.dylib+0x3b1541], sa_mask[0]=0xfffefeff, sa_flags=0x00000042
SIGILL: [libjvm.dylib+0x3b1541], sa_mask[0]=0xfffefeff, sa_flags=0x00000042
SIGUSR1: SIG_DFL, sa_mask[0]=0x00000000, sa_flags=0x00000002
SIGUSR2: [libjvm.dylib+0x3b10ce], sa_mask[0]=0x00000004, sa_flags=0x00000042
SIGHUP: [libjvm.dylib+0x3af2f3], sa_mask[0]=0xfffefeff, sa_flags=0x00000042
SIGINT: [libjvm.dylib+0x3af2f3], sa_mask[0]=0xfffefeff, sa_flags=0x00000042
SIGTERM: [libjvm.dylib+0x3af2f3], sa_mask[0]=0xfffefeff, sa_flags=0x00000042
SIGQUIT: [libjvm.dylib+0x3af2f3], sa_mask[0]=0xfffefeff, sa_flags=0x00000042


---------------  S Y S T E M  ---------------

OS:Bsd
uname:Darwin 11.4.2 Darwin Kernel Version 11.4.2: Thu Aug 23 16:25:48 PDT 2012; root:xnu-1699.32.7~1/RELEASE_X86_64 x86_64
rlimit: STACK 8192k, CORE 0k, NPROC 266, NOFILE 10240
CPU:total 2 (2 cores per cpu, 1 threads per core) family 6 model 23 stepping 10, cmov, cx8, fxsr, mmx, sse, sse2, sse3, ssse3, sse4.1, tsc

Memory: 4k page, physical 5745136k(1436284k free)

/proc/meminfo:


vm_info: Java HotSpot(TM) 64-Bit Server VM (23.0-b21) for bsd-amd64 JRE (1.7.0_04-b21), built on Apr 19 2012 22:33:17 by "java_re" with gcc 4.2.1 (Based on Apple Inc. build 5658) (LLVM build 2336.1.00)

time: Fri Jan 17 15:04:21 2014
elapsed time: 181 seconds

