#
# A fatal error has been detected by the Java Runtime Environment:
#
#  SIGSEGV (0xb) at pc=0x00007fff9507d390, pid=2863, tid=140735261858144
#
# JRE version: 7.0_04-b21
# Java VM: Java HotSpot(TM) 64-Bit Server VM (23.0-b21 mixed mode bsd-amd64 compressed oops)
# Problematic frame:
# C  [libobjc.A.dylib+0xb390]  objc_msgSend_vtable14+0x10
#
# Failed to write core dump. Core dumps have been disabled. To enable core dumping, try "ulimit -c unlimited" before starting Java again
#
# If you would like to submit a bug report, please visit:
#   http://bugreport.sun.com/bugreport/crash.jsp
# The crash happened outside the Java Virtual Machine in native code.
# See problematic frame for where to report the bug.
#

---------------  T H R E A D  ---------------

Current thread (0x00007fe4d9108000):  JavaThread "JavaFX Application Thread" [_thread_in_native, id=2068470112, stack(0x00007fff68705000,0x00007fff68f05000)]

siginfo:si_signo=SIGSEGV: si_errno=0, si_code=0 (SEGV0), si_addr=0x0000000000000000

Registers:
RAX=0xb000000000000000, RBX=0x00007fe4da4195a0, RCX=0x00007fe4d9155070, RDX=0x00000000a1a1a1a1
RSP=0x00007fff68f010d8, RBP=0x00007fff68f01100, RSI=0x00007fff7b9f2720, RDI=0x00007fe4d8da8c90
R8 =0x00007fff7aeae084, R9 =0x00007fff68f01098, R10=0x00000001094c6020, R11=0x00000001094b3ec8
R12=0x0000000109418b40, R13=0x0000000000000004, R14=0x00007fe4d9155068, R15=0x00007fff7b9f2720
RIP=0x00007fff9507d390, EFLAGS=0x0000000000010246, ERR=0x0000000000000000
  TRAPNO=0x000000000000000d

Top of Stack: (sp=0x00007fff68f010d8)
0x00007fff68f010d8:   00007fff956b7404 0000000109418b40
0x00007fff68f010e8:   00007fe4da4195e0 0000000000000000
0x00007fff68f010f8:   000007da3df8d0cf 00007fff68f01160
0x00007fff68f01108:   00007fff9149bb58 00007fff94cee3a3
0x00007fff68f01118:   00007fe4da4195a0 00007fe4da4195e0
0x00007fff68f01128:   00007fe4da4195f8 81391705fac5d774
0x00007fff68f01138:   00007fe4da4195e0 0000000109418b40
0x00007fff68f01148:   0000000000000004 0000000109418b30
0x00007fff68f01158:   000007da3df8d0cf 00007fff68f011d0
0x00007fff68f01168:   00007fff9149b4ba 00007fff68f011a0
0x00007fff68f01178:   0000000000000000 0000000000000000
0x00007fff68f01188:   00007fe4da4195a0 00007fe4da4195f8
0x00007fff68f01198:   0000000109418a40 81391705fac5d774
0x00007fff68f011a8:   0000000000000003 00007fe4da3dbb00
0x00007fff68f011b8:   0000000109418970 0000000000000002
0x00007fff68f011c8:   0000000000000005 00007fff68f01e80
0x00007fff68f011d8:   00007fff9147be11 00007fe4d91081d8
0x00007fff68f011e8:   00230004ffffffff 0000000000000000
0x00007fff68f011f8:   000000017b59f670 00007fe4da3df510
0x00007fff68f01208:   0000000109418b40 0000000109418a40
0x00007fff68f01218:   01007fff930bd160 00007fff68f01258
0x00007fff68f01228:   00001b037b59f68c 00007fff7aea6fa0
0x00007fff68f01238:   0000000109418a30 0000000109418b30
0x00007fff68f01248:   00007fe4da418830 00007fff68f01258
0x00007fff68f01258:   0000003000001100 00001a0300000000
0x00007fff68f01268:   0000000000000000 0000000000000000
0x00007fff68f01278:   0000000000000000 0000000000000000
0x00007fff68f01288:   0000004400000000 000000000000035f
0x00007fff68f01298:   0000000000000001 0000000000000000
0x00007fff68f012a8:   0000000000000000 0000000000000000
0x00007fff68f012b8:   0000000000000000 0000000000000000
0x00007fff68f012c8:   0000000000000000 000000000000e66b 

Instructions: (pc=0x00007fff9507d390)
0x00007fff9507d370:   8b 42 18 48 8b 76 08 ff 60 68 66 0f 1f 44 00 00
0x00007fff9507d380:   48 85 ff 74 16 f7 c7 01 00 00 00 75 12 48 8b 07
0x00007fff9507d390:   48 8b 40 18 48 8b 76 08 ff 60 70 31 c0 c3 90 89
0x00007fff9507d3a0:   f8 83 e0 0f 4c 8d 15 2d 51 84 e6 4d 8b 14 c2 49 

Register to memory mapping:

RAX=0xb000000000000000 is an unknown value
RBX=0x00007fe4da4195a0 is an unknown value
RCX=0x00007fe4d9155070 is an unknown value
RDX=0x00000000a1a1a1a1 is an unknown value
RSP=0x00007fff68f010d8 is pointing into the stack for thread: 0x00007fe4d9108000
RBP=0x00007fff68f01100 is pointing into the stack for thread: 0x00007fe4d9108000
RSI=0x00007fff7b9f2720: OBJC_IVAR_$_NSFileWatcher._formerPath+0x72d0 in /System/Library/Frameworks/Foundation.framework/Versions/C/Foundation at 0x00007fff956a1000
RDI=0x00007fe4d8da8c90 is an unknown value
R8 =0x00007fff7aeae084: __CFProcessKillingLock+0 in /System/Library/Frameworks/CoreFoundation.framework/Versions/A/CoreFoundation at 0x00007fff91443000
R9 =0x00007fff68f01098 is pointing into the stack for thread: 0x00007fe4d9108000
R10=0x00000001094c6020 is an unknown value
R11=0x00000001094b3ec8 is an unknown value
R12=0x0000000109418b40 is an unknown value
R13=0x0000000000000004 is an unknown value
R14=0x00007fe4d9155068 is an unknown value
R15=0x00007fff7b9f2720: OBJC_IVAR_$_NSFileWatcher._formerPath+0x72d0 in /System/Library/Frameworks/Foundation.framework/Versions/C/Foundation at 0x00007fff956a1000


Stack: [0x00007fff68705000,0x00007fff68f05000],  sp=0x00007fff68f010d8,  free space=8176k
Native frames: (J=compiled Java code, j=interpreted, Vv=VM code, C=native code)
C  [libobjc.A.dylib+0xb390]  objc_msgSend_vtable14+0x10
C  [CoreFoundation+0x58b58]  CFRunLoopTimerInvalidate+0x218
C  [CoreFoundation+0x584ba]  __CFRunLoopDoTimer+0x24a
C  [CoreFoundation+0x38e11]  __CFRunLoopRun+0x651
C  [CoreFoundation+0x38486]  CFRunLoopRunSpecific+0xe6
C  [HIToolbox+0x22bf]  RunCurrentEventLoopInMode+0x115
C  [HIToolbox+0x94bf]  ReceiveNextEventCommon+0xb5
C  [HIToolbox+0x93fa]  BlockUntilNextEventMatchingListInMode+0x3e
C  [AppKit+0x8779]  _DPSNextEvent+0x293
C  [AppKit+0x807d]  -[NSApplication nextEventMatchingMask:untilDate:inMode:dequeue:]+0x87
C  [AppKit+0x49b9]  -[NSApplication run]+0x1d6
C  [libglass.dylib+0x3d31]  -[GlassApplication runLoop:]+0x2f1
C  [CoreFoundation+0x9370d]  -[NSObject performSelector:withObject:]+0x3d
C  [Foundation+0x4fd70]  __NSThreadPerformPerform+0xd6
C  [CoreFoundation+0x124f1]  __CFRUNLOOP_IS_CALLING_OUT_TO_A_SOURCE0_PERFORM_FUNCTION__+0x11
C  [CoreFoundation+0x11d5d]  __CFRunLoopDoSources0+0xfd
C  [CoreFoundation+0x38b49]  __CFRunLoopRun+0x389
C  [CoreFoundation+0x38486]  CFRunLoopRunSpecific+0xe6
C  [java+0x74bc]  CreateExecutionEnvironment+0x367
C  [java+0x1cac]  JLI_Launch+0x7a0
C  [java+0x7819]  main+0x65
C  [java+0x1504]  start+0x34


---------------  P R O C E S S  ---------------

Java Threads: ( => current thread )
  0x00007fe4d9391800 JavaThread "Prism Font Disposer" daemon [_thread_blocked, id=1947602944, stack(0x0000000174061000,0x0000000174161000)]
  0x00007fe4d9200000 JavaThread "Thread-4" daemon [_thread_in_native, id=1914093568, stack(0x00000001720ec000,0x000000017216c000)]
=>0x00007fe4d9108000 JavaThread "JavaFX Application Thread" [_thread_in_native, id=2068470112, stack(0x00007fff68705000,0x00007fff68f05000)]
  0x00007fe4d98a8000 JavaThread "Thread-2" daemon [_thread_blocked, id=1889132544, stack(0x000000017089e000,0x000000017099e000)]
  0x00007fe4d98a5000 JavaThread "Disposer" daemon [_thread_blocked, id=1887666176, stack(0x0000000170738000,0x0000000170838000)]
  0x00007fe4d90f3000 JavaThread "QuantumRenderer-0" daemon [_thread_blocked, id=1881477120, stack(0x0000000170151000,0x0000000170251000)]
  0x00007fe4d90f6000 JavaThread "JavaFX-Launcher" [_thread_blocked, id=1880383488, stack(0x0000000170046000,0x0000000170146000)]
  0x00007fe4d9076000 JavaThread "Service Thread" daemon [_thread_blocked, id=1877757952, stack(0x000000016fdc5000,0x000000016fec5000)]
  0x00007fe4d9075800 JavaThread "C2 CompilerThread1" daemon [_thread_blocked, id=1876697088, stack(0x000000016fcc2000,0x000000016fdc2000)]
  0x00007fe4d906c000 JavaThread "C2 CompilerThread0" daemon [_thread_blocked, id=1875636224, stack(0x000000016fbbf000,0x000000016fcbf000)]
  0x00007fe4d906b000 JavaThread "Signal Dispatcher" daemon [_thread_blocked, id=1874575360, stack(0x000000016fabc000,0x000000016fbbc000)]
  0x00007fe4d9842800 JavaThread "Finalizer" daemon [_thread_blocked, id=1871441920, stack(0x000000016f7bf000,0x000000016f8bf000)]
  0x00007fe4d983c800 JavaThread "Reference Handler" daemon [_thread_blocked, id=1870381056, stack(0x000000016f6bc000,0x000000016f7bc000)]
  0x00007fe4d9034800 JavaThread "main" [_thread_blocked, id=168431616, stack(0x0000000109fa1000,0x000000010a0a1000)]

Other Threads:
  0x00007fe4d9839800 VMThread [stack: 0x000000016f5b9000,0x000000016f6b9000] [id=1869320192]
  0x00007fe4d9066000 WatcherThread [stack: 0x000000016fec8000,0x000000016ffc8000] [id=1878818816]

VM state:not at safepoint (normal execution)

VM Mutex/Monitor currently owned by a thread: None

Heap
 PSYoungGen      total 49024K, used 33648K [0x000000014d130000, 0x00000001530f0000, 0x000000016a7d0000)
  eden space 45312K, 66% used [0x000000014d130000,0x000000014eea2730,0x000000014fd70000)
  from space 3712K, 94% used [0x000000014fd70000,0x00000001500d9b80,0x0000000150110000)
  to   space 3712K, 0% used [0x0000000152d50000,0x0000000152d50000,0x00000001530f0000)
 ParOldGen       total 155136K, used 77382K [0x00000001123d0000, 0x000000011bb50000, 0x000000014d130000)
  object space 155136K, 49% used [0x00000001123d0000,0x0000000116f61810,0x000000011bb50000)
 PSPermGen       total 21248K, used 11494K [0x000000010d1d0000, 0x000000010e690000, 0x00000001123d0000)
  object space 21248K, 54% used [0x000000010d1d0000,0x000000010dd09bd8,0x000000010e690000)

Code Cache  [0x000000010a0f2000, 0x000000010a362000, 0x000000010d0f2000)
 total_blobs=679 nmethods=149 adapters=482 free_code_cache=48151Kb largest_free_block=49246208

Compilation events (10 events):
Event: 10.585 Thread 0x00007fe4d9075800  144             java.util.ArrayList$Itr::hasNext (20 bytes)
Event: 10.586 Thread 0x00007fe4d9075800 nmethod 144 0x000000010a167650 code [0x000000010a167780, 0x000000010a167818]
Event: 10.595 Thread 0x00007fe4d9075800  145             com.sun.prism.paint.Paint::getType (5 bytes)
Event: 10.595 Thread 0x00007fe4d9075800 nmethod 145 0x000000010a167450 code [0x000000010a167580, 0x000000010a1675f8]
Event: 10.928 Thread 0x00007fe4d9075800  146             com.sun.javafx.geom.transform.GeneralTransform3D::almostZero (22 bytes)
Event: 10.929 Thread 0x00007fe4d9075800 nmethod 146 0x000000010a167190 code [0x000000010a167300, 0x000000010a167358]
Event: 10.930 Thread 0x00007fe4d9075800  147             java.util.ArrayList$Itr::checkForComodification (23 bytes)
Event: 10.931 Thread 0x00007fe4d9075800 nmethod 147 0x000000010a1659d0 code [0x000000010a165b20, 0x000000010a165bb8]
Event: 10.934 Thread 0x00007fe4d9075800  148             java.util.ArrayList$Itr::next (66 bytes)
Event: 10.937 Thread 0x00007fe4d9075800 nmethod 148 0x000000010a165610 code [0x000000010a165760, 0x000000010a165878]

GC Heap History (8 events):
Event: 1.203 GC heap before
{Heap before GC invocations=1 (full 0):
 PSYoungGen      total 26368K, used 22440K [0x000000014d130000, 0x000000014ee90000, 0x000000016a7d0000)
  eden space 22656K, 99% used [0x000000014d130000,0x000000014e71a1b8,0x000000014e750000)
  from space 3712K, 0% used [0x000000014eaf0000,0x000000014eaf0000,0x000000014ee90000)
  to   space 3712K, 0% used [0x000000014e750000,0x000000014e750000,0x000000014eaf0000)
 ParOldGen       total 60288K, used 0K [0x00000001123d0000, 0x0000000115eb0000, 0x000000014d130000)
  object space 60288K, 0% used [0x00000001123d0000,0x00000001123d0000,0x0000000115eb0000)
 PSPermGen       total 21248K, used 6411K [0x000000010d1d0000, 0x000000010e690000, 0x00000001123d0000)
  object space 21248K, 30% used [0x000000010d1d0000,0x000000010d812ee8,0x000000010e690000)
Event: 1.224 GC heap after
Heap after GC invocations=1 (full 0):
 PSYoungGen      total 26368K, used 3688K [0x000000014d130000, 0x00000001504b0000, 0x000000016a7d0000)
  eden space 22656K, 0% used [0x000000014d130000,0x000000014d130000,0x000000014e750000)
  from space 3712K, 99% used [0x000000014e750000,0x000000014eaea2f0,0x000000014eaf0000)
  to   space 3712K, 0% used [0x0000000150110000,0x0000000150110000,0x00000001504b0000)
 ParOldGen       total 60288K, used 13729K [0x00000001123d0000, 0x0000000115eb0000, 0x000000014d130000)
  object space 60288K, 22% used [0x00000001123d0000,0x0000000113138580,0x0000000115eb0000)
 PSPermGen       total 21248K, used 6411K [0x000000010d1d0000, 0x000000010e690000, 0x00000001123d0000)
  object space 21248K, 30% used [0x000000010d1d0000,0x000000010d812ee8,0x000000010e690000)
}
Event: 1.676 GC heap before
{Heap before GC invocations=2 (full 0):
 PSYoungGen      total 26368K, used 26128K [0x000000014d130000, 0x00000001504b0000, 0x000000016a7d0000)
  eden space 22656K, 99% used [0x000000014d130000,0x000000014e719e48,0x000000014e750000)
  from space 3712K, 99% used [0x000000014e750000,0x000000014eaea2f0,0x000000014eaf0000)
  to   space 3712K, 0% used [0x0000000150110000,0x0000000150110000,0x00000001504b0000)
 ParOldGen       total 60288K, used 13729K [0x00000001123d0000, 0x0000000115eb0000, 0x000000014d130000)
  object space 60288K, 22% used [0x00000001123d0000,0x0000000113138580,0x0000000115eb0000)
 PSPermGen       total 21248K, used 6416K [0x000000010d1d0000, 0x000000010e690000, 0x00000001123d0000)
  object space 21248K, 30% used [0x000000010d1d0000,0x000000010d8141a0,0x000000010e690000)
Event: 1.709 GC heap after
Heap after GC invocations=2 (full 0):
 PSYoungGen      total 49024K, used 3707K [0x000000014d130000, 0x00000001504b0000, 0x000000016a7d0000)
  eden space 45312K, 0% used [0x000000014d130000,0x000000014d130000,0x000000014fd70000)
  from space 3712K, 99% used [0x0000000150110000,0x00000001504aee28,0x00000001504b0000)
  to   space 3712K, 0% used [0x000000014fd70000,0x000000014fd70000,0x0000000150110000)
 ParOldGen       total 60288K, used 34540K [0x00000001123d0000, 0x0000000115eb0000, 0x000000014d130000)
  object space 60288K, 57% used [0x00000001123d0000,0x000000011458b0d0,0x0000000115eb0000)
 PSPermGen       total 21248K, used 6416K [0x000000010d1d0000, 0x000000010e690000, 0x00000001123d0000)
  object space 21248K, 30% used [0x000000010d1d0000,0x000000010d8141a0,0x000000010e690000)
}
Event: 2.588 GC heap before
{Heap before GC invocations=3 (full 0):
 PSYoungGen      total 49024K, used 48879K [0x000000014d130000, 0x00000001504b0000, 0x000000016a7d0000)
  eden space 45312K, 99% used [0x000000014d130000,0x000000014fd4cec8,0x000000014fd70000)
  from space 3712K, 99% used [0x0000000150110000,0x00000001504aee28,0x00000001504b0000)
  to   space 3712K, 0% used [0x000000014fd70000,0x000000014fd70000,0x0000000150110000)
 ParOldGen       total 60288K, used 34540K [0x00000001123d0000, 0x0000000115eb0000, 0x000000014d130000)
  object space 60288K, 57% used [0x00000001123d0000,0x000000011458b0d0,0x0000000115eb0000)
 PSPermGen       total 21248K, used 6428K [0x000000010d1d0000, 0x000000010e690000, 0x00000001123d0000)
  object space 21248K, 30% used [0x000000010d1d0000,0x000000010d817078,0x000000010e690000)
Event: 2.640 GC heap after
Heap after GC invocations=3 (full 0):
 PSYoungGen      total 49024K, used 3705K [0x000000014d130000, 0x00000001530f0000, 0x000000016a7d0000)
  eden space 45312K, 0% used [0x000000014d130000,0x000000014d130000,0x000000014fd70000)
  from space 3712K, 99% used [0x000000014fd70000,0x000000015010e4f8,0x0000000150110000)
  to   space 3712K, 0% used [0x0000000152d50000,0x0000000152d50000,0x00000001530f0000)
 ParOldGen       total 77568K, used 77254K [0x00000001123d0000, 0x0000000116f90000, 0x000000014d130000)
  object space 77568K, 99% used [0x00000001123d0000,0x0000000116f41b18,0x0000000116f90000)
 PSPermGen       total 21248K, used 6428K [0x000000010d1d0000, 0x000000010e690000, 0x00000001123d0000)
  object space 21248K, 30% used [0x000000010d1d0000,0x000000010d817078,0x000000010e690000)
}
Event: 2.640 GC heap before
{Heap before GC invocations=4 (full 1):
 PSYoungGen      total 49024K, used 3705K [0x000000014d130000, 0x00000001530f0000, 0x000000016a7d0000)
  eden space 45312K, 0% used [0x000000014d130000,0x000000014d130000,0x000000014fd70000)
  from space 3712K, 99% used [0x000000014fd70000,0x000000015010e4f8,0x0000000150110000)
  to   space 3712K, 0% used [0x0000000152d50000,0x0000000152d50000,0x00000001530f0000)
 ParOldGen       total 77568K, used 77254K [0x00000001123d0000, 0x0000000116f90000, 0x000000014d130000)
  object space 77568K, 99% used [0x00000001123d0000,0x0000000116f41b18,0x0000000116f90000)
 PSPermGen       total 21248K, used 6428K [0x000000010d1d0000, 0x000000010e690000, 0x00000001123d0000)
  object space 21248K, 30% used [0x000000010d1d0000,0x000000010d817078,0x000000010e690000)
Event: 2.724 GC heap after
Heap after GC invocations=4 (full 1):
 PSYoungGen      total 49024K, used 3494K [0x000000014d130000, 0x00000001530f0000, 0x000000016a7d0000)
  eden space 45312K, 0% used [0x000000014d130000,0x000000014d130000,0x000000014fd70000)
  from space 3712K, 94% used [0x000000014fd70000,0x00000001500d9b80,0x0000000150110000)
  to   space 3712K, 0% used [0x0000000152d50000,0x0000000152d50000,0x00000001530f0000)
 ParOldGen       total 155136K, used 77382K [0x00000001123d0000, 0x000000011bb50000, 0x000000014d130000)
  object space 155136K, 49% used [0x00000001123d0000,0x0000000116f61810,0x000000011bb50000)
 PSPermGen       total 21248K, used 6425K [0x000000010d1d0000, 0x000000010e690000, 0x00000001123d0000)
  object space 21248K, 30% used [0x000000010d1d0000,0x000000010d816478,0x000000010e690000)
}

Deoptimization events (10 events):
Event: 3.261 Thread 0x00007fe4d9108000 Uncommon trap -34 fr.pc 0x000000010a1624a8
Event: 3.261 Thread 0x00007fe4d9108000 Uncommon trap -34 fr.pc 0x000000010a1624a8
Event: 3.261 Thread 0x00007fe4d9108000 Uncommon trap -34 fr.pc 0x000000010a1624a8
Event: 3.261 Thread 0x00007fe4d9108000 Uncommon trap -34 fr.pc 0x000000010a1624a8
Event: 3.386 Thread 0x00007fe4d9108000 Uncommon trap 51 fr.pc 0x000000010a1930c0
Event: 3.554 Thread 0x00007fe4d9108000 Uncommon trap -12 fr.pc 0x000000010a1a0390
Event: 3.554 Thread 0x00007fe4d9108000 Uncommon trap -12 fr.pc 0x000000010a1a5f84
Event: 5.718 Thread 0x00007fe4d9108000 Uncommon trap -12 fr.pc 0x000000010a1bc994
Event: 9.825 Thread 0x00007fe4d9108000 Uncommon trap -12 fr.pc 0x000000010a1e4af4
Event: 9.842 Thread 0x00007fe4d9108000 Uncommon trap -12 fr.pc 0x000000010a1cb950

Internal exceptions (10 events):
Event: 3.159 Thread 0x00007fe4d9108000 Threw 0x000000014e363880 at /HUDSON/workspace/jdk7u4-2-build-macosx-x86_64-product/jdk7u4/hotspot/src/share/vm/prims/jvm.cpp:1166
Event: 3.160 Thread 0x00007fe4d9108000 Threw 0x000000014e366cc8 at /HUDSON/workspace/jdk7u4-2-build-macosx-x86_64-product/jdk7u4/hotspot/src/share/vm/prims/jvm.cpp:1166
Event: 3.160 Thread 0x00007fe4d9108000 Threw 0x000000014e369c60 at /HUDSON/workspace/jdk7u4-2-build-macosx-x86_64-product/jdk7u4/hotspot/src/share/vm/prims/jvm.cpp:1166
Event: 3.161 Thread 0x00007fe4d9108000 Threw 0x000000014e36e350 at /HUDSON/workspace/jdk7u4-2-build-macosx-x86_64-product/jdk7u4/hotspot/src/share/vm/prims/jvm.cpp:1166
Event: 3.554 Thread 0x00007fe4d9108000 Implicit null exception at 0x000000010a1a02cb to 0x000000010a1a0385
Event: 3.554 Thread 0x00007fe4d9108000 Implicit null exception at 0x000000010a1a5d29 to 0x000000010a1a5f69
Event: 5.707 Thread 0x00007fe4d9108000 Threw 0x000000014ecd7788 at /HUDSON/workspace/jdk7u4-2-build-macosx-x86_64-product/jdk7u4/hotspot/src/share/vm/prims/jvm.cpp:1166
Event: 5.718 Thread 0x00007fe4d9108000 Implicit null exception at 0x000000010a1ba199 to 0x000000010a1bc8b5
Event: 9.825 Thread 0x00007fe4d9108000 Implicit null exception at 0x000000010a1e0fc0 to 0x000000010a1e4add
Event: 9.842 Thread 0x00007fe4d9108000 Implicit null exception at 0x000000010a1cb8f1 to 0x000000010a1cb945

Events (10 events):
Event: 10.946 loading class 0x0000000109490a80
Event: 10.946 loading class 0x0000000109490a80 done
Event: 10.947 loading class 0x0000000109431210
Event: 10.947 loading class 0x00000001094314c0
Event: 10.947 loading class 0x00000001094314c0 done
Event: 10.947 loading class 0x0000000109431210 done
Event: 10.947 loading class 0x00007fe4da398f80
Event: 10.947 loading class 0x00007fe4da398f80 done
Event: 10.974 loading class 0x000000010949ec20
Event: 10.974 loading class 0x000000010949ec20 done


Dynamic libraries:
0x000000000a2d3000 	/System/Library/Frameworks/Cocoa.framework/Versions/A/Cocoa
0x000000000a2d3000 	/System/Library/Frameworks/Security.framework/Versions/A/Security
0x000000000a2d3000 	/System/Library/Frameworks/ApplicationServices.framework/Versions/A/ApplicationServices
0x000000000a2d3000 	/usr/lib/libz.1.dylib
0x000000000a2d3000 	/usr/lib/libSystem.B.dylib
0x000000000a2d3000 	/usr/lib/libobjc.A.dylib
0x000000000a2d3000 	/System/Library/Frameworks/CoreFoundation.framework/Versions/A/CoreFoundation
0x000000000a2d3000 	/System/Library/Frameworks/AppKit.framework/Versions/C/AppKit
0x000000000a2d3000 	/System/Library/Frameworks/CoreData.framework/Versions/A/CoreData
0x000000000a2d3000 	/System/Library/Frameworks/Foundation.framework/Versions/C/Foundation
0x000000000a2d3000 	/System/Library/PrivateFrameworks/RemoteViewServices.framework/Versions/A/RemoteViewServices
0x000000000a2d3000 	/System/Library/Frameworks/AudioToolbox.framework/Versions/A/AudioToolbox
0x000000000a2d3000 	/System/Library/Frameworks/AudioUnit.framework/Versions/A/AudioUnit
0x000000000a2d3000 	/System/Library/PrivateFrameworks/DataDetectorsCore.framework/Versions/A/DataDetectorsCore
0x000000000a2d3000 	/System/Library/PrivateFrameworks/DesktopServicesPriv.framework/Versions/A/DesktopServicesPriv
0x000000000a2d3000 	/System/Library/Frameworks/Carbon.framework/Versions/A/Frameworks/HIToolbox.framework/Versions/A/HIToolbox
0x000000000a2d3000 	/System/Library/Frameworks/QuartzCore.framework/Versions/A/QuartzCore
0x000000000a2d3000 	/System/Library/Frameworks/Carbon.framework/Versions/A/Frameworks/SpeechRecognition.framework/Versions/A/SpeechRecognition
0x000000000a2d3000 	/usr/lib/libauto.dylib
0x000000000a2d3000 	/usr/lib/libicucore.A.dylib
0x000000000a2d3000 	/usr/lib/libxml2.2.dylib
0x000000000a2d3000 	/System/Library/PrivateFrameworks/CoreUI.framework/Versions/A/CoreUI
0x000000000a2d3000 	/System/Library/Frameworks/CoreAudio.framework/Versions/A/CoreAudio
0x000000000a2d3000 	/System/Library/Frameworks/DiskArbitration.framework/Versions/A/DiskArbitration
0x000000000a2d3000 	/usr/lib/liblangid.dylib
0x000000000a2d3000 	/System/Library/PrivateFrameworks/MultitouchSupport.framework/Versions/A/MultitouchSupport
0x000000000a2d3000 	/System/Library/Frameworks/IOKit.framework/Versions/A/IOKit
0x000000000a2d3000 	/usr/lib/libDiagnosticMessagesClient.dylib
0x000000000a2d3000 	/System/Library/Frameworks/CoreServices.framework/Versions/A/CoreServices
0x000000000a2d3000 	/System/Library/PrivateFrameworks/PerformanceAnalysis.framework/Versions/A/PerformanceAnalysis
0x000000000a2d3000 	/System/Library/PrivateFrameworks/GenerationalStorage.framework/Versions/A/GenerationalStorage
0x000000000a2d3000 	/System/Library/Frameworks/OpenGL.framework/Versions/A/OpenGL
0x000000000a2d3000 	/System/Library/Frameworks/CoreServices.framework/Versions/A/Frameworks/CFNetwork.framework/Versions/A/CFNetwork
0x000000000a2d3000 	/System/Library/Frameworks/SystemConfiguration.framework/Versions/A/SystemConfiguration
0x000000000a2d3000 	/usr/lib/libCRFSuite.dylib
0x000000000a2d3000 	/usr/lib/libc++.1.dylib
0x000000000a2d3000 	/usr/lib/libstdc++.6.dylib
0x000000000a2d3000 	/usr/lib/libc++abi.dylib
0x000000000a2d3000 	/usr/lib/system/libcache.dylib
0x000000000a2d3000 	/usr/lib/system/libcommonCrypto.dylib
0x000000000a2d3000 	/usr/lib/system/libcompiler_rt.dylib
0x000000000a2d3000 	/usr/lib/system/libcopyfile.dylib
0x000000000a2d3000 	/usr/lib/system/libdispatch.dylib
0x000000000a2d3000 	/usr/lib/system/libdnsinfo.dylib
0x000000000a2d3000 	/usr/lib/system/libdyld.dylib
0x000000000a2d3000 	/usr/lib/system/libkeymgr.dylib
0x000000000a2d3000 	/usr/lib/system/liblaunch.dylib
0x000000000a2d3000 	/usr/lib/system/libmacho.dylib
0x000000000a2d3000 	/usr/lib/system/libmathCommon.A.dylib
0x000000000a2d3000 	/usr/lib/system/libquarantine.dylib
0x000000000a2d3000 	/usr/lib/system/libremovefile.dylib
0x000000000a2d3000 	/usr/lib/system/libsystem_blocks.dylib
0x000000000a2d3000 	/usr/lib/system/libsystem_c.dylib
0x000000000a2d3000 	/usr/lib/system/libsystem_dnssd.dylib
0x000000000a2d3000 	/usr/lib/system/libsystem_info.dylib
0x000000000a2d3000 	/usr/lib/system/libsystem_kernel.dylib
0x000000000a2d3000 	/usr/lib/system/libsystem_network.dylib
0x000000000a2d3000 	/usr/lib/system/libsystem_notify.dylib
0x000000000a2d3000 	/usr/lib/system/libsystem_sandbox.dylib
0x000000000a2d3000 	/usr/lib/system/libunc.dylib
0x000000000a2d3000 	/usr/lib/system/libunwind.dylib
0x000000000a2d3000 	/usr/lib/system/libxpc.dylib
0x000000000a2d3000 	/usr/lib/libbsm.0.dylib
0x000000000a2d3000 	/usr/lib/libsqlite3.dylib
0x000000000a2d3000 	/usr/lib/libOpenScriptingUtil.dylib
0x000000000a2d3000 	/usr/lib/libpam.2.dylib
0x000000000a2d3000 	/usr/lib/libxar-nossl.dylib
0x000000000a2d3000 	/usr/lib/libbz2.1.0.dylib
0x000000000a2d3000 	/System/Library/Frameworks/CoreServices.framework/Versions/A/Frameworks/CarbonCore.framework/Versions/A/CarbonCore
0x000000000a2d3000 	/System/Library/Frameworks/CoreServices.framework/Versions/A/Frameworks/Metadata.framework/Versions/A/Metadata
0x000000000a2d3000 	/System/Library/Frameworks/CoreServices.framework/Versions/A/Frameworks/OSServices.framework/Versions/A/OSServices
0x000000000a2d3000 	/System/Library/Frameworks/CoreServices.framework/Versions/A/Frameworks/SearchKit.framework/Versions/A/SearchKit
0x000000000a2d3000 	/System/Library/Frameworks/CoreServices.framework/Versions/A/Frameworks/AE.framework/Versions/A/AE
0x000000000a2d3000 	/System/Library/Frameworks/CoreServices.framework/Versions/A/Frameworks/LaunchServices.framework/Versions/A/LaunchServices
0x000000000a2d3000 	/System/Library/Frameworks/CoreServices.framework/Versions/A/Frameworks/DictionaryServices.framework/Versions/A/DictionaryServices
0x000000000a2d3000 	/System/Library/Frameworks/NetFS.framework/Versions/A/NetFS
0x000000000a2d3000 	/usr/lib/system/libkxld.dylib
0x000000000a2d3000 	/System/Library/PrivateFrameworks/NetAuth.framework/Versions/A/NetAuth
0x000000000a2d3000 	/usr/lib/libcrypto.0.9.8.dylib
0x000000000a2d3000 	/System/Library/PrivateFrameworks/TrustEvaluationAgent.framework/Versions/A/TrustEvaluationAgent
0x000000000a2d3000 	/System/Library/Frameworks/OpenDirectory.framework/Versions/A/Frameworks/CFOpenDirectory.framework/Versions/A/CFOpenDirectory
0x000000000a2d3000 	/usr/lib/libxslt.1.dylib
0x000000000a2d3000 	/System/Library/PrivateFrameworks/FamilyControls.framework/Versions/A/FamilyControls
0x000000000a2d3000 	/System/Library/Frameworks/Carbon.framework/Versions/A/Frameworks/Ink.framework/Versions/A/Ink
0x000000000a2d3000 	/System/Library/Frameworks/ApplicationServices.framework/Versions/A/Frameworks/CoreGraphics.framework/Versions/A/CoreGraphics
0x000000000a2d3000 	/System/Library/Frameworks/ApplicationServices.framework/Versions/A/Frameworks/ImageIO.framework/Versions/A/ImageIO
0x000000000a2d3000 	/System/Library/Frameworks/ApplicationServices.framework/Versions/A/Frameworks/CoreText.framework/Versions/A/CoreText
0x000000000a2d3000 	/System/Library/Frameworks/ApplicationServices.framework/Versions/A/Frameworks/ATS.framework/Versions/A/ATS
0x000000000a2d3000 	/System/Library/Frameworks/ApplicationServices.framework/Versions/A/Frameworks/ColorSync.framework/Versions/A/ColorSync
0x000000000a2d3000 	/System/Library/Frameworks/ApplicationServices.framework/Versions/A/Frameworks/HIServices.framework/Versions/A/HIServices
0x000000000a2d3000 	/System/Library/Frameworks/ApplicationServices.framework/Versions/A/Frameworks/LangAnalysis.framework/Versions/A/LangAnalysis
0x000000000a2d3000 	/System/Library/Frameworks/ApplicationServices.framework/Versions/A/Frameworks/PrintCore.framework/Versions/A/PrintCore
0x000000000a2d3000 	/System/Library/Frameworks/ApplicationServices.framework/Versions/A/Frameworks/QD.framework/Versions/A/QD
0x000000000a2d3000 	/System/Library/Frameworks/ApplicationServices.framework/Versions/A/Frameworks/SpeechSynthesis.framework/Versions/A/SpeechSynthesis
0x000000000a2d3000 	/System/Library/Frameworks/IOSurface.framework/Versions/A/IOSurface
0x000000000a2d3000 	/System/Library/Frameworks/Accelerate.framework/Versions/A/Accelerate
0x000000000a2d3000 	/System/Library/Frameworks/ApplicationServices.framework/Versions/A/Frameworks/ImageIO.framework/Versions/A/Resources/libJPEG.dylib
0x000000000a2d3000 	/System/Library/Frameworks/ApplicationServices.framework/Versions/A/Frameworks/ImageIO.framework/Versions/A/Resources/libTIFF.dylib
0x000000000a2d3000 	/System/Library/Frameworks/ApplicationServices.framework/Versions/A/Frameworks/ImageIO.framework/Versions/A/Resources/libPng.dylib
0x000000000a2d3000 	/System/Library/Frameworks/ApplicationServices.framework/Versions/A/Frameworks/ImageIO.framework/Versions/A/Resources/libGIF.dylib
0x000000000a2d3000 	/System/Library/Frameworks/ApplicationServices.framework/Versions/A/Frameworks/ImageIO.framework/Versions/A/Resources/libJP2.dylib
0x000000000a2d3000 	/System/Library/Frameworks/ApplicationServices.framework/Versions/A/Frameworks/ImageIO.framework/Versions/A/Resources/libRadiance.dylib
0x000000000a2d3000 	/System/Library/Frameworks/Accelerate.framework/Versions/A/Frameworks/vImage.framework/Versions/A/vImage
0x000000000a2d3000 	/System/Library/Frameworks/Accelerate.framework/Versions/A/Frameworks/vecLib.framework/Versions/A/vecLib
0x000000000a2d3000 	/System/Library/Frameworks/Accelerate.framework/Versions/A/Frameworks/vecLib.framework/Versions/A/libvDSP.dylib
0x000000000a2d3000 	/System/Library/Frameworks/Accelerate.framework/Versions/A/Frameworks/vecLib.framework/Versions/A/libvMisc.dylib
0x000000000a2d3000 	/System/Library/Frameworks/Accelerate.framework/Versions/A/Frameworks/vecLib.framework/Versions/A/libLAPACK.dylib
0x000000000a2d3000 	/System/Library/Frameworks/Accelerate.framework/Versions/A/Frameworks/vecLib.framework/Versions/A/libBLAS.dylib
0x000000000a2d3000 	/System/Library/Frameworks/ApplicationServices.framework/Versions/A/Frameworks/ATS.framework/Versions/A/Resources/libFontParser.dylib
0x000000000a2d3000 	/System/Library/Frameworks/ApplicationServices.framework/Versions/A/Frameworks/ATS.framework/Versions/A/Resources/libFontRegistry.dylib
0x000000000a2d3000 	/usr/lib/libcups.2.dylib
0x000000000a2d3000 	/System/Library/Frameworks/Kerberos.framework/Versions/A/Kerberos
0x000000000a2d3000 	/System/Library/Frameworks/GSS.framework/Versions/A/GSS
0x000000000a2d3000 	/usr/lib/libresolv.9.dylib
0x000000000a2d3000 	/usr/lib/libiconv.2.dylib
0x000000000a2d3000 	/System/Library/PrivateFrameworks/Heimdal.framework/Versions/A/Heimdal
0x000000000a2d3000 	/System/Library/Frameworks/OpenDirectory.framework/Versions/A/OpenDirectory
0x000000000a2d3000 	/System/Library/PrivateFrameworks/CommonAuth.framework/Versions/A/CommonAuth
0x000000000a2d3000 	/System/Library/Frameworks/CoreVideo.framework/Versions/A/CoreVideo
0x000000000a2d3000 	/System/Library/Frameworks/QuartzCore.framework/Versions/A/Frameworks/CoreImage.framework/Versions/A/CoreImage
0x000000000a2d3000 	/System/Library/Frameworks/QuartzCore.framework/Versions/A/Frameworks/ScalableUserInterface.framework/Versions/A/ScalableUserInterface
0x000000000a2d3000 	/System/Library/Frameworks/OpenGL.framework/Versions/A/Libraries/libGLU.dylib
0x000000000a2d3000 	/System/Library/Frameworks/OpenGL.framework/Versions/A/Libraries/libGFXShared.dylib
0x000000000a2d3000 	/System/Library/Frameworks/OpenGL.framework/Versions/A/Libraries/libGL.dylib
0x000000000a2d3000 	/System/Library/Frameworks/OpenGL.framework/Versions/A/Libraries/libGLImage.dylib
0x000000000a2d3000 	/System/Library/Frameworks/OpenGL.framework/Versions/A/Libraries/libCVMSPluginSupport.dylib
0x000000000a2d3000 	/System/Library/Frameworks/OpenGL.framework/Versions/A/Libraries/libCoreVMClient.dylib
0x000000000a2d3000 	/System/Library/Frameworks/OpenCL.framework/Versions/A/OpenCL
0x000000000a2d3000 	/System/Library/PrivateFrameworks/FaceCoreLight.framework/Versions/A/FaceCoreLight
0x000000000a2d3000 	/System/Library/Frameworks/vecLib.framework/Versions/A/vecLib
0x000000000a2d3000 	/System/Library/Frameworks/SecurityFoundation.framework/Versions/A/SecurityFoundation
0x000000000a2d3000 	/System/Library/PrivateFrameworks/CommerceKit.framework/Versions/A/Frameworks/CommerceCore.framework/Versions/A/CommerceCore
0x000000000a2d3000 	/System/Library/PrivateFrameworks/CoreSymbolication.framework/Versions/A/CoreSymbolication
0x000000000a2d3000 	/System/Library/PrivateFrameworks/Symbolication.framework/Versions/A/Symbolication
0x000000000a2d3000 	/System/Library/PrivateFrameworks/DebugSymbols.framework/Versions/A/DebugSymbols
0x0000000109500000 	/Library/Java/JavaVirtualMachines/1.7.0.jdk/Contents/Home/jre/lib/server/libjvm.dylib
0x000000010a0a3000 	/Library/Java/JavaVirtualMachines/1.7.0.jdk/Contents/Home/jre/lib/libverify.dylib
0x000000010a0b0000 	/Library/Java/JavaVirtualMachines/1.7.0.jdk/Contents/Home/jre/lib/libjava.dylib
0x000000010a0e9000 	/Library/Java/JavaVirtualMachines/1.7.0.jdk/Contents/Home/jre/lib/libzip.dylib
0x000000016f8c1000 	/System/Library/Frameworks/JavaVM.framework/Frameworks/JavaRuntimeSupport.framework/JavaRuntimeSupport
0x000000016f8d9000 	/System/Library/Frameworks/JavaVM.framework/Versions/A/Frameworks/JavaNativeFoundation.framework/Versions/A/JavaNativeFoundation
0x000000010d1b3000 	/System/Library/Frameworks/JavaVM.framework/Versions/A/JavaVM
0x000000000a2d3000 	/System/Library/Frameworks/Carbon.framework/Versions/A/Carbon
0x000000016f8ee000 	/System/Library/PrivateFrameworks/JavaLaunching.framework/Versions/A/JavaLaunching
0x000000000a2d3000 	/System/Library/Frameworks/Carbon.framework/Versions/A/Frameworks/CommonPanels.framework/Versions/A/CommonPanels
0x000000000a2d3000 	/System/Library/Frameworks/Carbon.framework/Versions/A/Frameworks/Help.framework/Versions/A/Help
0x000000000a2d3000 	/System/Library/Frameworks/Carbon.framework/Versions/A/Frameworks/ImageCapture.framework/Versions/A/ImageCapture
0x000000000a2d3000 	/System/Library/Frameworks/Carbon.framework/Versions/A/Frameworks/OpenScripting.framework/Versions/A/OpenScripting
0x000000000a2d3000 	/System/Library/Frameworks/Carbon.framework/Versions/A/Frameworks/Print.framework/Versions/A/Print
0x000000000a2d3000 	/System/Library/Frameworks/Carbon.framework/Versions/A/Frameworks/SecurityHI.framework/Versions/A/SecurityHI
0x0000000170253000 	/Library/Java/JavaVirtualMachines/jdk1.7.0_45.jdk/Contents/Home/jre/lib/libprism-es2.dylib
0x00000001702a9000 	/System/Library/Frameworks/OpenGL.framework/Resources/GLEngine.bundle/GLEngine
0x0000000170498000 	/System/Library/Frameworks/OpenGL.framework/Versions/A/Libraries/libGLProgrammability.dylib
0x0000000000000000 	/System/Library/Extensions/GeForceGLDriver.bundle/Contents/MacOS/GeForceGLDriver
0x0000000170624000 	/System/Library/PrivateFrameworks/GPUSupport.framework/Versions/A/Libraries/libGPUSupport.dylib
0x000000000a2d3000 	/System/Library/Extensions/GeForceGLDriver.bundle/Contents/MacOS/libclh.dylib
0x000000017063a000 	/System/Library/Frameworks/OpenGL.framework/Resources//GLRendererFloat.bundle/GLRendererFloat
0x0000000170671000 	/System/Library/Frameworks/OpenCL.framework/Versions/A/Libraries/libcldcpuengine.dylib
0x000000000a2d3000 	/System/Library/PrivateFrameworks/DiskImages.framework/Versions/A/DiskImages
0x0000000170681000 	/System/Library/Frameworks/OpenGL.framework/Versions/A/Libraries/libCoreFSCache.dylib
0x000000000a2d3000 	/System/Library/Frameworks/DiscRecording.framework/Versions/A/DiscRecording
0x000000000a2d3000 	/usr/lib/libcurl.4.dylib
0x000000000a2d3000 	/System/Library/PrivateFrameworks/MediaKit.framework/Versions/A/MediaKit
0x000000000a2d3000 	/usr/lib/libssl.0.9.8.dylib
0x000000000a2d3000 	/System/Library/Frameworks/LDAP.framework/Versions/A/LDAP
0x000000000a2d3000 	/usr/lib/libsasl2.2.dylib
0x000000017083a000 	/Library/Java/JavaVirtualMachines/jdk1.7.0_45.jdk/Contents/Home/jre/lib/libglass.dylib
0x000000000a2d3000 	/System/Library/PrivateFrameworks/CoreServicesInternal.framework/Versions/A/CoreServicesInternal
0x000000000a2d3000 	/System/Library/CoreServices/RawCamera.bundle/Contents/MacOS/RawCamera
0x000000000a2d3000 	/System/Library/Frameworks/ApplicationServices.framework/Versions/A/Frameworks/CoreGraphics.framework/Versions/A/Resources/libCSync.A.dylib
0x000000000a2d3000 	/System/Library/Frameworks/ApplicationServices.framework/Versions/A/Frameworks/CoreGraphics.framework/Versions/A/Resources/libRIP.A.dylib
0x00000001734ec000 	/Library/Java/JavaVirtualMachines/jdk1.7.0_45.jdk/Contents/Home/jre/lib/libjavafx-iio.dylib
0x0000000171d3a000 	/Library/Java/JavaVirtualMachines/jdk1.7.0_45.jdk/Contents/Home/jre/lib/libjavafx-font.dylib
0x000000000a2d3000 	/System/Library/Frameworks/ApplicationServices.framework/Versions/A/Frameworks/CoreGraphics.framework/Versions/A/Resources/libCGXType.A.dylib
0x00000001732fe000 	cl_kernels
0x0000000175196000 	/System/Library/Frameworks/OpenCL.framework/Versions/A/Libraries/ImageFormats/unorm8_bgra.dylib
0x0000000173303000 	cl_kernels

VM Arguments:
jvm_args: -Dfile.encoding=US-ASCII -Xbootclasspath/a:/Library/Java/JavaVirtualMachines/jdk1.7.0_45.jdk/Contents/Home/jre/lib/jfxrt.jar 
java_command: com.main.MVPApplication
Launcher Type: SUN_STANDARD

Environment Variables:
PATH=/usr/bin:/bin:/usr/sbin:/sbin
SHELL=/bin/bash
DISPLAY=/tmp/launch-fRATom/org.x:0

Signal Handlers:
SIGSEGV: [libjvm.dylib+0x4a177d], sa_mask[0]=0xfffefeff, sa_flags=0x00000042
SIGBUS: [libjvm.dylib+0x4a177d], sa_mask[0]=0xfffefeff, sa_flags=0x00000042
SIGFPE: [libjvm.dylib+0x3b1541], sa_mask[0]=0xfffefeff, sa_flags=0x00000042
SIGPIPE: [libjvm.dylib+0x3b1541], sa_mask[0]=0xfffefeff, sa_flags=0x00000042
SIGXFSZ: [libjvm.dylib+0x3b1541], sa_mask[0]=0xfffefeff, sa_flags=0x00000042
SIGILL: [libjvm.dylib+0x3b1541], sa_mask[0]=0xfffefeff, sa_flags=0x00000042
SIGUSR1: SIG_DFL, sa_mask[0]=0x00000000, sa_flags=0x00000002
SIGUSR2: [libjvm.dylib+0x3b10ce], sa_mask[0]=0x00000004, sa_flags=0x00000042
SIGHUP: [libjvm.dylib+0x3af2f3], sa_mask[0]=0xfffefeff, sa_flags=0x00000042
SIGINT: [libjvm.dylib+0x3af2f3], sa_mask[0]=0xfffefeff, sa_flags=0x00000042
SIGTERM: [libjvm.dylib+0x3af2f3], sa_mask[0]=0xfffefeff, sa_flags=0x00000042
SIGQUIT: [libjvm.dylib+0x3af2f3], sa_mask[0]=0xfffefeff, sa_flags=0x00000042


---------------  S Y S T E M  ---------------

OS:Bsd
uname:Darwin 11.4.2 Darwin Kernel Version 11.4.2: Thu Aug 23 16:25:48 PDT 2012; root:xnu-1699.32.7~1/RELEASE_X86_64 x86_64
rlimit: STACK 8192k, CORE 0k, NPROC 266, NOFILE 10240
CPU:total 2 (2 cores per cpu, 1 threads per core) family 6 model 23 stepping 10, cmov, cx8, fxsr, mmx, sse, sse2, sse3, ssse3, sse4.1, tsc

Memory: 4k page, physical 5781836k(1445459k free)

/proc/meminfo:


vm_info: Java HotSpot(TM) 64-Bit Server VM (23.0-b21) for bsd-amd64 JRE (1.7.0_04-b21), built on Apr 19 2012 22:33:17 by "java_re" with gcc 4.2.1 (Based on Apple Inc. build 5658) (LLVM build 2336.1.00)

time: Fri Jan 24 19:14:21 2014
elapsed time: 10 seconds

