#
# A fatal error has been detected by the Java Runtime Environment:
#
#  SIGSEGV (0xb) at pc=0x00007fff98d0f390, pid=303, tid=6108241920
#
# JRE version: 7.0_04-b21
# Java VM: Java HotSpot(TM) 64-Bit Server VM (23.0-b21 mixed mode bsd-amd64 compressed oops)
# Problematic frame:
# C  [libobjc.A.dylib+0xb390]  objc_msgSend_vtable14+0x10
#
# Failed to write core dump. Core dumps have been disabled. To enable core dumping, try "ulimit -c unlimited" before starting Java again
#
# If you would like to submit a bug report, please visit:
#   http://bugreport.sun.com/bugreport/crash.jsp
# The crash happened outside the Java Virtual Machine in native code.
# See problematic frame for where to report the bug.
#

---------------  T H R E A D  ---------------

Current thread (0x00007fec8108f800):  JavaThread "QuantumRenderer-0" daemon [_thread_in_native, id=1813274624, stack(0x000000016c046000,0x000000016c146000)]

siginfo:si_signo=SIGSEGV: si_errno=0, si_code=0 (SEGV0), si_addr=0x0000000000000000

Registers:
RAX=0x100007fec805f070, RBX=0x00007fec805e8980, RCX=0x000000000004e960, RDX=0x00007fec81c35470
RSP=0x000000016c145588, RBP=0x000000016c1455b0, RSI=0x000000016c77f7c8, RDI=0x00007fec805e8980
R8 =0x0000000000000002, R9 =0x00007fec81c4b040, R10=0x0000000029cac3b7, R11=0x0000000046d0ef96
R12=0x00007fec8108f9d8, R13=0x0000000000000001, R14=0x000000016c145668, R15=0x00007fec8108f800
RIP=0x00007fff98d0f390, EFLAGS=0x0000000000010246, ERR=0x0000000000000000
  TRAPNO=0x000000000000000d

Top of Stack: (sp=0x000000016c145588)
0x000000016c145588:   000000016c757e55 000000016c145610
0x000000016c145598:   00000001087b4c90 0000000000000000
0x000000016c1455a8:   00000001087b4c90 000000016c145628
0x000000016c1455b8:   0000000104f4af90 000000010830ba50
0x000000016c1455c8:   000000016c145600 000000010830c320
0x000000016c1455d8:   0000000000000000 000000010830ba58
0x000000016c1455e8:   000000016c1455e8 0000000000000000
0x000000016c1455f8:   000000016c145668 00000001087b6208
0x000000016c145608:   0000000000000000 00000001087b4c90
0x000000016c145618:   0000000000000000 000000016c145648
0x000000016c145628:   000000016c1456b0 0000000104f3f158
0x000000016c145638:   0000000000000000 0000000104f47dd8
0x000000016c145648:   0000000000000001 0000000000000000
0x000000016c145658:   00007fec805e8980 0000000104f3f158
0x000000016c145668:   0000000149cc7908 000000016c145670
0x000000016c145678:   000000010879072e 000000016c1456c8
0x000000016c145688:   0000000108793320 0000000000000000
0x000000016c145698:   0000000108790758 000000016c145648
0x000000016c1456a8:   000000016c1456c0 000000016c145710
0x000000016c1456b8:   0000000104f3f158 0000000000000001
0x000000016c1456c8:   0000000149cc7908 000000016c1456d0
0x000000016c1456d8:   00000001087add15 000000016c145720
0x000000016c1456e8:   00000001087ae300 0000000000000000
0x000000016c1456f8:   00000001087add30 000000016c1456c0
0x000000016c145708:   000000016c145720 000000016c145768
0x000000016c145718:   0000000104f3f158 0000000149cc74c8
0x000000016c145728:   000000016c145728 00000001087f1cec
0x000000016c145738:   000000016c145790 00000001087f39d0
0x000000016c145748:   0000000000000000 00000001087f1db0
0x000000016c145758:   000000016c145720 000000016c145790
0x000000016c145768:   000000016c1457d8 0000000104f3f806
0x000000016c145778:   0000000000000000 0000000000000000 

Instructions: (pc=0x00007fff98d0f390)
0x00007fff98d0f370:   8b 42 18 48 8b 76 08 ff 60 68 66 0f 1f 44 00 00
0x00007fff98d0f380:   48 85 ff 74 16 f7 c7 01 00 00 00 75 12 48 8b 07
0x00007fff98d0f390:   48 8b 40 18 48 8b 76 08 ff 60 70 31 c0 c3 90 89
0x00007fff98d0f3a0:   f8 83 e0 0f 4c 8d 15 2d 51 84 e6 4d 8b 14 c2 49 

Register to memory mapping:

RAX=0x100007fec805f070 is an unknown value
RBX=0x00007fec805e8980 is an unknown value
RCX=0x000000000004e960 is an unknown value
RDX=0x00007fec81c35470 is an unknown value
RSP=0x000000016c145588 is pointing into the stack for thread: 0x00007fec8108f800
RBP=0x000000016c1455b0 is pointing into the stack for thread: 0x00007fec8108f800
RSI=0x000000016c77f7c8: OBJC_CLASS_$_GlassWindow_Normal+0x48 in /Library/Java/JavaVirtualMachines/jdk1.7.0_45.jdk/Contents/Home/jre/lib/libglass.dylib at 0x000000016c73e000
RDI=0x00007fec805e8980 is an unknown value
R8 =0x0000000000000002 is an unknown value
R9 =0x00007fec81c4b040 is an unknown value
R10=0x0000000029cac3b7 is an unknown value
R11=0x0000000046d0ef96 is an unknown value
R12=0x00007fec8108f9d8 is an unknown value
R13=0x0000000000000001 is an unknown value
R14=0x000000016c145668 is pointing into the stack for thread: 0x00007fec8108f800
R15=0x00007fec8108f800 is a thread


Stack: [0x000000016c046000,0x000000016c146000],  sp=0x000000016c145588,  free space=1021k
Native frames: (J=compiled Java code, j=interpreted, Vv=VM code, C=native code)
C  [libobjc.A.dylib+0xb390]  objc_msgSend_vtable14+0x10
j  com.sun.glass.ui.mac.MacView._end(JZZ)V+0
j  com.sun.glass.ui.View.unlock(Z)V+14
j  com.sun.glass.ui.Pen.end()V+5
j  com.sun.javafx.tk.quantum.PresentingPainter.run()V+628
j  java.util.concurrent.Executors$RunnableAdapter.call()Ljava/lang/Object;+4
j  java.util.concurrent.FutureTask$Sync.innerRunAndReset()Z+30
j  java.util.concurrent.FutureTask.runAndReset()Z+4
j  com.sun.prism.render.RenderJob.run()V+1
j  java.util.concurrent.ThreadPoolExecutor.runWorker(Ljava/util/concurrent/ThreadPoolExecutor$Worker;)V+46
j  java.util.concurrent.ThreadPoolExecutor$Worker.run()V+5
j  com.sun.javafx.tk.quantum.QuantumRenderer$PipelineRunnable.run()V+8
j  java.lang.Thread.run()V+11
v  ~StubRoutines::call_stub
V  [libjvm.dylib+0x286acf]
V  [libjvm.dylib+0x286fac]
V  [libjvm.dylib+0x2870e6]
V  [libjvm.dylib+0x2bd820]
V  [libjvm.dylib+0x4763cc]
V  [libjvm.dylib+0x4778b2]
V  [libjvm.dylib+0x3b393d]
C  [libsystem_c.dylib+0x4e8bf]  _pthread_start+0x14f
C  [libsystem_c.dylib+0x51b75]  thread_start+0xd

Java frames: (J=compiled Java code, j=interpreted, Vv=VM code)
j  com.sun.glass.ui.mac.MacView._end(JZZ)V+0
j  com.sun.glass.ui.View.unlock(Z)V+14
j  com.sun.glass.ui.Pen.end()V+5
j  com.sun.javafx.tk.quantum.PresentingPainter.run()V+628
j  java.util.concurrent.Executors$RunnableAdapter.call()Ljava/lang/Object;+4
j  java.util.concurrent.FutureTask$Sync.innerRunAndReset()Z+30
j  java.util.concurrent.FutureTask.runAndReset()Z+4
j  com.sun.prism.render.RenderJob.run()V+1
j  java.util.concurrent.ThreadPoolExecutor.runWorker(Ljava/util/concurrent/ThreadPoolExecutor$Worker;)V+46
j  java.util.concurrent.ThreadPoolExecutor$Worker.run()V+5
j  com.sun.javafx.tk.quantum.QuantumRenderer$PipelineRunnable.run()V+8
j  java.lang.Thread.run()V+11
v  ~StubRoutines::call_stub

---------------  P R O C E S S  ---------------

Java Threads: ( => current thread )
  0x00007fec80aa9000 JavaThread "Prism Font Disposer" daemon [_thread_blocked, id=1879789568, stack(0x000000016ffb5000,0x00000001700b5000)]
  0x00007fec80906000 JavaThread "Thread-2" daemon [_thread_blocked, id=1820991488, stack(0x000000016c7a2000,0x000000016c8a2000)]
  0x00007fec80903800 JavaThread "Disposer" daemon [_thread_blocked, id=1819525120, stack(0x000000016c63c000,0x000000016c73c000)]
=>0x00007fec8108f800 JavaThread "QuantumRenderer-0" daemon [_thread_in_native, id=1813274624, stack(0x000000016c046000,0x000000016c146000)]
  0x00007fec8105e800 JavaThread "Service Thread" daemon [_thread_blocked, id=1809567744, stack(0x000000016bcbd000,0x000000016bdbd000)]
  0x00007fec80870000 JavaThread "C2 CompilerThread1" daemon [_thread_blocked, id=1808506880, stack(0x000000016bbba000,0x000000016bcba000)]
  0x00007fec8086e800 JavaThread "C2 CompilerThread0" daemon [_thread_blocked, id=1807446016, stack(0x000000016bab7000,0x000000016bbb7000)]
  0x00007fec80834800 JavaThread "Signal Dispatcher" daemon [_thread_blocked, id=1806385152, stack(0x000000016b9b4000,0x000000016bab4000)]
  0x00007fec80838800 JavaThread "Finalizer" daemon [_thread_blocked, id=1803206656, stack(0x000000016b6ac000,0x000000016b7ac000)]
  0x00007fec80838000 JavaThread "Reference Handler" daemon [_thread_blocked, id=1802145792, stack(0x000000016b5a9000,0x000000016b6a9000)]

Other Threads:
  0x00007fec81056000 VMThread [stack: 0x000000016b4a6000,0x000000016b5a6000] [id=1801084928]

VM state:at safepoint (normal execution)

VM Mutex/Monitor currently owned by a thread:  ([mutex/lock_event])
[0x00007fec805033c0] Threads_lock - owner thread: 0x00007fec81056000
[0x00007fec805038c0] Heap_lock - owner thread: 0x00007fec83003000

Heap
 PSYoungGen      total 49600K, used 32457K [0x0000000148a10000, 0x000000014eaf0000, 0x0000000166610000)
  eden space 45824K, 63% used [0x0000000148a10000,0x000000014a64a648,0x000000014b6d0000)
  from space 3776K, 94% used [0x000000014b6d0000,0x000000014ba47e30,0x000000014ba80000)
  to   space 3776K, 0% used [0x000000014e740000,0x000000014e740000,0x000000014eaf0000)
 ParOldGen       total 156992K, used 78471K [0x000000010d210000, 0x0000000116b60000, 0x0000000148a10000)
  object space 156992K, 49% used [0x000000010d210000,0x0000000111eb1dd0,0x0000000116b60000)
 PSPermGen       total 21248K, used 11476K [0x0000000108010000, 0x00000001094d0000, 0x000000010d210000)
  object space 21248K, 54% used [0x0000000108010000,0x0000000108b45118,0x00000001094d0000)

Code Cache  [0x0000000104f39000, 0x00000001051a9000, 0x0000000107f39000)
 total_blobs=672 nmethods=142 adapters=482 free_code_cache=48193Kb largest_free_block=49329536

Compilation events (10 events):
Event: 10.438 Thread 0x00007fec8086e800  134             java.lang.StrictMath::ceil (10 bytes)
Event: 10.438 Thread 0x00007fec8086e800 nmethod 134 0x00000001050245d0 code [0x0000000105024740, 0x0000000105024818]
Event: 13.152 Thread 0x00007fec8086e800  135             java.util.ArrayList::add (29 bytes)
Event: 13.154 Thread 0x00007fec8086e800 nmethod 135 0x0000000105021450 code [0x00000001050215a0, 0x0000000105021708]
Event: 13.154 Thread 0x00007fec8086e800  136             com.sun.javafx.geom.transform.GeneralTransform3D::get (34 bytes)
Event: 13.155 Thread 0x00007fec8086e800 nmethod 136 0x000000010501d710 code [0x000000010501d860, 0x000000010501d8f8]
Event: 14.272 Thread 0x00007fec80870000  137             java.util.ArrayList::access$100 (5 bytes)
Event: 14.273 Thread 0x00007fec80870000 nmethod 137 0x0000000105024d10 code [0x0000000105024e40, 0x0000000105024e98]
Event: 15.837 Thread 0x00007fec8086e800  139             com.sun.javafx.geom.transform.Affine3D::almostZero (22 bytes)
Event: 15.838 Thread 0x00007fec8086e800 nmethod 139 0x0000000105023390 code [0x0000000105023500, 0x0000000105023558]

GC Heap History (8 events):
Event: 1.354 GC heap before
{Heap before GC invocations=1 (full 0):
 PSYoungGen      total 26688K, used 22807K [0x0000000148a10000, 0x000000014a7d0000, 0x0000000166610000)
  eden space 22912K, 99% used [0x0000000148a10000,0x000000014a055dd8,0x000000014a070000)
  from space 3776K, 0% used [0x000000014a420000,0x000000014a420000,0x000000014a7d0000)
  to   space 3776K, 0% used [0x000000014a070000,0x000000014a070000,0x000000014a420000)
 ParOldGen       total 60928K, used 0K [0x000000010d210000, 0x0000000110d90000, 0x0000000148a10000)
  object space 60928K, 0% used [0x000000010d210000,0x000000010d210000,0x0000000110d90000)
 PSPermGen       total 21248K, used 6192K [0x0000000108010000, 0x00000001094d0000, 0x000000010d210000)
  object space 21248K, 29% used [0x0000000108010000,0x000000010861c258,0x00000001094d0000)
Event: 1.375 GC heap after
Heap after GC invocations=1 (full 0):
 PSYoungGen      total 26688K, used 3774K [0x0000000148a10000, 0x000000014be30000, 0x0000000166610000)
  eden space 22912K, 0% used [0x0000000148a10000,0x0000000148a10000,0x000000014a070000)
  from space 3776K, 99% used [0x000000014a070000,0x000000014a41f890,0x000000014a420000)
  to   space 3776K, 0% used [0x000000014ba80000,0x000000014ba80000,0x000000014be30000)
 ParOldGen       total 60928K, used 14343K [0x000000010d210000, 0x0000000110d90000, 0x0000000148a10000)
  object space 60928K, 23% used [0x000000010d210000,0x000000010e011db8,0x0000000110d90000)
 PSPermGen       total 21248K, used 6192K [0x0000000108010000, 0x00000001094d0000, 0x000000010d210000)
  object space 21248K, 29% used [0x0000000108010000,0x000000010861c258,0x00000001094d0000)
}
Event: 1.816 GC heap before
{Heap before GC invocations=2 (full 0):
 PSYoungGen      total 26688K, used 26176K [0x0000000148a10000, 0x000000014be30000, 0x0000000166610000)
  eden space 22912K, 97% used [0x0000000148a10000,0x0000000149ff0a28,0x000000014a070000)
  from space 3776K, 99% used [0x000000014a070000,0x000000014a41f890,0x000000014a420000)
  to   space 3776K, 0% used [0x000000014ba80000,0x000000014ba80000,0x000000014be30000)
 ParOldGen       total 60928K, used 14343K [0x000000010d210000, 0x0000000110d90000, 0x0000000148a10000)
  object space 60928K, 23% used [0x000000010d210000,0x000000010e011db8,0x0000000110d90000)
 PSPermGen       total 21248K, used 6197K [0x0000000108010000, 0x00000001094d0000, 0x000000010d210000)
  object space 21248K, 29% used [0x0000000108010000,0x000000010861d750,0x00000001094d0000)
Event: 1.844 GC heap after
Heap after GC invocations=2 (full 0):
 PSYoungGen      total 49600K, used 3753K [0x0000000148a10000, 0x000000014be30000, 0x0000000166610000)
  eden space 45824K, 0% used [0x0000000148a10000,0x0000000148a10000,0x000000014b6d0000)
  from space 3776K, 99% used [0x000000014ba80000,0x000000014be2a750,0x000000014be30000)
  to   space 3776K, 0% used [0x000000014b6d0000,0x000000014b6d0000,0x000000014ba80000)
 ParOldGen       total 60928K, used 35169K [0x000000010d210000, 0x0000000110d90000, 0x0000000148a10000)
  object space 60928K, 57% used [0x000000010d210000,0x000000010f468708,0x0000000110d90000)
 PSPermGen       total 21248K, used 6197K [0x0000000108010000, 0x00000001094d0000, 0x000000010d210000)
  object space 21248K, 29% used [0x0000000108010000,0x000000010861d750,0x00000001094d0000)
}
Event: 2.737 GC heap before
{Heap before GC invocations=3 (full 0):
 PSYoungGen      total 49600K, used 49286K [0x0000000148a10000, 0x000000014be30000, 0x0000000166610000)
  eden space 45824K, 99% used [0x0000000148a10000,0x000000014b687188,0x000000014b6d0000)
  from space 3776K, 99% used [0x000000014ba80000,0x000000014be2a750,0x000000014be30000)
  to   space 3776K, 0% used [0x000000014b6d0000,0x000000014b6d0000,0x000000014ba80000)
 ParOldGen       total 60928K, used 35169K [0x000000010d210000, 0x0000000110d90000, 0x0000000148a10000)
  object space 60928K, 57% used [0x000000010d210000,0x000000010f468708,0x0000000110d90000)
 PSPermGen       total 21248K, used 6213K [0x0000000108010000, 0x00000001094d0000, 0x000000010d210000)
  object space 21248K, 29% used [0x0000000108010000,0x00000001086215c8,0x00000001094d0000)
Event: 2.788 GC heap after
Heap after GC invocations=3 (full 0):
 PSYoungGen      total 49600K, used 3753K [0x0000000148a10000, 0x000000014eaf0000, 0x0000000166610000)
  eden space 45824K, 0% used [0x0000000148a10000,0x0000000148a10000,0x000000014b6d0000)
  from space 3776K, 99% used [0x000000014b6d0000,0x000000014ba7a750,0x000000014ba80000)
  to   space 3776K, 0% used [0x000000014e740000,0x000000014e740000,0x000000014eaf0000)
 ParOldGen       total 78784K, used 78372K [0x000000010d210000, 0x0000000111f00000, 0x0000000148a10000)
  object space 78784K, 99% used [0x000000010d210000,0x0000000111e99220,0x0000000111f00000)
 PSPermGen       total 21248K, used 6213K [0x0000000108010000, 0x00000001094d0000, 0x000000010d210000)
  object space 21248K, 29% used [0x0000000108010000,0x00000001086215c8,0x00000001094d0000)
}
Event: 2.788 GC heap before
{Heap before GC invocations=4 (full 1):
 PSYoungGen      total 49600K, used 3753K [0x0000000148a10000, 0x000000014eaf0000, 0x0000000166610000)
  eden space 45824K, 0% used [0x0000000148a10000,0x0000000148a10000,0x000000014b6d0000)
  from space 3776K, 99% used [0x000000014b6d0000,0x000000014ba7a750,0x000000014ba80000)
  to   space 3776K, 0% used [0x000000014e740000,0x000000014e740000,0x000000014eaf0000)
 ParOldGen       total 78784K, used 78372K [0x000000010d210000, 0x0000000111f00000, 0x0000000148a10000)
  object space 78784K, 99% used [0x000000010d210000,0x0000000111e99220,0x0000000111f00000)
 PSPermGen       total 21248K, used 6213K [0x0000000108010000, 0x00000001094d0000, 0x000000010d210000)
  object space 21248K, 29% used [0x0000000108010000,0x00000001086215c8,0x00000001094d0000)
Event: 2.871 GC heap after
Heap after GC invocations=4 (full 1):
 PSYoungGen      total 49600K, used 3551K [0x0000000148a10000, 0x000000014eaf0000, 0x0000000166610000)
  eden space 45824K, 0% used [0x0000000148a10000,0x0000000148a10000,0x000000014b6d0000)
  from space 3776K, 94% used [0x000000014b6d0000,0x000000014ba47e30,0x000000014ba80000)
  to   space 3776K, 0% used [0x000000014e740000,0x000000014e740000,0x000000014eaf0000)
 ParOldGen       total 156992K, used 78471K [0x000000010d210000, 0x0000000116b60000, 0x0000000148a10000)
  object space 156992K, 49% used [0x000000010d210000,0x0000000111eb1dd0,0x0000000116b60000)
 PSPermGen       total 21248K, used 6210K [0x0000000108010000, 0x00000001094d0000, 0x000000010d210000)
  object space 21248K, 29% used [0x0000000108010000,0x0000000108620a48,0x00000001094d0000)
}

Deoptimization events (10 events):
Event: 0.788 Thread 0x00007fec8090a000 Uncommon trap -34 fr.pc 0x0000000104fad7c8
Event: 0.789 Thread 0x00007fec8090a000 Uncommon trap -34 fr.pc 0x0000000104fad7c8
Event: 0.789 Thread 0x00007fec8090a000 Uncommon trap -34 fr.pc 0x0000000104fad7c8
Event: 0.789 Thread 0x00007fec8090a000 Uncommon trap -34 fr.pc 0x0000000104fad7c8
Event: 3.343 Thread 0x00007fec8090a000 Uncommon trap -34 fr.pc 0x0000000104faa2dc
Event: 3.343 Thread 0x00007fec8090a000 Uncommon trap -34 fr.pc 0x0000000104faa2dc
Event: 3.343 Thread 0x00007fec8090a000 Uncommon trap -34 fr.pc 0x0000000104faa2dc
Event: 3.343 Thread 0x00007fec8090a000 Uncommon trap -34 fr.pc 0x0000000104faa2dc
Event: 3.607 Thread 0x00007fec8090a000 Uncommon trap -12 fr.pc 0x0000000104fdb4c4
Event: 6.057 Thread 0x00007fec8090a000 Uncommon trap -12 fr.pc 0x0000000105008b1c

Internal exceptions (10 events):
Event: 3.831 Thread 0x00007fec8090a000 Threw 0x000000014a070b48 at /HUDSON/workspace/jdk7u4-2-build-macosx-x86_64-product/jdk7u4/hotspot/src/share/vm/prims/jvm.cpp:1166
Event: 3.831 Thread 0x00007fec8090a000 Threw 0x000000014a0750a8 at /HUDSON/workspace/jdk7u4-2-build-macosx-x86_64-product/jdk7u4/hotspot/src/share/vm/prims/jvm.cpp:1166
Event: 3.832 Thread 0x00007fec8090a000 Threw 0x000000014a078768 at /HUDSON/workspace/jdk7u4-2-build-macosx-x86_64-product/jdk7u4/hotspot/src/share/vm/prims/jvm.cpp:1166
Event: 3.833 Thread 0x00007fec8090a000 Threw 0x000000014a0f0d60 at /HUDSON/workspace/jdk7u4-2-build-macosx-x86_64-product/jdk7u4/hotspot/src/share/vm/prims/jvm.cpp:1166
Event: 3.833 Thread 0x00007fec8090a000 Threw 0x000000014a0f4568 at /HUDSON/workspace/jdk7u4-2-build-macosx-x86_64-product/jdk7u4/hotspot/src/share/vm/prims/jvm.cpp:1166
Event: 3.836 Thread 0x00007fec8090a000 Threw 0x000000014a104de8 at /HUDSON/workspace/jdk7u4-2-build-macosx-x86_64-product/jdk7u4/hotspot/src/share/vm/prims/jvm.cpp:1166
Event: 3.848 Thread 0x00007fec8090a000 Threw 0x000000014a10a578 at /HUDSON/workspace/jdk7u4-2-build-macosx-x86_64-product/jdk7u4/hotspot/src/share/vm/prims/jvm.cpp:1166
Event: 3.852 Thread 0x00007fec8090a000 Threw 0x000000014a127cc0 at /HUDSON/workspace/jdk7u4-2-build-macosx-x86_64-product/jdk7u4/hotspot/src/share/vm/prims/jvm.cpp:1166
Event: 3.852 Thread 0x00007fec8090a000 Threw 0x000000014a12ad28 at /HUDSON/workspace/jdk7u4-2-build-macosx-x86_64-product/jdk7u4/hotspot/src/share/vm/prims/jvm.cpp:1166
Event: 6.057 Thread 0x00007fec8090a000 Implicit null exception at 0x0000000105003028 to 0x0000000105008a45

Events (10 events):
Event: 15.883 loading class 0x00007fec81b54020
Event: 15.883 loading class 0x00007fec81b54060
Event: 15.883 loading class 0x00007fec81b54060 done
Event: 15.883 loading class 0x00007fec81b54020 done
Event: 15.884 Thread 0x00007fec83004000 Thread added: 0x00007fec83004000
Event: 15.884 loading class 0x00007fec81b452d0
Event: 15.885 loading class 0x00007fec81b452d0 done
Event: 15.891 Thread 0x00007fec80945800 Thread exited: 0x00007fec80945800
Event: 15.899 Thread 0x00007fec83004000 Thread exited: 0x00007fec83004000
Event: 15.899 Thread 0x00007fec83003000 Thread exited: 0x00007fec83003000


Dynamic libraries:
0x000000000df65000 	/System/Library/Frameworks/Cocoa.framework/Versions/A/Cocoa
0x000000000df65000 	/System/Library/Frameworks/Security.framework/Versions/A/Security
0x000000000df65000 	/System/Library/Frameworks/ApplicationServices.framework/Versions/A/ApplicationServices
0x000000000df65000 	/usr/lib/libz.1.dylib
0x000000000df65000 	/usr/lib/libSystem.B.dylib
0x000000000df65000 	/usr/lib/libobjc.A.dylib
0x000000000df65000 	/System/Library/Frameworks/CoreFoundation.framework/Versions/A/CoreFoundation
0x000000000df65000 	/System/Library/Frameworks/AppKit.framework/Versions/C/AppKit
0x000000000df65000 	/System/Library/Frameworks/CoreData.framework/Versions/A/CoreData
0x000000000df65000 	/System/Library/Frameworks/Foundation.framework/Versions/C/Foundation
0x000000000df65000 	/System/Library/PrivateFrameworks/RemoteViewServices.framework/Versions/A/RemoteViewServices
0x000000000df65000 	/System/Library/Frameworks/AudioToolbox.framework/Versions/A/AudioToolbox
0x000000000df65000 	/System/Library/Frameworks/AudioUnit.framework/Versions/A/AudioUnit
0x000000000df65000 	/System/Library/PrivateFrameworks/DataDetectorsCore.framework/Versions/A/DataDetectorsCore
0x000000000df65000 	/System/Library/PrivateFrameworks/DesktopServicesPriv.framework/Versions/A/DesktopServicesPriv
0x000000000df65000 	/System/Library/Frameworks/Carbon.framework/Versions/A/Frameworks/HIToolbox.framework/Versions/A/HIToolbox
0x000000000df65000 	/System/Library/Frameworks/QuartzCore.framework/Versions/A/QuartzCore
0x000000000df65000 	/System/Library/Frameworks/Carbon.framework/Versions/A/Frameworks/SpeechRecognition.framework/Versions/A/SpeechRecognition
0x000000000df65000 	/usr/lib/libauto.dylib
0x000000000df65000 	/usr/lib/libicucore.A.dylib
0x000000000df65000 	/usr/lib/libxml2.2.dylib
0x000000000df65000 	/System/Library/PrivateFrameworks/CoreUI.framework/Versions/A/CoreUI
0x000000000df65000 	/System/Library/Frameworks/CoreAudio.framework/Versions/A/CoreAudio
0x000000000df65000 	/System/Library/Frameworks/DiskArbitration.framework/Versions/A/DiskArbitration
0x000000000df65000 	/usr/lib/liblangid.dylib
0x000000000df65000 	/System/Library/PrivateFrameworks/MultitouchSupport.framework/Versions/A/MultitouchSupport
0x000000000df65000 	/System/Library/Frameworks/IOKit.framework/Versions/A/IOKit
0x000000000df65000 	/usr/lib/libDiagnosticMessagesClient.dylib
0x000000000df65000 	/System/Library/Frameworks/CoreServices.framework/Versions/A/CoreServices
0x000000000df65000 	/System/Library/PrivateFrameworks/PerformanceAnalysis.framework/Versions/A/PerformanceAnalysis
0x000000000df65000 	/System/Library/PrivateFrameworks/GenerationalStorage.framework/Versions/A/GenerationalStorage
0x000000000df65000 	/System/Library/Frameworks/OpenGL.framework/Versions/A/OpenGL
0x000000000df65000 	/System/Library/Frameworks/CoreServices.framework/Versions/A/Frameworks/CFNetwork.framework/Versions/A/CFNetwork
0x000000000df65000 	/System/Library/Frameworks/SystemConfiguration.framework/Versions/A/SystemConfiguration
0x000000000df65000 	/usr/lib/libCRFSuite.dylib
0x000000000df65000 	/usr/lib/libc++.1.dylib
0x000000000df65000 	/usr/lib/libstdc++.6.dylib
0x000000000df65000 	/usr/lib/libc++abi.dylib
0x000000000df65000 	/usr/lib/system/libcache.dylib
0x000000000df65000 	/usr/lib/system/libcommonCrypto.dylib
0x000000000df65000 	/usr/lib/system/libcompiler_rt.dylib
0x000000000df65000 	/usr/lib/system/libcopyfile.dylib
0x000000000df65000 	/usr/lib/system/libdispatch.dylib
0x000000000df65000 	/usr/lib/system/libdnsinfo.dylib
0x000000000df65000 	/usr/lib/system/libdyld.dylib
0x000000000df65000 	/usr/lib/system/libkeymgr.dylib
0x000000000df65000 	/usr/lib/system/liblaunch.dylib
0x000000000df65000 	/usr/lib/system/libmacho.dylib
0x000000000df65000 	/usr/lib/system/libmathCommon.A.dylib
0x000000000df65000 	/usr/lib/system/libquarantine.dylib
0x000000000df65000 	/usr/lib/system/libremovefile.dylib
0x000000000df65000 	/usr/lib/system/libsystem_blocks.dylib
0x000000000df65000 	/usr/lib/system/libsystem_c.dylib
0x000000000df65000 	/usr/lib/system/libsystem_dnssd.dylib
0x000000000df65000 	/usr/lib/system/libsystem_info.dylib
0x000000000df65000 	/usr/lib/system/libsystem_kernel.dylib
0x000000000df65000 	/usr/lib/system/libsystem_network.dylib
0x000000000df65000 	/usr/lib/system/libsystem_notify.dylib
0x000000000df65000 	/usr/lib/system/libsystem_sandbox.dylib
0x000000000df65000 	/usr/lib/system/libunc.dylib
0x000000000df65000 	/usr/lib/system/libunwind.dylib
0x000000000df65000 	/usr/lib/system/libxpc.dylib
0x000000000df65000 	/usr/lib/libbsm.0.dylib
0x000000000df65000 	/usr/lib/libsqlite3.dylib
0x000000000df65000 	/usr/lib/libOpenScriptingUtil.dylib
0x000000000df65000 	/usr/lib/libpam.2.dylib
0x000000000df65000 	/usr/lib/libxar-nossl.dylib
0x000000000df65000 	/usr/lib/libbz2.1.0.dylib
0x000000000df65000 	/System/Library/Frameworks/CoreServices.framework/Versions/A/Frameworks/CarbonCore.framework/Versions/A/CarbonCore
0x000000000df65000 	/System/Library/Frameworks/CoreServices.framework/Versions/A/Frameworks/Metadata.framework/Versions/A/Metadata
0x000000000df65000 	/System/Library/Frameworks/CoreServices.framework/Versions/A/Frameworks/OSServices.framework/Versions/A/OSServices
0x000000000df65000 	/System/Library/Frameworks/CoreServices.framework/Versions/A/Frameworks/SearchKit.framework/Versions/A/SearchKit
0x000000000df65000 	/System/Library/Frameworks/CoreServices.framework/Versions/A/Frameworks/AE.framework/Versions/A/AE
0x000000000df65000 	/System/Library/Frameworks/CoreServices.framework/Versions/A/Frameworks/LaunchServices.framework/Versions/A/LaunchServices
0x000000000df65000 	/System/Library/Frameworks/CoreServices.framework/Versions/A/Frameworks/DictionaryServices.framework/Versions/A/DictionaryServices
0x000000000df65000 	/System/Library/Frameworks/NetFS.framework/Versions/A/NetFS
0x000000000df65000 	/usr/lib/system/libkxld.dylib
0x000000000df65000 	/System/Library/PrivateFrameworks/NetAuth.framework/Versions/A/NetAuth
0x000000000df65000 	/usr/lib/libcrypto.0.9.8.dylib
0x000000000df65000 	/System/Library/PrivateFrameworks/TrustEvaluationAgent.framework/Versions/A/TrustEvaluationAgent
0x000000000df65000 	/System/Library/Frameworks/OpenDirectory.framework/Versions/A/Frameworks/CFOpenDirectory.framework/Versions/A/CFOpenDirectory
0x000000000df65000 	/usr/lib/libxslt.1.dylib
0x000000000df65000 	/System/Library/PrivateFrameworks/FamilyControls.framework/Versions/A/FamilyControls
0x000000000df65000 	/System/Library/Frameworks/Carbon.framework/Versions/A/Frameworks/Ink.framework/Versions/A/Ink
0x000000000df65000 	/System/Library/Frameworks/ApplicationServices.framework/Versions/A/Frameworks/CoreGraphics.framework/Versions/A/CoreGraphics
0x000000000df65000 	/System/Library/Frameworks/ApplicationServices.framework/Versions/A/Frameworks/ImageIO.framework/Versions/A/ImageIO
0x000000000df65000 	/System/Library/Frameworks/ApplicationServices.framework/Versions/A/Frameworks/CoreText.framework/Versions/A/CoreText
0x000000000df65000 	/System/Library/Frameworks/ApplicationServices.framework/Versions/A/Frameworks/ATS.framework/Versions/A/ATS
0x000000000df65000 	/System/Library/Frameworks/ApplicationServices.framework/Versions/A/Frameworks/ColorSync.framework/Versions/A/ColorSync
0x000000000df65000 	/System/Library/Frameworks/ApplicationServices.framework/Versions/A/Frameworks/HIServices.framework/Versions/A/HIServices
0x000000000df65000 	/System/Library/Frameworks/ApplicationServices.framework/Versions/A/Frameworks/LangAnalysis.framework/Versions/A/LangAnalysis
0x000000000df65000 	/System/Library/Frameworks/ApplicationServices.framework/Versions/A/Frameworks/PrintCore.framework/Versions/A/PrintCore
0x000000000df65000 	/System/Library/Frameworks/ApplicationServices.framework/Versions/A/Frameworks/QD.framework/Versions/A/QD
0x000000000df65000 	/System/Library/Frameworks/ApplicationServices.framework/Versions/A/Frameworks/SpeechSynthesis.framework/Versions/A/SpeechSynthesis
0x000000000df65000 	/System/Library/Frameworks/IOSurface.framework/Versions/A/IOSurface
0x000000000df65000 	/System/Library/Frameworks/Accelerate.framework/Versions/A/Accelerate
0x000000000df65000 	/System/Library/Frameworks/ApplicationServices.framework/Versions/A/Frameworks/ImageIO.framework/Versions/A/Resources/libJPEG.dylib
0x000000000df65000 	/System/Library/Frameworks/ApplicationServices.framework/Versions/A/Frameworks/ImageIO.framework/Versions/A/Resources/libTIFF.dylib
0x000000000df65000 	/System/Library/Frameworks/ApplicationServices.framework/Versions/A/Frameworks/ImageIO.framework/Versions/A/Resources/libPng.dylib
0x000000000df65000 	/System/Library/Frameworks/ApplicationServices.framework/Versions/A/Frameworks/ImageIO.framework/Versions/A/Resources/libGIF.dylib
0x000000000df65000 	/System/Library/Frameworks/ApplicationServices.framework/Versions/A/Frameworks/ImageIO.framework/Versions/A/Resources/libJP2.dylib
0x000000000df65000 	/System/Library/Frameworks/ApplicationServices.framework/Versions/A/Frameworks/ImageIO.framework/Versions/A/Resources/libRadiance.dylib
0x000000000df65000 	/System/Library/Frameworks/Accelerate.framework/Versions/A/Frameworks/vImage.framework/Versions/A/vImage
0x000000000df65000 	/System/Library/Frameworks/Accelerate.framework/Versions/A/Frameworks/vecLib.framework/Versions/A/vecLib
0x000000000df65000 	/System/Library/Frameworks/Accelerate.framework/Versions/A/Frameworks/vecLib.framework/Versions/A/libvDSP.dylib
0x000000000df65000 	/System/Library/Frameworks/Accelerate.framework/Versions/A/Frameworks/vecLib.framework/Versions/A/libvMisc.dylib
0x000000000df65000 	/System/Library/Frameworks/Accelerate.framework/Versions/A/Frameworks/vecLib.framework/Versions/A/libLAPACK.dylib
0x000000000df65000 	/System/Library/Frameworks/Accelerate.framework/Versions/A/Frameworks/vecLib.framework/Versions/A/libBLAS.dylib
0x000000000df65000 	/System/Library/Frameworks/ApplicationServices.framework/Versions/A/Frameworks/ATS.framework/Versions/A/Resources/libFontParser.dylib
0x000000000df65000 	/System/Library/Frameworks/ApplicationServices.framework/Versions/A/Frameworks/ATS.framework/Versions/A/Resources/libFontRegistry.dylib
0x000000000df65000 	/usr/lib/libcups.2.dylib
0x000000000df65000 	/System/Library/Frameworks/Kerberos.framework/Versions/A/Kerberos
0x000000000df65000 	/System/Library/Frameworks/GSS.framework/Versions/A/GSS
0x000000000df65000 	/usr/lib/libresolv.9.dylib
0x000000000df65000 	/usr/lib/libiconv.2.dylib
0x000000000df65000 	/System/Library/PrivateFrameworks/Heimdal.framework/Versions/A/Heimdal
0x000000000df65000 	/System/Library/Frameworks/OpenDirectory.framework/Versions/A/OpenDirectory
0x000000000df65000 	/System/Library/PrivateFrameworks/CommonAuth.framework/Versions/A/CommonAuth
0x000000000df65000 	/System/Library/Frameworks/CoreVideo.framework/Versions/A/CoreVideo
0x000000000df65000 	/System/Library/Frameworks/QuartzCore.framework/Versions/A/Frameworks/CoreImage.framework/Versions/A/CoreImage
0x000000000df65000 	/System/Library/Frameworks/QuartzCore.framework/Versions/A/Frameworks/ScalableUserInterface.framework/Versions/A/ScalableUserInterface
0x000000000df65000 	/System/Library/Frameworks/OpenGL.framework/Versions/A/Libraries/libGLU.dylib
0x000000000df65000 	/System/Library/Frameworks/OpenGL.framework/Versions/A/Libraries/libGFXShared.dylib
0x000000000df65000 	/System/Library/Frameworks/OpenGL.framework/Versions/A/Libraries/libGL.dylib
0x000000000df65000 	/System/Library/Frameworks/OpenGL.framework/Versions/A/Libraries/libGLImage.dylib
0x000000000df65000 	/System/Library/Frameworks/OpenGL.framework/Versions/A/Libraries/libCVMSPluginSupport.dylib
0x000000000df65000 	/System/Library/Frameworks/OpenGL.framework/Versions/A/Libraries/libCoreVMClient.dylib
0x000000000df65000 	/System/Library/Frameworks/OpenCL.framework/Versions/A/OpenCL
0x000000000df65000 	/System/Library/PrivateFrameworks/FaceCoreLight.framework/Versions/A/FaceCoreLight
0x000000000df65000 	/System/Library/Frameworks/vecLib.framework/Versions/A/vecLib
0x000000000df65000 	/System/Library/Frameworks/SecurityFoundation.framework/Versions/A/SecurityFoundation
0x000000000df65000 	/System/Library/PrivateFrameworks/CommerceKit.framework/Versions/A/Frameworks/CommerceCore.framework/Versions/A/CommerceCore
0x000000000df65000 	/System/Library/PrivateFrameworks/CoreSymbolication.framework/Versions/A/CoreSymbolication
0x000000000df65000 	/System/Library/PrivateFrameworks/Symbolication.framework/Versions/A/Symbolication
0x000000000df65000 	/System/Library/PrivateFrameworks/DebugSymbols.framework/Versions/A/DebugSymbols
0x0000000104383000 	/Library/Java/JavaVirtualMachines/1.7.0.jdk/Contents/Home/jre/lib/server/libjvm.dylib
0x00000001041c3000 	/Library/Java/JavaVirtualMachines/1.7.0.jdk/Contents/Home/jre/lib/libverify.dylib
0x00000001041d0000 	/Library/Java/JavaVirtualMachines/1.7.0.jdk/Contents/Home/jre/lib/libjava.dylib
0x0000000104f30000 	/Library/Java/JavaVirtualMachines/1.7.0.jdk/Contents/Home/jre/lib/libzip.dylib
0x000000016b7ae000 	/System/Library/Frameworks/JavaVM.framework/Frameworks/JavaRuntimeSupport.framework/JavaRuntimeSupport
0x000000016b7c6000 	/System/Library/Frameworks/JavaVM.framework/Versions/A/Frameworks/JavaNativeFoundation.framework/Versions/A/JavaNativeFoundation
0x000000016b7db000 	/System/Library/Frameworks/JavaVM.framework/Versions/A/JavaVM
0x000000000df65000 	/System/Library/Frameworks/Carbon.framework/Versions/A/Carbon
0x000000016b7e8000 	/System/Library/PrivateFrameworks/JavaLaunching.framework/Versions/A/JavaLaunching
0x000000000df65000 	/System/Library/Frameworks/Carbon.framework/Versions/A/Frameworks/CommonPanels.framework/Versions/A/CommonPanels
0x000000000df65000 	/System/Library/Frameworks/Carbon.framework/Versions/A/Frameworks/Help.framework/Versions/A/Help
0x000000000df65000 	/System/Library/Frameworks/Carbon.framework/Versions/A/Frameworks/ImageCapture.framework/Versions/A/ImageCapture
0x000000000df65000 	/System/Library/Frameworks/Carbon.framework/Versions/A/Frameworks/OpenScripting.framework/Versions/A/OpenScripting
0x000000000df65000 	/System/Library/Frameworks/Carbon.framework/Versions/A/Frameworks/Print.framework/Versions/A/Print
0x000000000df65000 	/System/Library/Frameworks/Carbon.framework/Versions/A/Frameworks/SecurityHI.framework/Versions/A/SecurityHI
0x000000016c148000 	/Library/Java/JavaVirtualMachines/jdk1.7.0_45.jdk/Contents/Home/jre/lib/libprism-es2.dylib
0x000000016c1ad000 	/System/Library/Frameworks/OpenGL.framework/Resources/GLEngine.bundle/GLEngine
0x000000016c39c000 	/System/Library/Frameworks/OpenGL.framework/Versions/A/Libraries/libGLProgrammability.dylib
0x0000000000000000 	/System/Library/Extensions/GeForceGLDriver.bundle/Contents/MacOS/GeForceGLDriver
0x000000016c528000 	/System/Library/PrivateFrameworks/GPUSupport.framework/Versions/A/Libraries/libGPUSupport.dylib
0x000000000df65000 	/System/Library/Extensions/GeForceGLDriver.bundle/Contents/MacOS/libclh.dylib
0x000000016c53e000 	/System/Library/Frameworks/OpenGL.framework/Resources//GLRendererFloat.bundle/GLRendererFloat
0x000000016c575000 	/System/Library/Frameworks/OpenCL.framework/Versions/A/Libraries/libcldcpuengine.dylib
0x000000000df65000 	/System/Library/PrivateFrameworks/DiskImages.framework/Versions/A/DiskImages
0x000000016c585000 	/System/Library/Frameworks/OpenGL.framework/Versions/A/Libraries/libCoreFSCache.dylib
0x000000000df65000 	/System/Library/Frameworks/DiscRecording.framework/Versions/A/DiscRecording
0x000000000df65000 	/usr/lib/libcurl.4.dylib
0x000000000df65000 	/System/Library/PrivateFrameworks/MediaKit.framework/Versions/A/MediaKit
0x000000000df65000 	/usr/lib/libssl.0.9.8.dylib
0x000000000df65000 	/System/Library/Frameworks/LDAP.framework/Versions/A/LDAP
0x000000000df65000 	/usr/lib/libsasl2.2.dylib
0x000000016c73e000 	/Library/Java/JavaVirtualMachines/jdk1.7.0_45.jdk/Contents/Home/jre/lib/libglass.dylib
0x000000000df65000 	/System/Library/PrivateFrameworks/CoreServicesInternal.framework/Versions/A/CoreServicesInternal
0x000000000df65000 	/System/Library/CoreServices/RawCamera.bundle/Contents/MacOS/RawCamera
0x000000000df65000 	/System/Library/Frameworks/ApplicationServices.framework/Versions/A/Frameworks/CoreGraphics.framework/Versions/A/Resources/libCSync.A.dylib
0x000000000df65000 	/System/Library/Frameworks/ApplicationServices.framework/Versions/A/Frameworks/CoreGraphics.framework/Versions/A/Resources/libRIP.A.dylib
0x000000016f303000 	/Library/Java/JavaVirtualMachines/jdk1.7.0_45.jdk/Contents/Home/jre/lib/libjavafx-iio.dylib
0x000000016f587000 	/Library/Java/JavaVirtualMachines/jdk1.7.0_45.jdk/Contents/Home/jre/lib/libjavafx-font.dylib
0x000000000df65000 	/System/Library/Frameworks/ApplicationServices.framework/Versions/A/Frameworks/CoreGraphics.framework/Versions/A/Resources/libCGXType.A.dylib
0x000000016dca3000 	cl_kernels
0x00000001700b7000 	/System/Library/Frameworks/OpenCL.framework/Versions/A/Libraries/ImageFormats/unorm8_bgra.dylib
0x000000016dd37000 	cl_kernels

VM Arguments:
jvm_args: -Dfile.encoding=US-ASCII -Xbootclasspath/a:/Library/Java/JavaVirtualMachines/jdk1.7.0_45.jdk/Contents/Home/jre/lib/jfxrt.jar 
java_command: com.main.MVPApplication
Launcher Type: SUN_STANDARD

Environment Variables:
PATH=/usr/bin:/bin:/usr/sbin:/sbin
SHELL=/bin/bash
DISPLAY=/tmp/launch-MNLuFo/org.x:0

Signal Handlers:
SIGSEGV: [libjvm.dylib+0x4a177d], sa_mask[0]=0xfffefeff, sa_flags=0x00000042
SIGBUS: [libjvm.dylib+0x4a177d], sa_mask[0]=0xfffefeff, sa_flags=0x00000042
SIGFPE: [libjvm.dylib+0x3b1541], sa_mask[0]=0xfffefeff, sa_flags=0x00000042
SIGPIPE: [libjvm.dylib+0x3b1541], sa_mask[0]=0xfffefeff, sa_flags=0x00000042
SIGXFSZ: [libjvm.dylib+0x3b1541], sa_mask[0]=0xfffefeff, sa_flags=0x00000042
SIGILL: [libjvm.dylib+0x3b1541], sa_mask[0]=0xfffefeff, sa_flags=0x00000042
SIGUSR1: SIG_DFL, sa_mask[0]=0x00000000, sa_flags=0x00000002
SIGUSR2: [libjvm.dylib+0x3b10ce], sa_mask[0]=0x00000004, sa_flags=0x00000042
SIGHUP: [libjvm.dylib+0x3af2f3], sa_mask[0]=0xfffefeff, sa_flags=0x00000042
SIGINT: [libjvm.dylib+0x3af2f3], sa_mask[0]=0xfffefeff, sa_flags=0x00000042
SIGTERM: [libjvm.dylib+0x3af2f3], sa_mask[0]=0xfffefeff, sa_flags=0x00000042
SIGQUIT: [libjvm.dylib+0x3af2f3], sa_mask[0]=0xfffefeff, sa_flags=0x00000042


---------------  S Y S T E M  ---------------

OS:Bsd
uname:Darwin 11.4.2 Darwin Kernel Version 11.4.2: Thu Aug 23 16:25:48 PDT 2012; root:xnu-1699.32.7~1/RELEASE_X86_64 x86_64
rlimit: STACK 8192k, CORE 0k, NPROC 266, NOFILE 10240
CPU:total 2 (2 cores per cpu, 1 threads per core) family 6 model 23 stepping 10, cmov, cx8, fxsr, mmx, sse, sse2, sse3, ssse3, sse4.1, tsc

Memory: 4k page, physical 5845668k(1461417k free)

/proc/meminfo:


vm_info: Java HotSpot(TM) 64-Bit Server VM (23.0-b21) for bsd-amd64 JRE (1.7.0_04-b21), built on Apr 19 2012 22:33:17 by "java_re" with gcc 4.2.1 (Based on Apple Inc. build 5658) (LLVM build 2336.1.00)

time: Sun Feb  2 03:58:58 2014
elapsed time: 16 seconds

