#
# A fatal error has been detected by the Java Runtime Environment:
#
#  SIGSEGV (0xb) at pc=0x00007fff9507d390, pid=3261, tid=140735261858144
#
# JRE version: 7.0_04-b21
# Java VM: Java HotSpot(TM) 64-Bit Server VM (23.0-b21 mixed mode bsd-amd64 compressed oops)
# Problematic frame:
# C  [libobjc.A.dylib+0xb390]  objc_msgSend_vtable14+0x10
#
# Failed to write core dump. Core dumps have been disabled. To enable core dumping, try "ulimit -c unlimited" before starting Java again
#
# If you would like to submit a bug report, please visit:
#   http://bugreport.sun.com/bugreport/crash.jsp
# The crash happened outside the Java Virtual Machine in native code.
# See problematic frame for where to report the bug.
#

---------------  T H R E A D  ---------------

Current thread (0x00007fbe88969800):  JavaThread "JavaFX Application Thread" [_thread_in_native, id=2068470112, stack(0x00007fff6e335000,0x00007fff6eb35000)]

siginfo:si_signo=SIGSEGV: si_errno=0, si_code=0 (SEGV0), si_addr=0x0000000000000000

Registers:
RAX=0xb000000000000000, RBX=0x00007fbe89bbd0c0, RCX=0x00007fbe8896a070, RDX=0x00000000a1a1a1a1
RSP=0x00007fff6eb310d8, RBP=0x00007fff6eb31100, RSI=0x00007fff7b9f2720, RDI=0x00007fbe885d4cf0
R8 =0x00007fff7aeae084, R9 =0x00007fff6eb31098, R10=0x00007fbe88590dc0, R11=0x000000010f09bb38
R12=0x000000010f0187e0, R13=0x0000000000000004, R14=0x00007fbe8896a068, R15=0x00007fff7b9f2720
RIP=0x00007fff9507d390, EFLAGS=0x0000000000010246, ERR=0x0000000000000000
  TRAPNO=0x000000000000000d

Top of Stack: (sp=0x00007fff6eb310d8)
0x00007fff6eb310d8:   00007fff956b7404 000000010f0187e0
0x00007fff6eb310e8:   00007fbe89bbd100 0000000000000000
0x00007fff6eb310f8:   000009d619a8f403 00007fff6eb31160
0x00007fff6eb31108:   00007fff9149bb58 00007fff94cee3a3
0x00007fff6eb31118:   00007fbe89bbd0c0 00007fbe89bbd100
0x00007fff6eb31128:   00007fbe89bbd118 68d6da61f3964a13
0x00007fff6eb31138:   00007fbe89bbd100 000000010f0187e0
0x00007fff6eb31148:   0000000000000004 000000010f0187d0
0x00007fff6eb31158:   000009d619a8f403 00007fff6eb311d0
0x00007fff6eb31168:   00007fff9149b4ba 00007fff6eb311a0
0x00007fff6eb31178:   0000000000000000 0000000000000000
0x00007fff6eb31188:   00007fbe89bbd0c0 00007fbe89bbd118
0x00007fff6eb31198:   000000010f0186d0 68d6da61f3964a13
0x00007fff6eb311a8:   0000000000000003 00007fbe89bb6620
0x00007fff6eb311b8:   000000010f018590 0000000000000001
0x00007fff6eb311c8:   0000000000000005 00007fff6eb31e80
0x00007fff6eb311d8:   00007fff9147be11 00007fbe889699d8
0x00007fff6eb311e8:   00230004ffffffff 0000000000000000
0x00007fff6eb311f8:   000000017b59f670 00007fbe89b65140
0x00007fff6eb31208:   000000010f0187e0 000000010f0186d0
0x00007fff6eb31218:   01007fff930bd160 00007fff6eb31258
0x00007fff6eb31228:   00001d037b59f68c 00007fff7aea6fa0
0x00007fff6eb31238:   000000010f0186c0 000000010f0187d0
0x00007fff6eb31248:   00007fbe8850a0f0 00007fff6eb31258
0x00007fff6eb31258:   0000003000001100 00001c0300000000
0x00007fff6eb31268:   0000000000000000 0000000000000000
0x00007fff6eb31278:   0000000000000000 0000000000000000
0x00007fff6eb31288:   0000004400000000 000000000000039c
0x00007fff6eb31298:   0000000000000001 0000000000000000
0x00007fff6eb312a8:   0000000000000000 0000000000000000
0x00007fff6eb312b8:   0000000000000000 0000000000000000
0x00007fff6eb312c8:   0000000000000000 000000000000eda3 

Instructions: (pc=0x00007fff9507d390)
0x00007fff9507d370:   8b 42 18 48 8b 76 08 ff 60 68 66 0f 1f 44 00 00
0x00007fff9507d380:   48 85 ff 74 16 f7 c7 01 00 00 00 75 12 48 8b 07
0x00007fff9507d390:   48 8b 40 18 48 8b 76 08 ff 60 70 31 c0 c3 90 89
0x00007fff9507d3a0:   f8 83 e0 0f 4c 8d 15 2d 51 84 e6 4d 8b 14 c2 49 

Register to memory mapping:

RAX=0xb000000000000000 is an unknown value
RBX=0x00007fbe89bbd0c0 is an unknown value
RCX=0x00007fbe8896a070 is an unknown value
RDX=0x00000000a1a1a1a1 is an unknown value
RSP=0x00007fff6eb310d8 is pointing into the stack for thread: 0x00007fbe88969800
RBP=0x00007fff6eb31100 is pointing into the stack for thread: 0x00007fbe88969800
RSI=0x00007fff7b9f2720: OBJC_IVAR_$_NSFileWatcher._formerPath+0x72d0 in /System/Library/Frameworks/Foundation.framework/Versions/C/Foundation at 0x00007fff956a1000
RDI=0x00007fbe885d4cf0 is an unknown value
R8 =0x00007fff7aeae084: __CFProcessKillingLock+0 in /System/Library/Frameworks/CoreFoundation.framework/Versions/A/CoreFoundation at 0x00007fff91443000
R9 =0x00007fff6eb31098 is pointing into the stack for thread: 0x00007fbe88969800
R10=0x00007fbe88590dc0 is an unknown value
R11=0x000000010f09bb38 is an unknown value
R12=0x000000010f0187e0 is an unknown value
R13=0x0000000000000004 is an unknown value
R14=0x00007fbe8896a068 is an unknown value
R15=0x00007fff7b9f2720: OBJC_IVAR_$_NSFileWatcher._formerPath+0x72d0 in /System/Library/Frameworks/Foundation.framework/Versions/C/Foundation at 0x00007fff956a1000


Stack: [0x00007fff6e335000,0x00007fff6eb35000],  sp=0x00007fff6eb310d8,  free space=8176k
Native frames: (J=compiled Java code, j=interpreted, Vv=VM code, C=native code)
C  [libobjc.A.dylib+0xb390]  objc_msgSend_vtable14+0x10
C  [CoreFoundation+0x58b58]  CFRunLoopTimerInvalidate+0x218
C  [CoreFoundation+0x584ba]  __CFRunLoopDoTimer+0x24a
C  [CoreFoundation+0x38e11]  __CFRunLoopRun+0x651
C  [CoreFoundation+0x38486]  CFRunLoopRunSpecific+0xe6
C  [HIToolbox+0x22bf]  RunCurrentEventLoopInMode+0x115
C  [HIToolbox+0x94bf]  ReceiveNextEventCommon+0xb5
C  [HIToolbox+0x93fa]  BlockUntilNextEventMatchingListInMode+0x3e
C  [AppKit+0x8779]  _DPSNextEvent+0x293
C  [AppKit+0x807d]  -[NSApplication nextEventMatchingMask:untilDate:inMode:dequeue:]+0x87
C  [AppKit+0x49b9]  -[NSApplication run]+0x1d6
C  [libglass.dylib+0x3d31]  -[GlassApplication runLoop:]+0x2f1
C  [CoreFoundation+0x9370d]  -[NSObject performSelector:withObject:]+0x3d
C  [Foundation+0x4fd70]  __NSThreadPerformPerform+0xd6
C  [CoreFoundation+0x124f1]  __CFRUNLOOP_IS_CALLING_OUT_TO_A_SOURCE0_PERFORM_FUNCTION__+0x11
C  [CoreFoundation+0x11d5d]  __CFRunLoopDoSources0+0xfd
C  [CoreFoundation+0x38b49]  __CFRunLoopRun+0x389
C  [CoreFoundation+0x38486]  CFRunLoopRunSpecific+0xe6
C  [java+0x74bc]  CreateExecutionEnvironment+0x367
C  [java+0x1cac]  JLI_Launch+0x7a0
C  [java+0x7819]  main+0x65
C  [java+0x1504]  start+0x34


---------------  P R O C E S S  ---------------

Java Threads: ( => current thread )
  0x00007fbe88ab6000 JavaThread "Prism Font Disposer" daemon [_thread_blocked, id=477270016, stack(0x000000011c629000,0x000000011c729000)]
  0x00007fbe89107000 JavaThread "Thread-4" daemon [_thread_in_native, id=444297216, stack(0x000000011a737000,0x000000011a7b7000)]
=>0x00007fbe88969800 JavaThread "JavaFX Application Thread" [_thread_in_native, id=2068470112, stack(0x00007fff6e335000,0x00007fff6eb35000)]
  0x00007fbe8908f800 JavaThread "Thread-2" daemon [_thread_blocked, id=419336192, stack(0x0000000118ee9000,0x0000000118fe9000)]
  0x00007fbe8908c800 JavaThread "Disposer" daemon [_thread_blocked, id=417869824, stack(0x0000000118d83000,0x0000000118e83000)]
  0x00007fbe8893a000 JavaThread "QuantumRenderer-0" daemon [_thread_blocked, id=411680768, stack(0x000000011879c000,0x000000011889c000)]
  0x00007fbe89082800 JavaThread "JavaFX-Launcher" [_thread_blocked, id=410587136, stack(0x0000000118691000,0x0000000118791000)]
  0x00007fbe8889e000 JavaThread "Service Thread" daemon [_thread_blocked, id=407965696, stack(0x0000000118411000,0x0000000118511000)]
  0x00007fbe8889d800 JavaThread "C2 CompilerThread1" daemon [_thread_blocked, id=406904832, stack(0x000000011830e000,0x000000011840e000)]
  0x00007fbe88894000 JavaThread "C2 CompilerThread0" daemon [_thread_blocked, id=405843968, stack(0x000000011820b000,0x000000011830b000)]
  0x00007fbe88893000 JavaThread "Signal Dispatcher" daemon [_thread_blocked, id=404783104, stack(0x0000000118108000,0x0000000118208000)]
  0x00007fbe89004800 JavaThread "Finalizer" daemon [_thread_blocked, id=401604608, stack(0x0000000117e00000,0x0000000117f00000)]
  0x00007fbe89003800 JavaThread "Reference Handler" daemon [_thread_blocked, id=400543744, stack(0x0000000117cfd000,0x0000000117dfd000)]
  0x00007fbe88834800 JavaThread "main" [_thread_blocked, id=265437184, stack(0x000000010fc24000,0x000000010fd24000)]

Other Threads:
  0x00007fbe8888a000 VMThread [stack: 0x0000000117bfa000,0x0000000117cfa000] [id=399482880]
  0x00007fbe8888a800 WatcherThread [stack: 0x0000000118514000,0x0000000118614000] [id=409026560]

VM state:not at safepoint (normal execution)

VM Mutex/Monitor currently owned by a thread: None

Heap
 PSYoungGen      total 49152K, used 33385K [0x00000007e2800000, 0x00000007e8800000, 0x0000000800000000)
  eden space 45440K, 65% used [0x00000007e2800000,0x00000007e4540798,0x00000007e5460000)
  from space 3712K, 92% used [0x00000007e5460000,0x00000007e57b9db8,0x00000007e5800000)
  to   space 3712K, 0% used [0x00000007e8460000,0x00000007e8460000,0x00000007e8800000)
 ParOldGen       total 155520K, used 77445K [0x00000007a7800000, 0x00000007b0fe0000, 0x00000007e2800000)
  object space 155520K, 49% used [0x00000007a7800000,0x00000007ac3a1518,0x00000007b0fe0000)
 PSPermGen       total 21248K, used 11496K [0x00000007a2600000, 0x00000007a3ac0000, 0x00000007a7800000)
  object space 21248K, 54% used [0x00000007a2600000,0x00000007a313a308,0x00000007a3ac0000)

Code Cache  [0x000000010fd26000, 0x000000010ff96000, 0x0000000112d26000)
 total_blobs=672 nmethods=142 adapters=482 free_code_cache=48209Kb largest_free_block=49318912

Compilation events (10 events):
Event: 9.789 Thread 0x00007fbe8889d800  138             java.nio.DirectFloatBufferU::ix (10 bytes)
Event: 9.789 Thread 0x00007fbe8889d800 nmethod 138 0x000000010fe01c90 code [0x000000010fe01dc0, 0x000000010fe01e38]
Event: 10.862 Thread 0x00007fbe8889d800  140             com.sun.javafx.geom.transform.GeneralTransform3D::get (34 bytes)
Event: 10.864 Thread 0x00007fbe8889d800 nmethod 140 0x000000010fe030d0 code [0x000000010fe03220, 0x000000010fe032b8]
Event: 10.873 Thread 0x00007fbe8889d800  141             java.util.ArrayList::access$200 (5 bytes)
Event: 10.874 Thread 0x00007fbe8889d800 nmethod 141 0x000000010fe02ed0 code [0x000000010fe03000, 0x000000010fe03058]
Event: 10.874 Thread 0x00007fbe8889d800  142             java.util.ArrayList$Itr::hasNext (20 bytes)
Event: 10.875 Thread 0x00007fbe8889d800 nmethod 142 0x000000010fd9a310 code [0x000000010fd9a440, 0x000000010fd9a4d8]
Event: 11.329 Thread 0x00007fbe8889d800  143             com.sun.javafx.geom.transform.Affine3D::almostZero (22 bytes)
Event: 11.330 Thread 0x00007fbe8889d800 nmethod 143 0x000000010fe02c90 code [0x000000010fe02e00, 0x000000010fe02e58]

GC Heap History (8 events):
Event: 1.098 GC heap before
{Heap before GC invocations=1 (full 0):
 PSYoungGen      total 26432K, used 22460K [0x00000007e2800000, 0x00000007e4570000, 0x0000000800000000)
  eden space 22720K, 98% used [0x00000007e2800000,0x00000007e3def198,0x00000007e3e30000)
  from space 3712K, 0% used [0x00000007e41d0000,0x00000007e41d0000,0x00000007e4570000)
  to   space 3712K, 0% used [0x00000007e3e30000,0x00000007e3e30000,0x00000007e41d0000)
 ParOldGen       total 60416K, used 0K [0x00000007a7800000, 0x00000007ab300000, 0x00000007e2800000)
  object space 60416K, 0% used [0x00000007a7800000,0x00000007a7800000,0x00000007ab300000)
 PSPermGen       total 21248K, used 6409K [0x00000007a2600000, 0x00000007a3ac0000, 0x00000007a7800000)
  object space 21248K, 30% used [0x00000007a2600000,0x00000007a2c42560,0x00000007a3ac0000)
Event: 1.120 GC heap after
Heap after GC invocations=1 (full 0):
 PSYoungGen      total 26432K, used 3709K [0x00000007e2800000, 0x00000007e5ba0000, 0x0000000800000000)
  eden space 22720K, 0% used [0x00000007e2800000,0x00000007e2800000,0x00000007e3e30000)
  from space 3712K, 99% used [0x00000007e3e30000,0x00000007e41cf490,0x00000007e41d0000)
  to   space 3712K, 0% used [0x00000007e5800000,0x00000007e5800000,0x00000007e5ba0000)
 ParOldGen       total 60416K, used 13708K [0x00000007a7800000, 0x00000007ab300000, 0x00000007e2800000)
  object space 60416K, 22% used [0x00000007a7800000,0x00000007a85633e0,0x00000007ab300000)
 PSPermGen       total 21248K, used 6409K [0x00000007a2600000, 0x00000007a3ac0000, 0x00000007a7800000)
  object space 21248K, 30% used [0x00000007a2600000,0x00000007a2c42560,0x00000007a3ac0000)
}
Event: 1.568 GC heap before
{Heap before GC invocations=2 (full 0):
 PSYoungGen      total 26432K, used 26154K [0x00000007e2800000, 0x00000007e5ba0000, 0x0000000800000000)
  eden space 22720K, 98% used [0x00000007e2800000,0x00000007e3deb5b8,0x00000007e3e30000)
  from space 3712K, 99% used [0x00000007e3e30000,0x00000007e41cf490,0x00000007e41d0000)
  to   space 3712K, 0% used [0x00000007e5800000,0x00000007e5800000,0x00000007e5ba0000)
 ParOldGen       total 60416K, used 13708K [0x00000007a7800000, 0x00000007ab300000, 0x00000007e2800000)
  object space 60416K, 22% used [0x00000007a7800000,0x00000007a85633e0,0x00000007ab300000)
 PSPermGen       total 21248K, used 6414K [0x00000007a2600000, 0x00000007a3ac0000, 0x00000007a7800000)
  object space 21248K, 30% used [0x00000007a2600000,0x00000007a2c43838,0x00000007a3ac0000)
Event: 1.596 GC heap after
Heap after GC invocations=2 (full 0):
 PSYoungGen      total 49152K, used 3698K [0x00000007e2800000, 0x00000007e5ba0000, 0x0000000800000000)
  eden space 45440K, 0% used [0x00000007e2800000,0x00000007e2800000,0x00000007e5460000)
  from space 3712K, 99% used [0x00000007e5800000,0x00000007e5b9cb00,0x00000007e5ba0000)
  to   space 3712K, 0% used [0x00000007e5460000,0x00000007e5460000,0x00000007e5800000)
 ParOldGen       total 60416K, used 34548K [0x00000007a7800000, 0x00000007ab300000, 0x00000007e2800000)
  object space 60416K, 57% used [0x00000007a7800000,0x00000007a99bd3f8,0x00000007ab300000)
 PSPermGen       total 21248K, used 6414K [0x00000007a2600000, 0x00000007a3ac0000, 0x00000007a7800000)
  object space 21248K, 30% used [0x00000007a2600000,0x00000007a2c43838,0x00000007a3ac0000)
}
Event: 2.474 GC heap before
{Heap before GC invocations=3 (full 0):
 PSYoungGen      total 49152K, used 48879K [0x00000007e2800000, 0x00000007e5ba0000, 0x0000000800000000)
  eden space 45440K, 99% used [0x00000007e2800000,0x00000007e541f1d8,0x00000007e5460000)
  from space 3712K, 99% used [0x00000007e5800000,0x00000007e5b9cb00,0x00000007e5ba0000)
  to   space 3712K, 0% used [0x00000007e5460000,0x00000007e5460000,0x00000007e5800000)
 ParOldGen       total 60416K, used 34548K [0x00000007a7800000, 0x00000007ab300000, 0x00000007e2800000)
  object space 60416K, 57% used [0x00000007a7800000,0x00000007a99bd3f8,0x00000007ab300000)
 PSPermGen       total 21248K, used 6425K [0x00000007a2600000, 0x00000007a3ac0000, 0x00000007a7800000)
  object space 21248K, 30% used [0x00000007a2600000,0x00000007a2c46710,0x00000007a3ac0000)
Event: 2.527 GC heap after
Heap after GC invocations=3 (full 0):
 PSYoungGen      total 49152K, used 3698K [0x00000007e2800000, 0x00000007e8800000, 0x0000000800000000)
  eden space 45440K, 0% used [0x00000007e2800000,0x00000007e2800000,0x00000007e5460000)
  from space 3712K, 99% used [0x00000007e5460000,0x00000007e57fcb00,0x00000007e5800000)
  to   space 3712K, 0% used [0x00000007e8460000,0x00000007e8460000,0x00000007e8800000)
 ParOldGen       total 77696K, used 77285K [0x00000007a7800000, 0x00000007ac3e0000, 0x00000007e2800000)
  object space 77696K, 99% used [0x00000007a7800000,0x00000007ac379510,0x00000007ac3e0000)
 PSPermGen       total 21248K, used 6425K [0x00000007a2600000, 0x00000007a3ac0000, 0x00000007a7800000)
  object space 21248K, 30% used [0x00000007a2600000,0x00000007a2c46710,0x00000007a3ac0000)
}
Event: 2.527 GC heap before
{Heap before GC invocations=4 (full 1):
 PSYoungGen      total 49152K, used 3698K [0x00000007e2800000, 0x00000007e8800000, 0x0000000800000000)
  eden space 45440K, 0% used [0x00000007e2800000,0x00000007e2800000,0x00000007e5460000)
  from space 3712K, 99% used [0x00000007e5460000,0x00000007e57fcb00,0x00000007e5800000)
  to   space 3712K, 0% used [0x00000007e8460000,0x00000007e8460000,0x00000007e8800000)
 ParOldGen       total 77696K, used 77285K [0x00000007a7800000, 0x00000007ac3e0000, 0x00000007e2800000)
  object space 77696K, 99% used [0x00000007a7800000,0x00000007ac379510,0x00000007ac3e0000)
 PSPermGen       total 21248K, used 6425K [0x00000007a2600000, 0x00000007a3ac0000, 0x00000007a7800000)
  object space 21248K, 30% used [0x00000007a2600000,0x00000007a2c46710,0x00000007a3ac0000)
Event: 2.606 GC heap after
Heap after GC invocations=4 (full 1):
 PSYoungGen      total 49152K, used 3431K [0x00000007e2800000, 0x00000007e8800000, 0x0000000800000000)
  eden space 45440K, 0% used [0x00000007e2800000,0x00000007e2800000,0x00000007e5460000)
  from space 3712K, 92% used [0x00000007e5460000,0x00000007e57b9db8,0x00000007e5800000)
  to   space 3712K, 0% used [0x00000007e8460000,0x00000007e8460000,0x00000007e8800000)
 ParOldGen       total 155520K, used 77445K [0x00000007a7800000, 0x00000007b0fe0000, 0x00000007e2800000)
  object space 155520K, 49% used [0x00000007a7800000,0x00000007ac3a1518,0x00000007b0fe0000)
 PSPermGen       total 21248K, used 6422K [0x00000007a2600000, 0x00000007a3ac0000, 0x00000007a7800000)
  object space 21248K, 30% used [0x00000007a2600000,0x00000007a2c45b30,0x00000007a3ac0000)
}

Deoptimization events (10 events):
Event: 0.526 Thread 0x00007fbe88969800 Uncommon trap -34 fr.pc 0x000000010fd9a308
Event: 3.143 Thread 0x00007fbe88969800 Uncommon trap -34 fr.pc 0x000000010fd96e1c
Event: 3.143 Thread 0x00007fbe88969800 Uncommon trap -34 fr.pc 0x000000010fd96e1c
Event: 3.143 Thread 0x00007fbe88969800 Uncommon trap -34 fr.pc 0x000000010fd96e1c
Event: 3.143 Thread 0x00007fbe88969800 Uncommon trap -34 fr.pc 0x000000010fd96e1c
Event: 3.272 Thread 0x00007fbe88969800 Uncommon trap 51 fr.pc 0x000000010fdc5a40
Event: 3.427 Thread 0x00007fbe88969800 Uncommon trap -12 fr.pc 0x000000010fdd4e90
Event: 3.427 Thread 0x00007fbe88969800 Uncommon trap -12 fr.pc 0x000000010fdd9984
Event: 7.946 Thread 0x00007fbe88969800 Uncommon trap -12 fr.pc 0x000000010fdeea80
Event: 8.795 Thread 0x00007fbe88969800 Uncommon trap -12 fr.pc 0x000000010fe005d0

Internal exceptions (10 events):
Event: 3.041 Thread 0x00007fbe88969800 Threw 0x00000007e3e950e0 at /HUDSON/workspace/jdk7u4-2-build-macosx-x86_64-product/jdk7u4/hotspot/src/share/vm/prims/jvm.cpp:1166
Event: 3.042 Thread 0x00007fbe88969800 Threw 0x00000007e3e9ab48 at /HUDSON/workspace/jdk7u4-2-build-macosx-x86_64-product/jdk7u4/hotspot/src/share/vm/prims/jvm.cpp:1166
Event: 3.043 Thread 0x00007fbe88969800 Threw 0x00000007e3e9df90 at /HUDSON/workspace/jdk7u4-2-build-macosx-x86_64-product/jdk7u4/hotspot/src/share/vm/prims/jvm.cpp:1166
Event: 3.043 Thread 0x00007fbe88969800 Threw 0x00000007e3ea1108 at /HUDSON/workspace/jdk7u4-2-build-macosx-x86_64-product/jdk7u4/hotspot/src/share/vm/prims/jvm.cpp:1166
Event: 3.044 Thread 0x00007fbe88969800 Threw 0x00000007e3ea57f8 at /HUDSON/workspace/jdk7u4-2-build-macosx-x86_64-product/jdk7u4/hotspot/src/share/vm/prims/jvm.cpp:1166
Event: 3.427 Thread 0x00007fbe88969800 Implicit null exception at 0x000000010fdd4dcb to 0x000000010fdd4e85
Event: 3.427 Thread 0x00007fbe88969800 Implicit null exception at 0x000000010fdd9729 to 0x000000010fdd9969
Event: 7.946 Thread 0x00007fbe88969800 Implicit null exception at 0x000000010fdec1cd to 0x000000010fdee99d
Event: 8.795 Thread 0x00007fbe88969800 Implicit null exception at 0x000000010fe00571 to 0x000000010fe005c5
Event: 8.797 Thread 0x00007fbe88969800 Threw 0x00000007e4482918 at /HUDSON/workspace/jdk7u4-2-build-macosx-x86_64-product/jdk7u4/hotspot/src/share/vm/prims/jvm.cpp:1166

Events (10 events):
Event: 11.334 loading class 0x000000010f079a20
Event: 11.334 loading class 0x000000010f079a20 done
Event: 11.334 loading class 0x000000010f0388f0
Event: 11.334 loading class 0x000000010f038ba0
Event: 11.335 loading class 0x000000010f038ba0 done
Event: 11.335 loading class 0x000000010f0388f0 done
Event: 11.335 loading class 0x00007fbe89b55b20
Event: 11.335 loading class 0x00007fbe89b55b20 done
Event: 11.360 loading class 0x00007fbe8854d070
Event: 11.360 loading class 0x00007fbe8854d070 done


Dynamic libraries:
0x000000000a2d3000 	/System/Library/Frameworks/Cocoa.framework/Versions/A/Cocoa
0x000000000a2d3000 	/System/Library/Frameworks/Security.framework/Versions/A/Security
0x000000000a2d3000 	/System/Library/Frameworks/ApplicationServices.framework/Versions/A/ApplicationServices
0x000000000a2d3000 	/usr/lib/libz.1.dylib
0x000000000a2d3000 	/usr/lib/libSystem.B.dylib
0x000000000a2d3000 	/usr/lib/libobjc.A.dylib
0x000000000a2d3000 	/System/Library/Frameworks/CoreFoundation.framework/Versions/A/CoreFoundation
0x000000000a2d3000 	/System/Library/Frameworks/AppKit.framework/Versions/C/AppKit
0x000000000a2d3000 	/System/Library/Frameworks/CoreData.framework/Versions/A/CoreData
0x000000000a2d3000 	/System/Library/Frameworks/Foundation.framework/Versions/C/Foundation
0x000000000a2d3000 	/System/Library/PrivateFrameworks/RemoteViewServices.framework/Versions/A/RemoteViewServices
0x000000000a2d3000 	/System/Library/Frameworks/AudioToolbox.framework/Versions/A/AudioToolbox
0x000000000a2d3000 	/System/Library/Frameworks/AudioUnit.framework/Versions/A/AudioUnit
0x000000000a2d3000 	/System/Library/PrivateFrameworks/DataDetectorsCore.framework/Versions/A/DataDetectorsCore
0x000000000a2d3000 	/System/Library/PrivateFrameworks/DesktopServicesPriv.framework/Versions/A/DesktopServicesPriv
0x000000000a2d3000 	/System/Library/Frameworks/Carbon.framework/Versions/A/Frameworks/HIToolbox.framework/Versions/A/HIToolbox
0x000000000a2d3000 	/System/Library/Frameworks/QuartzCore.framework/Versions/A/QuartzCore
0x000000000a2d3000 	/System/Library/Frameworks/Carbon.framework/Versions/A/Frameworks/SpeechRecognition.framework/Versions/A/SpeechRecognition
0x000000000a2d3000 	/usr/lib/libauto.dylib
0x000000000a2d3000 	/usr/lib/libicucore.A.dylib
0x000000000a2d3000 	/usr/lib/libxml2.2.dylib
0x000000000a2d3000 	/System/Library/PrivateFrameworks/CoreUI.framework/Versions/A/CoreUI
0x000000000a2d3000 	/System/Library/Frameworks/CoreAudio.framework/Versions/A/CoreAudio
0x000000000a2d3000 	/System/Library/Frameworks/DiskArbitration.framework/Versions/A/DiskArbitration
0x000000000a2d3000 	/usr/lib/liblangid.dylib
0x000000000a2d3000 	/System/Library/PrivateFrameworks/MultitouchSupport.framework/Versions/A/MultitouchSupport
0x000000000a2d3000 	/System/Library/Frameworks/IOKit.framework/Versions/A/IOKit
0x000000000a2d3000 	/usr/lib/libDiagnosticMessagesClient.dylib
0x000000000a2d3000 	/System/Library/Frameworks/CoreServices.framework/Versions/A/CoreServices
0x000000000a2d3000 	/System/Library/PrivateFrameworks/PerformanceAnalysis.framework/Versions/A/PerformanceAnalysis
0x000000000a2d3000 	/System/Library/PrivateFrameworks/GenerationalStorage.framework/Versions/A/GenerationalStorage
0x000000000a2d3000 	/System/Library/Frameworks/OpenGL.framework/Versions/A/OpenGL
0x000000000a2d3000 	/System/Library/Frameworks/CoreServices.framework/Versions/A/Frameworks/CFNetwork.framework/Versions/A/CFNetwork
0x000000000a2d3000 	/System/Library/Frameworks/SystemConfiguration.framework/Versions/A/SystemConfiguration
0x000000000a2d3000 	/usr/lib/libCRFSuite.dylib
0x000000000a2d3000 	/usr/lib/libc++.1.dylib
0x000000000a2d3000 	/usr/lib/libstdc++.6.dylib
0x000000000a2d3000 	/usr/lib/libc++abi.dylib
0x000000000a2d3000 	/usr/lib/system/libcache.dylib
0x000000000a2d3000 	/usr/lib/system/libcommonCrypto.dylib
0x000000000a2d3000 	/usr/lib/system/libcompiler_rt.dylib
0x000000000a2d3000 	/usr/lib/system/libcopyfile.dylib
0x000000000a2d3000 	/usr/lib/system/libdispatch.dylib
0x000000000a2d3000 	/usr/lib/system/libdnsinfo.dylib
0x000000000a2d3000 	/usr/lib/system/libdyld.dylib
0x000000000a2d3000 	/usr/lib/system/libkeymgr.dylib
0x000000000a2d3000 	/usr/lib/system/liblaunch.dylib
0x000000000a2d3000 	/usr/lib/system/libmacho.dylib
0x000000000a2d3000 	/usr/lib/system/libmathCommon.A.dylib
0x000000000a2d3000 	/usr/lib/system/libquarantine.dylib
0x000000000a2d3000 	/usr/lib/system/libremovefile.dylib
0x000000000a2d3000 	/usr/lib/system/libsystem_blocks.dylib
0x000000000a2d3000 	/usr/lib/system/libsystem_c.dylib
0x000000000a2d3000 	/usr/lib/system/libsystem_dnssd.dylib
0x000000000a2d3000 	/usr/lib/system/libsystem_info.dylib
0x000000000a2d3000 	/usr/lib/system/libsystem_kernel.dylib
0x000000000a2d3000 	/usr/lib/system/libsystem_network.dylib
0x000000000a2d3000 	/usr/lib/system/libsystem_notify.dylib
0x000000000a2d3000 	/usr/lib/system/libsystem_sandbox.dylib
0x000000000a2d3000 	/usr/lib/system/libunc.dylib
0x000000000a2d3000 	/usr/lib/system/libunwind.dylib
0x000000000a2d3000 	/usr/lib/system/libxpc.dylib
0x000000000a2d3000 	/usr/lib/libbsm.0.dylib
0x000000000a2d3000 	/usr/lib/libsqlite3.dylib
0x000000000a2d3000 	/usr/lib/libOpenScriptingUtil.dylib
0x000000000a2d3000 	/usr/lib/libpam.2.dylib
0x000000000a2d3000 	/usr/lib/libxar-nossl.dylib
0x000000000a2d3000 	/usr/lib/libbz2.1.0.dylib
0x000000000a2d3000 	/System/Library/Frameworks/CoreServices.framework/Versions/A/Frameworks/CarbonCore.framework/Versions/A/CarbonCore
0x000000000a2d3000 	/System/Library/Frameworks/CoreServices.framework/Versions/A/Frameworks/Metadata.framework/Versions/A/Metadata
0x000000000a2d3000 	/System/Library/Frameworks/CoreServices.framework/Versions/A/Frameworks/OSServices.framework/Versions/A/OSServices
0x000000000a2d3000 	/System/Library/Frameworks/CoreServices.framework/Versions/A/Frameworks/SearchKit.framework/Versions/A/SearchKit
0x000000000a2d3000 	/System/Library/Frameworks/CoreServices.framework/Versions/A/Frameworks/AE.framework/Versions/A/AE
0x000000000a2d3000 	/System/Library/Frameworks/CoreServices.framework/Versions/A/Frameworks/LaunchServices.framework/Versions/A/LaunchServices
0x000000000a2d3000 	/System/Library/Frameworks/CoreServices.framework/Versions/A/Frameworks/DictionaryServices.framework/Versions/A/DictionaryServices
0x000000000a2d3000 	/System/Library/Frameworks/NetFS.framework/Versions/A/NetFS
0x000000000a2d3000 	/usr/lib/system/libkxld.dylib
0x000000000a2d3000 	/System/Library/PrivateFrameworks/NetAuth.framework/Versions/A/NetAuth
0x000000000a2d3000 	/usr/lib/libcrypto.0.9.8.dylib
0x000000000a2d3000 	/System/Library/PrivateFrameworks/TrustEvaluationAgent.framework/Versions/A/TrustEvaluationAgent
0x000000000a2d3000 	/System/Library/Frameworks/OpenDirectory.framework/Versions/A/Frameworks/CFOpenDirectory.framework/Versions/A/CFOpenDirectory
0x000000000a2d3000 	/usr/lib/libxslt.1.dylib
0x000000000a2d3000 	/System/Library/PrivateFrameworks/FamilyControls.framework/Versions/A/FamilyControls
0x000000000a2d3000 	/System/Library/Frameworks/Carbon.framework/Versions/A/Frameworks/Ink.framework/Versions/A/Ink
0x000000000a2d3000 	/System/Library/Frameworks/ApplicationServices.framework/Versions/A/Frameworks/CoreGraphics.framework/Versions/A/CoreGraphics
0x000000000a2d3000 	/System/Library/Frameworks/ApplicationServices.framework/Versions/A/Frameworks/ImageIO.framework/Versions/A/ImageIO
0x000000000a2d3000 	/System/Library/Frameworks/ApplicationServices.framework/Versions/A/Frameworks/CoreText.framework/Versions/A/CoreText
0x000000000a2d3000 	/System/Library/Frameworks/ApplicationServices.framework/Versions/A/Frameworks/ATS.framework/Versions/A/ATS
0x000000000a2d3000 	/System/Library/Frameworks/ApplicationServices.framework/Versions/A/Frameworks/ColorSync.framework/Versions/A/ColorSync
0x000000000a2d3000 	/System/Library/Frameworks/ApplicationServices.framework/Versions/A/Frameworks/HIServices.framework/Versions/A/HIServices
0x000000000a2d3000 	/System/Library/Frameworks/ApplicationServices.framework/Versions/A/Frameworks/LangAnalysis.framework/Versions/A/LangAnalysis
0x000000000a2d3000 	/System/Library/Frameworks/ApplicationServices.framework/Versions/A/Frameworks/PrintCore.framework/Versions/A/PrintCore
0x000000000a2d3000 	/System/Library/Frameworks/ApplicationServices.framework/Versions/A/Frameworks/QD.framework/Versions/A/QD
0x000000000a2d3000 	/System/Library/Frameworks/ApplicationServices.framework/Versions/A/Frameworks/SpeechSynthesis.framework/Versions/A/SpeechSynthesis
0x000000000a2d3000 	/System/Library/Frameworks/IOSurface.framework/Versions/A/IOSurface
0x000000000a2d3000 	/System/Library/Frameworks/Accelerate.framework/Versions/A/Accelerate
0x000000000a2d3000 	/System/Library/Frameworks/ApplicationServices.framework/Versions/A/Frameworks/ImageIO.framework/Versions/A/Resources/libJPEG.dylib
0x000000000a2d3000 	/System/Library/Frameworks/ApplicationServices.framework/Versions/A/Frameworks/ImageIO.framework/Versions/A/Resources/libTIFF.dylib
0x000000000a2d3000 	/System/Library/Frameworks/ApplicationServices.framework/Versions/A/Frameworks/ImageIO.framework/Versions/A/Resources/libPng.dylib
0x000000000a2d3000 	/System/Library/Frameworks/ApplicationServices.framework/Versions/A/Frameworks/ImageIO.framework/Versions/A/Resources/libGIF.dylib
0x000000000a2d3000 	/System/Library/Frameworks/ApplicationServices.framework/Versions/A/Frameworks/ImageIO.framework/Versions/A/Resources/libJP2.dylib
0x000000000a2d3000 	/System/Library/Frameworks/ApplicationServices.framework/Versions/A/Frameworks/ImageIO.framework/Versions/A/Resources/libRadiance.dylib
0x000000000a2d3000 	/System/Library/Frameworks/Accelerate.framework/Versions/A/Frameworks/vImage.framework/Versions/A/vImage
0x000000000a2d3000 	/System/Library/Frameworks/Accelerate.framework/Versions/A/Frameworks/vecLib.framework/Versions/A/vecLib
0x000000000a2d3000 	/System/Library/Frameworks/Accelerate.framework/Versions/A/Frameworks/vecLib.framework/Versions/A/libvDSP.dylib
0x000000000a2d3000 	/System/Library/Frameworks/Accelerate.framework/Versions/A/Frameworks/vecLib.framework/Versions/A/libvMisc.dylib
0x000000000a2d3000 	/System/Library/Frameworks/Accelerate.framework/Versions/A/Frameworks/vecLib.framework/Versions/A/libLAPACK.dylib
0x000000000a2d3000 	/System/Library/Frameworks/Accelerate.framework/Versions/A/Frameworks/vecLib.framework/Versions/A/libBLAS.dylib
0x000000000a2d3000 	/System/Library/Frameworks/ApplicationServices.framework/Versions/A/Frameworks/ATS.framework/Versions/A/Resources/libFontParser.dylib
0x000000000a2d3000 	/System/Library/Frameworks/ApplicationServices.framework/Versions/A/Frameworks/ATS.framework/Versions/A/Resources/libFontRegistry.dylib
0x000000000a2d3000 	/usr/lib/libcups.2.dylib
0x000000000a2d3000 	/System/Library/Frameworks/Kerberos.framework/Versions/A/Kerberos
0x000000000a2d3000 	/System/Library/Frameworks/GSS.framework/Versions/A/GSS
0x000000000a2d3000 	/usr/lib/libresolv.9.dylib
0x000000000a2d3000 	/usr/lib/libiconv.2.dylib
0x000000000a2d3000 	/System/Library/PrivateFrameworks/Heimdal.framework/Versions/A/Heimdal
0x000000000a2d3000 	/System/Library/Frameworks/OpenDirectory.framework/Versions/A/OpenDirectory
0x000000000a2d3000 	/System/Library/PrivateFrameworks/CommonAuth.framework/Versions/A/CommonAuth
0x000000000a2d3000 	/System/Library/Frameworks/CoreVideo.framework/Versions/A/CoreVideo
0x000000000a2d3000 	/System/Library/Frameworks/QuartzCore.framework/Versions/A/Frameworks/CoreImage.framework/Versions/A/CoreImage
0x000000000a2d3000 	/System/Library/Frameworks/QuartzCore.framework/Versions/A/Frameworks/ScalableUserInterface.framework/Versions/A/ScalableUserInterface
0x000000000a2d3000 	/System/Library/Frameworks/OpenGL.framework/Versions/A/Libraries/libGLU.dylib
0x000000000a2d3000 	/System/Library/Frameworks/OpenGL.framework/Versions/A/Libraries/libGFXShared.dylib
0x000000000a2d3000 	/System/Library/Frameworks/OpenGL.framework/Versions/A/Libraries/libGL.dylib
0x000000000a2d3000 	/System/Library/Frameworks/OpenGL.framework/Versions/A/Libraries/libGLImage.dylib
0x000000000a2d3000 	/System/Library/Frameworks/OpenGL.framework/Versions/A/Libraries/libCVMSPluginSupport.dylib
0x000000000a2d3000 	/System/Library/Frameworks/OpenGL.framework/Versions/A/Libraries/libCoreVMClient.dylib
0x000000000a2d3000 	/System/Library/Frameworks/OpenCL.framework/Versions/A/OpenCL
0x000000000a2d3000 	/System/Library/PrivateFrameworks/FaceCoreLight.framework/Versions/A/FaceCoreLight
0x000000000a2d3000 	/System/Library/Frameworks/vecLib.framework/Versions/A/vecLib
0x000000000a2d3000 	/System/Library/Frameworks/SecurityFoundation.framework/Versions/A/SecurityFoundation
0x000000000a2d3000 	/System/Library/PrivateFrameworks/CommerceKit.framework/Versions/A/Frameworks/CommerceCore.framework/Versions/A/CommerceCore
0x000000000a2d3000 	/System/Library/PrivateFrameworks/CoreSymbolication.framework/Versions/A/CoreSymbolication
0x000000000a2d3000 	/System/Library/PrivateFrameworks/Symbolication.framework/Versions/A/Symbolication
0x000000000a2d3000 	/System/Library/PrivateFrameworks/DebugSymbols.framework/Versions/A/DebugSymbols
0x000000010f183000 	/Library/Java/JavaVirtualMachines/1.7.0.jdk/Contents/Home/jre/lib/server/libjvm.dylib
0x000000010efac000 	/Library/Java/JavaVirtualMachines/1.7.0.jdk/Contents/Home/jre/lib/libverify.dylib
0x000000010efb9000 	/Library/Java/JavaVirtualMachines/1.7.0.jdk/Contents/Home/jre/lib/libjava.dylib
0x000000010eff3000 	/Library/Java/JavaVirtualMachines/1.7.0.jdk/Contents/Home/jre/lib/libzip.dylib
0x0000000117f02000 	/System/Library/Frameworks/JavaVM.framework/Frameworks/JavaRuntimeSupport.framework/JavaRuntimeSupport
0x0000000117f1a000 	/System/Library/Frameworks/JavaVM.framework/Versions/A/Frameworks/JavaNativeFoundation.framework/Versions/A/JavaNativeFoundation
0x0000000117f2f000 	/System/Library/Frameworks/JavaVM.framework/Versions/A/JavaVM
0x000000000a2d3000 	/System/Library/Frameworks/Carbon.framework/Versions/A/Carbon
0x0000000117f3c000 	/System/Library/PrivateFrameworks/JavaLaunching.framework/Versions/A/JavaLaunching
0x000000000a2d3000 	/System/Library/Frameworks/Carbon.framework/Versions/A/Frameworks/CommonPanels.framework/Versions/A/CommonPanels
0x000000000a2d3000 	/System/Library/Frameworks/Carbon.framework/Versions/A/Frameworks/Help.framework/Versions/A/Help
0x000000000a2d3000 	/System/Library/Frameworks/Carbon.framework/Versions/A/Frameworks/ImageCapture.framework/Versions/A/ImageCapture
0x000000000a2d3000 	/System/Library/Frameworks/Carbon.framework/Versions/A/Frameworks/OpenScripting.framework/Versions/A/OpenScripting
0x000000000a2d3000 	/System/Library/Frameworks/Carbon.framework/Versions/A/Frameworks/Print.framework/Versions/A/Print
0x000000000a2d3000 	/System/Library/Frameworks/Carbon.framework/Versions/A/Frameworks/SecurityHI.framework/Versions/A/SecurityHI
0x000000011889e000 	/Library/Java/JavaVirtualMachines/jdk1.7.0_45.jdk/Contents/Home/jre/lib/libprism-es2.dylib
0x00000001188f4000 	/System/Library/Frameworks/OpenGL.framework/Resources/GLEngine.bundle/GLEngine
0x0000000118ae3000 	/System/Library/Frameworks/OpenGL.framework/Versions/A/Libraries/libGLProgrammability.dylib
0x0000000000000000 	/System/Library/Extensions/GeForceGLDriver.bundle/Contents/MacOS/GeForceGLDriver
0x0000000118c6f000 	/System/Library/PrivateFrameworks/GPUSupport.framework/Versions/A/Libraries/libGPUSupport.dylib
0x000000000a2d3000 	/System/Library/Extensions/GeForceGLDriver.bundle/Contents/MacOS/libclh.dylib
0x0000000118c85000 	/System/Library/Frameworks/OpenGL.framework/Resources//GLRendererFloat.bundle/GLRendererFloat
0x0000000118cbc000 	/System/Library/Frameworks/OpenCL.framework/Versions/A/Libraries/libcldcpuengine.dylib
0x000000000a2d3000 	/System/Library/PrivateFrameworks/DiskImages.framework/Versions/A/DiskImages
0x0000000118ccc000 	/System/Library/Frameworks/OpenGL.framework/Versions/A/Libraries/libCoreFSCache.dylib
0x000000000a2d3000 	/System/Library/Frameworks/DiscRecording.framework/Versions/A/DiscRecording
0x000000000a2d3000 	/usr/lib/libcurl.4.dylib
0x000000000a2d3000 	/System/Library/PrivateFrameworks/MediaKit.framework/Versions/A/MediaKit
0x000000000a2d3000 	/usr/lib/libssl.0.9.8.dylib
0x000000000a2d3000 	/System/Library/Frameworks/LDAP.framework/Versions/A/LDAP
0x000000000a2d3000 	/usr/lib/libsasl2.2.dylib
0x0000000118e85000 	/Library/Java/JavaVirtualMachines/jdk1.7.0_45.jdk/Contents/Home/jre/lib/libglass.dylib
0x000000000a2d3000 	/System/Library/PrivateFrameworks/CoreServicesInternal.framework/Versions/A/CoreServicesInternal
0x000000000a2d3000 	/System/Library/CoreServices/RawCamera.bundle/Contents/MacOS/RawCamera
0x000000000a2d3000 	/System/Library/Frameworks/ApplicationServices.framework/Versions/A/Frameworks/CoreGraphics.framework/Versions/A/Resources/libCSync.A.dylib
0x000000000a2d3000 	/System/Library/Frameworks/ApplicationServices.framework/Versions/A/Frameworks/CoreGraphics.framework/Versions/A/Resources/libRIP.A.dylib
0x000000011bab4000 	/Library/Java/JavaVirtualMachines/jdk1.7.0_45.jdk/Contents/Home/jre/lib/libjavafx-iio.dylib
0x000000011a385000 	/Library/Java/JavaVirtualMachines/jdk1.7.0_45.jdk/Contents/Home/jre/lib/libjavafx-font.dylib
0x000000000a2d3000 	/System/Library/Frameworks/ApplicationServices.framework/Versions/A/Frameworks/CoreGraphics.framework/Versions/A/Resources/libCGXType.A.dylib
0x000000011b936000 	cl_kernels
0x000000011d6e5000 	/System/Library/Frameworks/OpenCL.framework/Versions/A/Libraries/ImageFormats/unorm8_bgra.dylib
0x000000011b93b000 	cl_kernels

VM Arguments:
jvm_args: -Dfile.encoding=US-ASCII -Xbootclasspath/a:/Library/Java/JavaVirtualMachines/jdk1.7.0_45.jdk/Contents/Home/jre/lib/jfxrt.jar 
java_command: com.main.MVPApplication
Launcher Type: SUN_STANDARD

Environment Variables:
PATH=/usr/bin:/bin:/usr/sbin:/sbin
SHELL=/bin/bash
DISPLAY=/tmp/launch-fRATom/org.x:0

Signal Handlers:
SIGSEGV: [libjvm.dylib+0x4a177d], sa_mask[0]=0xfffefeff, sa_flags=0x00000042
SIGBUS: [libjvm.dylib+0x4a177d], sa_mask[0]=0xfffefeff, sa_flags=0x00000042
SIGFPE: [libjvm.dylib+0x3b1541], sa_mask[0]=0xfffefeff, sa_flags=0x00000042
SIGPIPE: [libjvm.dylib+0x3b1541], sa_mask[0]=0xfffefeff, sa_flags=0x00000042
SIGXFSZ: [libjvm.dylib+0x3b1541], sa_mask[0]=0xfffefeff, sa_flags=0x00000042
SIGILL: [libjvm.dylib+0x3b1541], sa_mask[0]=0xfffefeff, sa_flags=0x00000042
SIGUSR1: SIG_DFL, sa_mask[0]=0x00000000, sa_flags=0x00000002
SIGUSR2: [libjvm.dylib+0x3b10ce], sa_mask[0]=0x00000004, sa_flags=0x00000042
SIGHUP: [libjvm.dylib+0x3af2f3], sa_mask[0]=0xfffefeff, sa_flags=0x00000042
SIGINT: [libjvm.dylib+0x3af2f3], sa_mask[0]=0xfffefeff, sa_flags=0x00000042
SIGTERM: [libjvm.dylib+0x3af2f3], sa_mask[0]=0xfffefeff, sa_flags=0x00000042
SIGQUIT: [libjvm.dylib+0x3af2f3], sa_mask[0]=0xfffefeff, sa_flags=0x00000042


---------------  S Y S T E M  ---------------

OS:Bsd
uname:Darwin 11.4.2 Darwin Kernel Version 11.4.2: Thu Aug 23 16:25:48 PDT 2012; root:xnu-1699.32.7~1/RELEASE_X86_64 x86_64
rlimit: STACK 8192k, CORE 0k, NPROC 266, NOFILE 10240
CPU:total 2 (2 cores per cpu, 1 threads per core) family 6 model 23 stepping 10, cmov, cx8, fxsr, mmx, sse, sse2, sse3, ssse3, sse4.1, tsc

Memory: 4k page, physical 5794620k(1448655k free)

/proc/meminfo:


vm_info: Java HotSpot(TM) 64-Bit Server VM (23.0-b21) for bsd-amd64 JRE (1.7.0_04-b21), built on Apr 19 2012 22:33:17 by "java_re" with gcc 4.2.1 (Based on Apple Inc. build 5658) (LLVM build 2336.1.00)

time: Fri Jan 24 19:50:42 2014
elapsed time: 11 seconds

