#
# A fatal error has been detected by the Java Runtime Environment:
#
#  SIGSEGV (0xb) at pc=0x00007fff9507d390, pid=7122, tid=140735261858144
#
# JRE version: 7.0_04-b21
# Java VM: Java HotSpot(TM) 64-Bit Server VM (23.0-b21 mixed mode bsd-amd64 compressed oops)
# Problematic frame:
# C  [libobjc.A.dylib+0xb390]  objc_msgSend_vtable14+0x10
#
# Failed to write core dump. Core dumps have been disabled. To enable core dumping, try "ulimit -c unlimited" before starting Java again
#
# If you would like to submit a bug report, please visit:
#   http://bugreport.sun.com/bugreport/crash.jsp
# The crash happened outside the Java Virtual Machine in native code.
# See problematic frame for where to report the bug.
#

---------------  T H R E A D  ---------------

Current thread (0x00007f9a520ae000):  JavaThread "JavaFX Application Thread" [_thread_in_native, id=2068470112, stack(0x00007fff5f5e6000,0x00007fff5fde6000)]

siginfo:si_signo=SIGSEGV: si_errno=0, si_code=0 (SEGV0), si_addr=0x0000000000000000

Registers:
RAX=0x6000000000000000, RBX=0x00007f9a533af990, RCX=0x00007f9a520ad070, RDX=0x00000000a1a1a1a1
RSP=0x00007fff5fde20d8, RBP=0x00007fff5fde2100, RSI=0x00007fff7b9f2720, RDI=0x00007f9a53344110
R8 =0x00007fff7aeae084, R9 =0x00007fff5fde2098, R10=0x00007f9a51dd6d20, R11=0x000000010037ce38
R12=0x000000010031cef0, R13=0x0000000000000004, R14=0x00007f9a520ad068, R15=0x00007fff7b9f2720
RIP=0x00007fff9507d390, EFLAGS=0x0000000000010246, ERR=0x0000000000000000
  TRAPNO=0x000000000000000d

Top of Stack: (sp=0x00007fff5fde20d8)
0x00007fff5fde20d8:   00007fff956b7404 000000010031cef0
0x00007fff5fde20e8:   00007f9a533b1a70 0000000000000000
0x00007fff5fde20f8:   000018f9edd8baf8 00007fff5fde2160
0x00007fff5fde2108:   00007fff9149bb58 00007fff94cee3a3
0x00007fff5fde2118:   00007f9a533af990 00007f9a533b1a70
0x00007fff5fde2128:   00007f9a533b1a88 4a7a26b6099e3fc5
0x00007fff5fde2138:   00007f9a533b1a70 000000010031cef0
0x00007fff5fde2148:   0000000000000004 000000010031cee0
0x00007fff5fde2158:   000018f9edd8baf8 00007fff5fde21d0
0x00007fff5fde2168:   00007fff9149b4ba 00007fff5fde21a0
0x00007fff5fde2178:   0000000000000000 0000000000000000
0x00007fff5fde2188:   00007f9a533af990 00007f9a533b1a88
0x00007fff5fde2198:   000000010031cdc0 4a7a26b6099e3fc5
0x00007fff5fde21a8:   0000000000000003 00007f9a533b0140
0x00007fff5fde21b8:   000000010031cc80 0000000000000002
0x00007fff5fde21c8:   0000000000000005 00007fff5fde2e80
0x00007fff5fde21d8:   00007fff9147be11 00007f9a520ae1d8
0x00007fff5fde21e8:   00230004ffffffff 0000000000000000
0x00007fff5fde21f8:   000000017b59f670 00007f9a53352b70
0x00007fff5fde2208:   000000010031cef0 000000010031cdc0
0x00007fff5fde2218:   01007fff930bd160 00007fff5fde2258
0x00007fff5fde2228:   00001d037b59f68c 00007fff7aea6fa0
0x00007fff5fde2238:   000000010031cdb0 000000010031cee0
0x00007fff5fde2248:   00007f9a534738c0 00007fff5fde2258
0x00007fff5fde2258:   0000003000001100 00001c0300000000
0x00007fff5fde2268:   0000000000000000 0000000000000000
0x00007fff5fde2278:   0000000000000000 0000000000000000
0x00007fff5fde2288:   0000004400000000 00000000000001fd
0x00007fff5fde2298:   0000000000000001 0000000000000000
0x00007fff5fde22a8:   0000000000000000 0000000000000000
0x00007fff5fde22b8:   0000000000000000 2e94680100000000
0x00007fff5fde22c8:   0000000000000000 000000000000d68f 

Instructions: (pc=0x00007fff9507d390)
0x00007fff9507d370:   8b 42 18 48 8b 76 08 ff 60 68 66 0f 1f 44 00 00
0x00007fff9507d380:   48 85 ff 74 16 f7 c7 01 00 00 00 75 12 48 8b 07
0x00007fff9507d390:   48 8b 40 18 48 8b 76 08 ff 60 70 31 c0 c3 90 89
0x00007fff9507d3a0:   f8 83 e0 0f 4c 8d 15 2d 51 84 e6 4d 8b 14 c2 49 

Register to memory mapping:

RAX=0x6000000000000000 is an unknown value
RBX=0x00007f9a533af990 is an unknown value
RCX=0x00007f9a520ad070 is an unknown value
RDX=0x00000000a1a1a1a1 is an unknown value
RSP=0x00007fff5fde20d8 is pointing into the stack for thread: 0x00007f9a520ae000
RBP=0x00007fff5fde2100 is pointing into the stack for thread: 0x00007f9a520ae000
RSI=0x00007fff7b9f2720: OBJC_IVAR_$_NSFileWatcher._formerPath+0x72d0 in /System/Library/Frameworks/Foundation.framework/Versions/C/Foundation at 0x00007fff956a1000
RDI=0x00007f9a53344110 is an unknown value
R8 =0x00007fff7aeae084: __CFProcessKillingLock+0 in /System/Library/Frameworks/CoreFoundation.framework/Versions/A/CoreFoundation at 0x00007fff91443000
R9 =0x00007fff5fde2098 is pointing into the stack for thread: 0x00007f9a520ae000
R10=0x00007f9a51dd6d20 is an unknown value
R11=0x000000010037ce38 is an unknown value
R12=0x000000010031cef0 is an unknown value
R13=0x0000000000000004 is an unknown value
R14=0x00007f9a520ad068 is an unknown value
R15=0x00007fff7b9f2720: OBJC_IVAR_$_NSFileWatcher._formerPath+0x72d0 in /System/Library/Frameworks/Foundation.framework/Versions/C/Foundation at 0x00007fff956a1000


Stack: [0x00007fff5f5e6000,0x00007fff5fde6000],  sp=0x00007fff5fde20d8,  free space=8176k
Native frames: (J=compiled Java code, j=interpreted, Vv=VM code, C=native code)
C  [libobjc.A.dylib+0xb390]  objc_msgSend_vtable14+0x10
C  [CoreFoundation+0x58b58]  CFRunLoopTimerInvalidate+0x218
C  [CoreFoundation+0x584ba]  __CFRunLoopDoTimer+0x24a
C  [CoreFoundation+0x38e11]  __CFRunLoopRun+0x651
C  [CoreFoundation+0x38486]  CFRunLoopRunSpecific+0xe6
C  [HIToolbox+0x22bf]  RunCurrentEventLoopInMode+0x115
C  [HIToolbox+0x94bf]  ReceiveNextEventCommon+0xb5
C  [HIToolbox+0x93fa]  BlockUntilNextEventMatchingListInMode+0x3e
C  [AppKit+0x8779]  _DPSNextEvent+0x293
C  [AppKit+0x807d]  -[NSApplication nextEventMatchingMask:untilDate:inMode:dequeue:]+0x87
C  [AppKit+0x49b9]  -[NSApplication run]+0x1d6
C  [libglass.dylib+0x3d31]  -[GlassApplication runLoop:]+0x2f1
C  [CoreFoundation+0x9370d]  -[NSObject performSelector:withObject:]+0x3d
C  [Foundation+0x4fd70]  __NSThreadPerformPerform+0xd6
C  [CoreFoundation+0x124f1]  __CFRUNLOOP_IS_CALLING_OUT_TO_A_SOURCE0_PERFORM_FUNCTION__+0x11
C  [CoreFoundation+0x11d5d]  __CFRunLoopDoSources0+0xfd
C  [CoreFoundation+0x38b49]  __CFRunLoopRun+0x389
C  [CoreFoundation+0x38486]  CFRunLoopRunSpecific+0xe6
C  [java+0x74bc]  CreateExecutionEnvironment+0x367
C  [java+0x1cac]  JLI_Launch+0x7a0
C  [java+0x7819]  main+0x65
C  [java+0x1504]  start+0x34


---------------  P R O C E S S  ---------------

Java Threads: ( => current thread )
  0x00007f9a5229e800 JavaThread "Prism Font Disposer" daemon [_thread_blocked, id=1797005312, stack(0x000000016b0c2000,0x000000016b1c2000)]
  0x00007f9a529c2000 JavaThread "Thread-4" daemon [_thread_in_native, id=1764110336, stack(0x00000001691e3000,0x0000000169263000)]
=>0x00007f9a520ae000 JavaThread "JavaFX Application Thread" [_thread_in_native, id=2068470112, stack(0x00007fff5f5e6000,0x00007fff5fde6000)]
  0x00007f9a5209a800 JavaThread "Thread-2" daemon [_thread_blocked, id=1739149312, stack(0x0000000167995000,0x0000000167a95000)]
  0x00007f9a5294e800 JavaThread "Disposer" daemon [_thread_blocked, id=1737682944, stack(0x000000016782f000,0x000000016792f000)]
  0x00007f9a52921000 JavaThread "QuantumRenderer-0" daemon [_thread_blocked, id=1731493888, stack(0x0000000167248000,0x0000000167348000)]
  0x00007f9a5209d800 JavaThread "JavaFX-Launcher" [_thread_blocked, id=1730400256, stack(0x000000016713d000,0x000000016723d000)]
  0x00007f9a52869800 JavaThread "Service Thread" daemon [_thread_blocked, id=1727774720, stack(0x0000000166ebc000,0x0000000166fbc000)]
  0x00007f9a52857000 JavaThread "C2 CompilerThread1" daemon [_thread_blocked, id=1726713856, stack(0x0000000166db9000,0x0000000166eb9000)]
  0x00007f9a5285f800 JavaThread "C2 CompilerThread0" daemon [_thread_blocked, id=1725652992, stack(0x0000000166cb6000,0x0000000166db6000)]
  0x00007f9a5285e800 JavaThread "Signal Dispatcher" daemon [_thread_blocked, id=1724592128, stack(0x0000000166bb3000,0x0000000166cb3000)]
  0x00007f9a52047000 JavaThread "Finalizer" daemon [_thread_blocked, id=1721454592, stack(0x00000001668b5000,0x00000001669b5000)]
  0x00007f9a5284c800 JavaThread "Reference Handler" daemon [_thread_blocked, id=1720393728, stack(0x00000001667b2000,0x00000001668b2000)]
  0x00007f9a52800800 JavaThread "main" [_thread_blocked, id=16388096, stack(0x0000000100ea1000,0x0000000100fa1000)]

Other Threads:
  0x00007f9a5284a000 VMThread [stack: 0x00000001666af000,0x00000001667af000] [id=1719332864]
  0x00007f9a52872000 WatcherThread [stack: 0x0000000166fbf000,0x00000001670bf000] [id=1728835584]

VM state:not at safepoint (normal execution)

VM Mutex/Monitor currently owned by a thread: None

Heap
 PSYoungGen      total 49152K, used 32521K [0x0000000144160000, 0x000000014a160000, 0x00000001618b0000)
  eden space 45440K, 63% used [0x0000000144160000,0x0000000145dbad68,0x0000000146dc0000)
  from space 3712K, 93% used [0x0000000146dc0000,0x0000000147127a50,0x0000000147160000)
  to   space 3712K, 0% used [0x0000000149dc0000,0x0000000149dc0000,0x000000014a160000)
 ParOldGen       total 155392K, used 77384K [0x00000001092b0000, 0x0000000112a70000, 0x0000000144160000)
  object space 155392K, 49% used [0x00000001092b0000,0x000000010de42028,0x0000000112a70000)
 PSPermGen       total 21248K, used 11458K [0x00000001040b0000, 0x0000000105570000, 0x00000001092b0000)
  object space 21248K, 53% used [0x00000001040b0000,0x0000000104be0880,0x0000000105570000)

Code Cache  [0x0000000100fd3000, 0x0000000101243000, 0x0000000103fd3000)
 total_blobs=664 nmethods=134 adapters=482 free_code_cache=48266Kb largest_free_block=49406528

Compilation events (10 events):
Event: 6.374 Thread 0x00007f9a5285f800  123             java.util.ArrayList::ensureCapacityInternal (26 bytes)
Event: 6.375 Thread 0x00007f9a5285f800 nmethod 123 0x00000001010af910 code [0x00000001010afa60, 0x00000001010afb08]
Event: 7.232 Thread 0x00007f9a5285f800  125             java.nio.Buffer::nextPutIndex (31 bytes)
Event: 7.233 Thread 0x00007f9a5285f800 nmethod 125 0x00000001010a88d0 code [0x00000001010a8a00, 0x00000001010a8a78]
Event: 7.238 Thread 0x00007f9a5285f800  126             java.nio.DirectFloatBufferU::put (17 bytes)
Event: 7.239 Thread 0x00007f9a5285f800 nmethod 126 0x00000001010a82d0 code [0x00000001010a8400, 0x00000001010a84b8]
Event: 7.239 Thread 0x00007f9a5285f800  127             java.nio.DirectFloatBufferU::ix (10 bytes)
Event: 7.239 Thread 0x00007f9a5285f800 nmethod 127 0x00000001010a80d0 code [0x00000001010a8200, 0x00000001010a8278]
Event: 7.924 Thread 0x00007f9a5285f800  130             com.sun.javafx.geom.transform.GeneralTransform3D::get (34 bytes)
Event: 7.925 Thread 0x00007f9a5285f800 nmethod 130 0x00000001010a7a50 code [0x00000001010a7ba0, 0x00000001010a7c38]

GC Heap History (8 events):
Event: 1.149 GC heap before
{Heap before GC invocations=1 (full 0):
 PSYoungGen      total 26432K, used 22451K [0x0000000144160000, 0x0000000145ed0000, 0x00000001618b0000)
  eden space 22720K, 98% used [0x0000000144160000,0x000000014574cc18,0x0000000145790000)
  from space 3712K, 0% used [0x0000000145b30000,0x0000000145b30000,0x0000000145ed0000)
  to   space 3712K, 0% used [0x0000000145790000,0x0000000145790000,0x0000000145b30000)
 ParOldGen       total 60352K, used 0K [0x00000001092b0000, 0x000000010cda0000, 0x0000000144160000)
  object space 60352K, 0% used [0x00000001092b0000,0x00000001092b0000,0x000000010cda0000)
 PSPermGen       total 21248K, used 6405K [0x00000001040b0000, 0x0000000105570000, 0x00000001092b0000)
  object space 21248K, 30% used [0x00000001040b0000,0x00000001046f17f0,0x0000000105570000)
Event: 1.171 GC heap after
Heap after GC invocations=1 (full 0):
 PSYoungGen      total 26432K, used 3710K [0x0000000144160000, 0x0000000147500000, 0x00000001618b0000)
  eden space 22720K, 0% used [0x0000000144160000,0x0000000144160000,0x0000000145790000)
  from space 3712K, 99% used [0x0000000145790000,0x0000000145b2fb78,0x0000000145b30000)
  to   space 3712K, 0% used [0x0000000147160000,0x0000000147160000,0x0000000147500000)
 ParOldGen       total 60352K, used 13707K [0x00000001092b0000, 0x000000010cda0000, 0x0000000144160000)
  object space 60352K, 22% used [0x00000001092b0000,0x000000010a012cf8,0x000000010cda0000)
 PSPermGen       total 21248K, used 6405K [0x00000001040b0000, 0x0000000105570000, 0x00000001092b0000)
  object space 21248K, 30% used [0x00000001040b0000,0x00000001046f17f0,0x0000000105570000)
}
Event: 1.624 GC heap before
{Heap before GC invocations=2 (full 0):
 PSYoungGen      total 26432K, used 26156K [0x0000000144160000, 0x0000000147500000, 0x00000001618b0000)
  eden space 22720K, 98% used [0x0000000144160000,0x000000014574b5f0,0x0000000145790000)
  from space 3712K, 99% used [0x0000000145790000,0x0000000145b2fb78,0x0000000145b30000)
  to   space 3712K, 0% used [0x0000000147160000,0x0000000147160000,0x0000000147500000)
 ParOldGen       total 60352K, used 13707K [0x00000001092b0000, 0x000000010cda0000, 0x0000000144160000)
  object space 60352K, 22% used [0x00000001092b0000,0x000000010a012cf8,0x000000010cda0000)
 PSPermGen       total 21248K, used 6410K [0x00000001040b0000, 0x0000000105570000, 0x00000001092b0000)
  object space 21248K, 30% used [0x00000001040b0000,0x00000001046f2aa8,0x0000000105570000)
Event: 1.652 GC heap after
Heap after GC invocations=2 (full 0):
 PSYoungGen      total 49152K, used 3668K [0x0000000144160000, 0x0000000147500000, 0x00000001618b0000)
  eden space 45440K, 0% used [0x0000000144160000,0x0000000144160000,0x0000000146dc0000)
  from space 3712K, 98% used [0x0000000147160000,0x00000001474f5048,0x0000000147500000)
  to   space 3712K, 0% used [0x0000000146dc0000,0x0000000146dc0000,0x0000000147160000)
 ParOldGen       total 60352K, used 34563K [0x00000001092b0000, 0x000000010cda0000, 0x0000000144160000)
  object space 60352K, 57% used [0x00000001092b0000,0x000000010b470ec0,0x000000010cda0000)
 PSPermGen       total 21248K, used 6410K [0x00000001040b0000, 0x0000000105570000, 0x00000001092b0000)
  object space 21248K, 30% used [0x00000001040b0000,0x00000001046f2aa8,0x0000000105570000)
}
Event: 2.530 GC heap before
{Heap before GC invocations=3 (full 0):
 PSYoungGen      total 49152K, used 48848K [0x0000000144160000, 0x0000000147500000, 0x00000001618b0000)
  eden space 45440K, 99% used [0x0000000144160000,0x0000000146d7f280,0x0000000146dc0000)
  from space 3712K, 98% used [0x0000000147160000,0x00000001474f5048,0x0000000147500000)
  to   space 3712K, 0% used [0x0000000146dc0000,0x0000000146dc0000,0x0000000147160000)
 ParOldGen       total 60352K, used 34563K [0x00000001092b0000, 0x000000010cda0000, 0x0000000144160000)
  object space 60352K, 57% used [0x00000001092b0000,0x000000010b470ec0,0x000000010cda0000)
 PSPermGen       total 21248K, used 6422K [0x00000001040b0000, 0x0000000105570000, 0x00000001092b0000)
  object space 21248K, 30% used [0x00000001040b0000,0x00000001046f5940,0x0000000105570000)
Event: 2.580 GC heap after
Heap after GC invocations=3 (full 0):
 PSYoungGen      total 49152K, used 3700K [0x0000000144160000, 0x000000014a160000, 0x00000001618b0000)
  eden space 45440K, 0% used [0x0000000144160000,0x0000000144160000,0x0000000146dc0000)
  from space 3712K, 99% used [0x0000000146dc0000,0x000000014715d048,0x0000000147160000)
  to   space 3712K, 0% used [0x0000000149dc0000,0x0000000149dc0000,0x000000014a160000)
 ParOldGen       total 77632K, used 77259K [0x00000001092b0000, 0x000000010de80000, 0x0000000144160000)
  object space 77632K, 99% used [0x00000001092b0000,0x000000010de22fd8,0x000000010de80000)
 PSPermGen       total 21248K, used 6422K [0x00000001040b0000, 0x0000000105570000, 0x00000001092b0000)
  object space 21248K, 30% used [0x00000001040b0000,0x00000001046f5940,0x0000000105570000)
}
Event: 2.580 GC heap before
{Heap before GC invocations=4 (full 1):
 PSYoungGen      total 49152K, used 3700K [0x0000000144160000, 0x000000014a160000, 0x00000001618b0000)
  eden space 45440K, 0% used [0x0000000144160000,0x0000000144160000,0x0000000146dc0000)
  from space 3712K, 99% used [0x0000000146dc0000,0x000000014715d048,0x0000000147160000)
  to   space 3712K, 0% used [0x0000000149dc0000,0x0000000149dc0000,0x000000014a160000)
 ParOldGen       total 77632K, used 77259K [0x00000001092b0000, 0x000000010de80000, 0x0000000144160000)
  object space 77632K, 99% used [0x00000001092b0000,0x000000010de22fd8,0x000000010de80000)
 PSPermGen       total 21248K, used 6422K [0x00000001040b0000, 0x0000000105570000, 0x00000001092b0000)
  object space 21248K, 30% used [0x00000001040b0000,0x00000001046f5940,0x0000000105570000)
Event: 2.659 GC heap after
Heap after GC invocations=4 (full 1):
 PSYoungGen      total 49152K, used 3486K [0x0000000144160000, 0x000000014a160000, 0x00000001618b0000)
  eden space 45440K, 0% used [0x0000000144160000,0x0000000144160000,0x0000000146dc0000)
  from space 3712K, 93% used [0x0000000146dc0000,0x0000000147127a50,0x0000000147160000)
  to   space 3712K, 0% used [0x0000000149dc0000,0x0000000149dc0000,0x000000014a160000)
 ParOldGen       total 155392K, used 77384K [0x00000001092b0000, 0x0000000112a70000, 0x0000000144160000)
  object space 155392K, 49% used [0x00000001092b0000,0x000000010de42028,0x0000000112a70000)
 PSPermGen       total 21248K, used 6419K [0x00000001040b0000, 0x0000000105570000, 0x00000001092b0000)
  object space 21248K, 30% used [0x00000001040b0000,0x00000001046f4d20,0x0000000105570000)
}

Deoptimization events (10 events):
Event: 0.606 Thread 0x00007f9a520ae000 Uncommon trap -34 fr.pc 0x0000000101047308
Event: 0.606 Thread 0x00007f9a520ae000 Uncommon trap -34 fr.pc 0x0000000101047308
Event: 3.189 Thread 0x00007f9a520ae000 Uncommon trap -34 fr.pc 0x0000000101043e1c
Event: 3.189 Thread 0x00007f9a520ae000 Uncommon trap -34 fr.pc 0x0000000101043e1c
Event: 3.190 Thread 0x00007f9a520ae000 Uncommon trap -34 fr.pc 0x0000000101043e1c
Event: 3.190 Thread 0x00007f9a520ae000 Uncommon trap -34 fr.pc 0x0000000101043e1c
Event: 3.264 Thread 0x00007f9a520ae000 Uncommon trap 51 fr.pc 0x0000000101076880
Event: 3.450 Thread 0x00007f9a520ae000 Uncommon trap -12 fr.pc 0x0000000101089ad0
Event: 3.451 Thread 0x00007f9a520ae000 Uncommon trap -12 fr.pc 0x000000010108a584
Event: 6.349 Thread 0x00007f9a520ae000 Uncommon trap -12 fr.pc 0x000000010109e5c0

Internal exceptions (10 events):
Event: 3.087 Thread 0x00007f9a520ae000 Threw 0x000000014537fc50 at /HUDSON/workspace/jdk7u4-2-build-macosx-x86_64-product/jdk7u4/hotspot/src/share/vm/prims/jvm.cpp:1166
Event: 3.088 Thread 0x00007f9a520ae000 Threw 0x0000000145383f30 at /HUDSON/workspace/jdk7u4-2-build-macosx-x86_64-product/jdk7u4/hotspot/src/share/vm/prims/jvm.cpp:1166
Event: 3.088 Thread 0x00007f9a520ae000 Threw 0x0000000145386ba8 at /HUDSON/workspace/jdk7u4-2-build-macosx-x86_64-product/jdk7u4/hotspot/src/share/vm/prims/jvm.cpp:1166
Event: 3.089 Thread 0x00007f9a520ae000 Threw 0x000000014538f170 at /HUDSON/workspace/jdk7u4-2-build-macosx-x86_64-product/jdk7u4/hotspot/src/share/vm/prims/jvm.cpp:1166
Event: 3.091 Thread 0x00007f9a520ae000 Threw 0x00000001453934a0 at /HUDSON/workspace/jdk7u4-2-build-macosx-x86_64-product/jdk7u4/hotspot/src/share/vm/prims/jvm.cpp:1166
Event: 3.091 Thread 0x00007f9a520ae000 Threw 0x00000001453965b0 at /HUDSON/workspace/jdk7u4-2-build-macosx-x86_64-product/jdk7u4/hotspot/src/share/vm/prims/jvm.cpp:1166
Event: 3.092 Thread 0x00007f9a520ae000 Threw 0x000000014539aca0 at /HUDSON/workspace/jdk7u4-2-build-macosx-x86_64-product/jdk7u4/hotspot/src/share/vm/prims/jvm.cpp:1166
Event: 3.450 Thread 0x00007f9a520ae000 Implicit null exception at 0x0000000101089a0b to 0x0000000101089ac5
Event: 3.451 Thread 0x00007f9a520ae000 Implicit null exception at 0x000000010108a329 to 0x000000010108a569
Event: 6.349 Thread 0x00007f9a520ae000 Implicit null exception at 0x000000010109ba1d to 0x000000010109e4e9

Events (10 events):
Event: 7.936 loading class 0x00007f9a51d59cd0
Event: 7.936 loading class 0x00007f9a51d59cd0 done
Event: 7.936 loading class 0x00007f9a51d1cf70
Event: 7.936 loading class 0x00007f9a51d1d220
Event: 7.936 loading class 0x00007f9a51d1d220 done
Event: 7.936 loading class 0x00007f9a51d1cf70 done
Event: 7.936 loading class 0x00007f9a53412fe0
Event: 7.937 loading class 0x00007f9a53412fe0 done
Event: 7.962 loading class 0x00007f9a51d67ea0
Event: 7.962 loading class 0x00007f9a51d67ea0 done


Dynamic libraries:
0x000000000a2d3000 	/System/Library/Frameworks/Cocoa.framework/Versions/A/Cocoa
0x000000000a2d3000 	/System/Library/Frameworks/Security.framework/Versions/A/Security
0x000000000a2d3000 	/System/Library/Frameworks/ApplicationServices.framework/Versions/A/ApplicationServices
0x000000000a2d3000 	/usr/lib/libz.1.dylib
0x000000000a2d3000 	/usr/lib/libSystem.B.dylib
0x000000000a2d3000 	/usr/lib/libobjc.A.dylib
0x000000000a2d3000 	/System/Library/Frameworks/CoreFoundation.framework/Versions/A/CoreFoundation
0x000000000a2d3000 	/System/Library/Frameworks/AppKit.framework/Versions/C/AppKit
0x000000000a2d3000 	/System/Library/Frameworks/CoreData.framework/Versions/A/CoreData
0x000000000a2d3000 	/System/Library/Frameworks/Foundation.framework/Versions/C/Foundation
0x000000000a2d3000 	/System/Library/PrivateFrameworks/RemoteViewServices.framework/Versions/A/RemoteViewServices
0x000000000a2d3000 	/System/Library/Frameworks/AudioToolbox.framework/Versions/A/AudioToolbox
0x000000000a2d3000 	/System/Library/Frameworks/AudioUnit.framework/Versions/A/AudioUnit
0x000000000a2d3000 	/System/Library/PrivateFrameworks/DataDetectorsCore.framework/Versions/A/DataDetectorsCore
0x000000000a2d3000 	/System/Library/PrivateFrameworks/DesktopServicesPriv.framework/Versions/A/DesktopServicesPriv
0x000000000a2d3000 	/System/Library/Frameworks/Carbon.framework/Versions/A/Frameworks/HIToolbox.framework/Versions/A/HIToolbox
0x000000000a2d3000 	/System/Library/Frameworks/QuartzCore.framework/Versions/A/QuartzCore
0x000000000a2d3000 	/System/Library/Frameworks/Carbon.framework/Versions/A/Frameworks/SpeechRecognition.framework/Versions/A/SpeechRecognition
0x000000000a2d3000 	/usr/lib/libauto.dylib
0x000000000a2d3000 	/usr/lib/libicucore.A.dylib
0x000000000a2d3000 	/usr/lib/libxml2.2.dylib
0x000000000a2d3000 	/System/Library/PrivateFrameworks/CoreUI.framework/Versions/A/CoreUI
0x000000000a2d3000 	/System/Library/Frameworks/CoreAudio.framework/Versions/A/CoreAudio
0x000000000a2d3000 	/System/Library/Frameworks/DiskArbitration.framework/Versions/A/DiskArbitration
0x000000000a2d3000 	/usr/lib/liblangid.dylib
0x000000000a2d3000 	/System/Library/PrivateFrameworks/MultitouchSupport.framework/Versions/A/MultitouchSupport
0x000000000a2d3000 	/System/Library/Frameworks/IOKit.framework/Versions/A/IOKit
0x000000000a2d3000 	/usr/lib/libDiagnosticMessagesClient.dylib
0x000000000a2d3000 	/System/Library/Frameworks/CoreServices.framework/Versions/A/CoreServices
0x000000000a2d3000 	/System/Library/PrivateFrameworks/PerformanceAnalysis.framework/Versions/A/PerformanceAnalysis
0x000000000a2d3000 	/System/Library/PrivateFrameworks/GenerationalStorage.framework/Versions/A/GenerationalStorage
0x000000000a2d3000 	/System/Library/Frameworks/OpenGL.framework/Versions/A/OpenGL
0x000000000a2d3000 	/System/Library/Frameworks/CoreServices.framework/Versions/A/Frameworks/CFNetwork.framework/Versions/A/CFNetwork
0x000000000a2d3000 	/System/Library/Frameworks/SystemConfiguration.framework/Versions/A/SystemConfiguration
0x000000000a2d3000 	/usr/lib/libCRFSuite.dylib
0x000000000a2d3000 	/usr/lib/libc++.1.dylib
0x000000000a2d3000 	/usr/lib/libstdc++.6.dylib
0x000000000a2d3000 	/usr/lib/libc++abi.dylib
0x000000000a2d3000 	/usr/lib/system/libcache.dylib
0x000000000a2d3000 	/usr/lib/system/libcommonCrypto.dylib
0x000000000a2d3000 	/usr/lib/system/libcompiler_rt.dylib
0x000000000a2d3000 	/usr/lib/system/libcopyfile.dylib
0x000000000a2d3000 	/usr/lib/system/libdispatch.dylib
0x000000000a2d3000 	/usr/lib/system/libdnsinfo.dylib
0x000000000a2d3000 	/usr/lib/system/libdyld.dylib
0x000000000a2d3000 	/usr/lib/system/libkeymgr.dylib
0x000000000a2d3000 	/usr/lib/system/liblaunch.dylib
0x000000000a2d3000 	/usr/lib/system/libmacho.dylib
0x000000000a2d3000 	/usr/lib/system/libmathCommon.A.dylib
0x000000000a2d3000 	/usr/lib/system/libquarantine.dylib
0x000000000a2d3000 	/usr/lib/system/libremovefile.dylib
0x000000000a2d3000 	/usr/lib/system/libsystem_blocks.dylib
0x000000000a2d3000 	/usr/lib/system/libsystem_c.dylib
0x000000000a2d3000 	/usr/lib/system/libsystem_dnssd.dylib
0x000000000a2d3000 	/usr/lib/system/libsystem_info.dylib
0x000000000a2d3000 	/usr/lib/system/libsystem_kernel.dylib
0x000000000a2d3000 	/usr/lib/system/libsystem_network.dylib
0x000000000a2d3000 	/usr/lib/system/libsystem_notify.dylib
0x000000000a2d3000 	/usr/lib/system/libsystem_sandbox.dylib
0x000000000a2d3000 	/usr/lib/system/libunc.dylib
0x000000000a2d3000 	/usr/lib/system/libunwind.dylib
0x000000000a2d3000 	/usr/lib/system/libxpc.dylib
0x000000000a2d3000 	/usr/lib/libbsm.0.dylib
0x000000000a2d3000 	/usr/lib/libsqlite3.dylib
0x000000000a2d3000 	/usr/lib/libOpenScriptingUtil.dylib
0x000000000a2d3000 	/usr/lib/libpam.2.dylib
0x000000000a2d3000 	/usr/lib/libxar-nossl.dylib
0x000000000a2d3000 	/usr/lib/libbz2.1.0.dylib
0x000000000a2d3000 	/System/Library/Frameworks/CoreServices.framework/Versions/A/Frameworks/CarbonCore.framework/Versions/A/CarbonCore
0x000000000a2d3000 	/System/Library/Frameworks/CoreServices.framework/Versions/A/Frameworks/Metadata.framework/Versions/A/Metadata
0x000000000a2d3000 	/System/Library/Frameworks/CoreServices.framework/Versions/A/Frameworks/OSServices.framework/Versions/A/OSServices
0x000000000a2d3000 	/System/Library/Frameworks/CoreServices.framework/Versions/A/Frameworks/SearchKit.framework/Versions/A/SearchKit
0x000000000a2d3000 	/System/Library/Frameworks/CoreServices.framework/Versions/A/Frameworks/AE.framework/Versions/A/AE
0x000000000a2d3000 	/System/Library/Frameworks/CoreServices.framework/Versions/A/Frameworks/LaunchServices.framework/Versions/A/LaunchServices
0x000000000a2d3000 	/System/Library/Frameworks/CoreServices.framework/Versions/A/Frameworks/DictionaryServices.framework/Versions/A/DictionaryServices
0x000000000a2d3000 	/System/Library/Frameworks/NetFS.framework/Versions/A/NetFS
0x000000000a2d3000 	/usr/lib/system/libkxld.dylib
0x000000000a2d3000 	/System/Library/PrivateFrameworks/NetAuth.framework/Versions/A/NetAuth
0x000000000a2d3000 	/usr/lib/libcrypto.0.9.8.dylib
0x000000000a2d3000 	/System/Library/PrivateFrameworks/TrustEvaluationAgent.framework/Versions/A/TrustEvaluationAgent
0x000000000a2d3000 	/System/Library/Frameworks/OpenDirectory.framework/Versions/A/Frameworks/CFOpenDirectory.framework/Versions/A/CFOpenDirectory
0x000000000a2d3000 	/usr/lib/libxslt.1.dylib
0x000000000a2d3000 	/System/Library/PrivateFrameworks/FamilyControls.framework/Versions/A/FamilyControls
0x000000000a2d3000 	/System/Library/Frameworks/Carbon.framework/Versions/A/Frameworks/Ink.framework/Versions/A/Ink
0x000000000a2d3000 	/System/Library/Frameworks/ApplicationServices.framework/Versions/A/Frameworks/CoreGraphics.framework/Versions/A/CoreGraphics
0x000000000a2d3000 	/System/Library/Frameworks/ApplicationServices.framework/Versions/A/Frameworks/ImageIO.framework/Versions/A/ImageIO
0x000000000a2d3000 	/System/Library/Frameworks/ApplicationServices.framework/Versions/A/Frameworks/CoreText.framework/Versions/A/CoreText
0x000000000a2d3000 	/System/Library/Frameworks/ApplicationServices.framework/Versions/A/Frameworks/ATS.framework/Versions/A/ATS
0x000000000a2d3000 	/System/Library/Frameworks/ApplicationServices.framework/Versions/A/Frameworks/ColorSync.framework/Versions/A/ColorSync
0x000000000a2d3000 	/System/Library/Frameworks/ApplicationServices.framework/Versions/A/Frameworks/HIServices.framework/Versions/A/HIServices
0x000000000a2d3000 	/System/Library/Frameworks/ApplicationServices.framework/Versions/A/Frameworks/LangAnalysis.framework/Versions/A/LangAnalysis
0x000000000a2d3000 	/System/Library/Frameworks/ApplicationServices.framework/Versions/A/Frameworks/PrintCore.framework/Versions/A/PrintCore
0x000000000a2d3000 	/System/Library/Frameworks/ApplicationServices.framework/Versions/A/Frameworks/QD.framework/Versions/A/QD
0x000000000a2d3000 	/System/Library/Frameworks/ApplicationServices.framework/Versions/A/Frameworks/SpeechSynthesis.framework/Versions/A/SpeechSynthesis
0x000000000a2d3000 	/System/Library/Frameworks/IOSurface.framework/Versions/A/IOSurface
0x000000000a2d3000 	/System/Library/Frameworks/Accelerate.framework/Versions/A/Accelerate
0x000000000a2d3000 	/System/Library/Frameworks/ApplicationServices.framework/Versions/A/Frameworks/ImageIO.framework/Versions/A/Resources/libJPEG.dylib
0x000000000a2d3000 	/System/Library/Frameworks/ApplicationServices.framework/Versions/A/Frameworks/ImageIO.framework/Versions/A/Resources/libTIFF.dylib
0x000000000a2d3000 	/System/Library/Frameworks/ApplicationServices.framework/Versions/A/Frameworks/ImageIO.framework/Versions/A/Resources/libPng.dylib
0x000000000a2d3000 	/System/Library/Frameworks/ApplicationServices.framework/Versions/A/Frameworks/ImageIO.framework/Versions/A/Resources/libGIF.dylib
0x000000000a2d3000 	/System/Library/Frameworks/ApplicationServices.framework/Versions/A/Frameworks/ImageIO.framework/Versions/A/Resources/libJP2.dylib
0x000000000a2d3000 	/System/Library/Frameworks/ApplicationServices.framework/Versions/A/Frameworks/ImageIO.framework/Versions/A/Resources/libRadiance.dylib
0x000000000a2d3000 	/System/Library/Frameworks/Accelerate.framework/Versions/A/Frameworks/vImage.framework/Versions/A/vImage
0x000000000a2d3000 	/System/Library/Frameworks/Accelerate.framework/Versions/A/Frameworks/vecLib.framework/Versions/A/vecLib
0x000000000a2d3000 	/System/Library/Frameworks/Accelerate.framework/Versions/A/Frameworks/vecLib.framework/Versions/A/libvDSP.dylib
0x000000000a2d3000 	/System/Library/Frameworks/Accelerate.framework/Versions/A/Frameworks/vecLib.framework/Versions/A/libvMisc.dylib
0x000000000a2d3000 	/System/Library/Frameworks/Accelerate.framework/Versions/A/Frameworks/vecLib.framework/Versions/A/libLAPACK.dylib
0x000000000a2d3000 	/System/Library/Frameworks/Accelerate.framework/Versions/A/Frameworks/vecLib.framework/Versions/A/libBLAS.dylib
0x000000000a2d3000 	/System/Library/Frameworks/ApplicationServices.framework/Versions/A/Frameworks/ATS.framework/Versions/A/Resources/libFontParser.dylib
0x000000000a2d3000 	/System/Library/Frameworks/ApplicationServices.framework/Versions/A/Frameworks/ATS.framework/Versions/A/Resources/libFontRegistry.dylib
0x000000000a2d3000 	/usr/lib/libcups.2.dylib
0x000000000a2d3000 	/System/Library/Frameworks/Kerberos.framework/Versions/A/Kerberos
0x000000000a2d3000 	/System/Library/Frameworks/GSS.framework/Versions/A/GSS
0x000000000a2d3000 	/usr/lib/libresolv.9.dylib
0x000000000a2d3000 	/usr/lib/libiconv.2.dylib
0x000000000a2d3000 	/System/Library/PrivateFrameworks/Heimdal.framework/Versions/A/Heimdal
0x000000000a2d3000 	/System/Library/Frameworks/OpenDirectory.framework/Versions/A/OpenDirectory
0x000000000a2d3000 	/System/Library/PrivateFrameworks/CommonAuth.framework/Versions/A/CommonAuth
0x000000000a2d3000 	/System/Library/Frameworks/CoreVideo.framework/Versions/A/CoreVideo
0x000000000a2d3000 	/System/Library/Frameworks/QuartzCore.framework/Versions/A/Frameworks/CoreImage.framework/Versions/A/CoreImage
0x000000000a2d3000 	/System/Library/Frameworks/QuartzCore.framework/Versions/A/Frameworks/ScalableUserInterface.framework/Versions/A/ScalableUserInterface
0x000000000a2d3000 	/System/Library/Frameworks/OpenGL.framework/Versions/A/Libraries/libGLU.dylib
0x000000000a2d3000 	/System/Library/Frameworks/OpenGL.framework/Versions/A/Libraries/libGFXShared.dylib
0x000000000a2d3000 	/System/Library/Frameworks/OpenGL.framework/Versions/A/Libraries/libGL.dylib
0x000000000a2d3000 	/System/Library/Frameworks/OpenGL.framework/Versions/A/Libraries/libGLImage.dylib
0x000000000a2d3000 	/System/Library/Frameworks/OpenGL.framework/Versions/A/Libraries/libCVMSPluginSupport.dylib
0x000000000a2d3000 	/System/Library/Frameworks/OpenGL.framework/Versions/A/Libraries/libCoreVMClient.dylib
0x000000000a2d3000 	/System/Library/Frameworks/OpenCL.framework/Versions/A/OpenCL
0x000000000a2d3000 	/System/Library/PrivateFrameworks/FaceCoreLight.framework/Versions/A/FaceCoreLight
0x000000000a2d3000 	/System/Library/Frameworks/vecLib.framework/Versions/A/vecLib
0x000000000a2d3000 	/System/Library/Frameworks/SecurityFoundation.framework/Versions/A/SecurityFoundation
0x000000000a2d3000 	/System/Library/PrivateFrameworks/CommerceKit.framework/Versions/A/Frameworks/CommerceCore.framework/Versions/A/CommerceCore
0x000000000a2d3000 	/System/Library/PrivateFrameworks/CoreSymbolication.framework/Versions/A/CoreSymbolication
0x000000000a2d3000 	/System/Library/PrivateFrameworks/Symbolication.framework/Versions/A/Symbolication
0x000000000a2d3000 	/System/Library/PrivateFrameworks/DebugSymbols.framework/Versions/A/DebugSymbols
0x0000000100400000 	/Library/Java/JavaVirtualMachines/1.7.0.jdk/Contents/Home/jre/lib/server/libjvm.dylib
0x00000001002e0000 	/Library/Java/JavaVirtualMachines/1.7.0.jdk/Contents/Home/jre/lib/libverify.dylib
0x0000000100fa3000 	/Library/Java/JavaVirtualMachines/1.7.0.jdk/Contents/Home/jre/lib/libjava.dylib
0x00000001002f7000 	/Library/Java/JavaVirtualMachines/1.7.0.jdk/Contents/Home/jre/lib/libzip.dylib
0x00000001669b7000 	/System/Library/Frameworks/JavaVM.framework/Frameworks/JavaRuntimeSupport.framework/JavaRuntimeSupport
0x00000001669cf000 	/System/Library/Frameworks/JavaVM.framework/Versions/A/Frameworks/JavaNativeFoundation.framework/Versions/A/JavaNativeFoundation
0x00000001669e4000 	/System/Library/Frameworks/JavaVM.framework/Versions/A/JavaVM
0x000000000a2d3000 	/System/Library/Frameworks/Carbon.framework/Versions/A/Carbon
0x0000000104094000 	/System/Library/PrivateFrameworks/JavaLaunching.framework/Versions/A/JavaLaunching
0x000000000a2d3000 	/System/Library/Frameworks/Carbon.framework/Versions/A/Frameworks/CommonPanels.framework/Versions/A/CommonPanels
0x000000000a2d3000 	/System/Library/Frameworks/Carbon.framework/Versions/A/Frameworks/Help.framework/Versions/A/Help
0x000000000a2d3000 	/System/Library/Frameworks/Carbon.framework/Versions/A/Frameworks/ImageCapture.framework/Versions/A/ImageCapture
0x000000000a2d3000 	/System/Library/Frameworks/Carbon.framework/Versions/A/Frameworks/OpenScripting.framework/Versions/A/OpenScripting
0x000000000a2d3000 	/System/Library/Frameworks/Carbon.framework/Versions/A/Frameworks/Print.framework/Versions/A/Print
0x000000000a2d3000 	/System/Library/Frameworks/Carbon.framework/Versions/A/Frameworks/SecurityHI.framework/Versions/A/SecurityHI
0x000000016734a000 	/Library/Java/JavaVirtualMachines/jdk1.7.0_45.jdk/Contents/Home/jre/lib/libprism-es2.dylib
0x00000001673a0000 	/System/Library/Frameworks/OpenGL.framework/Resources/GLEngine.bundle/GLEngine
0x000000016758f000 	/System/Library/Frameworks/OpenGL.framework/Versions/A/Libraries/libGLProgrammability.dylib
0x0000000000000000 	/System/Library/Extensions/GeForceGLDriver.bundle/Contents/MacOS/GeForceGLDriver
0x000000016771b000 	/System/Library/PrivateFrameworks/GPUSupport.framework/Versions/A/Libraries/libGPUSupport.dylib
0x000000000a2d3000 	/System/Library/Extensions/GeForceGLDriver.bundle/Contents/MacOS/libclh.dylib
0x0000000167731000 	/System/Library/Frameworks/OpenGL.framework/Resources//GLRendererFloat.bundle/GLRendererFloat
0x0000000167768000 	/System/Library/Frameworks/OpenCL.framework/Versions/A/Libraries/libcldcpuengine.dylib
0x000000000a2d3000 	/System/Library/PrivateFrameworks/DiskImages.framework/Versions/A/DiskImages
0x0000000167778000 	/System/Library/Frameworks/OpenGL.framework/Versions/A/Libraries/libCoreFSCache.dylib
0x000000000a2d3000 	/System/Library/Frameworks/DiscRecording.framework/Versions/A/DiscRecording
0x000000000a2d3000 	/usr/lib/libcurl.4.dylib
0x000000000a2d3000 	/System/Library/PrivateFrameworks/MediaKit.framework/Versions/A/MediaKit
0x000000000a2d3000 	/usr/lib/libssl.0.9.8.dylib
0x000000000a2d3000 	/System/Library/Frameworks/LDAP.framework/Versions/A/LDAP
0x000000000a2d3000 	/usr/lib/libsasl2.2.dylib
0x0000000167931000 	/Library/Java/JavaVirtualMachines/jdk1.7.0_45.jdk/Contents/Home/jre/lib/libglass.dylib
0x000000000a2d3000 	/System/Library/PrivateFrameworks/CoreServicesInternal.framework/Versions/A/CoreServicesInternal
0x000000000a2d3000 	/System/Library/CoreServices/RawCamera.bundle/Contents/MacOS/RawCamera
0x000000000a2d3000 	/System/Library/Frameworks/ApplicationServices.framework/Versions/A/Frameworks/CoreGraphics.framework/Versions/A/Resources/libCSync.A.dylib
0x000000000a2d3000 	/System/Library/Frameworks/ApplicationServices.framework/Versions/A/Frameworks/CoreGraphics.framework/Versions/A/Resources/libRIP.A.dylib
0x000000016a5e3000 	/Library/Java/JavaVirtualMachines/jdk1.7.0_45.jdk/Contents/Home/jre/lib/libjavafx-iio.dylib
0x000000016a476000 	/Library/Java/JavaVirtualMachines/jdk1.7.0_45.jdk/Contents/Home/jre/lib/libjavafx-font.dylib
0x000000000a2d3000 	/System/Library/Frameworks/ApplicationServices.framework/Versions/A/Frameworks/CoreGraphics.framework/Versions/A/Resources/libCGXType.A.dylib
0x0000000168a59000 	cl_kernels
0x000000016c1f0000 	/System/Library/Frameworks/OpenCL.framework/Versions/A/Libraries/ImageFormats/unorm8_bgra.dylib
0x0000000168ed5000 	cl_kernels

VM Arguments:
jvm_args: -Dfile.encoding=US-ASCII -Xbootclasspath/a:/Library/Java/JavaVirtualMachines/jdk1.7.0_45.jdk/Contents/Home/jre/lib/jfxrt.jar 
java_command: com.main.MVPApplication
Launcher Type: SUN_STANDARD

Environment Variables:
PATH=/usr/bin:/bin:/usr/sbin:/sbin
SHELL=/bin/bash
DISPLAY=/tmp/launch-fRATom/org.x:0

Signal Handlers:
SIGSEGV: [libjvm.dylib+0x4a177d], sa_mask[0]=0xfffefeff, sa_flags=0x00000042
SIGBUS: [libjvm.dylib+0x4a177d], sa_mask[0]=0xfffefeff, sa_flags=0x00000042
SIGFPE: [libjvm.dylib+0x3b1541], sa_mask[0]=0xfffefeff, sa_flags=0x00000042
SIGPIPE: [libjvm.dylib+0x3b1541], sa_mask[0]=0xfffefeff, sa_flags=0x00000042
SIGXFSZ: [libjvm.dylib+0x3b1541], sa_mask[0]=0xfffefeff, sa_flags=0x00000042
SIGILL: [libjvm.dylib+0x3b1541], sa_mask[0]=0xfffefeff, sa_flags=0x00000042
SIGUSR1: SIG_DFL, sa_mask[0]=0x00000000, sa_flags=0x00000002
SIGUSR2: [libjvm.dylib+0x3b10ce], sa_mask[0]=0x00000004, sa_flags=0x00000042
SIGHUP: [libjvm.dylib+0x3af2f3], sa_mask[0]=0xfffefeff, sa_flags=0x00000042
SIGINT: [libjvm.dylib+0x3af2f3], sa_mask[0]=0xfffefeff, sa_flags=0x00000042
SIGTERM: [libjvm.dylib+0x3af2f3], sa_mask[0]=0xfffefeff, sa_flags=0x00000042
SIGQUIT: [libjvm.dylib+0x3af2f3], sa_mask[0]=0xfffefeff, sa_flags=0x00000042


---------------  S Y S T E M  ---------------

OS:Bsd
uname:Darwin 11.4.2 Darwin Kernel Version 11.4.2: Thu Aug 23 16:25:48 PDT 2012; root:xnu-1699.32.7~1/RELEASE_X86_64 x86_64
rlimit: STACK 8192k, CORE 0k, NPROC 266, NOFILE 10240
CPU:total 2 (2 cores per cpu, 1 threads per core) family 6 model 23 stepping 10, cmov, cx8, fxsr, mmx, sse, sse2, sse3, ssse3, sse4.1, tsc

Memory: 4k page, physical 5787840k(1446960k free)

/proc/meminfo:


vm_info: Java HotSpot(TM) 64-Bit Server VM (23.0-b21) for bsd-amd64 JRE (1.7.0_04-b21), built on Apr 19 2012 22:33:17 by "java_re" with gcc 4.2.1 (Based on Apple Inc. build 5658) (LLVM build 2336.1.00)

time: Sat Jan 25 00:57:11 2014
elapsed time: 7 seconds

