#
# A fatal error has been detected by the Java Runtime Environment:
#
#  SIGSEGV (0xb) at pc=0x00007fff95db1390, pid=7657, tid=140735275702624
#
# JRE version: 7.0_04-b21
# Java VM: Java HotSpot(TM) 64-Bit Server VM (23.0-b21 mixed mode bsd-amd64 compressed oops)
# Problematic frame:
# C  [libobjc.A.dylib+0xb390]  objc_msgSend_vtable14+0x10
#
# Failed to write core dump. Core dumps have been disabled. To enable core dumping, try "ulimit -c unlimited" before starting Java again
#
# If you would like to submit a bug report, please visit:
#   http://bugreport.sun.com/bugreport/crash.jsp
# The crash happened outside the Java Virtual Machine in native code.
# See problematic frame for where to report the bug.
#

---------------  T H R E A D  ---------------

Current thread (0x00007fa3ea0f0000):  JavaThread "JavaFX Application Thread" [_thread_in_native, id=2082314592, stack(0x00007fff6a43c000,0x00007fff6ac3c000)]

siginfo:si_signo=SIGSEGV: si_errno=0, si_code=0 (SEGV0), si_addr=0x0000000000000000

Registers:
RAX=0xb00007fa3eab4fc1, RBX=0x00007fa3eab9c060, RCX=0x00007fa3ea11b070, RDX=0x00000000a1a1a1a1
RSP=0x00007fff6ac380d8, RBP=0x00007fff6ac38100, RSI=0x00007fff7c726720, RDI=0x00007fa3eab047e0
R8 =0x00007fff7bbe2084, R9 =0x00007fff6ac38098, R10=0x000000010b1b3f30, R11=0x00007fa3e95647a8
R12=0x00007fa3e9500bb0, R13=0x0000000000000003, R14=0x00007fa3ea11b068, R15=0x00007fff7c726720
RIP=0x00007fff95db1390, EFLAGS=0x0000000000010246, ERR=0x0000000000000000
  TRAPNO=0x000000000000000d

Top of Stack: (sp=0x00007fff6ac380d8)
0x00007fff6ac380d8:   00007fff963eb404 00007fa3e9500bb0
0x00007fff6ac380e8:   00007fa3ead0fad0 0000000000000000
0x00007fff6ac380f8:   0000181508685984 00007fff6ac38160
0x00007fff6ac38108:   00007fff921cfb58 00007fff95a223a3
0x00007fff6ac38118:   00007fa3eab9c060 00007fa3ead0fad0
0x00007fff6ac38128:   00007fa3ead0fae8 3e6dad0474616852
0x00007fff6ac38138:   00007fa3ead0fad0 00007fa3e9500bb0
0x00007fff6ac38148:   0000000000000003 00007fa3e9500ba0
0x00007fff6ac38158:   0000181508685984 00007fff6ac381d0
0x00007fff6ac38168:   00007fff921cf4ba 00007fff6ac381a0
0x00007fff6ac38178:   0000000000000000 0000000000000000
0x00007fff6ac38188:   00007fa3eab9c060 00007fa3ead0fae8
0x00007fff6ac38198:   00007fa3e9500aa0 3e6dad0474616852
0x00007fff6ac381a8:   0000000000000004 00007fa3e95eb600
0x00007fff6ac381b8:   00007fa3e95009d0 0000000000000003
0x00007fff6ac381c8:   0000000000000005 00007fff6ac38e80
0x00007fff6ac381d8:   00007fff921afe11 00007fa3ea0f01d8
0x00007fff6ac381e8:   00230004ffffffff 0000000000000000
0x00007fff6ac381f8:   000000017c2d3670 00007fa3eabee0a0
0x00007fff6ac38208:   00007fa3e9500bb0 00007fa3e9500aa0
0x00007fff6ac38218:   01007fff93df1160 00007fff6ac38258
0x00007fff6ac38228:   00001c037c2d368c 00007fff7bbdafa0
0x00007fff6ac38238:   00007fa3e9500a90 00007fa3e9500ba0
0x00007fff6ac38248:   000000010b18e5d0 00007fff6ac38258
0x00007fff6ac38258:   0000003000001100 00001b0300000000
0x00007fff6ac38268:   0000000000000000 0000000000000000
0x00007fff6ac38278:   0000000000000000 0000000000000000
0x00007fff6ac38288:   0000004400000000 000000000000a78e
0x00007fff6ac38298:   0000000000000001 0000000000000000
0x00007fff6ac382a8:   0000000000000000 0000000000000000
0x00007fff6ac382b8:   0000000000000000 b24560ba00000000
0x00007fff6ac382c8:   0000000800000000 4030000000000000 

Instructions: (pc=0x00007fff95db1390)
0x00007fff95db1370:   8b 42 18 48 8b 76 08 ff 60 68 66 0f 1f 44 00 00
0x00007fff95db1380:   48 85 ff 74 16 f7 c7 01 00 00 00 75 12 48 8b 07
0x00007fff95db1390:   48 8b 40 18 48 8b 76 08 ff 60 70 31 c0 c3 90 89
0x00007fff95db13a0:   f8 83 e0 0f 4c 8d 15 2d 51 84 e6 4d 8b 14 c2 49 

Register to memory mapping:

RAX=0xb00007fa3eab4fc1 is an unknown value
RBX=0x00007fa3eab9c060 is an unknown value
RCX=0x00007fa3ea11b070 is an unknown value
RDX=0x00000000a1a1a1a1 is an unknown value
RSP=0x00007fff6ac380d8 is pointing into the stack for thread: 0x00007fa3ea0f0000
RBP=0x00007fff6ac38100 is pointing into the stack for thread: 0x00007fa3ea0f0000
RSI=0x00007fff7c726720: OBJC_IVAR_$_NSFileWatcher._formerPath+0x72d0 in /System/Library/Frameworks/Foundation.framework/Versions/C/Foundation at 0x00007fff963d5000
RDI=0x00007fa3eab047e0 is an unknown value
R8 =0x00007fff7bbe2084: __CFProcessKillingLock+0 in /System/Library/Frameworks/CoreFoundation.framework/Versions/A/CoreFoundation at 0x00007fff92177000
R9 =0x00007fff6ac38098 is pointing into the stack for thread: 0x00007fa3ea0f0000
R10=0x000000010b1b3f30 is an unknown value
R11=0x00007fa3e95647a8 is an unknown value
R12=0x00007fa3e9500bb0 is an unknown value
R13=0x0000000000000003 is an unknown value
R14=0x00007fa3ea11b068 is an unknown value
R15=0x00007fff7c726720: OBJC_IVAR_$_NSFileWatcher._formerPath+0x72d0 in /System/Library/Frameworks/Foundation.framework/Versions/C/Foundation at 0x00007fff963d5000


Stack: [0x00007fff6a43c000,0x00007fff6ac3c000],  sp=0x00007fff6ac380d8,  free space=8176k
Native frames: (J=compiled Java code, j=interpreted, Vv=VM code, C=native code)
C  [libobjc.A.dylib+0xb390]  objc_msgSend_vtable14+0x10
C  [CoreFoundation+0x58b58]  CFRunLoopTimerInvalidate+0x218
C  [CoreFoundation+0x584ba]  __CFRunLoopDoTimer+0x24a
C  [CoreFoundation+0x38e11]  __CFRunLoopRun+0x651
C  [CoreFoundation+0x38486]  CFRunLoopRunSpecific+0xe6
C  [HIToolbox+0x22bf]  RunCurrentEventLoopInMode+0x115
C  [HIToolbox+0x94bf]  ReceiveNextEventCommon+0xb5
C  [HIToolbox+0x93fa]  BlockUntilNextEventMatchingListInMode+0x3e
C  [AppKit+0x8779]  _DPSNextEvent+0x293
C  [AppKit+0x807d]  -[NSApplication nextEventMatchingMask:untilDate:inMode:dequeue:]+0x87
C  [AppKit+0x49b9]  -[NSApplication run]+0x1d6
C  [libglass.dylib+0x3d31]  -[GlassApplication runLoop:]+0x2f1
C  [CoreFoundation+0x9370d]  -[NSObject performSelector:withObject:]+0x3d
C  [Foundation+0x4fd70]  __NSThreadPerformPerform+0xd6
C  [CoreFoundation+0x124f1]  __CFRUNLOOP_IS_CALLING_OUT_TO_A_SOURCE0_PERFORM_FUNCTION__+0x11
C  [CoreFoundation+0x11d5d]  __CFRunLoopDoSources0+0xfd
C  [CoreFoundation+0x38b49]  __CFRunLoopRun+0x389
C  [CoreFoundation+0x38486]  CFRunLoopRunSpecific+0xe6
C  [java+0x74bc]  CreateExecutionEnvironment+0x367
C  [java+0x1cac]  JLI_Launch+0x7a0
C  [java+0x7819]  main+0x65
C  [java+0x1504]  start+0x34


---------------  P R O C E S S  ---------------

Java Threads: ( => current thread )
  0x00007fa3ea2cd000 JavaThread "Prism Font Disposer" daemon [_thread_blocked, id=410234880, stack(0x000000011863b000,0x000000011873b000)]
  0x00007fa3ea168800 JavaThread "Thread-4" daemon [_thread_in_native, id=378900480, stack(0x00000001168d9000,0x0000000116959000)]
=>0x00007fa3ea0f0000 JavaThread "JavaFX Application Thread" [_thread_in_native, id=2082314592, stack(0x00007fff6a43c000,0x00007fff6ac3c000)]
  0x00007fa3e98ba800 JavaThread "Thread-2" daemon [_thread_blocked, id=352952320, stack(0x0000000114f9a000,0x000000011509a000)]
  0x00007fa3ea11a000 JavaThread "Disposer" daemon [_thread_blocked, id=351485952, stack(0x0000000114e34000,0x0000000114f34000)]
  0x00007fa3ea05d800 JavaThread "QuantumRenderer-0" daemon [_thread_blocked, id=345296896, stack(0x000000011484d000,0x000000011494d000)]
  0x00007fa3e98a4800 JavaThread "JavaFX-Launcher" [_thread_blocked, id=344203264, stack(0x0000000114742000,0x0000000114842000)]
  0x00007fa3e986b800 JavaThread "Service Thread" daemon [_thread_blocked, id=341590016, stack(0x00000001144c4000,0x00000001145c4000)]
  0x00007fa3e986b000 JavaThread "C2 CompilerThread1" daemon [_thread_blocked, id=340529152, stack(0x00000001143c1000,0x00000001144c1000)]
  0x00007fa3e9834800 JavaThread "C2 CompilerThread0" daemon [_thread_blocked, id=339468288, stack(0x00000001142be000,0x00000001143be000)]
  0x00007fa3e9855000 JavaThread "Signal Dispatcher" daemon [_thread_blocked, id=338407424, stack(0x00000001141bb000,0x00000001142bb000)]
  0x00007fa3ea042000 JavaThread "Finalizer" daemon [_thread_blocked, id=335228928, stack(0x0000000113eb3000,0x0000000113fb3000)]
  0x00007fa3e9851800 JavaThread "Reference Handler" daemon [_thread_blocked, id=334168064, stack(0x0000000113db0000,0x0000000113eb0000)]
  0x00007fa3ea000800 JavaThread "main" [_thread_blocked, id=199376896, stack(0x000000010bd24000,0x000000010be24000)]

Other Threads:
  0x00007fa3ea03c000 VMThread [stack: 0x0000000113cad000,0x0000000113dad000] [id=333107200]
  0x00007fa3e9859000 WatcherThread [stack: 0x00000001145c7000,0x00000001146c7000] [id=342650880]

VM state:not at safepoint (normal execution)

VM Mutex/Monitor currently owned by a thread: None

Heap
 PSYoungGen      total 26304K, used 21981K [0x00000007e2ab0000, 0x00000007e4800000, 0x0000000800000000)
  eden space 22592K, 97% used [0x00000007e2ab0000,0x00000007e4027548,0x00000007e40c0000)
  from space 3712K, 0% used [0x00000007e4460000,0x00000007e4460000,0x00000007e4800000)
  to   space 3712K, 0% used [0x00000007e40c0000,0x00000007e40c0000,0x00000007e4460000)
 ParOldGen       total 60032K, used 0K [0x00000007a8000000, 0x00000007abaa0000, 0x00000007e2ab0000)
  object space 60032K, 0% used [0x00000007a8000000,0x00000007a8000000,0x00000007abaa0000)
 PSPermGen       total 21248K, used 11225K [0x00000007a2e00000, 0x00000007a42c0000, 0x00000007a8000000)
  object space 21248K, 52% used [0x00000007a2e00000,0x00000007a38f67d0,0x00000007a42c0000)

Code Cache  [0x000000010be2f000, 0x000000010c09f000, 0x000000010ee2f000)
 total_blobs=663 nmethods=134 adapters=481 free_code_cache=48269Kb largest_free_block=49410368

Compilation events (10 events):
Event: 169.939 Thread 0x00007fa3e9834800 nmethod 123 0x000000010bf07c10 code [0x000000010bf07d80, 0x000000010bf07f38]
Event: 169.940 Thread 0x00007fa3e986b000 nmethod 122 0x000000010bf05550 code [0x000000010bf056e0, 0x000000010bf058e8]
Event: 342.983 Thread 0x00007fa3e9834800  125             java.lang.StrictMath::floorOrCeil (128 bytes)
Event: 342.985 Thread 0x00007fa3e986b000  126             java.lang.Math::getExponent (5 bytes)
Event: 343.070 Thread 0x00007fa3e9834800 nmethod 125 0x000000010bf04dd0 code [0x000000010bf04f20, 0x000000010bf04ff8]
Event: 343.070 Thread 0x00007fa3e9834800  127             sun.misc.FpUtils::getExponent (17 bytes)
Event: 343.219 Thread 0x00007fa3e9834800 nmethod 127 0x000000010bf05350 code [0x000000010bf05480, 0x000000010bf054d8]
Event: 343.322 Thread 0x00007fa3e986b000 nmethod 126 0x000000010bf05150 code [0x000000010bf05280, 0x000000010bf052d8]
Event: 343.433 Thread 0x00007fa3e9834800  128             com.sun.javafx.geom.transform.GeneralTransform3D::get (34 bytes)
Event: 343.618 Thread 0x00007fa3e9834800 nmethod 128 0x000000010bf0fc50 code [0x000000010bf0fda0, 0x000000010bf0fe38]

GC Heap History (0 events):
No events

Deoptimization events (10 events):
Event: 2.076 Thread 0x00007fa3ea0f0000 Uncommon trap -34 fr.pc 0x000000010beb27dc
Event: 2.076 Thread 0x00007fa3ea0f0000 Uncommon trap -34 fr.pc 0x000000010beb27dc
Event: 2.077 Thread 0x00007fa3ea0f0000 Uncommon trap -34 fr.pc 0x000000010beb27dc
Event: 2.077 Thread 0x00007fa3ea0f0000 Uncommon trap -34 fr.pc 0x000000010beb27dc
Event: 2.759 Thread 0x00007fa3ea0f0000 Uncommon trap -34 fr.pc 0x000000010beb4728
Event: 2.803 Thread 0x00007fa3ea0f0000 Uncommon trap -12 fr.pc 0x000000010bed8210
Event: 2.804 Thread 0x00007fa3ea0f0000 Uncommon trap -12 fr.pc 0x000000010bee3044
Event: 19.151 Thread 0x00007fa3ea0f0000 Uncommon trap -12 fr.pc 0x000000010bef0c10
Event: 19.216 Thread 0x00007fa3ea0f0000 Uncommon trap -12 fr.pc 0x000000010befd450
Event: 343.328 Thread 0x00007fa3ea0f0000 Uncommon trap -122 fr.pc 0x000000010bf08768

Internal exceptions (10 events):
Event: 1.593 Thread 0x00007fa3ea0f0000 Threw 0x00000007e2cb9b28 at /HUDSON/workspace/jdk7u4-2-build-macosx-x86_64-product/jdk7u4/hotspot/src/share/vm/interpreter/linkReso
Event: 1.593 Thread 0x00007fa3ea0f0000 Threw 0x00000007e2cb9b28 at /HUDSON/workspace/jdk7u4-2-build-macosx-x86_64-product/jdk7u4/hotspot/src/share/vm/prims/jvm.cpp:1170
Event: 2.803 Thread 0x00007fa3ea0f0000 Implicit null exception at 0x000000010bed814b to 0x000000010bed8205
Event: 2.804 Thread 0x00007fa3ea0f0000 Implicit null exception at 0x000000010bee2de9 to 0x000000010bee3029
Event: 3.220 Thread 0x00007fa3ea0f0000 Threw 0x00000007e3b85bd8 at /HUDSON/workspace/jdk7u4-2-build-macosx-x86_64-product/jdk7u4/hotspot/src/share/vm/prims/jvm.cpp:1166
Event: 3.317 Thread 0x00007fa3ea0f0000 Threw 0x00000007e3b88b10 at /HUDSON/workspace/jdk7u4-2-build-macosx-x86_64-product/jdk7u4/hotspot/src/share/vm/prims/jvm.cpp:1166
Event: 3.378 Thread 0x00007fa3ea0f0000 Threw 0x00000007e3b8b840 at /HUDSON/workspace/jdk7u4-2-build-macosx-x86_64-product/jdk7u4/hotspot/src/share/vm/prims/jvm.cpp:1166
Event: 3.616 Thread 0x00007fa3ea0f0000 Threw 0x00000007e3b8ddb8 at /HUDSON/workspace/jdk7u4-2-build-macosx-x86_64-product/jdk7u4/hotspot/src/share/vm/prims/jvm.cpp:1166
Event: 19.151 Thread 0x00007fa3ea0f0000 Implicit null exception at 0x000000010beee419 to 0x000000010bef0b31
Event: 19.216 Thread 0x00007fa3ea0f0000 Implicit null exception at 0x000000010befd3f1 to 0x000000010befd445

Events (10 events):
Event: 344.319 loading class 0x00007fa3e9541c00
Event: 344.319 loading class 0x00007fa3e9541c00 done
Event: 344.320 loading class 0x000000010b1264e0
Event: 344.564 loading class 0x000000010b126790
Event: 344.564 loading class 0x000000010b126790 done
Event: 344.564 loading class 0x000000010b1264e0 done
Event: 344.694 loading class 0x00007fa3eac0e550
Event: 344.768 loading class 0x00007fa3eac0e550 done
Event: 345.823 loading class 0x00007fa3e95507d0
Event: 345.826 loading class 0x00007fa3e95507d0 done


Dynamic libraries:
0x000000000b007000 	/System/Library/Frameworks/Cocoa.framework/Versions/A/Cocoa
0x000000000b007000 	/System/Library/Frameworks/Security.framework/Versions/A/Security
0x000000000b007000 	/System/Library/Frameworks/ApplicationServices.framework/Versions/A/ApplicationServices
0x000000000b007000 	/usr/lib/libz.1.dylib
0x000000000b007000 	/usr/lib/libSystem.B.dylib
0x000000000b007000 	/usr/lib/libobjc.A.dylib
0x000000000b007000 	/System/Library/Frameworks/CoreFoundation.framework/Versions/A/CoreFoundation
0x000000000b007000 	/System/Library/Frameworks/AppKit.framework/Versions/C/AppKit
0x000000000b007000 	/System/Library/Frameworks/CoreData.framework/Versions/A/CoreData
0x000000000b007000 	/System/Library/Frameworks/Foundation.framework/Versions/C/Foundation
0x000000000b007000 	/System/Library/PrivateFrameworks/RemoteViewServices.framework/Versions/A/RemoteViewServices
0x000000000b007000 	/System/Library/Frameworks/AudioToolbox.framework/Versions/A/AudioToolbox
0x000000000b007000 	/System/Library/Frameworks/AudioUnit.framework/Versions/A/AudioUnit
0x000000000b007000 	/System/Library/PrivateFrameworks/DataDetectorsCore.framework/Versions/A/DataDetectorsCore
0x000000000b007000 	/System/Library/PrivateFrameworks/DesktopServicesPriv.framework/Versions/A/DesktopServicesPriv
0x000000000b007000 	/System/Library/Frameworks/Carbon.framework/Versions/A/Frameworks/HIToolbox.framework/Versions/A/HIToolbox
0x000000000b007000 	/System/Library/Frameworks/QuartzCore.framework/Versions/A/QuartzCore
0x000000000b007000 	/System/Library/Frameworks/Carbon.framework/Versions/A/Frameworks/SpeechRecognition.framework/Versions/A/SpeechRecognition
0x000000000b007000 	/usr/lib/libauto.dylib
0x000000000b007000 	/usr/lib/libicucore.A.dylib
0x000000000b007000 	/usr/lib/libxml2.2.dylib
0x000000000b007000 	/System/Library/PrivateFrameworks/CoreUI.framework/Versions/A/CoreUI
0x000000000b007000 	/System/Library/Frameworks/CoreAudio.framework/Versions/A/CoreAudio
0x000000000b007000 	/System/Library/Frameworks/DiskArbitration.framework/Versions/A/DiskArbitration
0x000000000b007000 	/usr/lib/liblangid.dylib
0x000000000b007000 	/System/Library/PrivateFrameworks/MultitouchSupport.framework/Versions/A/MultitouchSupport
0x000000000b007000 	/System/Library/Frameworks/IOKit.framework/Versions/A/IOKit
0x000000000b007000 	/usr/lib/libDiagnosticMessagesClient.dylib
0x000000000b007000 	/System/Library/Frameworks/CoreServices.framework/Versions/A/CoreServices
0x000000000b007000 	/System/Library/PrivateFrameworks/PerformanceAnalysis.framework/Versions/A/PerformanceAnalysis
0x000000000b007000 	/System/Library/PrivateFrameworks/GenerationalStorage.framework/Versions/A/GenerationalStorage
0x000000000b007000 	/System/Library/Frameworks/OpenGL.framework/Versions/A/OpenGL
0x000000000b007000 	/System/Library/Frameworks/CoreServices.framework/Versions/A/Frameworks/CFNetwork.framework/Versions/A/CFNetwork
0x000000000b007000 	/System/Library/Frameworks/SystemConfiguration.framework/Versions/A/SystemConfiguration
0x000000000b007000 	/usr/lib/libCRFSuite.dylib
0x000000000b007000 	/usr/lib/libc++.1.dylib
0x000000000b007000 	/usr/lib/libstdc++.6.dylib
0x000000000b007000 	/usr/lib/libc++abi.dylib
0x000000000b007000 	/usr/lib/system/libcache.dylib
0x000000000b007000 	/usr/lib/system/libcommonCrypto.dylib
0x000000000b007000 	/usr/lib/system/libcompiler_rt.dylib
0x000000000b007000 	/usr/lib/system/libcopyfile.dylib
0x000000000b007000 	/usr/lib/system/libdispatch.dylib
0x000000000b007000 	/usr/lib/system/libdnsinfo.dylib
0x000000000b007000 	/usr/lib/system/libdyld.dylib
0x000000000b007000 	/usr/lib/system/libkeymgr.dylib
0x000000000b007000 	/usr/lib/system/liblaunch.dylib
0x000000000b007000 	/usr/lib/system/libmacho.dylib
0x000000000b007000 	/usr/lib/system/libmathCommon.A.dylib
0x000000000b007000 	/usr/lib/system/libquarantine.dylib
0x000000000b007000 	/usr/lib/system/libremovefile.dylib
0x000000000b007000 	/usr/lib/system/libsystem_blocks.dylib
0x000000000b007000 	/usr/lib/system/libsystem_c.dylib
0x000000000b007000 	/usr/lib/system/libsystem_dnssd.dylib
0x000000000b007000 	/usr/lib/system/libsystem_info.dylib
0x000000000b007000 	/usr/lib/system/libsystem_kernel.dylib
0x000000000b007000 	/usr/lib/system/libsystem_network.dylib
0x000000000b007000 	/usr/lib/system/libsystem_notify.dylib
0x000000000b007000 	/usr/lib/system/libsystem_sandbox.dylib
0x000000000b007000 	/usr/lib/system/libunc.dylib
0x000000000b007000 	/usr/lib/system/libunwind.dylib
0x000000000b007000 	/usr/lib/system/libxpc.dylib
0x000000000b007000 	/usr/lib/libbsm.0.dylib
0x000000000b007000 	/usr/lib/libsqlite3.dylib
0x000000000b007000 	/usr/lib/libOpenScriptingUtil.dylib
0x000000000b007000 	/usr/lib/libpam.2.dylib
0x000000000b007000 	/usr/lib/libxar-nossl.dylib
0x000000000b007000 	/usr/lib/libbz2.1.0.dylib
0x000000000b007000 	/System/Library/Frameworks/CoreServices.framework/Versions/A/Frameworks/CarbonCore.framework/Versions/A/CarbonCore
0x000000000b007000 	/System/Library/Frameworks/CoreServices.framework/Versions/A/Frameworks/Metadata.framework/Versions/A/Metadata
0x000000000b007000 	/System/Library/Frameworks/CoreServices.framework/Versions/A/Frameworks/OSServices.framework/Versions/A/OSServices
0x000000000b007000 	/System/Library/Frameworks/CoreServices.framework/Versions/A/Frameworks/SearchKit.framework/Versions/A/SearchKit
0x000000000b007000 	/System/Library/Frameworks/CoreServices.framework/Versions/A/Frameworks/AE.framework/Versions/A/AE
0x000000000b007000 	/System/Library/Frameworks/CoreServices.framework/Versions/A/Frameworks/LaunchServices.framework/Versions/A/LaunchServices
0x000000000b007000 	/System/Library/Frameworks/CoreServices.framework/Versions/A/Frameworks/DictionaryServices.framework/Versions/A/DictionaryServices
0x000000000b007000 	/System/Library/Frameworks/NetFS.framework/Versions/A/NetFS
0x000000000b007000 	/usr/lib/system/libkxld.dylib
0x000000000b007000 	/System/Library/PrivateFrameworks/NetAuth.framework/Versions/A/NetAuth
0x000000000b007000 	/usr/lib/libcrypto.0.9.8.dylib
0x000000000b007000 	/System/Library/PrivateFrameworks/TrustEvaluationAgent.framework/Versions/A/TrustEvaluationAgent
0x000000000b007000 	/System/Library/Frameworks/OpenDirectory.framework/Versions/A/Frameworks/CFOpenDirectory.framework/Versions/A/CFOpenDirectory
0x000000000b007000 	/usr/lib/libxslt.1.dylib
0x000000000b007000 	/System/Library/PrivateFrameworks/FamilyControls.framework/Versions/A/FamilyControls
0x000000000b007000 	/System/Library/Frameworks/Carbon.framework/Versions/A/Frameworks/Ink.framework/Versions/A/Ink
0x000000000b007000 	/System/Library/Frameworks/ApplicationServices.framework/Versions/A/Frameworks/CoreGraphics.framework/Versions/A/CoreGraphics
0x000000000b007000 	/System/Library/Frameworks/ApplicationServices.framework/Versions/A/Frameworks/ImageIO.framework/Versions/A/ImageIO
0x000000000b007000 	/System/Library/Frameworks/ApplicationServices.framework/Versions/A/Frameworks/CoreText.framework/Versions/A/CoreText
0x000000000b007000 	/System/Library/Frameworks/ApplicationServices.framework/Versions/A/Frameworks/ATS.framework/Versions/A/ATS
0x000000000b007000 	/System/Library/Frameworks/ApplicationServices.framework/Versions/A/Frameworks/ColorSync.framework/Versions/A/ColorSync
0x000000000b007000 	/System/Library/Frameworks/ApplicationServices.framework/Versions/A/Frameworks/HIServices.framework/Versions/A/HIServices
0x000000000b007000 	/System/Library/Frameworks/ApplicationServices.framework/Versions/A/Frameworks/LangAnalysis.framework/Versions/A/LangAnalysis
0x000000000b007000 	/System/Library/Frameworks/ApplicationServices.framework/Versions/A/Frameworks/PrintCore.framework/Versions/A/PrintCore
0x000000000b007000 	/System/Library/Frameworks/ApplicationServices.framework/Versions/A/Frameworks/QD.framework/Versions/A/QD
0x000000000b007000 	/System/Library/Frameworks/ApplicationServices.framework/Versions/A/Frameworks/SpeechSynthesis.framework/Versions/A/SpeechSynthesis
0x000000000b007000 	/System/Library/Frameworks/IOSurface.framework/Versions/A/IOSurface
0x000000000b007000 	/System/Library/Frameworks/Accelerate.framework/Versions/A/Accelerate
0x000000000b007000 	/System/Library/Frameworks/ApplicationServices.framework/Versions/A/Frameworks/ImageIO.framework/Versions/A/Resources/libJPEG.dylib
0x000000000b007000 	/System/Library/Frameworks/ApplicationServices.framework/Versions/A/Frameworks/ImageIO.framework/Versions/A/Resources/libTIFF.dylib
0x000000000b007000 	/System/Library/Frameworks/ApplicationServices.framework/Versions/A/Frameworks/ImageIO.framework/Versions/A/Resources/libPng.dylib
0x000000000b007000 	/System/Library/Frameworks/ApplicationServices.framework/Versions/A/Frameworks/ImageIO.framework/Versions/A/Resources/libGIF.dylib
0x000000000b007000 	/System/Library/Frameworks/ApplicationServices.framework/Versions/A/Frameworks/ImageIO.framework/Versions/A/Resources/libJP2.dylib
0x000000000b007000 	/System/Library/Frameworks/ApplicationServices.framework/Versions/A/Frameworks/ImageIO.framework/Versions/A/Resources/libRadiance.dylib
0x000000000b007000 	/System/Library/Frameworks/Accelerate.framework/Versions/A/Frameworks/vImage.framework/Versions/A/vImage
0x000000000b007000 	/System/Library/Frameworks/Accelerate.framework/Versions/A/Frameworks/vecLib.framework/Versions/A/vecLib
0x000000000b007000 	/System/Library/Frameworks/Accelerate.framework/Versions/A/Frameworks/vecLib.framework/Versions/A/libvDSP.dylib
0x000000000b007000 	/System/Library/Frameworks/Accelerate.framework/Versions/A/Frameworks/vecLib.framework/Versions/A/libvMisc.dylib
0x000000000b007000 	/System/Library/Frameworks/Accelerate.framework/Versions/A/Frameworks/vecLib.framework/Versions/A/libLAPACK.dylib
0x000000000b007000 	/System/Library/Frameworks/Accelerate.framework/Versions/A/Frameworks/vecLib.framework/Versions/A/libBLAS.dylib
0x000000000b007000 	/System/Library/Frameworks/ApplicationServices.framework/Versions/A/Frameworks/ATS.framework/Versions/A/Resources/libFontParser.dylib
0x000000000b007000 	/System/Library/Frameworks/ApplicationServices.framework/Versions/A/Frameworks/ATS.framework/Versions/A/Resources/libFontRegistry.dylib
0x000000000b007000 	/usr/lib/libcups.2.dylib
0x000000000b007000 	/System/Library/Frameworks/Kerberos.framework/Versions/A/Kerberos
0x000000000b007000 	/System/Library/Frameworks/GSS.framework/Versions/A/GSS
0x000000000b007000 	/usr/lib/libresolv.9.dylib
0x000000000b007000 	/usr/lib/libiconv.2.dylib
0x000000000b007000 	/System/Library/PrivateFrameworks/Heimdal.framework/Versions/A/Heimdal
0x000000000b007000 	/System/Library/Frameworks/OpenDirectory.framework/Versions/A/OpenDirectory
0x000000000b007000 	/System/Library/PrivateFrameworks/CommonAuth.framework/Versions/A/CommonAuth
0x000000000b007000 	/System/Library/Frameworks/CoreVideo.framework/Versions/A/CoreVideo
0x000000000b007000 	/System/Library/Frameworks/QuartzCore.framework/Versions/A/Frameworks/CoreImage.framework/Versions/A/CoreImage
0x000000000b007000 	/System/Library/Frameworks/QuartzCore.framework/Versions/A/Frameworks/ScalableUserInterface.framework/Versions/A/ScalableUserInterface
0x000000000b007000 	/System/Library/Frameworks/OpenGL.framework/Versions/A/Libraries/libGLU.dylib
0x000000000b007000 	/System/Library/Frameworks/OpenGL.framework/Versions/A/Libraries/libGFXShared.dylib
0x000000000b007000 	/System/Library/Frameworks/OpenGL.framework/Versions/A/Libraries/libGL.dylib
0x000000000b007000 	/System/Library/Frameworks/OpenGL.framework/Versions/A/Libraries/libGLImage.dylib
0x000000000b007000 	/System/Library/Frameworks/OpenGL.framework/Versions/A/Libraries/libCVMSPluginSupport.dylib
0x000000000b007000 	/System/Library/Frameworks/OpenGL.framework/Versions/A/Libraries/libCoreVMClient.dylib
0x000000000b007000 	/System/Library/Frameworks/OpenCL.framework/Versions/A/OpenCL
0x000000000b007000 	/System/Library/PrivateFrameworks/FaceCoreLight.framework/Versions/A/FaceCoreLight
0x000000000b007000 	/System/Library/Frameworks/vecLib.framework/Versions/A/vecLib
0x000000000b007000 	/System/Library/Frameworks/SecurityFoundation.framework/Versions/A/SecurityFoundation
0x000000000b007000 	/System/Library/PrivateFrameworks/CommerceKit.framework/Versions/A/Frameworks/CommerceCore.framework/Versions/A/CommerceCore
0x000000000b007000 	/System/Library/PrivateFrameworks/CoreSymbolication.framework/Versions/A/CoreSymbolication
0x000000000b007000 	/System/Library/PrivateFrameworks/Symbolication.framework/Versions/A/Symbolication
0x000000000b007000 	/System/Library/PrivateFrameworks/DebugSymbols.framework/Versions/A/DebugSymbols
0x000000010b283000 	/Library/Java/JavaVirtualMachines/1.7.0.jdk/Contents/Home/jre/lib/server/libjvm.dylib
0x000000010b0b3000 	/Library/Java/JavaVirtualMachines/1.7.0.jdk/Contents/Home/jre/lib/libverify.dylib
0x000000010b0c0000 	/Library/Java/JavaVirtualMachines/1.7.0.jdk/Contents/Home/jre/lib/libjava.dylib
0x000000010be26000 	/Library/Java/JavaVirtualMachines/1.7.0.jdk/Contents/Home/jre/lib/libzip.dylib
0x0000000113fb5000 	/System/Library/Frameworks/JavaVM.framework/Frameworks/JavaRuntimeSupport.framework/JavaRuntimeSupport
0x0000000113fcd000 	/System/Library/Frameworks/JavaVM.framework/Versions/A/Frameworks/JavaNativeFoundation.framework/Versions/A/JavaNativeFoundation
0x0000000113fe2000 	/System/Library/Frameworks/JavaVM.framework/Versions/A/JavaVM
0x000000000b007000 	/System/Library/Frameworks/Carbon.framework/Versions/A/Carbon
0x0000000113fef000 	/System/Library/PrivateFrameworks/JavaLaunching.framework/Versions/A/JavaLaunching
0x000000000b007000 	/System/Library/Frameworks/Carbon.framework/Versions/A/Frameworks/CommonPanels.framework/Versions/A/CommonPanels
0x000000000b007000 	/System/Library/Frameworks/Carbon.framework/Versions/A/Frameworks/Help.framework/Versions/A/Help
0x000000000b007000 	/System/Library/Frameworks/Carbon.framework/Versions/A/Frameworks/ImageCapture.framework/Versions/A/ImageCapture
0x000000000b007000 	/System/Library/Frameworks/Carbon.framework/Versions/A/Frameworks/OpenScripting.framework/Versions/A/OpenScripting
0x000000000b007000 	/System/Library/Frameworks/Carbon.framework/Versions/A/Frameworks/Print.framework/Versions/A/Print
0x000000000b007000 	/System/Library/Frameworks/Carbon.framework/Versions/A/Frameworks/SecurityHI.framework/Versions/A/SecurityHI
0x000000011494f000 	/Library/Java/JavaVirtualMachines/jdk1.7.0_45.jdk/Contents/Home/jre/lib/libprism-es2.dylib
0x00000001149a5000 	/System/Library/Frameworks/OpenGL.framework/Resources/GLEngine.bundle/GLEngine
0x0000000114b94000 	/System/Library/Frameworks/OpenGL.framework/Versions/A/Libraries/libGLProgrammability.dylib
0x0000000000000000 	/System/Library/Extensions/GeForceGLDriver.bundle/Contents/MacOS/GeForceGLDriver
0x0000000114d20000 	/System/Library/PrivateFrameworks/GPUSupport.framework/Versions/A/Libraries/libGPUSupport.dylib
0x000000000b007000 	/System/Library/Extensions/GeForceGLDriver.bundle/Contents/MacOS/libclh.dylib
0x0000000114d36000 	/System/Library/Frameworks/OpenGL.framework/Resources//GLRendererFloat.bundle/GLRendererFloat
0x0000000114d6d000 	/System/Library/Frameworks/OpenCL.framework/Versions/A/Libraries/libcldcpuengine.dylib
0x000000000b007000 	/System/Library/PrivateFrameworks/DiskImages.framework/Versions/A/DiskImages
0x0000000114d7d000 	/System/Library/Frameworks/OpenGL.framework/Versions/A/Libraries/libCoreFSCache.dylib
0x000000000b007000 	/System/Library/Frameworks/DiscRecording.framework/Versions/A/DiscRecording
0x000000000b007000 	/usr/lib/libcurl.4.dylib
0x000000000b007000 	/System/Library/PrivateFrameworks/MediaKit.framework/Versions/A/MediaKit
0x000000000b007000 	/usr/lib/libssl.0.9.8.dylib
0x000000000b007000 	/System/Library/Frameworks/LDAP.framework/Versions/A/LDAP
0x000000000b007000 	/usr/lib/libsasl2.2.dylib
0x0000000114f36000 	/Library/Java/JavaVirtualMachines/jdk1.7.0_45.jdk/Contents/Home/jre/lib/libglass.dylib
0x000000000b007000 	/System/Library/PrivateFrameworks/CoreServicesInternal.framework/Versions/A/CoreServicesInternal
0x000000000b007000 	/System/Library/CoreServices/RawCamera.bundle/Contents/MacOS/RawCamera
0x000000000b007000 	/System/Library/Frameworks/ApplicationServices.framework/Versions/A/Frameworks/CoreGraphics.framework/Versions/A/Resources/libCSync.A.dylib
0x000000000b007000 	/System/Library/Frameworks/ApplicationServices.framework/Versions/A/Frameworks/CoreGraphics.framework/Versions/A/Resources/libRIP.A.dylib
0x0000000117ca1000 	/Library/Java/JavaVirtualMachines/jdk1.7.0_45.jdk/Contents/Home/jre/lib/libjavafx-font.dylib
0x000000000b007000 	/System/Library/Frameworks/ApplicationServices.framework/Versions/A/Frameworks/CoreGraphics.framework/Versions/A/Resources/libCGXType.A.dylib
0x0000000118a0a000 	/Library/Java/JavaVirtualMachines/jdk1.7.0_45.jdk/Contents/Home/jre/lib/libjavafx-iio.dylib
0x0000000116534000 	cl_kernels
0x00000001197e4000 	/System/Library/Frameworks/OpenCL.framework/Versions/A/Libraries/ImageFormats/unorm8_bgra.dylib
0x0000000117a2d000 	cl_kernels

VM Arguments:
jvm_args: -Dfile.encoding=US-ASCII -Xbootclasspath/a:/Library/Java/JavaVirtualMachines/jdk1.7.0_45.jdk/Contents/Home/jre/lib/jfxrt.jar 
java_command: controller.com.Main
Launcher Type: SUN_STANDARD

Environment Variables:
PATH=/usr/bin:/bin:/usr/sbin:/sbin
SHELL=/bin/bash
DISPLAY=/tmp/launch-KDasqW/org.x:0

Signal Handlers:
SIGSEGV: [libjvm.dylib+0x4a177d], sa_mask[0]=0xfffefeff, sa_flags=0x00000042
SIGBUS: [libjvm.dylib+0x4a177d], sa_mask[0]=0xfffefeff, sa_flags=0x00000042
SIGFPE: [libjvm.dylib+0x3b1541], sa_mask[0]=0xfffefeff, sa_flags=0x00000042
SIGPIPE: [libjvm.dylib+0x3b1541], sa_mask[0]=0xfffefeff, sa_flags=0x00000042
SIGXFSZ: [libjvm.dylib+0x3b1541], sa_mask[0]=0xfffefeff, sa_flags=0x00000042
SIGILL: [libjvm.dylib+0x3b1541], sa_mask[0]=0xfffefeff, sa_flags=0x00000042
SIGUSR1: SIG_DFL, sa_mask[0]=0x00000000, sa_flags=0x00000002
SIGUSR2: [libjvm.dylib+0x3b10ce], sa_mask[0]=0x00000004, sa_flags=0x00000042
SIGHUP: [libjvm.dylib+0x3af2f3], sa_mask[0]=0xfffefeff, sa_flags=0x00000042
SIGINT: [libjvm.dylib+0x3af2f3], sa_mask[0]=0xfffefeff, sa_flags=0x00000042
SIGTERM: [libjvm.dylib+0x3af2f3], sa_mask[0]=0xfffefeff, sa_flags=0x00000042
SIGQUIT: [libjvm.dylib+0x3af2f3], sa_mask[0]=0xfffefeff, sa_flags=0x00000042


---------------  S Y S T E M  ---------------

OS:Bsd
uname:Darwin 11.4.2 Darwin Kernel Version 11.4.2: Thu Aug 23 16:25:48 PDT 2012; root:xnu-1699.32.7~1/RELEASE_X86_64 x86_64
rlimit: STACK 8192k, CORE 0k, NPROC 266, NOFILE 10240
CPU:total 2 (2 cores per cpu, 1 threads per core) family 6 model 23 stepping 10, cmov, cx8, fxsr, mmx, sse, sse2, sse3, ssse3, sse4.1, tsc

Memory: 4k page, physical 5760604k(1440151k free)

/proc/meminfo:


vm_info: Java HotSpot(TM) 64-Bit Server VM (23.0-b21) for bsd-amd64 JRE (1.7.0_04-b21), built on Apr 19 2012 22:33:17 by "java_re" with gcc 4.2.1 (Based on Apple Inc. build 5658) (LLVM build 2336.1.00)

time: Fri Jan 17 02:14:04 2014
elapsed time: 348 seconds

