#
# A fatal error has been detected by the Java Runtime Environment:
#
#  SIGSEGV (0xb) at pc=0x00007fff980862c1, pid=2022, tid=4488839168
#
# JRE version: 7.0_04-b21
# Java VM: Java HotSpot(TM) 64-Bit Server VM (23.0-b21 mixed mode bsd-amd64 compressed oops)
# Problematic frame:
# C  [AppKit+0x562c1]  -[NSView unlockFocus]+0x1f
#
# Failed to write core dump. Core dumps have been disabled. To enable core dumping, try "ulimit -c unlimited" before starting Java again
#
# If you would like to submit a bug report, please visit:
#   http://bugreport.sun.com/bugreport/crash.jsp
# The crash happened outside the Java Virtual Machine in native code.
# See problematic frame for where to report the bug.
#

---------------  T H R E A D  ---------------

Current thread (0x00007fa59485f000):  JavaThread "QuantumRenderer-0" daemon [_thread_in_native, id=193871872, stack(0x000000010b7e4000,0x000000010b8e4000)]

siginfo:si_signo=SIGSEGV: si_errno=0, si_code=1 (SEGV_MAPERR), si_addr=0x0000000000000083

Registers:
RAX=0x0000000000000000, RBX=0x00007fa595368320, RCX=0x0000000000000080, RDX=0x000000010b8e3494
RSP=0x000000010b8e34f0, RBP=0x000000010b8e3510, RSI=0x00007fff988e6e90, RDI=0x00007fa595368320
R8 =0x000000010b8e349c, R9 =0x000000010b8e3498, R10=0x0000000000000081, R11=0x00007fff980862a2
R12=0x00007fa59485f1d8, R13=0x0000000000000001, R14=0x000000010b8e3668, R15=0x00007fa59485f000
RIP=0x00007fff980862c1, EFLAGS=0x0000000000010206, ERR=0x0000000000000004
  TRAPNO=0x000000000000000e

Top of Stack: (sp=0x000000010b8e34f0)
0x000000010b8e34f0:   0000000043bd0000 00007fa595368320
0x000000010b8e3500:   000000010b8e3668 00007fa59485f000
0x000000010b8e3510:   000000010b8e3580 000000010beeb070
0x000000010b8e3520:   00000007ab4aa748 00000007ab4aa748
0x000000010b8e3530:   0000000000000000 0000000000000000
0x000000010b8e3540:   000000010b8e3530 00000007a2d5140b
0x000000010b8e3550:   000000010b8e35b0 00000007a2d52f38
0x000000010b8e3560:   00007fa595368320 000000010bf0e5a0
0x000000010b8e3570:   00007fa59485f1d8 00007fa595368320
0x000000010b8e3580:   000000010b8e35b0 000000010bee6e45
0x000000010b8e3590:   0000000000000000 00000007a3398220
0x000000010b8e35a0:   0000000000000000 00000007a3398220
0x000000010b8e35b0:   000000010b8e3628 0000000102dbdf90
0x000000010b8e35c0:   00000007a2ebc6b0 000000010b8e3600
0x000000010b8e35d0:   00000007a2ebcf80 0000000000000000
0x000000010b8e35e0:   00000007a2ebc6b8 000000010b8e35e8
0x000000010b8e35f0:   0000000000000000 000000010b8e3668
0x000000010b8e3600:   00000007a3399798 0000000000000000
0x000000010b8e3610:   00000007a3398220 0000000000000000
0x000000010b8e3620:   000000010b8e3648 000000010b8e36b0
0x000000010b8e3630:   0000000102db2158 0000000000000000
0x000000010b8e3640:   0000000102dbadd8 0000000000000001
0x000000010b8e3650:   0000000000000000 00007fa595368320
0x000000010b8e3660:   0000000102db2158 00000007e3c71a80
0x000000010b8e3670:   000000010b8e3670 00000007a3373cbe
0x000000010b8e3680:   000000010b8e36c8 00000007a33768b0
0x000000010b8e3690:   0000000000000000 00000007a3373ce8
0x000000010b8e36a0:   000000010b8e3648 000000010b8e36c0
0x000000010b8e36b0:   000000010b8e3710 0000000102db2158
0x000000010b8e36c0:   0000000000000001 00000007e3c71a80
0x000000010b8e36d0:   000000010b8e36d0 00000007a33912a5
0x000000010b8e36e0:   000000010b8e3720 00000007a3391890 

Instructions: (pc=0x00007fff980862c1)
0x00007fff980862a1:   90 55 48 89 e5 41 57 41 56 53 48 83 ec 08 48 8b
0x00007fff980862b1:   05 72 71 37 e7 48 8b 04 38 48 8b 0d 7f 71 37 e7
0x00007fff980862c1:   f6 44 08 03 01 48 89 fb 74 58 48 8b 35 16 6e 3e
0x00007fff980862d1:   e7 30 c0 48 89 df e8 ec 41 82 00 49 89 c6 48 8b 

Register to memory mapping:

RAX=0x0000000000000000 is an unknown value
RBX=0x00007fa595368320 is an unknown value
RCX=0x0000000000000080 is an unknown value
RDX=0x000000010b8e3494 is pointing into the stack for thread: 0x00007fa59485f000
RSP=0x000000010b8e34f0 is pointing into the stack for thread: 0x00007fa59485f000
RBP=0x000000010b8e3510 is pointing into the stack for thread: 0x00007fa59485f000
RSI=0x00007fff988e6e90: __PRETTY_FUNCTION__.176921+0x4f60 in /System/Library/Frameworks/AppKit.framework/Versions/C/AppKit at 0x00007fff98030000
RDI=0x00007fa595368320 is an unknown value
R8 =0x000000010b8e349c is pointing into the stack for thread: 0x00007fa59485f000
R9 =0x000000010b8e3498 is pointing into the stack for thread: 0x00007fa59485f000
R10=0x0000000000000081 is an unknown value
R11=0x00007fff980862a2: -[NSView unlockFocus]+0 in /System/Library/Frameworks/AppKit.framework/Versions/C/AppKit at 0x00007fff98030000
R12=0x00007fa59485f1d8 is an unknown value
R13=0x0000000000000001 is an unknown value
R14=0x000000010b8e3668 is pointing into the stack for thread: 0x00007fa59485f000
R15=0x00007fa59485f000 is a thread


Stack: [0x000000010b7e4000,0x000000010b8e4000],  sp=0x000000010b8e34f0,  free space=1021k
Native frames: (J=compiled Java code, j=interpreted, Vv=VM code, C=native code)
C  [AppKit+0x562c1]  -[NSView unlockFocus]+0x1f
