#
# A fatal error has been detected by the Java Runtime Environment:
#
#  SIGSEGV (0xb) at pc=0x00007fff9507d390, pid=3243, tid=140735261858144
#
# JRE version: 7.0_04-b21
# Java VM: Java HotSpot(TM) 64-Bit Server VM (23.0-b21 mixed mode bsd-amd64 compressed oops)
# Problematic frame:
# C  [libobjc.A.dylib+0xb390]  objc_msgSend_vtable14+0x10
#
# Failed to write core dump. Core dumps have been disabled. To enable core dumping, try "ulimit -c unlimited" before starting Java again
#
# If you would like to submit a bug report, please visit:
#   http://bugreport.sun.com/bugreport/crash.jsp
# The crash happened outside the Java Virtual Machine in native code.
# See problematic frame for where to report the bug.
#

---------------  T H R E A D  ---------------

Current thread (0x00007ff6dc917000):  JavaThread "JavaFX Application Thread" [_thread_in_native, id=2068470112, stack(0x00007fff6c752000,0x00007fff6cf52000)]

siginfo:si_signo=SIGSEGV: si_errno=0, si_code=0 (SEGV0), si_addr=0x0000000000000000

Registers:
RAX=0xa000000000000000, RBX=0x00007ff6dd512070, RCX=0x00007ff6dc91e070, RDX=0x00000000a1a1a1a1
RSP=0x00007fff6cf4e0d8, RBP=0x00007fff6cf4e100, RSI=0x00007fff7b9f2720, RDI=0x00007ff6dd270360
R8 =0x00007fff7aeae084, R9 =0x00007fff6cf4e098, R10=0x000000010d49c340, R11=0x00007ff6dbd6fcf8
R12=0x000000010d4187e0, R13=0x0000000000000004, R14=0x00007ff6dc91e068, R15=0x00007fff7b9f2720
RIP=0x00007fff9507d390, EFLAGS=0x0000000000010246, ERR=0x0000000000000000
  TRAPNO=0x000000000000000d

Top of Stack: (sp=0x00007fff6cf4e0d8)
0x00007fff6cf4e0d8:   00007fff956b7404 000000010d4187e0
0x00007fff6cf4e0e8:   00007ff6dd515ed0 0000000000000000
0x00007fff6cf4e0f8:   0000085c60d13d7c 00007fff6cf4e160
0x00007fff6cf4e108:   00007fff9149bb58 00007fff94cee3a3
0x00007fff6cf4e118:   00007ff6dd512070 00007ff6dd515ed0
0x00007fff6cf4e128:   00007ff6dd515ee8 d75a0d27c3259546
0x00007fff6cf4e138:   00007ff6dd515ed0 000000010d4187e0
0x00007fff6cf4e148:   0000000000000004 000000010d4187d0
0x00007fff6cf4e158:   0000085c60d13d7c 00007fff6cf4e1d0
0x00007fff6cf4e168:   00007fff9149b4ba 00007fff6cf4e1a0
0x00007fff6cf4e178:   0000000000000000 0000000000000000
0x00007fff6cf4e188:   00007ff6dd512070 00007ff6dd515ee8
0x00007fff6cf4e198:   000000010d4186d0 d75a0d27c3259546
0x00007fff6cf4e1a8:   0000000000000003 00007ff6dd468460
0x00007fff6cf4e1b8:   000000010d418590 0000000000000001
0x00007fff6cf4e1c8:   0000000000000005 00007fff6cf4ee80
0x00007fff6cf4e1d8:   00007fff9147be11 00007ff6dc9171d8
0x00007fff6cf4e1e8:   00230004ffffffff 0000000000000000
0x00007fff6cf4e1f8:   000000017b59f670 00007ff6dd2a87f0
0x00007fff6cf4e208:   000000010d4187e0 000000010d4186d0
0x00007fff6cf4e218:   01007fff930bd160 00007fff6cf4e258
0x00007fff6cf4e228:   00001a037b59f68c 00007fff7aea6fa0
0x00007fff6cf4e238:   000000010d4186c0 000000010d4187d0
0x00007fff6cf4e248:   00007ff6dd4675c0 00007fff6cf4e258
0x00007fff6cf4e258:   0000003000001100 0000190300000000
0x00007fff6cf4e268:   0000000000000000 0000000000000000
0x00007fff6cf4e278:   0000000000000000 0000000000000000
0x00007fff6cf4e288:   0000004400000000 00000000000011d6
0x00007fff6cf4e298:   0000000000000001 0000000000000000
0x00007fff6cf4e2a8:   0000000000000000 0000000000000000
0x00007fff6cf4e2b8:   0000000000000000 adc2adc100000000
0x00007fff6cf4e2c8:   0000000000000000 000000000000ed2b 

Instructions: (pc=0x00007fff9507d390)
0x00007fff9507d370:   8b 42 18 48 8b 76 08 ff 60 68 66 0f 1f 44 00 00
0x00007fff9507d380:   48 85 ff 74 16 f7 c7 01 00 00 00 75 12 48 8b 07
0x00007fff9507d390:   48 8b 40 18 48 8b 76 08 ff 60 70 31 c0 c3 90 89
0x00007fff9507d3a0:   f8 83 e0 0f 4c 8d 15 2d 51 84 e6 4d 8b 14 c2 49 

Register to memory mapping:

RAX=0xa000000000000000 is an unknown value
RBX=0x00007ff6dd512070 is an unknown value
RCX=0x00007ff6dc91e070 is an unknown value
RDX=0x00000000a1a1a1a1 is an unknown value
RSP=0x00007fff6cf4e0d8 is pointing into the stack for thread: 0x00007ff6dc917000
RBP=0x00007fff6cf4e100 is pointing into the stack for thread: 0x00007ff6dc917000
RSI=0x00007fff7b9f2720: OBJC_IVAR_$_NSFileWatcher._formerPath+0x72d0 in /System/Library/Frameworks/Foundation.framework/Versions/C/Foundation at 0x00007fff956a1000
RDI=0x00007ff6dd270360 is an unknown value
R8 =0x00007fff7aeae084: __CFProcessKillingLock+0 in /System/Library/Frameworks/CoreFoundation.framework/Versions/A/CoreFoundation at 0x00007fff91443000
R9 =0x00007fff6cf4e098 is pointing into the stack for thread: 0x00007ff6dc917000
R10=0x000000010d49c340 is an unknown value
R11=0x00007ff6dbd6fcf8 is an unknown value
R12=0x000000010d4187e0 is an unknown value
R13=0x0000000000000004 is an unknown value
R14=0x00007ff6dc91e068 is an unknown value
R15=0x00007fff7b9f2720: OBJC_IVAR_$_NSFileWatcher._formerPath+0x72d0 in /System/Library/Frameworks/Foundation.framework/Versions/C/Foundation at 0x00007fff956a1000


Stack: [0x00007fff6c752000,0x00007fff6cf52000],  sp=0x00007fff6cf4e0d8,  free space=8176k
Native frames: (J=compiled Java code, j=interpreted, Vv=VM code, C=native code)
C  [libobjc.A.dylib+0xb390]  objc_msgSend_vtable14+0x10
C  [CoreFoundation+0x58b58]  CFRunLoopTimerInvalidate+0x218
C  [CoreFoundation+0x584ba]  __CFRunLoopDoTimer+0x24a
C  [CoreFoundation+0x38e11]  __CFRunLoopRun+0x651
C  [CoreFoundation+0x38486]  CFRunLoopRunSpecific+0xe6
C  [HIToolbox+0x22bf]  RunCurrentEventLoopInMode+0x115
C  [HIToolbox+0x94bf]  ReceiveNextEventCommon+0xb5
C  [HIToolbox+0x93fa]  BlockUntilNextEventMatchingListInMode+0x3e
C  [AppKit+0x8779]  _DPSNextEvent+0x293
C  [AppKit+0x807d]  -[NSApplication nextEventMatchingMask:untilDate:inMode:dequeue:]+0x87
C  [AppKit+0x49b9]  -[NSApplication run]+0x1d6
C  [libglass.dylib+0x3d31]  -[GlassApplication runLoop:]+0x2f1
C  [CoreFoundation+0x9370d]  -[NSObject performSelector:withObject:]+0x3d
C  [Foundation+0x4fd70]  __NSThreadPerformPerform+0xd6
C  [CoreFoundation+0x124f1]  __CFRUNLOOP_IS_CALLING_OUT_TO_A_SOURCE0_PERFORM_FUNCTION__+0x11
C  [CoreFoundation+0x11d5d]  __CFRunLoopDoSources0+0xfd
C  [CoreFoundation+0x38b49]  __CFRunLoopRun+0x389
C  [CoreFoundation+0x38486]  CFRunLoopRunSpecific+0xe6
C  [java+0x74bc]  CreateExecutionEnvironment+0x367
C  [java+0x1cac]  JLI_Launch+0x7a0
C  [java+0x7819]  main+0x65
C  [java+0x1504]  start+0x34


---------------  P R O C E S S  ---------------

Java Threads: ( => current thread )
  0x00007ff6dc17e000 JavaThread "Prism Font Disposer" daemon [_thread_blocked, id=448565248, stack(0x000000011aac9000,0x000000011abc9000)]
  0x00007ff6dc159800 JavaThread "Thread-4" daemon [_thread_in_native, id=415055872, stack(0x0000000118b54000,0x0000000118bd4000)]
=>0x00007ff6dc917000 JavaThread "JavaFX Application Thread" [_thread_in_native, id=2068470112, stack(0x00007fff6c752000,0x00007fff6cf52000)]
  0x00007ff6dc0ba000 JavaThread "Thread-2" daemon [_thread_blocked, id=390094848, stack(0x0000000117306000,0x0000000117406000)]
  0x00007ff6dc916000 JavaThread "Disposer" daemon [_thread_blocked, id=388628480, stack(0x00000001171a0000,0x00000001172a0000)]
  0x00007ff6dc924000 JavaThread "QuantumRenderer-0" daemon [_thread_blocked, id=382439424, stack(0x0000000116bb9000,0x0000000116cb9000)]
  0x00007ff6dc096800 JavaThread "JavaFX-Launcher" [_thread_blocked, id=381345792, stack(0x0000000116aae000,0x0000000116bae000)]
  0x00007ff6dc058000 JavaThread "Service Thread" daemon [_thread_blocked, id=378724352, stack(0x000000011682e000,0x000000011692e000)]
  0x00007ff6dc057800 JavaThread "C2 CompilerThread1" daemon [_thread_blocked, id=377663488, stack(0x000000011672b000,0x000000011682b000)]
  0x00007ff6dc055800 JavaThread "C2 CompilerThread0" daemon [_thread_blocked, id=376602624, stack(0x0000000116628000,0x0000000116728000)]
  0x00007ff6dc054800 JavaThread "Signal Dispatcher" daemon [_thread_blocked, id=375541760, stack(0x0000000116525000,0x0000000116625000)]
  0x00007ff6dc045800 JavaThread "Finalizer" daemon [_thread_blocked, id=372441088, stack(0x0000000116230000,0x0000000116330000)]
  0x00007ff6dc044800 JavaThread "Reference Handler" daemon [_thread_blocked, id=371380224, stack(0x000000011612d000,0x000000011622d000)]
  0x00007ff6dc800800 JavaThread "main" [_thread_blocked, id=236077056, stack(0x000000010e024000,0x000000010e124000)]

Other Threads:
  0x00007ff6dc042000 VMThread [stack: 0x000000011602a000,0x000000011612a000] [id=370319360]
  0x00007ff6dc050000 WatcherThread [stack: 0x0000000116931000,0x0000000116a31000] [id=379785216]

VM state:not at safepoint (normal execution)

VM Mutex/Monitor currently owned by a thread: None

Heap
 PSYoungGen      total 41728K, used 38079K [0x00000007e2800000, 0x00000007e5b50000, 0x0000000800000000)
  eden space 38336K, 90% used [0x00000007e2800000,0x00000007e49ea5c0,0x00000007e4d70000)
  from space 3392K, 98% used [0x00000007e5800000,0x00000007e5b45808,0x00000007e5b50000)
  to   space 3712K, 0% used [0x00000007e5410000,0x00000007e5410000,0x00000007e57b0000)
 ParOldGen       total 114112K, used 77569K [0x00000007a7800000, 0x00000007ae770000, 0x00000007e2800000)
  object space 114112K, 67% used [0x00000007a7800000,0x00000007ac3c05c0,0x00000007ae770000)
 PSPermGen       total 21248K, used 11671K [0x00000007a2600000, 0x00000007a3ac0000, 0x00000007a7800000)
  object space 21248K, 54% used [0x00000007a2600000,0x00000007a3165ed8,0x00000007a3ac0000)

Code Cache  [0x000000010e156000, 0x000000010e3c6000, 0x0000000111156000)
 total_blobs=752 nmethods=222 adapters=482 free_code_cache=48029Kb largest_free_block=49142528

Compilation events (10 events):
Event: 44.195 Thread 0x00007ff6dc055800  222             com.sun.javafx.geom.transform.AffineBase::getMyy (5 bytes)
Event: 44.195 Thread 0x00007ff6dc055800 nmethod 222 0x000000010e237290 code [0x000000010e2373c0, 0x000000010e237418]
Event: 44.575 Thread 0x00007ff6dc055800  223             com.sun.javafx.geom.transform.GeneralTransform3D::isAffine (63 bytes)
Event: 44.580 Thread 0x00007ff6dc055800 nmethod 223 0x000000010e252190 code [0x000000010e252340, 0x000000010e252518]
Event: 44.580 Thread 0x00007ff6dc055800  224             com.sun.javafx.geom.transform.GeneralTransform3D::almostOne (22 bytes)
Event: 44.580 Thread 0x00007ff6dc055800 nmethod 224 0x000000010e251f50 code [0x000000010e2520c0, 0x000000010e252118]
Event: 44.582 Thread 0x00007ff6dc055800  225             com.sun.prism.impl.ps.BaseShaderContext$State::access$1100 (5 bytes)
Event: 44.582 Thread 0x00007ff6dc055800 nmethod 225 0x000000010e237090 code [0x000000010e2371c0, 0x000000010e237218]
Event: 44.594 Thread 0x00007ff6dc055800  226             com.sun.prism.es2.ES2Shader$Uniform::access$200 (5 bytes)
Event: 44.595 Thread 0x00007ff6dc055800 nmethod 226 0x000000010e253250 code [0x000000010e253380, 0x000000010e2533d8]

GC Heap History (10 events):
Event: 3.441 GC heap before
{Heap before GC invocations=1 (full 0):
 PSYoungGen      total 26432K, used 22460K [0x00000007e2800000, 0x00000007e4570000, 0x0000000800000000)
  eden space 22720K, 98% used [0x00000007e2800000,0x00000007e3def198,0x00000007e3e30000)
  from space 3712K, 0% used [0x00000007e41d0000,0x00000007e41d0000,0x00000007e4570000)
  to   space 3712K, 0% used [0x00000007e3e30000,0x00000007e3e30000,0x00000007e41d0000)
 ParOldGen       total 60416K, used 0K [0x00000007a7800000, 0x00000007ab300000, 0x00000007e2800000)
  object space 60416K, 0% used [0x00000007a7800000,0x00000007a7800000,0x00000007ab300000)
 PSPermGen       total 21248K, used 6409K [0x00000007a2600000, 0x00000007a3ac0000, 0x00000007a7800000)
  object space 21248K, 30% used [0x00000007a2600000,0x00000007a2c425c0,0x00000007a3ac0000)
Event: 3.462 GC heap after
Heap after GC invocations=1 (full 0):
 PSYoungGen      total 26432K, used 3692K [0x00000007e2800000, 0x00000007e4570000, 0x0000000800000000)
  eden space 22720K, 0% used [0x00000007e2800000,0x00000007e2800000,0x00000007e3e30000)
  from space 3712K, 99% used [0x00000007e3e30000,0x00000007e41cb130,0x00000007e41d0000)
  to   space 3712K, 0% used [0x00000007e41d0000,0x00000007e41d0000,0x00000007e4570000)
 ParOldGen       total 60416K, used 13725K [0x00000007a7800000, 0x00000007ab300000, 0x00000007e2800000)
  object space 60416K, 22% used [0x00000007a7800000,0x00000007a8567740,0x00000007ab300000)
 PSPermGen       total 21248K, used 6409K [0x00000007a2600000, 0x00000007a3ac0000, 0x00000007a7800000)
  object space 21248K, 30% used [0x00000007a2600000,0x00000007a2c425c0,0x00000007a3ac0000)
}
Event: 4.143 GC heap before
{Heap before GC invocations=2 (full 0):
 PSYoungGen      total 26432K, used 26137K [0x00000007e2800000, 0x00000007e4570000, 0x0000000800000000)
  eden space 22720K, 98% used [0x00000007e2800000,0x00000007e3deb5b8,0x00000007e3e30000)
  from space 3712K, 99% used [0x00000007e3e30000,0x00000007e41cb130,0x00000007e41d0000)
  to   space 3712K, 0% used [0x00000007e41d0000,0x00000007e41d0000,0x00000007e4570000)
 ParOldGen       total 60416K, used 13725K [0x00000007a7800000, 0x00000007ab300000, 0x00000007e2800000)
  object space 60416K, 22% used [0x00000007a7800000,0x00000007a8567740,0x00000007ab300000)
 PSPermGen       total 21248K, used 6414K [0x00000007a2600000, 0x00000007a3ac0000, 0x00000007a7800000)
  object space 21248K, 30% used [0x00000007a2600000,0x00000007a2c43878,0x00000007a3ac0000)
Event: 4.172 GC heap after
Heap after GC invocations=2 (full 0):
 PSYoungGen      total 26432K, used 3708K [0x00000007e2800000, 0x00000007e5ba0000, 0x0000000800000000)
  eden space 22720K, 0% used [0x00000007e2800000,0x00000007e2800000,0x00000007e3e30000)
  from space 3712K, 99% used [0x00000007e41d0000,0x00000007e456f350,0x00000007e4570000)
  to   space 3712K, 0% used [0x00000007e3e30000,0x00000007e3e30000,0x00000007e41d0000)
 ParOldGen       total 60416K, used 34538K [0x00000007a7800000, 0x00000007ab300000, 0x00000007e2800000)
  object space 60416K, 57% used [0x00000007a7800000,0x00000007a99baba8,0x00000007ab300000)
 PSPermGen       total 21248K, used 6414K [0x00000007a2600000, 0x00000007a3ac0000, 0x00000007a7800000)
  object space 21248K, 30% used [0x00000007a2600000,0x00000007a2c43878,0x00000007a3ac0000)
}
Event: 4.709 GC heap before
{Heap before GC invocations=3 (full 0):
 PSYoungGen      total 26432K, used 25959K [0x00000007e2800000, 0x00000007e5ba0000, 0x0000000800000000)
  eden space 22720K, 97% used [0x00000007e2800000,0x00000007e3dbaba8,0x00000007e3e30000)
  from space 3712K, 99% used [0x00000007e41d0000,0x00000007e456f350,0x00000007e4570000)
  to   space 3712K, 0% used [0x00000007e3e30000,0x00000007e3e30000,0x00000007e41d0000)
 ParOldGen       total 60416K, used 34538K [0x00000007a7800000, 0x00000007ab300000, 0x00000007e2800000)
  object space 60416K, 57% used [0x00000007a7800000,0x00000007a99baba8,0x00000007ab300000)
 PSPermGen       total 21248K, used 6421K [0x00000007a2600000, 0x00000007a3ac0000, 0x00000007a7800000)
  object space 21248K, 30% used [0x00000007a2600000,0x00000007a2c45690,0x00000007a3ac0000)
Event: 4.737 GC heap after
Heap after GC invocations=3 (full 0):
 PSYoungGen      total 26432K, used 3700K [0x00000007e2800000, 0x00000007e5ba0000, 0x0000000800000000)
  eden space 22720K, 0% used [0x00000007e2800000,0x00000007e2800000,0x00000007e3e30000)
  from space 3712K, 99% used [0x00000007e3e30000,0x00000007e41cd088,0x00000007e41d0000)
  to   space 3712K, 0% used [0x00000007e5800000,0x00000007e5800000,0x00000007e5ba0000)
 ParOldGen       total 60416K, used 55750K [0x00000007a7800000, 0x00000007ab300000, 0x00000007e2800000)
  object space 60416K, 92% used [0x00000007a7800000,0x00000007aae718d0,0x00000007ab300000)
 PSPermGen       total 21248K, used 6421K [0x00000007a2600000, 0x00000007a3ac0000, 0x00000007a7800000)
  object space 21248K, 30% used [0x00000007a2600000,0x00000007a2c45690,0x00000007a3ac0000)
}
Event: 4.737 GC heap before
{Heap before GC invocations=4 (full 1):
 PSYoungGen      total 26432K, used 3700K [0x00000007e2800000, 0x00000007e5ba0000, 0x0000000800000000)
  eden space 22720K, 0% used [0x00000007e2800000,0x00000007e2800000,0x00000007e3e30000)
  from space 3712K, 99% used [0x00000007e3e30000,0x00000007e41cd088,0x00000007e41d0000)
  to   space 3712K, 0% used [0x00000007e5800000,0x00000007e5800000,0x00000007e5ba0000)
 ParOldGen       total 60416K, used 55750K [0x00000007a7800000, 0x00000007ab300000, 0x00000007e2800000)
  object space 60416K, 92% used [0x00000007a7800000,0x00000007aae718d0,0x00000007ab300000)
 PSPermGen       total 21248K, used 6421K [0x00000007a2600000, 0x00000007a3ac0000, 0x00000007a7800000)
  object space 21248K, 30% used [0x00000007a2600000,0x00000007a2c45690,0x00000007a3ac0000)
Event: 4.808 GC heap after
Heap after GC invocations=4 (full 1):
 PSYoungGen      total 26432K, used 0K [0x00000007e2800000, 0x00000007e5ba0000, 0x0000000800000000)
  eden space 22720K, 0% used [0x00000007e2800000,0x00000007e2800000,0x00000007e3e30000)
  from space 3712K, 0% used [0x00000007e3e30000,0x00000007e3e30000,0x00000007e41d0000)
  to   space 3712K, 0% used [0x00000007e5800000,0x00000007e5800000,0x00000007e5ba0000)
 ParOldGen       total 114112K, used 59353K [0x00000007a7800000, 0x00000007ae770000, 0x00000007e2800000)
  object space 114112K, 52% used [0x00000007a7800000,0x00000007ab1f6710,0x00000007ae770000)
 PSPermGen       total 21248K, used 6418K [0x00000007a2600000, 0x00000007a3ac0000, 0x00000007a7800000)
  object space 21248K, 30% used [0x00000007a2600000,0x00000007a2c44a50,0x00000007a3ac0000)
}
Event: 5.420 GC heap before
{Heap before GC invocations=5 (full 1):
 PSYoungGen      total 26432K, used 22640K [0x00000007e2800000, 0x00000007e5ba0000, 0x0000000800000000)
  eden space 22720K, 99% used [0x00000007e2800000,0x00000007e3e1c2a8,0x00000007e3e30000)
  from space 3712K, 0% used [0x00000007e3e30000,0x00000007e3e30000,0x00000007e41d0000)
  to   space 3712K, 0% used [0x00000007e5800000,0x00000007e5800000,0x00000007e5ba0000)
 ParOldGen       total 114112K, used 59353K [0x00000007a7800000, 0x00000007ae770000, 0x00000007e2800000)
  object space 114112K, 52% used [0x00000007a7800000,0x00000007ab1f6710,0x00000007ae770000)
 PSPermGen       total 21248K, used 6422K [0x00000007a2600000, 0x00000007a3ac0000, 0x00000007a7800000)
  object space 21248K, 30% used [0x00000007a2600000,0x00000007a2c45b10,0x00000007a3ac0000)
Event: 5.443 GC heap after
Heap after GC invocations=5 (full 1):
 PSYoungGen      total 41728K, used 3350K [0x00000007e2800000, 0x00000007e5b50000, 0x0000000800000000)
  eden space 38336K, 0% used [0x00000007e2800000,0x00000007e2800000,0x00000007e4d70000)
  from space 3392K, 98% used [0x00000007e5800000,0x00000007e5b45808,0x00000007e5b50000)
  to   space 3712K, 0% used [0x00000007e5410000,0x00000007e5410000,0x00000007e57b0000)
 ParOldGen       total 114112K, used 77569K [0x00000007a7800000, 0x00000007ae770000, 0x00000007e2800000)
  object space 114112K, 67% used [0x00000007a7800000,0x00000007ac3c05c0,0x00000007ae770000)
 PSPermGen       total 21248K, used 6422K [0x00000007a2600000, 0x00000007a3ac0000, 0x00000007a7800000)
  object space 21248K, 30% used [0x00000007a2600000,0x00000007a2c45b10,0x00000007a3ac0000)
}

Deoptimization events (10 events):
Event: 6.884 Thread 0x00007ff6dc917000 Uncommon trap -34 fr.pc 0x000000010e1c6b9c
Event: 6.884 Thread 0x00007ff6dc917000 Uncommon trap -34 fr.pc 0x000000010e1c6b9c
Event: 7.214 Thread 0x00007ff6dc917000 Uncommon trap 51 fr.pc 0x000000010e201c00
Event: 7.216 Thread 0x00007ff6dc917000 Uncommon trap -75 fr.pc 0x000000010e2059f0
Event: 7.818 Thread 0x00007ff6dc917000 Uncommon trap -12 fr.pc 0x000000010e207b90
Event: 7.818 Thread 0x00007ff6dc917000 Uncommon trap -12 fr.pc 0x000000010e20d8c4
Event: 10.199 Thread 0x00007ff6dc917000 Uncommon trap -12 fr.pc 0x000000010e21ebb4
Event: 11.756 Thread 0x00007ff6dc917000 Uncommon trap -12 fr.pc 0x000000010e233150
Event: 11.778 Thread 0x00007ff6dc917000 Uncommon trap -12 fr.pc 0x000000010e2477ec
Event: 14.781 Thread 0x00007ff6dc917000 Uncommon trap -83 fr.pc 0x000000010e22ea18

Internal exceptions (10 events):
Event: 6.581 Thread 0x00007ff6dc917000 Threw 0x00000007e3ea5ef0 at /HUDSON/workspace/jdk7u4-2-build-macosx-x86_64-product/jdk7u4/hotspot/src/share/vm/prims/jvm.cpp:1166
Event: 7.818 Thread 0x00007ff6dc917000 Implicit null exception at 0x000000010e207acb to 0x000000010e207b85
Event: 7.818 Thread 0x00007ff6dc917000 Implicit null exception at 0x000000010e20d669 to 0x000000010e20d8a9
Event: 10.166 Thread 0x00007ff6dc917000 Threw 0x00000007e43efa70 at /HUDSON/workspace/jdk7u4-2-build-macosx-x86_64-product/jdk7u4/hotspot/src/share/vm/prims/jvm.cpp:1166
Event: 10.199 Thread 0x00007ff6dc917000 Implicit null exception at 0x000000010e21c34d to 0x000000010e21ead1
Event: 11.756 Thread 0x00007ff6dc917000 Implicit null exception at 0x000000010e2330f1 to 0x000000010e233145
Event: 11.758 Thread 0x00007ff6dc917000 Threw 0x00000007e44a1250 at /HUDSON/workspace/jdk7u4-2-build-macosx-x86_64-product/jdk7u4/hotspot/src/share/vm/prims/jvm.cpp:1166
Event: 11.778 Thread 0x00007ff6dc917000 Implicit null exception at 0x000000010e243cc0 to 0x000000010e2477d5
Event: 31.734 Thread 0x00007ff6dc917000 Threw 0x00000007e45e7a90 at /HUDSON/workspace/jdk7u4-2-build-macosx-x86_64-product/jdk7u4/hotspot/src/share/vm/prims/jvm.cpp:1166
Event: 31.757 Thread 0x00007ff6dc917000 Threw 0x00000007e45ec000 at /HUDSON/workspace/jdk7u4-2-build-macosx-x86_64-product/jdk7u4/hotspot/src/share/vm/prims/jvm.cpp:1166

Events (10 events):
Event: 44.600 loading class 0x00007ff6dbd59f40
Event: 44.600 loading class 0x00007ff6dbd59f40 done
Event: 44.600 loading class 0x00007ff6dbd1fdf0
Event: 44.600 loading class 0x00007ff6dbd200a0
Event: 44.600 loading class 0x00007ff6dbd200a0 done
Event: 44.600 loading class 0x00007ff6dbd1fdf0 done
Event: 44.600 loading class 0x00007ff6dd29c9e0
Event: 44.600 loading class 0x00007ff6dd29c9e0 done
Event: 44.620 loading class 0x000000010d46f080
Event: 44.621 loading class 0x000000010d46f080 done


Dynamic libraries:
0x000000000a2d3000 	/System/Library/Frameworks/Cocoa.framework/Versions/A/Cocoa
0x000000000a2d3000 	/System/Library/Frameworks/Security.framework/Versions/A/Security
0x000000000a2d3000 	/System/Library/Frameworks/ApplicationServices.framework/Versions/A/ApplicationServices
0x000000000a2d3000 	/usr/lib/libz.1.dylib
0x000000000a2d3000 	/usr/lib/libSystem.B.dylib
0x000000000a2d3000 	/usr/lib/libobjc.A.dylib
0x000000000a2d3000 	/System/Library/Frameworks/CoreFoundation.framework/Versions/A/CoreFoundation
0x000000000a2d3000 	/System/Library/Frameworks/AppKit.framework/Versions/C/AppKit
0x000000000a2d3000 	/System/Library/Frameworks/CoreData.framework/Versions/A/CoreData
0x000000000a2d3000 	/System/Library/Frameworks/Foundation.framework/Versions/C/Foundation
0x000000000a2d3000 	/System/Library/PrivateFrameworks/RemoteViewServices.framework/Versions/A/RemoteViewServices
0x000000000a2d3000 	/System/Library/Frameworks/AudioToolbox.framework/Versions/A/AudioToolbox
0x000000000a2d3000 	/System/Library/Frameworks/AudioUnit.framework/Versions/A/AudioUnit
0x000000000a2d3000 	/System/Library/PrivateFrameworks/DataDetectorsCore.framework/Versions/A/DataDetectorsCore
0x000000000a2d3000 	/System/Library/PrivateFrameworks/DesktopServicesPriv.framework/Versions/A/DesktopServicesPriv
0x000000000a2d3000 	/System/Library/Frameworks/Carbon.framework/Versions/A/Frameworks/HIToolbox.framework/Versions/A/HIToolbox
0x000000000a2d3000 	/System/Library/Frameworks/QuartzCore.framework/Versions/A/QuartzCore
0x000000000a2d3000 	/System/Library/Frameworks/Carbon.framework/Versions/A/Frameworks/SpeechRecognition.framework/Versions/A/SpeechRecognition
0x000000000a2d3000 	/usr/lib/libauto.dylib
0x000000000a2d3000 	/usr/lib/libicucore.A.dylib
0x000000000a2d3000 	/usr/lib/libxml2.2.dylib
0x000000000a2d3000 	/System/Library/PrivateFrameworks/CoreUI.framework/Versions/A/CoreUI
0x000000000a2d3000 	/System/Library/Frameworks/CoreAudio.framework/Versions/A/CoreAudio
0x000000000a2d3000 	/System/Library/Frameworks/DiskArbitration.framework/Versions/A/DiskArbitration
0x000000000a2d3000 	/usr/lib/liblangid.dylib
0x000000000a2d3000 	/System/Library/PrivateFrameworks/MultitouchSupport.framework/Versions/A/MultitouchSupport
0x000000000a2d3000 	/System/Library/Frameworks/IOKit.framework/Versions/A/IOKit
0x000000000a2d3000 	/usr/lib/libDiagnosticMessagesClient.dylib
0x000000000a2d3000 	/System/Library/Frameworks/CoreServices.framework/Versions/A/CoreServices
0x000000000a2d3000 	/System/Library/PrivateFrameworks/PerformanceAnalysis.framework/Versions/A/PerformanceAnalysis
0x000000000a2d3000 	/System/Library/PrivateFrameworks/GenerationalStorage.framework/Versions/A/GenerationalStorage
0x000000000a2d3000 	/System/Library/Frameworks/OpenGL.framework/Versions/A/OpenGL
0x000000000a2d3000 	/System/Library/Frameworks/CoreServices.framework/Versions/A/Frameworks/CFNetwork.framework/Versions/A/CFNetwork
0x000000000a2d3000 	/System/Library/Frameworks/SystemConfiguration.framework/Versions/A/SystemConfiguration
0x000000000a2d3000 	/usr/lib/libCRFSuite.dylib
0x000000000a2d3000 	/usr/lib/libc++.1.dylib
0x000000000a2d3000 	/usr/lib/libstdc++.6.dylib
0x000000000a2d3000 	/usr/lib/libc++abi.dylib
0x000000000a2d3000 	/usr/lib/system/libcache.dylib
0x000000000a2d3000 	/usr/lib/system/libcommonCrypto.dylib
0x000000000a2d3000 	/usr/lib/system/libcompiler_rt.dylib
0x000000000a2d3000 	/usr/lib/system/libcopyfile.dylib
0x000000000a2d3000 	/usr/lib/system/libdispatch.dylib
0x000000000a2d3000 	/usr/lib/system/libdnsinfo.dylib
0x000000000a2d3000 	/usr/lib/system/libdyld.dylib
0x000000000a2d3000 	/usr/lib/system/libkeymgr.dylib
0x000000000a2d3000 	/usr/lib/system/liblaunch.dylib
0x000000000a2d3000 	/usr/lib/system/libmacho.dylib
0x000000000a2d3000 	/usr/lib/system/libmathCommon.A.dylib
0x000000000a2d3000 	/usr/lib/system/libquarantine.dylib
0x000000000a2d3000 	/usr/lib/system/libremovefile.dylib
0x000000000a2d3000 	/usr/lib/system/libsystem_blocks.dylib
0x000000000a2d3000 	/usr/lib/system/libsystem_c.dylib
0x000000000a2d3000 	/usr/lib/system/libsystem_dnssd.dylib
0x000000000a2d3000 	/usr/lib/system/libsystem_info.dylib
0x000000000a2d3000 	/usr/lib/system/libsystem_kernel.dylib
0x000000000a2d3000 	/usr/lib/system/libsystem_network.dylib
0x000000000a2d3000 	/usr/lib/system/libsystem_notify.dylib
0x000000000a2d3000 	/usr/lib/system/libsystem_sandbox.dylib
0x000000000a2d3000 	/usr/lib/system/libunc.dylib
0x000000000a2d3000 	/usr/lib/system/libunwind.dylib
0x000000000a2d3000 	/usr/lib/system/libxpc.dylib
0x000000000a2d3000 	/usr/lib/libbsm.0.dylib
0x000000000a2d3000 	/usr/lib/libsqlite3.dylib
0x000000000a2d3000 	/usr/lib/libOpenScriptingUtil.dylib
0x000000000a2d3000 	/usr/lib/libpam.2.dylib
0x000000000a2d3000 	/usr/lib/libxar-nossl.dylib
0x000000000a2d3000 	/usr/lib/libbz2.1.0.dylib
0x000000000a2d3000 	/System/Library/Frameworks/CoreServices.framework/Versions/A/Frameworks/CarbonCore.framework/Versions/A/CarbonCore
0x000000000a2d3000 	/System/Library/Frameworks/CoreServices.framework/Versions/A/Frameworks/Metadata.framework/Versions/A/Metadata
0x000000000a2d3000 	/System/Library/Frameworks/CoreServices.framework/Versions/A/Frameworks/OSServices.framework/Versions/A/OSServices
0x000000000a2d3000 	/System/Library/Frameworks/CoreServices.framework/Versions/A/Frameworks/SearchKit.framework/Versions/A/SearchKit
0x000000000a2d3000 	/System/Library/Frameworks/CoreServices.framework/Versions/A/Frameworks/AE.framework/Versions/A/AE
0x000000000a2d3000 	/System/Library/Frameworks/CoreServices.framework/Versions/A/Frameworks/LaunchServices.framework/Versions/A/LaunchServices
0x000000000a2d3000 	/System/Library/Frameworks/CoreServices.framework/Versions/A/Frameworks/DictionaryServices.framework/Versions/A/DictionaryServices
0x000000000a2d3000 	/System/Library/Frameworks/NetFS.framework/Versions/A/NetFS
0x000000000a2d3000 	/usr/lib/system/libkxld.dylib
0x000000000a2d3000 	/System/Library/PrivateFrameworks/NetAuth.framework/Versions/A/NetAuth
0x000000000a2d3000 	/usr/lib/libcrypto.0.9.8.dylib
0x000000000a2d3000 	/System/Library/PrivateFrameworks/TrustEvaluationAgent.framework/Versions/A/TrustEvaluationAgent
0x000000000a2d3000 	/System/Library/Frameworks/OpenDirectory.framework/Versions/A/Frameworks/CFOpenDirectory.framework/Versions/A/CFOpenDirectory
0x000000000a2d3000 	/usr/lib/libxslt.1.dylib
0x000000000a2d3000 	/System/Library/PrivateFrameworks/FamilyControls.framework/Versions/A/FamilyControls
0x000000000a2d3000 	/System/Library/Frameworks/Carbon.framework/Versions/A/Frameworks/Ink.framework/Versions/A/Ink
0x000000000a2d3000 	/System/Library/Frameworks/ApplicationServices.framework/Versions/A/Frameworks/CoreGraphics.framework/Versions/A/CoreGraphics
0x000000000a2d3000 	/System/Library/Frameworks/ApplicationServices.framework/Versions/A/Frameworks/ImageIO.framework/Versions/A/ImageIO
0x000000000a2d3000 	/System/Library/Frameworks/ApplicationServices.framework/Versions/A/Frameworks/CoreText.framework/Versions/A/CoreText
0x000000000a2d3000 	/System/Library/Frameworks/ApplicationServices.framework/Versions/A/Frameworks/ATS.framework/Versions/A/ATS
0x000000000a2d3000 	/System/Library/Frameworks/ApplicationServices.framework/Versions/A/Frameworks/ColorSync.framework/Versions/A/ColorSync
0x000000000a2d3000 	/System/Library/Frameworks/ApplicationServices.framework/Versions/A/Frameworks/HIServices.framework/Versions/A/HIServices
0x000000000a2d3000 	/System/Library/Frameworks/ApplicationServices.framework/Versions/A/Frameworks/LangAnalysis.framework/Versions/A/LangAnalysis
0x000000000a2d3000 	/System/Library/Frameworks/ApplicationServices.framework/Versions/A/Frameworks/PrintCore.framework/Versions/A/PrintCore
0x000000000a2d3000 	/System/Library/Frameworks/ApplicationServices.framework/Versions/A/Frameworks/QD.framework/Versions/A/QD
0x000000000a2d3000 	/System/Library/Frameworks/ApplicationServices.framework/Versions/A/Frameworks/SpeechSynthesis.framework/Versions/A/SpeechSynthesis
0x000000000a2d3000 	/System/Library/Frameworks/IOSurface.framework/Versions/A/IOSurface
0x000000000a2d3000 	/System/Library/Frameworks/Accelerate.framework/Versions/A/Accelerate
0x000000000a2d3000 	/System/Library/Frameworks/ApplicationServices.framework/Versions/A/Frameworks/ImageIO.framework/Versions/A/Resources/libJPEG.dylib
0x000000000a2d3000 	/System/Library/Frameworks/ApplicationServices.framework/Versions/A/Frameworks/ImageIO.framework/Versions/A/Resources/libTIFF.dylib
0x000000000a2d3000 	/System/Library/Frameworks/ApplicationServices.framework/Versions/A/Frameworks/ImageIO.framework/Versions/A/Resources/libPng.dylib
0x000000000a2d3000 	/System/Library/Frameworks/ApplicationServices.framework/Versions/A/Frameworks/ImageIO.framework/Versions/A/Resources/libGIF.dylib
0x000000000a2d3000 	/System/Library/Frameworks/ApplicationServices.framework/Versions/A/Frameworks/ImageIO.framework/Versions/A/Resources/libJP2.dylib
0x000000000a2d3000 	/System/Library/Frameworks/ApplicationServices.framework/Versions/A/Frameworks/ImageIO.framework/Versions/A/Resources/libRadiance.dylib
0x000000000a2d3000 	/System/Library/Frameworks/Accelerate.framework/Versions/A/Frameworks/vImage.framework/Versions/A/vImage
0x000000000a2d3000 	/System/Library/Frameworks/Accelerate.framework/Versions/A/Frameworks/vecLib.framework/Versions/A/vecLib
0x000000000a2d3000 	/System/Library/Frameworks/Accelerate.framework/Versions/A/Frameworks/vecLib.framework/Versions/A/libvDSP.dylib
0x000000000a2d3000 	/System/Library/Frameworks/Accelerate.framework/Versions/A/Frameworks/vecLib.framework/Versions/A/libvMisc.dylib
0x000000000a2d3000 	/System/Library/Frameworks/Accelerate.framework/Versions/A/Frameworks/vecLib.framework/Versions/A/libLAPACK.dylib
0x000000000a2d3000 	/System/Library/Frameworks/Accelerate.framework/Versions/A/Frameworks/vecLib.framework/Versions/A/libBLAS.dylib
0x000000000a2d3000 	/System/Library/Frameworks/ApplicationServices.framework/Versions/A/Frameworks/ATS.framework/Versions/A/Resources/libFontParser.dylib
0x000000000a2d3000 	/System/Library/Frameworks/ApplicationServices.framework/Versions/A/Frameworks/ATS.framework/Versions/A/Resources/libFontRegistry.dylib
0x000000000a2d3000 	/usr/lib/libcups.2.dylib
0x000000000a2d3000 	/System/Library/Frameworks/Kerberos.framework/Versions/A/Kerberos
0x000000000a2d3000 	/System/Library/Frameworks/GSS.framework/Versions/A/GSS
0x000000000a2d3000 	/usr/lib/libresolv.9.dylib
0x000000000a2d3000 	/usr/lib/libiconv.2.dylib
0x000000000a2d3000 	/System/Library/PrivateFrameworks/Heimdal.framework/Versions/A/Heimdal
0x000000000a2d3000 	/System/Library/Frameworks/OpenDirectory.framework/Versions/A/OpenDirectory
0x000000000a2d3000 	/System/Library/PrivateFrameworks/CommonAuth.framework/Versions/A/CommonAuth
0x000000000a2d3000 	/System/Library/Frameworks/CoreVideo.framework/Versions/A/CoreVideo
0x000000000a2d3000 	/System/Library/Frameworks/QuartzCore.framework/Versions/A/Frameworks/CoreImage.framework/Versions/A/CoreImage
0x000000000a2d3000 	/System/Library/Frameworks/QuartzCore.framework/Versions/A/Frameworks/ScalableUserInterface.framework/Versions/A/ScalableUserInterface
0x000000000a2d3000 	/System/Library/Frameworks/OpenGL.framework/Versions/A/Libraries/libGLU.dylib
0x000000000a2d3000 	/System/Library/Frameworks/OpenGL.framework/Versions/A/Libraries/libGFXShared.dylib
0x000000000a2d3000 	/System/Library/Frameworks/OpenGL.framework/Versions/A/Libraries/libGL.dylib
0x000000000a2d3000 	/System/Library/Frameworks/OpenGL.framework/Versions/A/Libraries/libGLImage.dylib
0x000000000a2d3000 	/System/Library/Frameworks/OpenGL.framework/Versions/A/Libraries/libCVMSPluginSupport.dylib
0x000000000a2d3000 	/System/Library/Frameworks/OpenGL.framework/Versions/A/Libraries/libCoreVMClient.dylib
0x000000000a2d3000 	/System/Library/Frameworks/OpenCL.framework/Versions/A/OpenCL
0x000000000a2d3000 	/System/Library/PrivateFrameworks/FaceCoreLight.framework/Versions/A/FaceCoreLight
0x000000000a2d3000 	/System/Library/Frameworks/vecLib.framework/Versions/A/vecLib
0x000000000a2d3000 	/System/Library/Frameworks/SecurityFoundation.framework/Versions/A/SecurityFoundation
0x000000000a2d3000 	/System/Library/PrivateFrameworks/CommerceKit.framework/Versions/A/Frameworks/CommerceCore.framework/Versions/A/CommerceCore
0x000000000a2d3000 	/System/Library/PrivateFrameworks/CoreSymbolication.framework/Versions/A/CoreSymbolication
0x000000000a2d3000 	/System/Library/PrivateFrameworks/Symbolication.framework/Versions/A/Symbolication
0x000000000a2d3000 	/System/Library/PrivateFrameworks/DebugSymbols.framework/Versions/A/DebugSymbols
0x000000010d583000 	/Library/Java/JavaVirtualMachines/1.7.0.jdk/Contents/Home/jre/lib/server/libjvm.dylib
0x000000010d3c9000 	/Library/Java/JavaVirtualMachines/1.7.0.jdk/Contents/Home/jre/lib/libverify.dylib
0x000000010e126000 	/Library/Java/JavaVirtualMachines/1.7.0.jdk/Contents/Home/jre/lib/libjava.dylib
0x000000010d3e0000 	/Library/Java/JavaVirtualMachines/1.7.0.jdk/Contents/Home/jre/lib/libzip.dylib
0x0000000116332000 	/System/Library/Frameworks/JavaVM.framework/Frameworks/JavaRuntimeSupport.framework/JavaRuntimeSupport
0x000000010d3ea000 	/System/Library/Frameworks/JavaVM.framework/Versions/A/Frameworks/JavaNativeFoundation.framework/Versions/A/JavaNativeFoundation
0x000000011634a000 	/System/Library/Frameworks/JavaVM.framework/Versions/A/JavaVM
0x000000000a2d3000 	/System/Library/Frameworks/Carbon.framework/Versions/A/Carbon
0x0000000116357000 	/System/Library/PrivateFrameworks/JavaLaunching.framework/Versions/A/JavaLaunching
0x000000000a2d3000 	/System/Library/Frameworks/Carbon.framework/Versions/A/Frameworks/CommonPanels.framework/Versions/A/CommonPanels
0x000000000a2d3000 	/System/Library/Frameworks/Carbon.framework/Versions/A/Frameworks/Help.framework/Versions/A/Help
0x000000000a2d3000 	/System/Library/Frameworks/Carbon.framework/Versions/A/Frameworks/ImageCapture.framework/Versions/A/ImageCapture
0x000000000a2d3000 	/System/Library/Frameworks/Carbon.framework/Versions/A/Frameworks/OpenScripting.framework/Versions/A/OpenScripting
0x000000000a2d3000 	/System/Library/Frameworks/Carbon.framework/Versions/A/Frameworks/Print.framework/Versions/A/Print
0x000000000a2d3000 	/System/Library/Frameworks/Carbon.framework/Versions/A/Frameworks/SecurityHI.framework/Versions/A/SecurityHI
0x0000000116cbb000 	/Library/Java/JavaVirtualMachines/jdk1.7.0_45.jdk/Contents/Home/jre/lib/libprism-es2.dylib
0x0000000116d11000 	/System/Library/Frameworks/OpenGL.framework/Resources/GLEngine.bundle/GLEngine
0x0000000116f00000 	/System/Library/Frameworks/OpenGL.framework/Versions/A/Libraries/libGLProgrammability.dylib
0x0000000000000000 	/System/Library/Extensions/GeForceGLDriver.bundle/Contents/MacOS/GeForceGLDriver
0x000000011708c000 	/System/Library/PrivateFrameworks/GPUSupport.framework/Versions/A/Libraries/libGPUSupport.dylib
0x000000000a2d3000 	/System/Library/Extensions/GeForceGLDriver.bundle/Contents/MacOS/libclh.dylib
0x00000001170a2000 	/System/Library/Frameworks/OpenGL.framework/Resources//GLRendererFloat.bundle/GLRendererFloat
0x00000001170d9000 	/System/Library/Frameworks/OpenCL.framework/Versions/A/Libraries/libcldcpuengine.dylib
0x000000000a2d3000 	/System/Library/PrivateFrameworks/DiskImages.framework/Versions/A/DiskImages
0x00000001170e9000 	/System/Library/Frameworks/OpenGL.framework/Versions/A/Libraries/libCoreFSCache.dylib
0x000000000a2d3000 	/System/Library/Frameworks/DiscRecording.framework/Versions/A/DiscRecording
0x000000000a2d3000 	/usr/lib/libcurl.4.dylib
0x000000000a2d3000 	/System/Library/PrivateFrameworks/MediaKit.framework/Versions/A/MediaKit
0x000000000a2d3000 	/usr/lib/libssl.0.9.8.dylib
0x000000000a2d3000 	/System/Library/Frameworks/LDAP.framework/Versions/A/LDAP
0x000000000a2d3000 	/usr/lib/libsasl2.2.dylib
0x00000001172a2000 	/Library/Java/JavaVirtualMachines/jdk1.7.0_45.jdk/Contents/Home/jre/lib/libglass.dylib
0x000000000a2d3000 	/System/Library/PrivateFrameworks/CoreServicesInternal.framework/Versions/A/CoreServicesInternal
0x000000000a2d3000 	/System/Library/CoreServices/RawCamera.bundle/Contents/MacOS/RawCamera
0x000000000a2d3000 	/System/Library/Frameworks/ApplicationServices.framework/Versions/A/Frameworks/CoreGraphics.framework/Versions/A/Resources/libCSync.A.dylib
0x000000000a2d3000 	/System/Library/Frameworks/ApplicationServices.framework/Versions/A/Frameworks/CoreGraphics.framework/Versions/A/Resources/libRIP.A.dylib
0x0000000119f54000 	/Library/Java/JavaVirtualMachines/jdk1.7.0_45.jdk/Contents/Home/jre/lib/libjavafx-iio.dylib
0x00000001187a2000 	/Library/Java/JavaVirtualMachines/jdk1.7.0_45.jdk/Contents/Home/jre/lib/libjavafx-font.dylib
0x000000000a2d3000 	/System/Library/Frameworks/ApplicationServices.framework/Versions/A/Frameworks/CoreGraphics.framework/Versions/A/Resources/libCGXType.A.dylib
0x00000001183cb000 	cl_kernels
0x000000011bb24000 	/System/Library/Frameworks/OpenCL.framework/Versions/A/Libraries/ImageFormats/unorm8_bgra.dylib
0x0000000118869000 	cl_kernels

VM Arguments:
jvm_args: -Dfile.encoding=US-ASCII -Xbootclasspath/a:/Library/Java/JavaVirtualMachines/jdk1.7.0_45.jdk/Contents/Home/jre/lib/jfxrt.jar 
java_command: com.main.MVPApplication
Launcher Type: SUN_STANDARD

Environment Variables:
PATH=/usr/bin:/bin:/usr/sbin:/sbin
SHELL=/bin/bash
DISPLAY=/tmp/launch-fRATom/org.x:0

Signal Handlers:
SIGSEGV: [libjvm.dylib+0x4a177d], sa_mask[0]=0xfffefeff, sa_flags=0x00000042
SIGBUS: [libjvm.dylib+0x4a177d], sa_mask[0]=0xfffefeff, sa_flags=0x00000042
SIGFPE: [libjvm.dylib+0x3b1541], sa_mask[0]=0xfffefeff, sa_flags=0x00000042
SIGPIPE: [libjvm.dylib+0x3b1541], sa_mask[0]=0xfffefeff, sa_flags=0x00000042
SIGXFSZ: [libjvm.dylib+0x3b1541], sa_mask[0]=0xfffefeff, sa_flags=0x00000042
SIGILL: [libjvm.dylib+0x3b1541], sa_mask[0]=0xfffefeff, sa_flags=0x00000042
SIGUSR1: SIG_DFL, sa_mask[0]=0x00000000, sa_flags=0x00000002
SIGUSR2: [libjvm.dylib+0x3b10ce], sa_mask[0]=0x00000004, sa_flags=0x00000042
SIGHUP: [libjvm.dylib+0x3af2f3], sa_mask[0]=0xfffefeff, sa_flags=0x00000042
SIGINT: [libjvm.dylib+0x3af2f3], sa_mask[0]=0xfffefeff, sa_flags=0x00000042
SIGTERM: [libjvm.dylib+0x3af2f3], sa_mask[0]=0xfffefeff, sa_flags=0x00000042
SIGQUIT: [libjvm.dylib+0x3af2f3], sa_mask[0]=0xfffefeff, sa_flags=0x00000042


---------------  S Y S T E M  ---------------

OS:Bsd
uname:Darwin 11.4.2 Darwin Kernel Version 11.4.2: Thu Aug 23 16:25:48 PDT 2012; root:xnu-1699.32.7~1/RELEASE_X86_64 x86_64
rlimit: STACK 8192k, CORE 0k, NPROC 266, NOFILE 10240
CPU:total 2 (2 cores per cpu, 1 threads per core) family 6 model 23 stepping 10, cmov, cx8, fxsr, mmx, sse, sse2, sse3, ssse3, sse4.1, tsc

Memory: 4k page, physical 5793436k(1448359k free)

/proc/meminfo:


vm_info: Java HotSpot(TM) 64-Bit Server VM (23.0-b21) for bsd-amd64 JRE (1.7.0_04-b21), built on Apr 19 2012 22:33:17 by "java_re" with gcc 4.2.1 (Based on Apple Inc. build 5658) (LLVM build 2336.1.00)

time: Fri Jan 24 19:23:40 2014
elapsed time: 44 seconds

