#
# A fatal error has been detected by the Java Runtime Environment:
#
#  SIGSEGV (0xb) at pc=0x00007fff95db1390, pid=9111, tid=140735275702624
#
# JRE version: 7.0_04-b21
# Java VM: Java HotSpot(TM) 64-Bit Server VM (23.0-b21 mixed mode bsd-amd64 compressed oops)
# Problematic frame:
# C  [libobjc.A.dylib+0xb390]  objc_msgSend_vtable14+0x10
#
# Failed to write core dump. Core dumps have been disabled. To enable core dumping, try "ulimit -c unlimited" before starting Java again
#
# If you would like to submit a bug report, please visit:
#   http://bugreport.sun.com/bugreport/crash.jsp
# The crash happened outside the Java Virtual Machine in native code.
# See problematic frame for where to report the bug.
#

---------------  T H R E A D  ---------------

Current thread (0x00007f89d20fb800):  JavaThread "JavaFX Application Thread" [_thread_in_native, id=2082314592, stack(0x00007fff6665d000,0x00007fff66e5d000)]

siginfo:si_signo=SIGSEGV: si_errno=0, si_code=0 (SEGV0), si_addr=0x0000000000000000

Registers:
RAX=0xc00007f89d33e661, RBX=0x00007f89d3353020, RCX=0x901d116c87676b75, RDX=0x4a6f1cbbcc8649d7
RSP=0x00007fff66e59048, RBP=0x00007fff66e59070, RSI=0x00007fff7c52bdb0, RDI=0x00007f89d33531b0
R8 =0x00007fff7c5be318, R9 =0xffffffffffffffff, R10=0x00000001123a3500, R11=0x00007f89d2028b40
R12=0x00000001111987c8, R13=0x0000000000000004, R14=0x00007f89d20fa068, R15=0x00007fff7c726720
RIP=0x00007fff95db1390, EFLAGS=0x0000000000010246, ERR=0x0000000000000000
  TRAPNO=0x000000000000000d

Top of Stack: (sp=0x00007fff66e59048)
0x00007fff66e59048:   00007fff955b46cc 00007f89d3353020
0x00007fff66e59058:   00000001111987c8 00007f89d20fa068
0x00007fff66e59068:   00007f89d3353020 00007fff66e590a0
0x00007fff66e59078:   0000000111174b04 00007f89d3353020
0x00007fff66e59088:   00000001111985a0 00007f89d33c2930
0x00007fff66e59098:   000000010731cfc0 00007fff66e590d0
0x00007fff66e590a8:   00007fff963eb404 000000010731cfc0
0x00007fff66e590b8:   00007f89d33eb130 0000000000000000
0x00007fff66e590c8:   00001e283c1eded9 00007fff66e59130
0x00007fff66e590d8:   00007fff921cfb58 00007fff95a223a3
0x00007fff66e590e8:   00007f89d33c2930 00007f89d33eb130
0x00007fff66e590f8:   00007f89d33eb148 759deea7d51331d5
0x00007fff66e59108:   00007f89d33eb130 000000010731cfc0
0x00007fff66e59118:   0000000000000004 000000010731cfb0
0x00007fff66e59128:   00001e283c1eded9 00007fff66e591a0
0x00007fff66e59138:   00007fff921cf4ba 00007fff66e59170
0x00007fff66e59148:   0000000000000000 0000000000000000
0x00007fff66e59158:   00007f89d33c2930 00007f89d33eb148
0x00007fff66e59168:   000000010731ce90 759deea7d51331d5
0x00007fff66e59178:   0000000000000003 00007f89d3362fb0
0x00007fff66e59188:   000000010731cd50 0000000000000001
0x00007fff66e59198:   0000000000000005 00007fff66e59e50
0x00007fff66e591a8:   00007fff921afe11 00007f89d20fb9d8
0x00007fff66e591b8:   00230004ffffffff 0000000000000000
0x00007fff66e591c8:   000000017c2d3670 00007f89d33ae510
0x00007fff66e591d8:   000000010731cfc0 000000010731ce90
0x00007fff66e591e8:   01007fff93df1160 00007fff66e59228
0x00007fff66e591f8:   00001d037c2d368c 00007fff7bbdafa0
0x00007fff66e59208:   000000010731ce80 000000010731cfb0
0x00007fff66e59218:   00007f89d34168d0 00007fff66e59228
0x00007fff66e59228:   0000003000001100 00001c0300000000
0x00007fff66e59238:   0000000000000000 0000000000000000 

Instructions: (pc=0x00007fff95db1390)
0x00007fff95db1370:   8b 42 18 48 8b 76 08 ff 60 68 66 0f 1f 44 00 00
0x00007fff95db1380:   48 85 ff 74 16 f7 c7 01 00 00 00 75 12 48 8b 07
0x00007fff95db1390:   48 8b 40 18 48 8b 76 08 ff 60 70 31 c0 c3 90 89
0x00007fff95db13a0:   f8 83 e0 0f 4c 8d 15 2d 51 84 e6 4d 8b 14 c2 49 

Register to memory mapping:

RAX=0xc00007f89d33e661 is an unknown value
RBX=0x00007f89d3353020 is an unknown value
RCX=0x901d116c87676b75 is an unknown value
RDX=0x4a6f1cbbcc8649d7 is an unknown value
RSP=0x00007fff66e59048 is pointing into the stack for thread: 0x00007f89d20fb800
RBP=0x00007fff66e59070 is pointing into the stack for thread: 0x00007f89d20fb800
RSI=0x00007fff7c52bdb0: OBJC_IVAR_$_NSNibOutletCollectionConnector._runtimeCollectionClassName+0x24268 in /System/Library/Frameworks/AppKit.framework/Versions/C/AppKit at 0x00007fff950d2000
RDI=0x00007f89d33531b0 is an unknown value
R8 =0x00007fff7c5be318: __NSViewToSurfaceBackedOpenGLContextMapTableLock+0 in /System/Library/Frameworks/AppKit.framework/Versions/C/AppKit at 0x00007fff950d2000
R9 =0xffffffffffffffff is an unknown value
R10=0x00000001123a3500 is an unknown value
R11=0x00007f89d2028b40 is an unknown value
R12=0x00000001111987c8: OBJC_CLASS_$_GlassWindow_Normal+0x48 in /Library/Java/JavaVirtualMachines/jdk1.7.0_45.jdk/Contents/Home/jre/lib/libglass.dylib at 0x0000000111157000
R13=0x0000000000000004 is an unknown value
R14=0x00007f89d20fa068 is an unknown value
R15=0x00007fff7c726720: OBJC_IVAR_$_NSFileWatcher._formerPath+0x72d0 in /System/Library/Frameworks/Foundation.framework/Versions/C/Foundation at 0x00007fff963d5000


Stack: [0x00007fff6665d000,0x00007fff66e5d000],  sp=0x00007fff66e59048,  free space=8176k
Native frames: (J=compiled Java code, j=interpreted, Vv=VM code, C=native code)
C  [libobjc.A.dylib+0xb390]  objc_msgSend_vtable14+0x10
C  [libglass.dylib+0x1db04]  -[GlassView3D dealloc]+0x94
C  [Foundation+0x16404]  __delayedPerformCleanup+0x3d
C  [CoreFoundation+0x58b58]  CFRunLoopTimerInvalidate+0x218
C  [CoreFoundation+0x584ba]  __CFRunLoopDoTimer+0x24a
C  [CoreFoundation+0x38e11]  __CFRunLoopRun+0x651
C  [CoreFoundation+0x38486]  CFRunLoopRunSpecific+0xe6
C  [HIToolbox+0x22bf]  RunCurrentEventLoopInMode+0x115
C  [HIToolbox+0x94bf]  ReceiveNextEventCommon+0xb5
C  [HIToolbox+0x93fa]  BlockUntilNextEventMatchingListInMode+0x3e
C  [AppKit+0x8779]  _DPSNextEvent+0x293
C  [AppKit+0x807d]  -[NSApplication nextEventMatchingMask:untilDate:inMode:dequeue:]+0x87
C  [AppKit+0x49b9]  -[NSApplication run]+0x1d6
C  [libglass.dylib+0x3d31]  -[GlassApplication runLoop:]+0x2f1
C  [CoreFoundation+0x9370d]  -[NSObject performSelector:withObject:]+0x3d
C  [Foundation+0x4fd70]  __NSThreadPerformPerform+0xd6
C  [CoreFoundation+0x124f1]  __CFRUNLOOP_IS_CALLING_OUT_TO_A_SOURCE0_PERFORM_FUNCTION__+0x11
C  [CoreFoundation+0x11d5d]  __CFRunLoopDoSources0+0xfd
C  [CoreFoundation+0x38b49]  __CFRunLoopRun+0x389
C  [CoreFoundation+0x38486]  CFRunLoopRunSpecific+0xe6
C  [java+0x74bc]  CreateExecutionEnvironment+0x367
C  [java+0x1cac]  JLI_Launch+0x7a0
C  [java+0x7819]  main+0x65
C  [java+0x1504]  start+0x34


---------------  P R O C E S S  ---------------

Java Threads: ( => current thread )
  0x00007f89d24bd800 JavaThread "Prism Font Disposer" daemon [_thread_blocked, id=345280512, stack(0x0000000114849000,0x0000000114949000)]
  0x00007f89d28f9800 JavaThread "Thread-4" daemon [_thread_in_native, id=313036800, stack(0x0000000112a09000,0x0000000112a89000)]
=>0x00007f89d20fb800 JavaThread "JavaFX Application Thread" [_thread_in_native, id=2082314592, stack(0x00007fff6665d000,0x00007fff66e5d000)]
  0x00007f89d20f7000 JavaThread "Thread-2" daemon [_thread_blocked, id=288075776, stack(0x00000001111bb000,0x00000001112bb000)]
  0x00007f89d20f4000 JavaThread "Disposer" daemon [_thread_blocked, id=286609408, stack(0x0000000111055000,0x0000000111155000)]
  0x00007f89d28ca000 JavaThread "QuantumRenderer-0" daemon [_thread_blocked, id=280420352, stack(0x0000000110a6e000,0x0000000110b6e000)]
  0x00007f89d28a0800 JavaThread "JavaFX-Launcher" [_thread_blocked, id=279236608, stack(0x000000011094d000,0x0000000110a4d000)]
  0x00007f89d282c800 JavaThread "Service Thread" daemon [_thread_blocked, id=276615168, stack(0x00000001106cd000,0x00000001107cd000)]
  0x00007f89d282b800 JavaThread "C2 CompilerThread1" daemon [_thread_blocked, id=275554304, stack(0x00000001105ca000,0x00000001106ca000)]
  0x00007f89d2822000 JavaThread "C2 CompilerThread0" daemon [_thread_blocked, id=274493440, stack(0x00000001104c7000,0x00000001105c7000)]
  0x00007f89d2821800 JavaThread "Signal Dispatcher" daemon [_thread_blocked, id=273432576, stack(0x00000001103c4000,0x00000001104c4000)]
  0x00007f89d2073800 JavaThread "Finalizer" daemon [_thread_blocked, id=270286848, stack(0x00000001100c4000,0x00000001101c4000)]
  0x00007f89d206d800 JavaThread "Reference Handler" daemon [_thread_blocked, id=269225984, stack(0x000000010ffc1000,0x00000001100c1000)]
  0x00007f89d2801000 JavaThread "main" [_thread_blocked, id=134365184, stack(0x0000000107f24000,0x0000000108024000)]

Other Threads:
  0x00007f89d206b000 VMThread [stack: 0x000000010febe000,0x000000010ffbe000] [id=268165120]
  0x00007f89d2801800 WatcherThread [stack: 0x00000001107d0000,0x00000001108d0000] [id=277676032]

VM state:not at safepoint (normal execution)

VM Mutex/Monitor currently owned by a thread: None

Heap
 PSYoungGen      total 26240K, used 5133K [0x00000007e2b60000, 0x00000007e5ea0000, 0x0000000800000000)
  eden space 22528K, 6% used [0x00000007e2b60000,0x00000007e2cc34f8,0x00000007e4160000)
  from space 3712K, 99% used [0x00000007e4160000,0x00000007e44fffe0,0x00000007e4500000)
  to   space 3712K, 0% used [0x00000007e5b00000,0x00000007e5b00000,0x00000007e5ea0000)
 ParOldGen       total 60032K, used 13009K [0x00000007a8200000, 0x00000007abca0000, 0x00000007e2b60000)
  object space 60032K, 21% used [0x00000007a8200000,0x00000007a8eb4420,0x00000007abca0000)
 PSPermGen       total 21248K, used 11852K [0x00000007a3000000, 0x00000007a44c0000, 0x00000007a8200000)
  object space 21248K, 55% used [0x00000007a3000000,0x00000007a3b93370,0x00000007a44c0000)

Code Cache  [0x0000000108056000, 0x00000001082c6000, 0x000000010b056000)
 total_blobs=650 nmethods=97 adapters=505 free_code_cache=48329Kb largest_free_block=49467840

Compilation events (10 events):
Event: 1.601 Thread 0x00007f89d282b800 nmethod 88 0x000000010811a290 code [0x000000010811a3c0, 0x000000010811a418]
Event: 1.614 Thread 0x00007f89d2822000 nmethod 80 0x0000000108120d90 code [0x0000000108120f80, 0x0000000108121f10]
Event: 1.701 Thread 0x00007f89d282b800   89             java.io.DataInputStream::readUTF (501 bytes)
Event: 1.745 Thread 0x00007f89d282b800 nmethod 89 0x0000000108124c90 code [0x0000000108124e80, 0x0000000108125958]
Event: 2.980 Thread 0x00007f89d2822000   90             com.sun.javafx.geom.transform.GeneralTransform3D::isInfOrNaN (40 bytes)
Event: 2.983 Thread 0x00007f89d2822000 nmethod 90 0x0000000108123950 code [0x0000000108123ac0, 0x0000000108123bf8]
Event: 5.435 Thread 0x00007f89d2822000   91             javafx.beans.property.ObjectPropertyBase::get (29 bytes)
Event: 5.437 Thread 0x00007f89d2822000 nmethod 91 0x0000000108124790 code [0x00000001081248e0, 0x0000000108124978]
Event: 5.452 Thread 0x00007f89d282b800   92             java.lang.ref.Reference::get (5 bytes)
Event: 5.452 Thread 0x00007f89d282b800 nmethod 92 0x0000000108124590 code [0x00000001081246c0, 0x0000000108124738]

GC Heap History (2 events):
Event: 1.707 GC heap before
{Heap before GC invocations=1 (full 0):
 PSYoungGen      total 26240K, used 22528K [0x00000007e2b60000, 0x00000007e48a0000, 0x0000000800000000)
  eden space 22528K, 100% used [0x00000007e2b60000,0x00000007e4160000,0x00000007e4160000)
  from space 3712K, 0% used [0x00000007e4500000,0x00000007e4500000,0x00000007e48a0000)
  to   space 3712K, 0% used [0x00000007e4160000,0x00000007e4160000,0x00000007e4500000)
 ParOldGen       total 60032K, used 0K [0x00000007a8200000, 0x00000007abca0000, 0x00000007e2b60000)
  object space 60032K, 0% used [0x00000007a8200000,0x00000007a8200000,0x00000007abca0000)
 PSPermGen       total 21248K, used 11562K [0x00000007a3000000, 0x00000007a44c0000, 0x00000007a8200000)
  object space 21248K, 54% used [0x00000007a3000000,0x00000007a3b4a8a8,0x00000007a44c0000)
Event: 1.733 GC heap after
Heap after GC invocations=1 (full 0):
 PSYoungGen      total 26240K, used 3711K [0x00000007e2b60000, 0x00000007e5ea0000, 0x0000000800000000)
  eden space 22528K, 0% used [0x00000007e2b60000,0x00000007e2b60000,0x00000007e4160000)
  from space 3712K, 99% used [0x00000007e4160000,0x00000007e44fffe0,0x00000007e4500000)
  to   space 3712K, 0% used [0x00000007e5b00000,0x00000007e5b00000,0x00000007e5ea0000)
 ParOldGen       total 60032K, used 13009K [0x00000007a8200000, 0x00000007abca0000, 0x00000007e2b60000)
  object space 60032K, 21% used [0x00000007a8200000,0x00000007a8eb4420,0x00000007abca0000)
 PSPermGen       total 21248K, used 11562K [0x00000007a3000000, 0x00000007a44c0000, 0x00000007a8200000)
  object space 21248K, 54% used [0x00000007a3000000,0x00000007a3b4a8a8,0x00000007a44c0000)
}

Deoptimization events (10 events):
Event: 1.676 Thread 0x00007f89d20fb800 Uncommon trap -34 fr.pc 0x00000001080d8904
Event: 1.687 Thread 0x00007f89d20fb800 Uncommon trap -83 fr.pc 0x0000000108100524
Event: 1.691 Thread 0x00007f89d20fb800 Uncommon trap -58 fr.pc 0x00000001080eccf8
Event: 1.692 Thread 0x00007f89d20fb800 Uncommon trap -58 fr.pc 0x00000001080eccf8
Event: 1.692 Thread 0x00007f89d20fb800 Uncommon trap -58 fr.pc 0x00000001080ef630
Event: 1.692 Thread 0x00007f89d20fb800 Uncommon trap -58 fr.pc 0x00000001080ef630
Event: 1.692 Thread 0x00007f89d20fb800 Uncommon trap -58 fr.pc 0x00000001080eccf8
Event: 1.692 Thread 0x00007f89d20fb800 Uncommon trap -58 fr.pc 0x00000001080ef630
Event: 1.692 Thread 0x00007f89d20fb800 Uncommon trap -58 fr.pc 0x00000001080eccf8
Event: 1.692 Thread 0x00007f89d20fb800 Uncommon trap -58 fr.pc 0x00000001080ef630

Internal exceptions (10 events):
Event: 1.371 Thread 0x00007f89d20fb800 Threw 0x00000007e3c026c8 at /HUDSON/workspace/jdk7u4-2-build-macosx-x86_64-product/jdk7u4/hotspot/src/share/vm/prims/jvm.cpp:1166
Event: 1.372 Thread 0x00007f89d20fb800 Threw 0x00000007e3c053b8 at /HUDSON/workspace/jdk7u4-2-build-macosx-x86_64-product/jdk7u4/hotspot/src/share/vm/prims/jvm.cpp:1166
Event: 1.372 Thread 0x00007f89d20fb800 Threw 0x00000007e3c07e48 at /HUDSON/workspace/jdk7u4-2-build-macosx-x86_64-product/jdk7u4/hotspot/src/share/vm/prims/jvm.cpp:1166
Event: 1.673 Thread 0x00007f89d20fb800 Threw 0x00000007e4093d58 at /HUDSON/workspace/jdk7u4-2-build-macosx-x86_64-product/jdk7u4/hotspot/src/share/vm/prims/jvm.cpp:1166
Event: 1.687 Thread 0x00007f89d20fb800 Implicit null exception at 0x00000001080ff611 to 0x0000000108100515
Event: 1.702 Thread 0x00007f89d20fb800 Threw 0x00000007e40c6728 at /HUDSON/workspace/jdk7u4-2-build-macosx-x86_64-product/jdk7u4/hotspot/src/share/vm/prims/jvm.cpp:1166
Event: 1.703 Thread 0x00007f89d20fb800 Threw 0x00000007e40cc588 at /HUDSON/workspace/jdk7u4-2-build-macosx-x86_64-product/jdk7u4/hotspot/src/share/vm/prims/jvm.cpp:1166
Event: 1.704 Thread 0x00007f89d20fb800 Threw 0x00000007e40d1f80 at /HUDSON/workspace/jdk7u4-2-build-macosx-x86_64-product/jdk7u4/hotspot/src/share/vm/prims/jvm.cpp:1166
Event: 1.706 Thread 0x00007f89d20fb800 Threw 0x00000007e40e6d90 at /HUDSON/workspace/jdk7u4-2-build-macosx-x86_64-product/jdk7u4/hotspot/src/share/vm/prims/jvm.cpp:1166
Event: 1.707 Thread 0x00007f89d20fb800 Threw 0x00000007e415fa28 at /HUDSON/workspace/jdk7u4-2-build-macosx-x86_64-product/jdk7u4/hotspot/src/share/vm/prims/jvm.cpp:1166

Events (10 events):
Event: 25.097 loading class 0x00007f89d1d0ec00
Event: 25.109 loading class 0x00007f89d1d0eeb0
Event: 25.109 loading class 0x00007f89d1d0eeb0 done
Event: 25.109 loading class 0x00007f89d1d0ec00 done
Event: 25.109 loading class 0x00000001073e2a90
Event: 25.109 loading class 0x00000001073e2a90 done
Event: 25.137 loading class 0x00007f89d1d3db80
Event: 25.137 loading class 0x00007f89d1d3db80 done
Event: 25.138 loading class 0x00000001073d4500
Event: 25.138 loading class 0x00000001073d4500 done


Dynamic libraries:
0x000000000b007000 	/System/Library/Frameworks/Cocoa.framework/Versions/A/Cocoa
0x000000000b007000 	/System/Library/Frameworks/Security.framework/Versions/A/Security
0x000000000b007000 	/System/Library/Frameworks/ApplicationServices.framework/Versions/A/ApplicationServices
0x000000000b007000 	/usr/lib/libz.1.dylib
0x000000000b007000 	/usr/lib/libSystem.B.dylib
0x000000000b007000 	/usr/lib/libobjc.A.dylib
0x000000000b007000 	/System/Library/Frameworks/CoreFoundation.framework/Versions/A/CoreFoundation
0x000000000b007000 	/System/Library/Frameworks/AppKit.framework/Versions/C/AppKit
0x000000000b007000 	/System/Library/Frameworks/CoreData.framework/Versions/A/CoreData
0x000000000b007000 	/System/Library/Frameworks/Foundation.framework/Versions/C/Foundation
0x000000000b007000 	/System/Library/PrivateFrameworks/RemoteViewServices.framework/Versions/A/RemoteViewServices
0x000000000b007000 	/System/Library/Frameworks/AudioToolbox.framework/Versions/A/AudioToolbox
0x000000000b007000 	/System/Library/Frameworks/AudioUnit.framework/Versions/A/AudioUnit
0x000000000b007000 	/System/Library/PrivateFrameworks/DataDetectorsCore.framework/Versions/A/DataDetectorsCore
0x000000000b007000 	/System/Library/PrivateFrameworks/DesktopServicesPriv.framework/Versions/A/DesktopServicesPriv
0x000000000b007000 	/System/Library/Frameworks/Carbon.framework/Versions/A/Frameworks/HIToolbox.framework/Versions/A/HIToolbox
0x000000000b007000 	/System/Library/Frameworks/QuartzCore.framework/Versions/A/QuartzCore
0x000000000b007000 	/System/Library/Frameworks/Carbon.framework/Versions/A/Frameworks/SpeechRecognition.framework/Versions/A/SpeechRecognition
0x000000000b007000 	/usr/lib/libauto.dylib
0x000000000b007000 	/usr/lib/libicucore.A.dylib
0x000000000b007000 	/usr/lib/libxml2.2.dylib
0x000000000b007000 	/System/Library/PrivateFrameworks/CoreUI.framework/Versions/A/CoreUI
0x000000000b007000 	/System/Library/Frameworks/CoreAudio.framework/Versions/A/CoreAudio
0x000000000b007000 	/System/Library/Frameworks/DiskArbitration.framework/Versions/A/DiskArbitration
0x000000000b007000 	/usr/lib/liblangid.dylib
0x000000000b007000 	/System/Library/PrivateFrameworks/MultitouchSupport.framework/Versions/A/MultitouchSupport
0x000000000b007000 	/System/Library/Frameworks/IOKit.framework/Versions/A/IOKit
0x000000000b007000 	/usr/lib/libDiagnosticMessagesClient.dylib
0x000000000b007000 	/System/Library/Frameworks/CoreServices.framework/Versions/A/CoreServices
0x000000000b007000 	/System/Library/PrivateFrameworks/PerformanceAnalysis.framework/Versions/A/PerformanceAnalysis
0x000000000b007000 	/System/Library/PrivateFrameworks/GenerationalStorage.framework/Versions/A/GenerationalStorage
0x000000000b007000 	/System/Library/Frameworks/OpenGL.framework/Versions/A/OpenGL
0x000000000b007000 	/System/Library/Frameworks/CoreServices.framework/Versions/A/Frameworks/CFNetwork.framework/Versions/A/CFNetwork
0x000000000b007000 	/System/Library/Frameworks/SystemConfiguration.framework/Versions/A/SystemConfiguration
0x000000000b007000 	/usr/lib/libCRFSuite.dylib
0x000000000b007000 	/usr/lib/libc++.1.dylib
0x000000000b007000 	/usr/lib/libstdc++.6.dylib
0x000000000b007000 	/usr/lib/libc++abi.dylib
0x000000000b007000 	/usr/lib/system/libcache.dylib
0x000000000b007000 	/usr/lib/system/libcommonCrypto.dylib
0x000000000b007000 	/usr/lib/system/libcompiler_rt.dylib
0x000000000b007000 	/usr/lib/system/libcopyfile.dylib
0x000000000b007000 	/usr/lib/system/libdispatch.dylib
0x000000000b007000 	/usr/lib/system/libdnsinfo.dylib
0x000000000b007000 	/usr/lib/system/libdyld.dylib
0x000000000b007000 	/usr/lib/system/libkeymgr.dylib
0x000000000b007000 	/usr/lib/system/liblaunch.dylib
0x000000000b007000 	/usr/lib/system/libmacho.dylib
0x000000000b007000 	/usr/lib/system/libmathCommon.A.dylib
0x000000000b007000 	/usr/lib/system/libquarantine.dylib
0x000000000b007000 	/usr/lib/system/libremovefile.dylib
0x000000000b007000 	/usr/lib/system/libsystem_blocks.dylib
0x000000000b007000 	/usr/lib/system/libsystem_c.dylib
0x000000000b007000 	/usr/lib/system/libsystem_dnssd.dylib
0x000000000b007000 	/usr/lib/system/libsystem_info.dylib
0x000000000b007000 	/usr/lib/system/libsystem_kernel.dylib
0x000000000b007000 	/usr/lib/system/libsystem_network.dylib
0x000000000b007000 	/usr/lib/system/libsystem_notify.dylib
0x000000000b007000 	/usr/lib/system/libsystem_sandbox.dylib
0x000000000b007000 	/usr/lib/system/libunc.dylib
0x000000000b007000 	/usr/lib/system/libunwind.dylib
0x000000000b007000 	/usr/lib/system/libxpc.dylib
0x000000000b007000 	/usr/lib/libbsm.0.dylib
0x000000000b007000 	/usr/lib/libsqlite3.dylib
0x000000000b007000 	/usr/lib/libOpenScriptingUtil.dylib
0x000000000b007000 	/usr/lib/libpam.2.dylib
0x000000000b007000 	/usr/lib/libxar-nossl.dylib
0x000000000b007000 	/usr/lib/libbz2.1.0.dylib
0x000000000b007000 	/System/Library/Frameworks/CoreServices.framework/Versions/A/Frameworks/CarbonCore.framework/Versions/A/CarbonCore
0x000000000b007000 	/System/Library/Frameworks/CoreServices.framework/Versions/A/Frameworks/Metadata.framework/Versions/A/Metadata
0x000000000b007000 	/System/Library/Frameworks/CoreServices.framework/Versions/A/Frameworks/OSServices.framework/Versions/A/OSServices
0x000000000b007000 	/System/Library/Frameworks/CoreServices.framework/Versions/A/Frameworks/SearchKit.framework/Versions/A/SearchKit
0x000000000b007000 	/System/Library/Frameworks/CoreServices.framework/Versions/A/Frameworks/AE.framework/Versions/A/AE
0x000000000b007000 	/System/Library/Frameworks/CoreServices.framework/Versions/A/Frameworks/LaunchServices.framework/Versions/A/LaunchServices
0x000000000b007000 	/System/Library/Frameworks/CoreServices.framework/Versions/A/Frameworks/DictionaryServices.framework/Versions/A/DictionaryServices
0x000000000b007000 	/System/Library/Frameworks/NetFS.framework/Versions/A/NetFS
0x000000000b007000 	/usr/lib/system/libkxld.dylib
0x000000000b007000 	/System/Library/PrivateFrameworks/NetAuth.framework/Versions/A/NetAuth
0x000000000b007000 	/usr/lib/libcrypto.0.9.8.dylib
0x000000000b007000 	/System/Library/PrivateFrameworks/TrustEvaluationAgent.framework/Versions/A/TrustEvaluationAgent
0x000000000b007000 	/System/Library/Frameworks/OpenDirectory.framework/Versions/A/Frameworks/CFOpenDirectory.framework/Versions/A/CFOpenDirectory
0x000000000b007000 	/usr/lib/libxslt.1.dylib
0x000000000b007000 	/System/Library/PrivateFrameworks/FamilyControls.framework/Versions/A/FamilyControls
0x000000000b007000 	/System/Library/Frameworks/Carbon.framework/Versions/A/Frameworks/Ink.framework/Versions/A/Ink
0x000000000b007000 	/System/Library/Frameworks/ApplicationServices.framework/Versions/A/Frameworks/CoreGraphics.framework/Versions/A/CoreGraphics
0x000000000b007000 	/System/Library/Frameworks/ApplicationServices.framework/Versions/A/Frameworks/ImageIO.framework/Versions/A/ImageIO
0x000000000b007000 	/System/Library/Frameworks/ApplicationServices.framework/Versions/A/Frameworks/CoreText.framework/Versions/A/CoreText
0x000000000b007000 	/System/Library/Frameworks/ApplicationServices.framework/Versions/A/Frameworks/ATS.framework/Versions/A/ATS
0x000000000b007000 	/System/Library/Frameworks/ApplicationServices.framework/Versions/A/Frameworks/ColorSync.framework/Versions/A/ColorSync
0x000000000b007000 	/System/Library/Frameworks/ApplicationServices.framework/Versions/A/Frameworks/HIServices.framework/Versions/A/HIServices
0x000000000b007000 	/System/Library/Frameworks/ApplicationServices.framework/Versions/A/Frameworks/LangAnalysis.framework/Versions/A/LangAnalysis
0x000000000b007000 	/System/Library/Frameworks/ApplicationServices.framework/Versions/A/Frameworks/PrintCore.framework/Versions/A/PrintCore
0x000000000b007000 	/System/Library/Frameworks/ApplicationServices.framework/Versions/A/Frameworks/QD.framework/Versions/A/QD
0x000000000b007000 	/System/Library/Frameworks/ApplicationServices.framework/Versions/A/Frameworks/SpeechSynthesis.framework/Versions/A/SpeechSynthesis
0x000000000b007000 	/System/Library/Frameworks/IOSurface.framework/Versions/A/IOSurface
0x000000000b007000 	/System/Library/Frameworks/Accelerate.framework/Versions/A/Accelerate
0x000000000b007000 	/System/Library/Frameworks/ApplicationServices.framework/Versions/A/Frameworks/ImageIO.framework/Versions/A/Resources/libJPEG.dylib
0x000000000b007000 	/System/Library/Frameworks/ApplicationServices.framework/Versions/A/Frameworks/ImageIO.framework/Versions/A/Resources/libTIFF.dylib
0x000000000b007000 	/System/Library/Frameworks/ApplicationServices.framework/Versions/A/Frameworks/ImageIO.framework/Versions/A/Resources/libPng.dylib
0x000000000b007000 	/System/Library/Frameworks/ApplicationServices.framework/Versions/A/Frameworks/ImageIO.framework/Versions/A/Resources/libGIF.dylib
0x000000000b007000 	/System/Library/Frameworks/ApplicationServices.framework/Versions/A/Frameworks/ImageIO.framework/Versions/A/Resources/libJP2.dylib
0x000000000b007000 	/System/Library/Frameworks/ApplicationServices.framework/Versions/A/Frameworks/ImageIO.framework/Versions/A/Resources/libRadiance.dylib
0x000000000b007000 	/System/Library/Frameworks/Accelerate.framework/Versions/A/Frameworks/vImage.framework/Versions/A/vImage
0x000000000b007000 	/System/Library/Frameworks/Accelerate.framework/Versions/A/Frameworks/vecLib.framework/Versions/A/vecLib
0x000000000b007000 	/System/Library/Frameworks/Accelerate.framework/Versions/A/Frameworks/vecLib.framework/Versions/A/libvDSP.dylib
0x000000000b007000 	/System/Library/Frameworks/Accelerate.framework/Versions/A/Frameworks/vecLib.framework/Versions/A/libvMisc.dylib
0x000000000b007000 	/System/Library/Frameworks/Accelerate.framework/Versions/A/Frameworks/vecLib.framework/Versions/A/libLAPACK.dylib
0x000000000b007000 	/System/Library/Frameworks/Accelerate.framework/Versions/A/Frameworks/vecLib.framework/Versions/A/libBLAS.dylib
0x000000000b007000 	/System/Library/Frameworks/ApplicationServices.framework/Versions/A/Frameworks/ATS.framework/Versions/A/Resources/libFontParser.dylib
0x000000000b007000 	/System/Library/Frameworks/ApplicationServices.framework/Versions/A/Frameworks/ATS.framework/Versions/A/Resources/libFontRegistry.dylib
0x000000000b007000 	/usr/lib/libcups.2.dylib
0x000000000b007000 	/System/Library/Frameworks/Kerberos.framework/Versions/A/Kerberos
0x000000000b007000 	/System/Library/Frameworks/GSS.framework/Versions/A/GSS
0x000000000b007000 	/usr/lib/libresolv.9.dylib
0x000000000b007000 	/usr/lib/libiconv.2.dylib
0x000000000b007000 	/System/Library/PrivateFrameworks/Heimdal.framework/Versions/A/Heimdal
0x000000000b007000 	/System/Library/Frameworks/OpenDirectory.framework/Versions/A/OpenDirectory
0x000000000b007000 	/System/Library/PrivateFrameworks/CommonAuth.framework/Versions/A/CommonAuth
0x000000000b007000 	/System/Library/Frameworks/CoreVideo.framework/Versions/A/CoreVideo
0x000000000b007000 	/System/Library/Frameworks/QuartzCore.framework/Versions/A/Frameworks/CoreImage.framework/Versions/A/CoreImage
0x000000000b007000 	/System/Library/Frameworks/QuartzCore.framework/Versions/A/Frameworks/ScalableUserInterface.framework/Versions/A/ScalableUserInterface
0x000000000b007000 	/System/Library/Frameworks/OpenGL.framework/Versions/A/Libraries/libGLU.dylib
0x000000000b007000 	/System/Library/Frameworks/OpenGL.framework/Versions/A/Libraries/libGFXShared.dylib
0x000000000b007000 	/System/Library/Frameworks/OpenGL.framework/Versions/A/Libraries/libGL.dylib
0x000000000b007000 	/System/Library/Frameworks/OpenGL.framework/Versions/A/Libraries/libGLImage.dylib
0x000000000b007000 	/System/Library/Frameworks/OpenGL.framework/Versions/A/Libraries/libCVMSPluginSupport.dylib
0x000000000b007000 	/System/Library/Frameworks/OpenGL.framework/Versions/A/Libraries/libCoreVMClient.dylib
0x000000000b007000 	/System/Library/Frameworks/OpenCL.framework/Versions/A/OpenCL
0x000000000b007000 	/System/Library/PrivateFrameworks/FaceCoreLight.framework/Versions/A/FaceCoreLight
0x000000000b007000 	/System/Library/Frameworks/vecLib.framework/Versions/A/vecLib
0x000000000b007000 	/System/Library/Frameworks/SecurityFoundation.framework/Versions/A/SecurityFoundation
0x000000000b007000 	/System/Library/PrivateFrameworks/CommerceKit.framework/Versions/A/Frameworks/CommerceCore.framework/Versions/A/CommerceCore
0x000000000b007000 	/System/Library/PrivateFrameworks/CoreSymbolication.framework/Versions/A/CoreSymbolication
0x000000000b007000 	/System/Library/PrivateFrameworks/Symbolication.framework/Versions/A/Symbolication
0x000000000b007000 	/System/Library/PrivateFrameworks/DebugSymbols.framework/Versions/A/DebugSymbols
0x0000000107483000 	/Library/Java/JavaVirtualMachines/1.7.0.jdk/Contents/Home/jre/lib/server/libjvm.dylib
0x00000001072d4000 	/Library/Java/JavaVirtualMachines/1.7.0.jdk/Contents/Home/jre/lib/libverify.dylib
0x0000000108026000 	/Library/Java/JavaVirtualMachines/1.7.0.jdk/Contents/Home/jre/lib/libjava.dylib
0x00000001072eb000 	/Library/Java/JavaVirtualMachines/1.7.0.jdk/Contents/Home/jre/lib/libzip.dylib
0x00000001101c6000 	/System/Library/Frameworks/JavaVM.framework/Frameworks/JavaRuntimeSupport.framework/JavaRuntimeSupport
0x00000001101de000 	/System/Library/Frameworks/JavaVM.framework/Versions/A/Frameworks/JavaNativeFoundation.framework/Versions/A/JavaNativeFoundation
0x00000001101f3000 	/System/Library/Frameworks/JavaVM.framework/Versions/A/JavaVM
0x000000000b007000 	/System/Library/Frameworks/Carbon.framework/Versions/A/Carbon
0x0000000110200000 	/System/Library/PrivateFrameworks/JavaLaunching.framework/Versions/A/JavaLaunching
0x000000000b007000 	/System/Library/Frameworks/Carbon.framework/Versions/A/Frameworks/CommonPanels.framework/Versions/A/CommonPanels
0x000000000b007000 	/System/Library/Frameworks/Carbon.framework/Versions/A/Frameworks/Help.framework/Versions/A/Help
0x000000000b007000 	/System/Library/Frameworks/Carbon.framework/Versions/A/Frameworks/ImageCapture.framework/Versions/A/ImageCapture
0x000000000b007000 	/System/Library/Frameworks/Carbon.framework/Versions/A/Frameworks/OpenScripting.framework/Versions/A/OpenScripting
0x000000000b007000 	/System/Library/Frameworks/Carbon.framework/Versions/A/Frameworks/Print.framework/Versions/A/Print
0x000000000b007000 	/System/Library/Frameworks/Carbon.framework/Versions/A/Frameworks/SecurityHI.framework/Versions/A/SecurityHI
0x0000000110b70000 	/Library/Java/JavaVirtualMachines/jdk1.7.0_45.jdk/Contents/Home/jre/lib/libprism-es2.dylib
0x0000000110bc6000 	/System/Library/Frameworks/OpenGL.framework/Resources/GLEngine.bundle/GLEngine
0x0000000110db5000 	/System/Library/Frameworks/OpenGL.framework/Versions/A/Libraries/libGLProgrammability.dylib
0x0000000000000000 	/System/Library/Extensions/GeForceGLDriver.bundle/Contents/MacOS/GeForceGLDriver
0x0000000110f41000 	/System/Library/PrivateFrameworks/GPUSupport.framework/Versions/A/Libraries/libGPUSupport.dylib
0x000000000b007000 	/System/Library/Extensions/GeForceGLDriver.bundle/Contents/MacOS/libclh.dylib
0x0000000110f57000 	/System/Library/Frameworks/OpenGL.framework/Resources//GLRendererFloat.bundle/GLRendererFloat
0x0000000110f8e000 	/System/Library/Frameworks/OpenCL.framework/Versions/A/Libraries/libcldcpuengine.dylib
0x000000000b007000 	/System/Library/PrivateFrameworks/DiskImages.framework/Versions/A/DiskImages
0x0000000110f9e000 	/System/Library/Frameworks/OpenGL.framework/Versions/A/Libraries/libCoreFSCache.dylib
0x000000000b007000 	/System/Library/Frameworks/DiscRecording.framework/Versions/A/DiscRecording
0x000000000b007000 	/usr/lib/libcurl.4.dylib
0x000000000b007000 	/System/Library/PrivateFrameworks/MediaKit.framework/Versions/A/MediaKit
0x000000000b007000 	/usr/lib/libssl.0.9.8.dylib
0x000000000b007000 	/System/Library/Frameworks/LDAP.framework/Versions/A/LDAP
0x000000000b007000 	/usr/lib/libsasl2.2.dylib
0x0000000111157000 	/Library/Java/JavaVirtualMachines/jdk1.7.0_45.jdk/Contents/Home/jre/lib/libglass.dylib
0x000000000b007000 	/System/Library/PrivateFrameworks/CoreServicesInternal.framework/Versions/A/CoreServicesInternal
0x000000000b007000 	/System/Library/CoreServices/RawCamera.bundle/Contents/MacOS/RawCamera
0x000000000b007000 	/System/Library/Frameworks/ApplicationServices.framework/Versions/A/Frameworks/CoreGraphics.framework/Versions/A/Resources/libCSync.A.dylib
0x000000000b007000 	/System/Library/Frameworks/ApplicationServices.framework/Versions/A/Frameworks/CoreGraphics.framework/Versions/A/Resources/libRIP.A.dylib
0x0000000113b52000 	/Library/Java/JavaVirtualMachines/jdk1.7.0_45.jdk/Contents/Home/jre/lib/libjavafx-font.dylib
0x0000000113e03000 	/Library/Java/JavaVirtualMachines/jdk1.7.0_45.jdk/Contents/Home/jre/lib/libjavafx-iio.dylib
0x000000000b007000 	/System/Library/Frameworks/ApplicationServices.framework/Versions/A/Frameworks/CoreGraphics.framework/Versions/A/Resources/libCGXType.A.dylib
0x0000000112744000 	cl_kernels
0x00000001158a3000 	/System/Library/Frameworks/OpenCL.framework/Versions/A/Libraries/ImageFormats/unorm8_bgra.dylib
0x000000011274a000 	cl_kernels
0x0000000115b8d000 	/Library/Java/JavaVirtualMachines/1.7.0.jdk/Contents/Home/jre/lib/libnio.dylib
0x0000000115b9c000 	/Library/Java/JavaVirtualMachines/1.7.0.jdk/Contents/Home/jre/lib/./libnet.dylib

VM Arguments:
jvm_args: -Dfile.encoding=US-ASCII -Xbootclasspath/a:/Library/Java/JavaVirtualMachines/jdk1.7.0_45.jdk/Contents/Home/jre/lib/jfxrt.jar 
java_command: controller.com.Main
Launcher Type: SUN_STANDARD

Environment Variables:
PATH=/usr/bin:/bin:/usr/sbin:/sbin
SHELL=/bin/bash
DISPLAY=/tmp/launch-ge0XtT/org.x:0

Signal Handlers:
SIGSEGV: [libjvm.dylib+0x4a177d], sa_mask[0]=0xfffefeff, sa_flags=0x00000042
SIGBUS: [libjvm.dylib+0x4a177d], sa_mask[0]=0xfffefeff, sa_flags=0x00000042
SIGFPE: [libjvm.dylib+0x3b1541], sa_mask[0]=0xfffefeff, sa_flags=0x00000042
SIGPIPE: [libjvm.dylib+0x3b1541], sa_mask[0]=0xfffefeff, sa_flags=0x00000042
SIGXFSZ: [libjvm.dylib+0x3b1541], sa_mask[0]=0xfffefeff, sa_flags=0x00000042
SIGILL: [libjvm.dylib+0x3b1541], sa_mask[0]=0xfffefeff, sa_flags=0x00000042
SIGUSR1: SIG_DFL, sa_mask[0]=0x00000000, sa_flags=0x00000002
SIGUSR2: [libjvm.dylib+0x3b10ce], sa_mask[0]=0x00000004, sa_flags=0x00000042
SIGHUP: [libjvm.dylib+0x3af2f3], sa_mask[0]=0xfffefeff, sa_flags=0x00000042
SIGINT: [libjvm.dylib+0x3af2f3], sa_mask[0]=0xfffefeff, sa_flags=0x00000042
SIGTERM: [libjvm.dylib+0x3af2f3], sa_mask[0]=0xfffefeff, sa_flags=0x00000042
SIGQUIT: [libjvm.dylib+0x3af2f3], sa_mask[0]=0xfffefeff, sa_flags=0x00000042


---------------  S Y S T E M  ---------------

OS:Bsd
uname:Darwin 11.4.2 Darwin Kernel Version 11.4.2: Thu Aug 23 16:25:48 PDT 2012; root:xnu-1699.32.7~1/RELEASE_X86_64 x86_64
rlimit: STACK 8192k, CORE 0k, NPROC 266, NOFILE 10240
CPU:total 2 (2 cores per cpu, 1 threads per core) family 6 model 23 stepping 10, cmov, cx8, fxsr, mmx, sse, sse2, sse3, ssse3, sse4.1, tsc

Memory: 4k page, physical 5756356k(1439089k free)

/proc/meminfo:


vm_info: Java HotSpot(TM) 64-Bit Server VM (23.0-b21) for bsd-amd64 JRE (1.7.0_04-b21), built on Apr 19 2012 22:33:17 by "java_re" with gcc 4.2.1 (Based on Apple Inc. build 5658) (LLVM build 2336.1.00)

time: Sat Jan 18 21:55:37 2014
elapsed time: 25 seconds

