#
# A fatal error has been detected by the Java Runtime Environment:
#
#  SIGSEGV (0xb) at pc=0x00007fff95db1390, pid=1699, tid=140735275702624
#
# JRE version: 7.0_04-b21
# Java VM: Java HotSpot(TM) 64-Bit Server VM (23.0-b21 mixed mode bsd-amd64 compressed oops)
# Problematic frame:
# C  [libobjc.A.dylib+0xb390]  objc_msgSend_vtable14+0x10
#
# Failed to write core dump. Core dumps have been disabled. To enable core dumping, try "ulimit -c unlimited" before starting Java again
#
# If you would like to submit a bug report, please visit:
#   http://bugreport.sun.com/bugreport/crash.jsp
# The crash happened outside the Java Virtual Machine in native code.
# See problematic frame for where to report the bug.
#

---------------  T H R E A D  ---------------

Current thread (0x00007faec98be000):  JavaThread "JavaFX Application Thread" [_thread_in_native, id=2082314592, stack(0x00007fff62e75000,0x00007fff63675000)]

siginfo:si_signo=SIGSEGV: si_errno=0, si_code=0 (SEGV0), si_addr=0x0000000000000000

Registers:
RAX=0x8000000000000000, RBX=0x00007faeca39fdd0, RCX=0x00007faec98fb070, RDX=0x00000000a1a1a1a1
RSP=0x00007fff636710d8, RBP=0x00007fff63671100, RSI=0x00007fff7c726720, RDI=0x00007faeca372290
R8 =0x00007fff7bbe2084, R9 =0x00007fff63671098, R10=0x00007faeca302170, R11=0x00007faec8d579e8
R12=0x0000000103b187f0, R13=0x0000000000000004, R14=0x00007faec98fb068, R15=0x00007fff7c726720
RIP=0x00007fff95db1390, EFLAGS=0x0000000000010246, ERR=0x0000000000000000
  TRAPNO=0x000000000000000d

Top of Stack: (sp=0x00007fff636710d8)
0x00007fff636710d8:   00007fff963eb404 0000000103b187f0
0x00007fff636710e8:   0000000103b5b020 0000000000000000
0x00007fff636710f8:   00001974f86d6dec 00007fff63671160
0x00007fff63671108:   00007fff921cfb58 00007fff95a223a3
0x00007fff63671118:   00007faeca39fdd0 0000000103b5b020
0x00007fff63671128:   0000000103b5b038 ac05ef5703d3cc36
0x00007fff63671138:   0000000103b5b020 0000000103b187f0
0x00007fff63671148:   0000000000000004 0000000103b187e0
0x00007fff63671158:   00001974f86d6dec 00007fff636711d0
0x00007fff63671168:   00007fff921cf4ba 00007fff636711a0
0x00007fff63671178:   0000000000000000 0000000000000000
0x00007fff63671188:   00007faeca39fdd0 0000000103b5b038
0x00007fff63671198:   0000000103b186e0 ac05ef5703d3cc36
0x00007fff636711a8:   0000000000000003 00007faeca3820d0
0x00007fff636711b8:   0000000103b185a0 0000000000000001
0x00007fff636711c8:   0000000000000005 00007fff63671e80
0x00007fff636711d8:   00007fff921afe11 00007faec98be1d8
0x00007fff636711e8:   00230004ffffffff 0000000000000000
0x00007fff636711f8:   000000017c2d3670 00007faec8dbcb00
0x00007fff63671208:   0000000103b187f0 0000000103b186e0
0x00007fff63671218:   01007fff93df1160 00007fff63671258
0x00007fff63671228:   00001b037c2d368c 00007fff7bbdafa0
0x00007fff63671238:   0000000103b186d0 0000000103b187e0
0x00007fff63671248:   00007faecc6e9a40 00007fff63671258
0x00007fff63671258:   0000003000001100 00001a0300000000
0x00007fff63671268:   0000000000000000 0000000000000000
0x00007fff63671278:   0000000000000000 0000000000000000
0x00007fff63671288:   0000004400000000 0000000000007000
0x00007fff63671298:   0000000000000001 0000000000000000
0x00007fff636712a8:   0000000000000000 0000000000000000
0x00007fff636712b8:   0000000000000000 0000000000000000
0x00007fff636712c8:   0000000000000000 0000000000011f67 

Instructions: (pc=0x00007fff95db1390)
0x00007fff95db1370:   8b 42 18 48 8b 76 08 ff 60 68 66 0f 1f 44 00 00
0x00007fff95db1380:   48 85 ff 74 16 f7 c7 01 00 00 00 75 12 48 8b 07
0x00007fff95db1390:   48 8b 40 18 48 8b 76 08 ff 60 70 31 c0 c3 90 89
0x00007fff95db13a0:   f8 83 e0 0f 4c 8d 15 2d 51 84 e6 4d 8b 14 c2 49 

Register to memory mapping:

RAX=0x8000000000000000 is an unknown value
RBX=0x00007faeca39fdd0 is an unknown value
RCX=0x00007faec98fb070 is an unknown value
RDX=0x00000000a1a1a1a1 is an unknown value
RSP=0x00007fff636710d8 is pointing into the stack for thread: 0x00007faec98be000
RBP=0x00007fff63671100 is pointing into the stack for thread: 0x00007faec98be000
RSI=0x00007fff7c726720: OBJC_IVAR_$_NSFileWatcher._formerPath+0x72d0 in /System/Library/Frameworks/Foundation.framework/Versions/C/Foundation at 0x00007fff963d5000
RDI=0x00007faeca372290 is an unknown value
R8 =0x00007fff7bbe2084: __CFProcessKillingLock+0 in /System/Library/Frameworks/CoreFoundation.framework/Versions/A/CoreFoundation at 0x00007fff92177000
R9 =0x00007fff63671098 is pointing into the stack for thread: 0x00007faec98be000
R10=0x00007faeca302170 is an unknown value
R11=0x00007faec8d579e8 is an unknown value
R12=0x0000000103b187f0 is an unknown value
R13=0x0000000000000004 is an unknown value
R14=0x00007faec98fb068 is an unknown value
R15=0x00007fff7c726720: OBJC_IVAR_$_NSFileWatcher._formerPath+0x72d0 in /System/Library/Frameworks/Foundation.framework/Versions/C/Foundation at 0x00007fff963d5000


Stack: [0x00007fff62e75000,0x00007fff63675000],  sp=0x00007fff636710d8,  free space=8176k
Native frames: (J=compiled Java code, j=interpreted, Vv=VM code, C=native code)
C  [libobjc.A.dylib+0xb390]  objc_msgSend_vtable14+0x10
C  [CoreFoundation+0x58b58]  CFRunLoopTimerInvalidate+0x218
C  [CoreFoundation+0x584ba]  __CFRunLoopDoTimer+0x24a
C  [CoreFoundation+0x38e11]  __CFRunLoopRun+0x651
C  [CoreFoundation+0x38486]  CFRunLoopRunSpecific+0xe6
C  [HIToolbox+0x22bf]  RunCurrentEventLoopInMode+0x115
C  [HIToolbox+0x94bf]  ReceiveNextEventCommon+0xb5
C  [HIToolbox+0x93fa]  BlockUntilNextEventMatchingListInMode+0x3e
C  [AppKit+0x8779]  _DPSNextEvent+0x293
C  [AppKit+0x807d]  -[NSApplication nextEventMatchingMask:untilDate:inMode:dequeue:]+0x87
C  [AppKit+0x49b9]  -[NSApplication run]+0x1d6
C  [libglass.dylib+0x3d31]  -[GlassApplication runLoop:]+0x2f1
C  [CoreFoundation+0x9370d]  -[NSObject performSelector:withObject:]+0x3d
C  [Foundation+0x4fd70]  __NSThreadPerformPerform+0xd6
C  [CoreFoundation+0x124f1]  __CFRUNLOOP_IS_CALLING_OUT_TO_A_SOURCE0_PERFORM_FUNCTION__+0x11
C  [CoreFoundation+0x11d5d]  __CFRunLoopDoSources0+0xfd
C  [CoreFoundation+0x38b49]  __CFRunLoopRun+0x389
C  [CoreFoundation+0x38486]  CFRunLoopRunSpecific+0xe6
C  [java+0x74bc]  CreateExecutionEnvironment+0x367
C  [java+0x1cac]  JLI_Launch+0x7a0
C  [java+0x7819]  main+0x65
C  [java+0x1504]  start+0x34


---------------  P R O C E S S  ---------------

Java Threads: ( => current thread )
  0x00007faec9bc7000 JavaThread "Prism Font Disposer" daemon [_thread_blocked, id=279068672, stack(0x0000000110924000,0x0000000110a24000)]
  0x00007faec9909800 JavaThread "Thread-4" daemon [_thread_in_native, id=255946752, stack(0x000000010f397000,0x000000010f417000)]
=>0x00007faec98be000 JavaThread "JavaFX Application Thread" [_thread_in_native, id=2082314592, stack(0x00007fff62e75000,0x00007fff63675000)]
  0x00007faec90e5000 JavaThread "Thread-2" daemon [_thread_blocked, id=229539840, stack(0x000000010d9e8000,0x000000010dae8000)]
  0x00007faec90e2800 JavaThread "Disposer" daemon [_thread_blocked, id=228073472, stack(0x000000010d882000,0x000000010d982000)]
  0x00007faec9891000 JavaThread "QuantumRenderer-0" daemon [_thread_blocked, id=221888512, stack(0x000000010d29c000,0x000000010d39c000)]
  0x00007faec9894000 JavaThread "JavaFX-Launcher" [_thread_blocked, id=220794880, stack(0x000000010d191000,0x000000010d291000)]
  0x00007faec9094000 JavaThread "Service Thread" daemon [_thread_blocked, id=218173440, stack(0x000000010cf11000,0x000000010d011000)]
  0x00007faec9099000 JavaThread "C2 CompilerThread1" daemon [_thread_blocked, id=217112576, stack(0x000000010ce0e000,0x000000010cf0e000)]
  0x00007faec9826800 JavaThread "C2 CompilerThread0" daemon [_thread_blocked, id=216051712, stack(0x000000010cd0b000,0x000000010ce0b000)]
  0x00007faec9825800 JavaThread "Signal Dispatcher" daemon [_thread_blocked, id=214990848, stack(0x000000010cc08000,0x000000010cd08000)]
  0x00007faec9092800 JavaThread "Finalizer" daemon [_thread_blocked, id=211812352, stack(0x000000010c900000,0x000000010ca00000)]
  0x00007faec908c800 JavaThread "Reference Handler" daemon [_thread_blocked, id=210751488, stack(0x000000010c7fd000,0x000000010c8fd000)]
  0x00007faec9034800 JavaThread "main" [_thread_blocked, id=75644928, stack(0x0000000104724000,0x0000000104824000)]

Other Threads:
  0x00007faec908a000 VMThread [stack: 0x000000010c6fa000,0x000000010c7fa000] [id=209690624]
  0x00007faec909b000 WatcherThread [stack: 0x000000010d014000,0x000000010d114000] [id=219234304]

VM state:not at safepoint (normal execution)

VM Mutex/Monitor currently owned by a thread: None

Heap
 PSYoungGen      total 49024K, used 33533K [0x00000007e2a00000, 0x00000007e89c0000, 0x0000000800000000)
  eden space 45312K, 66% used [0x00000007e2a00000,0x00000007e474f140,0x00000007e5640000)
  from space 3712K, 94% used [0x00000007e5640000,0x00000007e59b05e0,0x00000007e59e0000)
  to   space 3712K, 0% used [0x00000007e8620000,0x00000007e8620000,0x00000007e89c0000)
 ParOldGen       total 155584K, used 77438K [0x00000007a7e00000, 0x00000007b15f0000, 0x00000007e2a00000)
  object space 155584K, 49% used [0x00000007a7e00000,0x00000007ac99fb50,0x00000007b15f0000)
 PSPermGen       total 21248K, used 11513K [0x00000007a2c00000, 0x00000007a40c0000, 0x00000007a7e00000)
  object space 21248K, 54% used [0x00000007a2c00000,0x00000007a373e430,0x00000007a40c0000)

Code Cache  [0x0000000104867000, 0x0000000104ad7000, 0x0000000107867000)
 total_blobs=694 nmethods=164 adapters=482 free_code_cache=48225Kb largest_free_block=49356032

Compilation events (10 events):
Event: 168.946 Thread 0x00007faec9826800 nmethod 156 0x000000010494c450 code [0x000000010494c5c0, 0x000000010494c778]
Event: 168.948 Thread 0x00007faec9099000 nmethod 155 0x000000010494be10 code [0x000000010494bfa0, 0x000000010494c1a8]
Event: 189.442 Thread 0x00007faec9826800  158             java.lang.Class::forName (36 bytes)
Event: 189.444 Thread 0x00007faec9826800 nmethod 158 0x000000010494b710 code [0x000000010494b860, 0x000000010494b908]
Event: 189.498 Thread 0x00007faec9099000  159   !         com.sun.glass.ui.mac.MacTouchInputSupport::notifyEndTouchEvent (120 bytes)
Event: 189.735 Thread 0x00007faec9099000 nmethod 159 0x0000000104948350 code [0x0000000104948520, 0x0000000104948c48]
Event: 229.413 Thread 0x00007faec9826800  160             java.util.ArrayList$Itr::checkForComodification (23 bytes)
Event: 229.414 Thread 0x00007faec9826800 nmethod 160 0x0000000104946950 code [0x0000000104946aa0, 0x0000000104946b38]
Event: 229.879 Thread 0x00007faec9826800  161             java.util.ArrayList$Itr::next (66 bytes)
Event: 229.881 Thread 0x00007faec9826800 nmethod 161 0x00000001049496d0 code [0x0000000104949820, 0x0000000104949938]

GC Heap History (8 events):
Event: 1.258 GC heap before
{Heap before GC invocations=1 (full 0):
 PSYoungGen      total 26368K, used 22378K [0x00000007e2a00000, 0x00000007e4760000, 0x0000000800000000)
  eden space 22656K, 98% used [0x00000007e2a00000,0x00000007e3fda8b8,0x00000007e4020000)
  from space 3712K, 0% used [0x00000007e43c0000,0x00000007e43c0000,0x00000007e4760000)
  to   space 3712K, 0% used [0x00000007e4020000,0x00000007e4020000,0x00000007e43c0000)
 ParOldGen       total 60160K, used 0K [0x00000007a7e00000, 0x00000007ab8c0000, 0x00000007e2a00000)
  object space 60160K, 0% used [0x00000007a7e00000,0x00000007a7e00000,0x00000007ab8c0000)
 PSPermGen       total 21248K, used 6193K [0x00000007a2c00000, 0x00000007a40c0000, 0x00000007a7e00000)
  object space 21248K, 29% used [0x00000007a2c00000,0x00000007a320c448,0x00000007a40c0000)
Event: 1.280 GC heap after
Heap after GC invocations=1 (full 0):
 PSYoungGen      total 26368K, used 3710K [0x00000007e2a00000, 0x00000007e5d80000, 0x0000000800000000)
  eden space 22656K, 0% used [0x00000007e2a00000,0x00000007e2a00000,0x00000007e4020000)
  from space 3712K, 99% used [0x00000007e4020000,0x00000007e43bf890,0x00000007e43c0000)
  to   space 3712K, 0% used [0x00000007e59e0000,0x00000007e59e0000,0x00000007e5d80000)
 ParOldGen       total 60160K, used 13851K [0x00000007a7e00000, 0x00000007ab8c0000, 0x00000007e2a00000)
  object space 60160K, 23% used [0x00000007a7e00000,0x00000007a8b86f38,0x00000007ab8c0000)
 PSPermGen       total 21248K, used 6193K [0x00000007a2c00000, 0x00000007a40c0000, 0x00000007a7e00000)
  object space 21248K, 29% used [0x00000007a2c00000,0x00000007a320c448,0x00000007a40c0000)
}
Event: 1.748 GC heap before
{Heap before GC invocations=2 (full 0):
 PSYoungGen      total 26368K, used 26105K [0x00000007e2a00000, 0x00000007e5d80000, 0x0000000800000000)
  eden space 22656K, 98% used [0x00000007e2a00000,0x00000007e3fdecd8,0x00000007e4020000)
  from space 3712K, 99% used [0x00000007e4020000,0x00000007e43bf890,0x00000007e43c0000)
  to   space 3712K, 0% used [0x00000007e59e0000,0x00000007e59e0000,0x00000007e5d80000)
 ParOldGen       total 60160K, used 13851K [0x00000007a7e00000, 0x00000007ab8c0000, 0x00000007e2a00000)
  object space 60160K, 23% used [0x00000007a7e00000,0x00000007a8b86f38,0x00000007ab8c0000)
 PSPermGen       total 21248K, used 6198K [0x00000007a2c00000, 0x00000007a40c0000, 0x00000007a7e00000)
  object space 21248K, 29% used [0x00000007a2c00000,0x00000007a320d940,0x00000007a40c0000)
Event: 1.777 GC heap after
Heap after GC invocations=2 (full 0):
 PSYoungGen      total 49024K, used 3694K [0x00000007e2a00000, 0x00000007e5d80000, 0x0000000800000000)
  eden space 45312K, 0% used [0x00000007e2a00000,0x00000007e2a00000,0x00000007e5640000)
  from space 3712K, 99% used [0x00000007e59e0000,0x00000007e5d7b8c0,0x00000007e5d80000)
  to   space 3712K, 0% used [0x00000007e5640000,0x00000007e5640000,0x00000007e59e0000)
 ParOldGen       total 60160K, used 34676K [0x00000007a7e00000, 0x00000007ab8c0000, 0x00000007e2a00000)
  object space 60160K, 57% used [0x00000007a7e00000,0x00000007a9fdd360,0x00000007ab8c0000)
 PSPermGen       total 21248K, used 6198K [0x00000007a2c00000, 0x00000007a40c0000, 0x00000007a7e00000)
  object space 21248K, 29% used [0x00000007a2c00000,0x00000007a320d940,0x00000007a40c0000)
}
Event: 2.670 GC heap before
{Heap before GC invocations=3 (full 0):
 PSYoungGen      total 49024K, used 48755K [0x00000007e2a00000, 0x00000007e5d80000, 0x0000000800000000)
  eden space 45312K, 99% used [0x00000007e2a00000,0x00000007e5601708,0x00000007e5640000)
  from space 3712K, 99% used [0x00000007e59e0000,0x00000007e5d7b8c0,0x00000007e5d80000)
  to   space 3712K, 0% used [0x00000007e5640000,0x00000007e5640000,0x00000007e59e0000)
 ParOldGen       total 60160K, used 34676K [0x00000007a7e00000, 0x00000007ab8c0000, 0x00000007e2a00000)
  object space 60160K, 57% used [0x00000007a7e00000,0x00000007a9fdd360,0x00000007ab8c0000)
 PSPermGen       total 21248K, used 6213K [0x00000007a2c00000, 0x00000007a40c0000, 0x00000007a7e00000)
  object space 21248K, 29% used [0x00000007a2c00000,0x00000007a3211668,0x00000007a40c0000)
Event: 2.722 GC heap after
Heap after GC invocations=3 (full 0):
 PSYoungGen      total 49024K, used 3704K [0x00000007e2a00000, 0x00000007e89c0000, 0x0000000800000000)
  eden space 45312K, 0% used [0x00000007e2a00000,0x00000007e2a00000,0x00000007e5640000)
  from space 3712K, 99% used [0x00000007e5640000,0x00000007e59de1a8,0x00000007e59e0000)
  to   space 3712K, 0% used [0x00000007e8620000,0x00000007e8620000,0x00000007e89c0000)
 ParOldGen       total 77440K, used 77353K [0x00000007a7e00000, 0x00000007ac9a0000, 0x00000007e2a00000)
  object space 77440K, 99% used [0x00000007a7e00000,0x00000007ac98a458,0x00000007ac9a0000)
 PSPermGen       total 21248K, used 6213K [0x00000007a2c00000, 0x00000007a40c0000, 0x00000007a7e00000)
  object space 21248K, 29% used [0x00000007a2c00000,0x00000007a3211668,0x00000007a40c0000)
}
Event: 2.722 GC heap before
{Heap before GC invocations=4 (full 1):
 PSYoungGen      total 49024K, used 3704K [0x00000007e2a00000, 0x00000007e89c0000, 0x0000000800000000)
  eden space 45312K, 0% used [0x00000007e2a00000,0x00000007e2a00000,0x00000007e5640000)
  from space 3712K, 99% used [0x00000007e5640000,0x00000007e59de1a8,0x00000007e59e0000)
  to   space 3712K, 0% used [0x00000007e8620000,0x00000007e8620000,0x00000007e89c0000)
 ParOldGen       total 77440K, used 77353K [0x00000007a7e00000, 0x00000007ac9a0000, 0x00000007e2a00000)
  object space 77440K, 99% used [0x00000007a7e00000,0x00000007ac98a458,0x00000007ac9a0000)
 PSPermGen       total 21248K, used 6213K [0x00000007a2c00000, 0x00000007a40c0000, 0x00000007a7e00000)
  object space 21248K, 29% used [0x00000007a2c00000,0x00000007a3211668,0x00000007a40c0000)
Event: 2.809 GC heap after
Heap after GC invocations=4 (full 1):
 PSYoungGen      total 49024K, used 3521K [0x00000007e2a00000, 0x00000007e89c0000, 0x0000000800000000)
  eden space 45312K, 0% used [0x00000007e2a00000,0x00000007e2a00000,0x00000007e5640000)
  from space 3712K, 94% used [0x00000007e5640000,0x00000007e59b05e0,0x00000007e59e0000)
  to   space 3712K, 0% used [0x00000007e8620000,0x00000007e8620000,0x00000007e89c0000)
 ParOldGen       total 155584K, used 77438K [0x00000007a7e00000, 0x00000007b15f0000, 0x00000007e2a00000)
  object space 155584K, 49% used [0x00000007a7e00000,0x00000007ac99fb50,0x00000007b15f0000)
 PSPermGen       total 21248K, used 6210K [0x00000007a2c00000, 0x00000007a40c0000, 0x00000007a7e00000)
  object space 21248K, 29% used [0x00000007a2c00000,0x00000007a3210ac8,0x00000007a40c0000)
}

Deoptimization events (10 events):
Event: 0.719 Thread 0x00007faec98be000 Uncommon trap -34 fr.pc 0x00000001048db308
Event: 3.095 Thread 0x00007faec98be000 Uncommon trap -83 fr.pc 0x00000001048edbd8
Event: 3.187 Thread 0x00007faec98be000 Uncommon trap -12 fr.pc 0x00000001048dc274
Event: 3.276 Thread 0x00007faec98be000 Uncommon trap -34 fr.pc 0x00000001048d7e1c
Event: 3.276 Thread 0x00007faec98be000 Uncommon trap -34 fr.pc 0x00000001048d7e1c
Event: 3.277 Thread 0x00007faec98be000 Uncommon trap -34 fr.pc 0x00000001048d7e1c
Event: 3.277 Thread 0x00007faec98be000 Uncommon trap -34 fr.pc 0x00000001048d7e1c
Event: 3.791 Thread 0x00007faec98be000 Uncommon trap -12 fr.pc 0x0000000104918584
Event: 37.801 Thread 0x00007faec98be000 Uncommon trap -12 fr.pc 0x0000000104941b50
Event: 37.803 Thread 0x00007faec98be000 Uncommon trap -12 fr.pc 0x000000010492eb14

Internal exceptions (10 events):
Event: 4.115 Thread 0x00007faec98be000 Threw 0x00000007e41912f8 at /HUDSON/workspace/jdk7u4-2-build-macosx-x86_64-product/jdk7u4/hotspot/src/share/vm/prims/jvm.cpp:1166
Event: 4.116 Thread 0x00007faec98be000 Threw 0x00000007e42087c0 at /HUDSON/workspace/jdk7u4-2-build-macosx-x86_64-product/jdk7u4/hotspot/src/share/vm/prims/jvm.cpp:1166
Event: 4.116 Thread 0x00007faec98be000 Threw 0x00000007e420bed8 at /HUDSON/workspace/jdk7u4-2-build-macosx-x86_64-product/jdk7u4/hotspot/src/share/vm/prims/jvm.cpp:1166
Event: 4.116 Thread 0x00007faec98be000 Threw 0x00000007e420f730 at /HUDSON/workspace/jdk7u4-2-build-macosx-x86_64-product/jdk7u4/hotspot/src/share/vm/prims/jvm.cpp:1166
Event: 4.117 Thread 0x00007faec98be000 Threw 0x00000007e4213098 at /HUDSON/workspace/jdk7u4-2-build-macosx-x86_64-product/jdk7u4/hotspot/src/share/vm/prims/jvm.cpp:1166
Event: 4.124 Thread 0x00007faec98be000 Threw 0x00000007e4223cd0 at /HUDSON/workspace/jdk7u4-2-build-macosx-x86_64-product/jdk7u4/hotspot/src/share/vm/prims/jvm.cpp:1166
Event: 8.726 Thread 0x00007faec98be000 Threw 0x00000007e433a490 at /HUDSON/workspace/jdk7u4-2-build-macosx-x86_64-product/jdk7u4/hotspot/src/share/vm/prims/jvm.cpp:1166
Event: 8.731 Thread 0x00007faec98be000 Threw 0x00000007e4343b50 at /HUDSON/workspace/jdk7u4-2-build-macosx-x86_64-product/jdk7u4/hotspot/src/share/vm/prims/jvm.cpp:1166
Event: 37.801 Thread 0x00007faec98be000 Implicit null exception at 0x0000000104941af1 to 0x0000000104941b45
Event: 37.803 Thread 0x00007faec98be000 Implicit null exception at 0x000000010492c33d to 0x000000010492ea31

Events (10 events):
Event: 230.764 loading class 0x0000000103b39ff0
Event: 230.836 loading class 0x0000000103b3a2a0
Event: 230.836 loading class 0x0000000103b3a2a0 done
Event: 230.837 loading class 0x0000000103b39ff0 done
Event: 230.843 loading class 0x00007faeca3a3550
Event: 230.849 loading class 0x00007faeca3a3550 done
Event: 231.211 loading class 0x00007faec8d43cb0
Event: 231.211 loading class 0x00007faec8d43cb0 done
Event: 231.214 loading class 0x00007faeca3052e0
Event: 231.214 loading class 0x00007faeca3052e0 done


Dynamic libraries:
0x000000000b007000 	/System/Library/Frameworks/Cocoa.framework/Versions/A/Cocoa
0x000000000b007000 	/System/Library/Frameworks/Security.framework/Versions/A/Security
0x000000000b007000 	/System/Library/Frameworks/ApplicationServices.framework/Versions/A/ApplicationServices
0x000000000b007000 	/usr/lib/libz.1.dylib
0x000000000b007000 	/usr/lib/libSystem.B.dylib
0x000000000b007000 	/usr/lib/libobjc.A.dylib
0x000000000b007000 	/System/Library/Frameworks/CoreFoundation.framework/Versions/A/CoreFoundation
0x000000000b007000 	/System/Library/Frameworks/AppKit.framework/Versions/C/AppKit
0x000000000b007000 	/System/Library/Frameworks/CoreData.framework/Versions/A/CoreData
0x000000000b007000 	/System/Library/Frameworks/Foundation.framework/Versions/C/Foundation
0x000000000b007000 	/System/Library/PrivateFrameworks/RemoteViewServices.framework/Versions/A/RemoteViewServices
0x000000000b007000 	/System/Library/Frameworks/AudioToolbox.framework/Versions/A/AudioToolbox
0x000000000b007000 	/System/Library/Frameworks/AudioUnit.framework/Versions/A/AudioUnit
0x000000000b007000 	/System/Library/PrivateFrameworks/DataDetectorsCore.framework/Versions/A/DataDetectorsCore
0x000000000b007000 	/System/Library/PrivateFrameworks/DesktopServicesPriv.framework/Versions/A/DesktopServicesPriv
0x000000000b007000 	/System/Library/Frameworks/Carbon.framework/Versions/A/Frameworks/HIToolbox.framework/Versions/A/HIToolbox
0x000000000b007000 	/System/Library/Frameworks/QuartzCore.framework/Versions/A/QuartzCore
0x000000000b007000 	/System/Library/Frameworks/Carbon.framework/Versions/A/Frameworks/SpeechRecognition.framework/Versions/A/SpeechRecognition
0x000000000b007000 	/usr/lib/libauto.dylib
0x000000000b007000 	/usr/lib/libicucore.A.dylib
0x000000000b007000 	/usr/lib/libxml2.2.dylib
0x000000000b007000 	/System/Library/PrivateFrameworks/CoreUI.framework/Versions/A/CoreUI
0x000000000b007000 	/System/Library/Frameworks/CoreAudio.framework/Versions/A/CoreAudio
0x000000000b007000 	/System/Library/Frameworks/DiskArbitration.framework/Versions/A/DiskArbitration
0x000000000b007000 	/usr/lib/liblangid.dylib
0x000000000b007000 	/System/Library/PrivateFrameworks/MultitouchSupport.framework/Versions/A/MultitouchSupport
0x000000000b007000 	/System/Library/Frameworks/IOKit.framework/Versions/A/IOKit
0x000000000b007000 	/usr/lib/libDiagnosticMessagesClient.dylib
0x000000000b007000 	/System/Library/Frameworks/CoreServices.framework/Versions/A/CoreServices
0x000000000b007000 	/System/Library/PrivateFrameworks/PerformanceAnalysis.framework/Versions/A/PerformanceAnalysis
0x000000000b007000 	/System/Library/PrivateFrameworks/GenerationalStorage.framework/Versions/A/GenerationalStorage
0x000000000b007000 	/System/Library/Frameworks/OpenGL.framework/Versions/A/OpenGL
0x000000000b007000 	/System/Library/Frameworks/CoreServices.framework/Versions/A/Frameworks/CFNetwork.framework/Versions/A/CFNetwork
0x000000000b007000 	/System/Library/Frameworks/SystemConfiguration.framework/Versions/A/SystemConfiguration
0x000000000b007000 	/usr/lib/libCRFSuite.dylib
0x000000000b007000 	/usr/lib/libc++.1.dylib
0x000000000b007000 	/usr/lib/libstdc++.6.dylib
0x000000000b007000 	/usr/lib/libc++abi.dylib
0x000000000b007000 	/usr/lib/system/libcache.dylib
0x000000000b007000 	/usr/lib/system/libcommonCrypto.dylib
0x000000000b007000 	/usr/lib/system/libcompiler_rt.dylib
0x000000000b007000 	/usr/lib/system/libcopyfile.dylib
0x000000000b007000 	/usr/lib/system/libdispatch.dylib
0x000000000b007000 	/usr/lib/system/libdnsinfo.dylib
0x000000000b007000 	/usr/lib/system/libdyld.dylib
0x000000000b007000 	/usr/lib/system/libkeymgr.dylib
0x000000000b007000 	/usr/lib/system/liblaunch.dylib
0x000000000b007000 	/usr/lib/system/libmacho.dylib
0x000000000b007000 	/usr/lib/system/libmathCommon.A.dylib
0x000000000b007000 	/usr/lib/system/libquarantine.dylib
0x000000000b007000 	/usr/lib/system/libremovefile.dylib
0x000000000b007000 	/usr/lib/system/libsystem_blocks.dylib
0x000000000b007000 	/usr/lib/system/libsystem_c.dylib
0x000000000b007000 	/usr/lib/system/libsystem_dnssd.dylib
0x000000000b007000 	/usr/lib/system/libsystem_info.dylib
0x000000000b007000 	/usr/lib/system/libsystem_kernel.dylib
0x000000000b007000 	/usr/lib/system/libsystem_network.dylib
0x000000000b007000 	/usr/lib/system/libsystem_notify.dylib
0x000000000b007000 	/usr/lib/system/libsystem_sandbox.dylib
0x000000000b007000 	/usr/lib/system/libunc.dylib
0x000000000b007000 	/usr/lib/system/libunwind.dylib
0x000000000b007000 	/usr/lib/system/libxpc.dylib
0x000000000b007000 	/usr/lib/libbsm.0.dylib
0x000000000b007000 	/usr/lib/libsqlite3.dylib
0x000000000b007000 	/usr/lib/libOpenScriptingUtil.dylib
0x000000000b007000 	/usr/lib/libpam.2.dylib
0x000000000b007000 	/usr/lib/libxar-nossl.dylib
0x000000000b007000 	/usr/lib/libbz2.1.0.dylib
0x000000000b007000 	/System/Library/Frameworks/CoreServices.framework/Versions/A/Frameworks/CarbonCore.framework/Versions/A/CarbonCore
0x000000000b007000 	/System/Library/Frameworks/CoreServices.framework/Versions/A/Frameworks/Metadata.framework/Versions/A/Metadata
0x000000000b007000 	/System/Library/Frameworks/CoreServices.framework/Versions/A/Frameworks/OSServices.framework/Versions/A/OSServices
0x000000000b007000 	/System/Library/Frameworks/CoreServices.framework/Versions/A/Frameworks/SearchKit.framework/Versions/A/SearchKit
0x000000000b007000 	/System/Library/Frameworks/CoreServices.framework/Versions/A/Frameworks/AE.framework/Versions/A/AE
0x000000000b007000 	/System/Library/Frameworks/CoreServices.framework/Versions/A/Frameworks/LaunchServices.framework/Versions/A/LaunchServices
0x000000000b007000 	/System/Library/Frameworks/CoreServices.framework/Versions/A/Frameworks/DictionaryServices.framework/Versions/A/DictionaryServices
0x000000000b007000 	/System/Library/Frameworks/NetFS.framework/Versions/A/NetFS
0x000000000b007000 	/usr/lib/system/libkxld.dylib
0x000000000b007000 	/System/Library/PrivateFrameworks/NetAuth.framework/Versions/A/NetAuth
0x000000000b007000 	/usr/lib/libcrypto.0.9.8.dylib
0x000000000b007000 	/System/Library/PrivateFrameworks/TrustEvaluationAgent.framework/Versions/A/TrustEvaluationAgent
0x000000000b007000 	/System/Library/Frameworks/OpenDirectory.framework/Versions/A/Frameworks/CFOpenDirectory.framework/Versions/A/CFOpenDirectory
0x000000000b007000 	/usr/lib/libxslt.1.dylib
0x000000000b007000 	/System/Library/PrivateFrameworks/FamilyControls.framework/Versions/A/FamilyControls
0x000000000b007000 	/System/Library/Frameworks/Carbon.framework/Versions/A/Frameworks/Ink.framework/Versions/A/Ink
0x000000000b007000 	/System/Library/Frameworks/ApplicationServices.framework/Versions/A/Frameworks/CoreGraphics.framework/Versions/A/CoreGraphics
0x000000000b007000 	/System/Library/Frameworks/ApplicationServices.framework/Versions/A/Frameworks/ImageIO.framework/Versions/A/ImageIO
0x000000000b007000 	/System/Library/Frameworks/ApplicationServices.framework/Versions/A/Frameworks/CoreText.framework/Versions/A/CoreText
0x000000000b007000 	/System/Library/Frameworks/ApplicationServices.framework/Versions/A/Frameworks/ATS.framework/Versions/A/ATS
0x000000000b007000 	/System/Library/Frameworks/ApplicationServices.framework/Versions/A/Frameworks/ColorSync.framework/Versions/A/ColorSync
0x000000000b007000 	/System/Library/Frameworks/ApplicationServices.framework/Versions/A/Frameworks/HIServices.framework/Versions/A/HIServices
0x000000000b007000 	/System/Library/Frameworks/ApplicationServices.framework/Versions/A/Frameworks/LangAnalysis.framework/Versions/A/LangAnalysis
0x000000000b007000 	/System/Library/Frameworks/ApplicationServices.framework/Versions/A/Frameworks/PrintCore.framework/Versions/A/PrintCore
0x000000000b007000 	/System/Library/Frameworks/ApplicationServices.framework/Versions/A/Frameworks/QD.framework/Versions/A/QD
0x000000000b007000 	/System/Library/Frameworks/ApplicationServices.framework/Versions/A/Frameworks/SpeechSynthesis.framework/Versions/A/SpeechSynthesis
0x000000000b007000 	/System/Library/Frameworks/IOSurface.framework/Versions/A/IOSurface
0x000000000b007000 	/System/Library/Frameworks/Accelerate.framework/Versions/A/Accelerate
0x000000000b007000 	/System/Library/Frameworks/ApplicationServices.framework/Versions/A/Frameworks/ImageIO.framework/Versions/A/Resources/libJPEG.dylib
0x000000000b007000 	/System/Library/Frameworks/ApplicationServices.framework/Versions/A/Frameworks/ImageIO.framework/Versions/A/Resources/libTIFF.dylib
0x000000000b007000 	/System/Library/Frameworks/ApplicationServices.framework/Versions/A/Frameworks/ImageIO.framework/Versions/A/Resources/libPng.dylib
0x000000000b007000 	/System/Library/Frameworks/ApplicationServices.framework/Versions/A/Frameworks/ImageIO.framework/Versions/A/Resources/libGIF.dylib
0x000000000b007000 	/System/Library/Frameworks/ApplicationServices.framework/Versions/A/Frameworks/ImageIO.framework/Versions/A/Resources/libJP2.dylib
0x000000000b007000 	/System/Library/Frameworks/ApplicationServices.framework/Versions/A/Frameworks/ImageIO.framework/Versions/A/Resources/libRadiance.dylib
0x000000000b007000 	/System/Library/Frameworks/Accelerate.framework/Versions/A/Frameworks/vImage.framework/Versions/A/vImage
0x000000000b007000 	/System/Library/Frameworks/Accelerate.framework/Versions/A/Frameworks/vecLib.framework/Versions/A/vecLib
0x000000000b007000 	/System/Library/Frameworks/Accelerate.framework/Versions/A/Frameworks/vecLib.framework/Versions/A/libvDSP.dylib
0x000000000b007000 	/System/Library/Frameworks/Accelerate.framework/Versions/A/Frameworks/vecLib.framework/Versions/A/libvMisc.dylib
0x000000000b007000 	/System/Library/Frameworks/Accelerate.framework/Versions/A/Frameworks/vecLib.framework/Versions/A/libLAPACK.dylib
0x000000000b007000 	/System/Library/Frameworks/Accelerate.framework/Versions/A/Frameworks/vecLib.framework/Versions/A/libBLAS.dylib
0x000000000b007000 	/System/Library/Frameworks/ApplicationServices.framework/Versions/A/Frameworks/ATS.framework/Versions/A/Resources/libFontParser.dylib
0x000000000b007000 	/System/Library/Frameworks/ApplicationServices.framework/Versions/A/Frameworks/ATS.framework/Versions/A/Resources/libFontRegistry.dylib
0x000000000b007000 	/usr/lib/libcups.2.dylib
0x000000000b007000 	/System/Library/Frameworks/Kerberos.framework/Versions/A/Kerberos
0x000000000b007000 	/System/Library/Frameworks/GSS.framework/Versions/A/GSS
0x000000000b007000 	/usr/lib/libresolv.9.dylib
0x000000000b007000 	/usr/lib/libiconv.2.dylib
0x000000000b007000 	/System/Library/PrivateFrameworks/Heimdal.framework/Versions/A/Heimdal
0x000000000b007000 	/System/Library/Frameworks/OpenDirectory.framework/Versions/A/OpenDirectory
0x000000000b007000 	/System/Library/PrivateFrameworks/CommonAuth.framework/Versions/A/CommonAuth
0x000000000b007000 	/System/Library/Frameworks/CoreVideo.framework/Versions/A/CoreVideo
0x000000000b007000 	/System/Library/Frameworks/QuartzCore.framework/Versions/A/Frameworks/CoreImage.framework/Versions/A/CoreImage
0x000000000b007000 	/System/Library/Frameworks/QuartzCore.framework/Versions/A/Frameworks/ScalableUserInterface.framework/Versions/A/ScalableUserInterface
0x000000000b007000 	/System/Library/Frameworks/OpenGL.framework/Versions/A/Libraries/libGLU.dylib
0x000000000b007000 	/System/Library/Frameworks/OpenGL.framework/Versions/A/Libraries/libGFXShared.dylib
0x000000000b007000 	/System/Library/Frameworks/OpenGL.framework/Versions/A/Libraries/libGL.dylib
0x000000000b007000 	/System/Library/Frameworks/OpenGL.framework/Versions/A/Libraries/libGLImage.dylib
0x000000000b007000 	/System/Library/Frameworks/OpenGL.framework/Versions/A/Libraries/libCVMSPluginSupport.dylib
0x000000000b007000 	/System/Library/Frameworks/OpenGL.framework/Versions/A/Libraries/libCoreVMClient.dylib
0x000000000b007000 	/System/Library/Frameworks/OpenCL.framework/Versions/A/OpenCL
0x000000000b007000 	/System/Library/PrivateFrameworks/FaceCoreLight.framework/Versions/A/FaceCoreLight
0x000000000b007000 	/System/Library/Frameworks/vecLib.framework/Versions/A/vecLib
0x000000000b007000 	/System/Library/Frameworks/SecurityFoundation.framework/Versions/A/SecurityFoundation
0x000000000b007000 	/System/Library/PrivateFrameworks/CommerceKit.framework/Versions/A/Frameworks/CommerceCore.framework/Versions/A/CommerceCore
0x000000000b007000 	/System/Library/PrivateFrameworks/CoreSymbolication.framework/Versions/A/CoreSymbolication
0x000000000b007000 	/System/Library/PrivateFrameworks/Symbolication.framework/Versions/A/Symbolication
0x000000000b007000 	/System/Library/PrivateFrameworks/DebugSymbols.framework/Versions/A/DebugSymbols
0x0000000103c83000 	/Library/Java/JavaVirtualMachines/1.7.0.jdk/Contents/Home/jre/lib/server/libjvm.dylib
0x0000000103aec000 	/Library/Java/JavaVirtualMachines/1.7.0.jdk/Contents/Home/jre/lib/libverify.dylib
0x0000000104826000 	/Library/Java/JavaVirtualMachines/1.7.0.jdk/Contents/Home/jre/lib/libjava.dylib
0x000000010485e000 	/Library/Java/JavaVirtualMachines/1.7.0.jdk/Contents/Home/jre/lib/libzip.dylib
0x000000010ca02000 	/System/Library/Frameworks/JavaVM.framework/Frameworks/JavaRuntimeSupport.framework/JavaRuntimeSupport
0x000000010ca1a000 	/System/Library/Frameworks/JavaVM.framework/Versions/A/Frameworks/JavaNativeFoundation.framework/Versions/A/JavaNativeFoundation
0x000000010ca2f000 	/System/Library/Frameworks/JavaVM.framework/Versions/A/JavaVM
0x000000000b007000 	/System/Library/Frameworks/Carbon.framework/Versions/A/Carbon
0x000000010ca3c000 	/System/Library/PrivateFrameworks/JavaLaunching.framework/Versions/A/JavaLaunching
0x000000000b007000 	/System/Library/Frameworks/Carbon.framework/Versions/A/Frameworks/CommonPanels.framework/Versions/A/CommonPanels
0x000000000b007000 	/System/Library/Frameworks/Carbon.framework/Versions/A/Frameworks/Help.framework/Versions/A/Help
0x000000000b007000 	/System/Library/Frameworks/Carbon.framework/Versions/A/Frameworks/ImageCapture.framework/Versions/A/ImageCapture
0x000000000b007000 	/System/Library/Frameworks/Carbon.framework/Versions/A/Frameworks/OpenScripting.framework/Versions/A/OpenScripting
0x000000000b007000 	/System/Library/Frameworks/Carbon.framework/Versions/A/Frameworks/Print.framework/Versions/A/Print
0x000000000b007000 	/System/Library/Frameworks/Carbon.framework/Versions/A/Frameworks/SecurityHI.framework/Versions/A/SecurityHI
0x000000010d39e000 	/Library/Java/JavaVirtualMachines/jdk1.7.0_45.jdk/Contents/Home/jre/lib/libprism-es2.dylib
0x000000010d3f3000 	/System/Library/Frameworks/OpenGL.framework/Resources/GLEngine.bundle/GLEngine
0x000000010d5e2000 	/System/Library/Frameworks/OpenGL.framework/Versions/A/Libraries/libGLProgrammability.dylib
0x0000000000000000 	/System/Library/Extensions/GeForceGLDriver.bundle/Contents/MacOS/GeForceGLDriver
0x000000010d76e000 	/System/Library/PrivateFrameworks/GPUSupport.framework/Versions/A/Libraries/libGPUSupport.dylib
0x000000000b007000 	/System/Library/Extensions/GeForceGLDriver.bundle/Contents/MacOS/libclh.dylib
0x000000010d784000 	/System/Library/Frameworks/OpenGL.framework/Resources//GLRendererFloat.bundle/GLRendererFloat
0x000000010d7bb000 	/System/Library/Frameworks/OpenCL.framework/Versions/A/Libraries/libcldcpuengine.dylib
0x000000000b007000 	/System/Library/PrivateFrameworks/DiskImages.framework/Versions/A/DiskImages
0x000000010d7cb000 	/System/Library/Frameworks/OpenGL.framework/Versions/A/Libraries/libCoreFSCache.dylib
0x000000000b007000 	/System/Library/Frameworks/DiscRecording.framework/Versions/A/DiscRecording
0x000000000b007000 	/usr/lib/libcurl.4.dylib
0x000000000b007000 	/System/Library/PrivateFrameworks/MediaKit.framework/Versions/A/MediaKit
0x000000000b007000 	/usr/lib/libssl.0.9.8.dylib
0x000000000b007000 	/System/Library/Frameworks/LDAP.framework/Versions/A/LDAP
0x000000000b007000 	/usr/lib/libsasl2.2.dylib
0x000000010d984000 	/Library/Java/JavaVirtualMachines/jdk1.7.0_45.jdk/Contents/Home/jre/lib/libglass.dylib
0x000000000b007000 	/System/Library/PrivateFrameworks/CoreServicesInternal.framework/Versions/A/CoreServicesInternal
0x000000000b007000 	/System/Library/CoreServices/RawCamera.bundle/Contents/MacOS/RawCamera
0x000000000b007000 	/System/Library/Frameworks/ApplicationServices.framework/Versions/A/Frameworks/CoreGraphics.framework/Versions/A/Resources/libCSync.A.dylib
0x000000000b007000 	/System/Library/Frameworks/ApplicationServices.framework/Versions/A/Frameworks/CoreGraphics.framework/Versions/A/Resources/libRIP.A.dylib
0x000000011069f000 	/Library/Java/JavaVirtualMachines/jdk1.7.0_45.jdk/Contents/Home/jre/lib/libjavafx-iio.dylib
0x000000010dedf000 	/Library/Java/JavaVirtualMachines/jdk1.7.0_45.jdk/Contents/Home/jre/lib/libjavafx-font.dylib
0x000000000b007000 	/System/Library/Frameworks/ApplicationServices.framework/Versions/A/Frameworks/CoreGraphics.framework/Versions/A/Resources/libCGXType.A.dylib
0x000000010db06000 	cl_kernels
0x0000000110ea3000 	/System/Library/Frameworks/OpenCL.framework/Versions/A/Libraries/ImageFormats/unorm8_bgra.dylib
0x000000010dfdc000 	cl_kernels

VM Arguments:
jvm_args: -Dfile.encoding=US-ASCII -Xbootclasspath/a:/Library/Java/JavaVirtualMachines/jdk1.7.0_45.jdk/Contents/Home/jre/lib/jfxrt.jar 
java_command: com.main.MVPApplication
Launcher Type: SUN_STANDARD

Environment Variables:
PATH=/usr/bin:/bin:/usr/sbin:/sbin
SHELL=/bin/bash
DISPLAY=/tmp/launch-sqQt9G/org.x:0

Signal Handlers:
SIGSEGV: [libjvm.dylib+0x4a177d], sa_mask[0]=0xfffefeff, sa_flags=0x00000042
SIGBUS: [libjvm.dylib+0x4a177d], sa_mask[0]=0xfffefeff, sa_flags=0x00000042
SIGFPE: [libjvm.dylib+0x3b1541], sa_mask[0]=0xfffefeff, sa_flags=0x00000042
SIGPIPE: [libjvm.dylib+0x3b1541], sa_mask[0]=0xfffefeff, sa_flags=0x00000042
SIGXFSZ: [libjvm.dylib+0x3b1541], sa_mask[0]=0xfffefeff, sa_flags=0x00000042
SIGILL: [libjvm.dylib+0x3b1541], sa_mask[0]=0xfffefeff, sa_flags=0x00000042
SIGUSR1: SIG_DFL, sa_mask[0]=0x00000000, sa_flags=0x00000002
SIGUSR2: [libjvm.dylib+0x3b10ce], sa_mask[0]=0x00000004, sa_flags=0x00000042
SIGHUP: [libjvm.dylib+0x3af2f3], sa_mask[0]=0xfffefeff, sa_flags=0x00000042
SIGINT: [libjvm.dylib+0x3af2f3], sa_mask[0]=0xfffefeff, sa_flags=0x00000042
SIGTERM: [libjvm.dylib+0x3af2f3], sa_mask[0]=0xfffefeff, sa_flags=0x00000042
SIGQUIT: [libjvm.dylib+0x3af2f3], sa_mask[0]=0xfffefeff, sa_flags=0x00000042


---------------  S Y S T E M  ---------------

OS:Bsd
uname:Darwin 11.4.2 Darwin Kernel Version 11.4.2: Thu Aug 23 16:25:48 PDT 2012; root:xnu-1699.32.7~1/RELEASE_X86_64 x86_64
rlimit: STACK 8192k, CORE 0k, NPROC 266, NOFILE 10240
CPU:total 2 (2 cores per cpu, 1 threads per core) family 6 model 23 stepping 10, cmov, cx8, fxsr, mmx, sse, sse2, sse3, ssse3, sse4.1, tsc

Memory: 4k page, physical 5772288k(1443072k free)

/proc/meminfo:


vm_info: Java HotSpot(TM) 64-Bit Server VM (23.0-b21) for bsd-amd64 JRE (1.7.0_04-b21), built on Apr 19 2012 22:33:17 by "java_re" with gcc 4.2.1 (Based on Apple Inc. build 5658) (LLVM build 2336.1.00)

time: Fri Jan 31 01:33:05 2014
elapsed time: 231 seconds

