#
# A fatal error has been detected by the Java Runtime Environment:
#
#  SIGSEGV (0xb) at pc=0x00007fff9507d390, pid=5397, tid=140735261858144
#
# JRE version: 7.0_04-b21
# Java VM: Java HotSpot(TM) 64-Bit Server VM (23.0-b21 mixed mode bsd-amd64 compressed oops)
# Problematic frame:
# C  [libobjc.A.dylib+0xb390]  objc_msgSend_vtable14+0x10
#
# Failed to write core dump. Core dumps have been disabled. To enable core dumping, try "ulimit -c unlimited" before starting Java again
#
# If you would like to submit a bug report, please visit:
#   http://bugreport.sun.com/bugreport/crash.jsp
# The crash happened outside the Java Virtual Machine in native code.
# See problematic frame for where to report the bug.
#

---------------  T H R E A D  ---------------

Current thread (0x00007f974a8e2800):  JavaThread "JavaFX Application Thread" [_thread_in_native, id=2068470112, stack(0x00007fff6b674000,0x00007fff6be74000)]

siginfo:si_signo=SIGSEGV: si_errno=0, si_code=0 (SEGV0), si_addr=0x0000000000000000

Registers:
RAX=0xc000000000000000, RBX=0x00007f974b50a540, RCX=0x00007f974a8e4070, RDX=0x00000000a1a1a1a1
RSP=0x00007fff6be700d8, RBP=0x00007fff6be70100, RSI=0x00007fff7b9f2720, RDI=0x00007f974b34ba10
R8 =0x00007fff7aeae084, R9 =0x00007fff6be70098, R10=0x000000010c3b3730, R11=0x00007f9749d59348
R12=0x000000010c318a20, R13=0x0000000000000004, R14=0x00007f974a8e4068, R15=0x00007fff7b9f2720
RIP=0x00007fff9507d390, EFLAGS=0x0000000000010246, ERR=0x0000000000000000
  TRAPNO=0x000000000000000d

Top of Stack: (sp=0x00007fff6be700d8)
0x00007fff6be700d8:   00007fff956b7404 000000010c318a20
0x00007fff6be700e8:   00007f974b50aee0 0000000000000000
0x00007fff6be700f8:   000012fd11d3105d 00007fff6be70160
0x00007fff6be70108:   00007fff9149bb58 00007fff94cee3a3
0x00007fff6be70118:   00007f974b50a540 00007f974b50aee0
0x00007fff6be70128:   00007f974b50aef8 7d2e44b691a65bf2
0x00007fff6be70138:   00007f974b50aee0 000000010c318a20
0x00007fff6be70148:   0000000000000004 000000010c318a10
0x00007fff6be70158:   000012fd11d3105d 00007fff6be701d0
0x00007fff6be70168:   00007fff9149b4ba 00007fff6be701a0
0x00007fff6be70178:   0000000000000000 0000000000000000
0x00007fff6be70188:   00007f974b50a540 00007f974b50aef8
0x00007fff6be70198:   000000010c3188f0 7d2e44b691a65bf2
0x00007fff6be701a8:   0000000000000003 00007f974b35a9f0
0x00007fff6be701b8:   000000010c3187b0 0000000000000001
0x00007fff6be701c8:   0000000000000005 00007fff6be70e80
0x00007fff6be701d8:   00007fff9147be11 00007f974a8e29d8
0x00007fff6be701e8:   00230004ffffffff 0000000000000000
0x00007fff6be701f8:   000000017b59f670 00007f974b38cab0
0x00007fff6be70208:   000000010c318a20 000000010c3188f0
0x00007fff6be70218:   01007fff930bd160 00007fff6be70258
0x00007fff6be70228:   00001a037b59f68c 00007fff7aea6fa0
0x00007fff6be70238:   000000010c3188e0 000000010c318a10
0x00007fff6be70248:   00007f974b42d880 00007fff6be70258
0x00007fff6be70258:   0000003000001100 0000190300000000
0x00007fff6be70268:   0000000000000000 0000000000000000
0x00007fff6be70278:   0000000000000000 0000000000000000
0x00007fff6be70288:   0000004400000000 0000000000000a97
0x00007fff6be70298:   0000000000000001 0000000000000000
0x00007fff6be702a8:   0000000000000000 0000000000000000
0x00007fff6be702b8:   0000000000000000 0000004200000000
0x00007fff6be702c8:   0000000000000000 000000000000db73 

Instructions: (pc=0x00007fff9507d390)
0x00007fff9507d370:   8b 42 18 48 8b 76 08 ff 60 68 66 0f 1f 44 00 00
0x00007fff9507d380:   48 85 ff 74 16 f7 c7 01 00 00 00 75 12 48 8b 07
0x00007fff9507d390:   48 8b 40 18 48 8b 76 08 ff 60 70 31 c0 c3 90 89
0x00007fff9507d3a0:   f8 83 e0 0f 4c 8d 15 2d 51 84 e6 4d 8b 14 c2 49 

Register to memory mapping:

RAX=0xc000000000000000 is an unknown value
RBX=0x00007f974b50a540 is an unknown value
RCX=0x00007f974a8e4070 is an unknown value
RDX=0x00000000a1a1a1a1 is an unknown value
RSP=0x00007fff6be700d8 is pointing into the stack for thread: 0x00007f974a8e2800
RBP=0x00007fff6be70100 is pointing into the stack for thread: 0x00007f974a8e2800
RSI=0x00007fff7b9f2720: OBJC_IVAR_$_NSFileWatcher._formerPath+0x72d0 in /System/Library/Frameworks/Foundation.framework/Versions/C/Foundation at 0x00007fff956a1000
RDI=0x00007f974b34ba10 is an unknown value
R8 =0x00007fff7aeae084: __CFProcessKillingLock+0 in /System/Library/Frameworks/CoreFoundation.framework/Versions/A/CoreFoundation at 0x00007fff91443000
R9 =0x00007fff6be70098 is pointing into the stack for thread: 0x00007f974a8e2800
R10=0x000000010c3b3730 is an unknown value
R11=0x00007f9749d59348 is an unknown value
R12=0x000000010c318a20 is an unknown value
R13=0x0000000000000004 is an unknown value
R14=0x00007f974a8e4068 is an unknown value
R15=0x00007fff7b9f2720: OBJC_IVAR_$_NSFileWatcher._formerPath+0x72d0 in /System/Library/Frameworks/Foundation.framework/Versions/C/Foundation at 0x00007fff956a1000


Stack: [0x00007fff6b674000,0x00007fff6be74000],  sp=0x00007fff6be700d8,  free space=8176k
Native frames: (J=compiled Java code, j=interpreted, Vv=VM code, C=native code)
C  [libobjc.A.dylib+0xb390]  objc_msgSend_vtable14+0x10
C  [CoreFoundation+0x58b58]  CFRunLoopTimerInvalidate+0x218
C  [CoreFoundation+0x584ba]  __CFRunLoopDoTimer+0x24a
C  [CoreFoundation+0x38e11]  __CFRunLoopRun+0x651
C  [CoreFoundation+0x38486]  CFRunLoopRunSpecific+0xe6
C  [HIToolbox+0x22bf]  RunCurrentEventLoopInMode+0x115
C  [HIToolbox+0x94bf]  ReceiveNextEventCommon+0xb5
C  [HIToolbox+0x93fa]  BlockUntilNextEventMatchingListInMode+0x3e
C  [AppKit+0x8779]  _DPSNextEvent+0x293
C  [AppKit+0x807d]  -[NSApplication nextEventMatchingMask:untilDate:inMode:dequeue:]+0x87
C  [AppKit+0x49b9]  -[NSApplication run]+0x1d6
C  [libglass.dylib+0x3d31]  -[GlassApplication runLoop:]+0x2f1
C  [CoreFoundation+0x9370d]  -[NSObject performSelector:withObject:]+0x3d
C  [Foundation+0x4fd70]  __NSThreadPerformPerform+0xd6
C  [CoreFoundation+0x124f1]  __CFRUNLOOP_IS_CALLING_OUT_TO_A_SOURCE0_PERFORM_FUNCTION__+0x11
C  [CoreFoundation+0x11d5d]  __CFRunLoopDoSources0+0xfd
C  [CoreFoundation+0x38b49]  __CFRunLoopRun+0x389
C  [CoreFoundation+0x38486]  CFRunLoopRunSpecific+0xe6
C  [java+0x74bc]  CreateExecutionEnvironment+0x367
C  [java+0x1cac]  JLI_Launch+0x7a0
C  [java+0x7819]  main+0x65
C  [java+0x1504]  start+0x34


---------------  P R O C E S S  ---------------

Java Threads: ( => current thread )
  0x00007f974a9af000 JavaThread "Prism Font Disposer" daemon [_thread_blocked, id=430792704, stack(0x00000001199d6000,0x0000000119ad6000)]
  0x00007f974a962800 JavaThread "Thread-4" daemon [_thread_in_native, id=397283328, stack(0x0000000117a61000,0x0000000117ae1000)]
=>0x00007f974a8e2800 JavaThread "JavaFX Application Thread" [_thread_in_native, id=2068470112, stack(0x00007fff6b674000,0x00007fff6be74000)]
  0x00007f974a104000 JavaThread "Thread-2" daemon [_thread_blocked, id=372322304, stack(0x0000000116213000,0x0000000116313000)]
  0x00007f974a8c3800 JavaThread "Disposer" daemon [_thread_blocked, id=370855936, stack(0x00000001160ad000,0x00000001161ad000)]
  0x00007f974a0bf800 JavaThread "QuantumRenderer-0" daemon [_thread_blocked, id=364666880, stack(0x0000000115ac6000,0x0000000115bc6000)]
  0x00007f974a0c3000 JavaThread "JavaFX-Launcher" [_thread_blocked, id=363573248, stack(0x00000001159bb000,0x0000000115abb000)]
  0x00007f974a07f000 JavaThread "Service Thread" daemon [_thread_blocked, id=360960000, stack(0x000000011573d000,0x000000011583d000)]
  0x00007f974a07e000 JavaThread "C2 CompilerThread1" daemon [_thread_blocked, id=359899136, stack(0x000000011563a000,0x000000011573a000)]
  0x00007f974a07c800 JavaThread "C2 CompilerThread0" daemon [_thread_blocked, id=358838272, stack(0x0000000115537000,0x0000000115637000)]
  0x00007f974a05e000 JavaThread "Signal Dispatcher" daemon [_thread_blocked, id=357777408, stack(0x0000000115434000,0x0000000115534000)]
  0x00007f974a839000 JavaThread "Finalizer" daemon [_thread_blocked, id=354598912, stack(0x000000011512c000,0x000000011522c000)]
  0x00007f974a832800 JavaThread "Reference Handler" daemon [_thread_blocked, id=353538048, stack(0x0000000115029000,0x0000000115129000)]
  0x00007f974a804000 JavaThread "main" [_thread_blocked, id=218251264, stack(0x000000010cf24000,0x000000010d024000)]

Other Threads:
  0x00007f974a832000 VMThread [stack: 0x0000000114f26000,0x0000000115026000] [id=352477184]
  0x00007f974a05b800 WatcherThread [stack: 0x0000000115840000,0x0000000115940000] [id=362020864]

VM state:not at safepoint (normal execution)

VM Mutex/Monitor currently owned by a thread: None

Heap
 PSYoungGen      total 42112K, used 34413K [0x00000007e28b0000, 0x00000007e5c00000, 0x0000000800000000)
  eden space 38720K, 80% used [0x00000007e28b0000,0x00000007e4705d08,0x00000007e4e80000)
  from space 3392K, 98% used [0x00000007e58b0000,0x00000007e5bf5808,0x00000007e5c00000)
  to   space 3712K, 0% used [0x00000007e54c0000,0x00000007e54c0000,0x00000007e5860000)
 ParOldGen       total 113728K, used 77569K [0x00000007a7a00000, 0x00000007ae910000, 0x00000007e28b0000)
  object space 113728K, 68% used [0x00000007a7a00000,0x00000007ac5c05b8,0x00000007ae910000)
 PSPermGen       total 21248K, used 11533K [0x00000007a2800000, 0x00000007a3cc0000, 0x00000007a7a00000)
  object space 21248K, 54% used [0x00000007a2800000,0x00000007a33434d8,0x00000007a3cc0000)

Code Cache  [0x000000010d067000, 0x000000010d2d7000, 0x0000000110067000)
 total_blobs=686 nmethods=156 adapters=482 free_code_cache=48197Kb largest_free_block=49325248

Compilation events (10 events):
Event: 30.552 Thread 0x00007f974a07c800  153             java.lang.Enum::ordinal (5 bytes)
Event: 30.552 Thread 0x00007f974a07c800 nmethod 153 0x000000010d145d90 code [0x000000010d145ec0, 0x000000010d145f18]
Event: 30.947 Thread 0x00007f974a07c800  154             com.sun.javafx.geom.RectBounds::getBoundsType (4 bytes)
Event: 30.948 Thread 0x00007f974a07c800 nmethod 154 0x000000010d145b90 code [0x000000010d145cc0, 0x000000010d145d38]
Event: 31.452 Thread 0x00007f974a07c800  155             java.lang.ref.SoftReference::get (29 bytes)
Event: 31.454 Thread 0x00007f974a07c800 nmethod 155 0x000000010d145950 code [0x000000010d145a80, 0x000000010d145b18]
Event: 31.890 Thread 0x00007f974a07c800  156             com.sun.javafx.geom.transform.AffineBase::getMxt (5 bytes)
Event: 31.891 Thread 0x00007f974a07c800 nmethod 156 0x000000010d145750 code [0x000000010d145880, 0x000000010d1458d8]
Event: 31.899 Thread 0x00007f974a07c800  157             com.sun.javafx.geom.transform.AffineBase::getMyt (5 bytes)
Event: 31.899 Thread 0x00007f974a07c800 nmethod 157 0x000000010d145550 code [0x000000010d145680, 0x000000010d1456d8]

GC Heap History (10 events):
Event: 4.129 GC heap before
{Heap before GC invocations=1 (full 0):
 PSYoungGen      total 26432K, used 22460K [0x00000007e28b0000, 0x00000007e4620000, 0x0000000800000000)
  eden space 22720K, 98% used [0x00000007e28b0000,0x00000007e3e9f198,0x00000007e3ee0000)
  from space 3712K, 0% used [0x00000007e4280000,0x00000007e4280000,0x00000007e4620000)
  to   space 3712K, 0% used [0x00000007e3ee0000,0x00000007e3ee0000,0x00000007e4280000)
 ParOldGen       total 60352K, used 0K [0x00000007a7a00000, 0x00000007ab4f0000, 0x00000007e28b0000)
  object space 60352K, 0% used [0x00000007a7a00000,0x00000007a7a00000,0x00000007ab4f0000)
 PSPermGen       total 21248K, used 6409K [0x00000007a2800000, 0x00000007a3cc0000, 0x00000007a7a00000)
  object space 21248K, 30% used [0x00000007a2800000,0x00000007a2e426c0,0x00000007a3cc0000)
Event: 4.168 GC heap after
Heap after GC invocations=1 (full 0):
 PSYoungGen      total 26432K, used 3700K [0x00000007e28b0000, 0x00000007e4620000, 0x0000000800000000)
  eden space 22720K, 0% used [0x00000007e28b0000,0x00000007e28b0000,0x00000007e3ee0000)
  from space 3712K, 99% used [0x00000007e3ee0000,0x00000007e427d158,0x00000007e4280000)
  to   space 3712K, 0% used [0x00000007e4280000,0x00000007e4280000,0x00000007e4620000)
 ParOldGen       total 60352K, used 13717K [0x00000007a7a00000, 0x00000007ab4f0000, 0x00000007e28b0000)
  object space 60352K, 22% used [0x00000007a7a00000,0x00000007a8765718,0x00000007ab4f0000)
 PSPermGen       total 21248K, used 6409K [0x00000007a2800000, 0x00000007a3cc0000, 0x00000007a7a00000)
  object space 21248K, 30% used [0x00000007a2800000,0x00000007a2e426c0,0x00000007a3cc0000)
}
Event: 4.942 GC heap before
{Heap before GC invocations=2 (full 0):
 PSYoungGen      total 26432K, used 26145K [0x00000007e28b0000, 0x00000007e4620000, 0x0000000800000000)
  eden space 22720K, 98% used [0x00000007e28b0000,0x00000007e3e9b5b8,0x00000007e3ee0000)
  from space 3712K, 99% used [0x00000007e3ee0000,0x00000007e427d158,0x00000007e4280000)
  to   space 3712K, 0% used [0x00000007e4280000,0x00000007e4280000,0x00000007e4620000)
 ParOldGen       total 60352K, used 13717K [0x00000007a7a00000, 0x00000007ab4f0000, 0x00000007e28b0000)
  object space 60352K, 22% used [0x00000007a7a00000,0x00000007a8765718,0x00000007ab4f0000)
 PSPermGen       total 21248K, used 6414K [0x00000007a2800000, 0x00000007a3cc0000, 0x00000007a7a00000)
  object space 21248K, 30% used [0x00000007a2800000,0x00000007a2e43978,0x00000007a3cc0000)
Event: 4.973 GC heap after
Heap after GC invocations=2 (full 0):
 PSYoungGen      total 26432K, used 3701K [0x00000007e28b0000, 0x00000007e5c50000, 0x0000000800000000)
  eden space 22720K, 0% used [0x00000007e28b0000,0x00000007e28b0000,0x00000007e3ee0000)
  from space 3712K, 99% used [0x00000007e4280000,0x00000007e461d6e0,0x00000007e4620000)
  to   space 3712K, 0% used [0x00000007e3ee0000,0x00000007e3ee0000,0x00000007e4280000)
 ParOldGen       total 60352K, used 34562K [0x00000007a7a00000, 0x00000007ab4f0000, 0x00000007e28b0000)
  object space 60352K, 57% used [0x00000007a7a00000,0x00000007a9bc0808,0x00000007ab4f0000)
 PSPermGen       total 21248K, used 6414K [0x00000007a2800000, 0x00000007a3cc0000, 0x00000007a7a00000)
  object space 21248K, 30% used [0x00000007a2800000,0x00000007a2e43978,0x00000007a3cc0000)
}
Event: 5.529 GC heap before
{Heap before GC invocations=3 (full 0):
 PSYoungGen      total 26432K, used 25952K [0x00000007e28b0000, 0x00000007e5c50000, 0x0000000800000000)
  eden space 22720K, 97% used [0x00000007e28b0000,0x00000007e3e6aba8,0x00000007e3ee0000)
  from space 3712K, 99% used [0x00000007e4280000,0x00000007e461d6e0,0x00000007e4620000)
  to   space 3712K, 0% used [0x00000007e3ee0000,0x00000007e3ee0000,0x00000007e4280000)
 ParOldGen       total 60352K, used 34562K [0x00000007a7a00000, 0x00000007ab4f0000, 0x00000007e28b0000)
  object space 60352K, 57% used [0x00000007a7a00000,0x00000007a9bc0808,0x00000007ab4f0000)
 PSPermGen       total 21248K, used 6421K [0x00000007a2800000, 0x00000007a3cc0000, 0x00000007a7a00000)
  object space 21248K, 30% used [0x00000007a2800000,0x00000007a2e45790,0x00000007a3cc0000)
Event: 5.557 GC heap after
Heap after GC invocations=3 (full 0):
 PSYoungGen      total 26432K, used 3701K [0x00000007e28b0000, 0x00000007e5c50000, 0x0000000800000000)
  eden space 22720K, 0% used [0x00000007e28b0000,0x00000007e28b0000,0x00000007e3ee0000)
  from space 3712K, 99% used [0x00000007e3ee0000,0x00000007e427d6e0,0x00000007e4280000)
  to   space 3712K, 0% used [0x00000007e58b0000,0x00000007e58b0000,0x00000007e5c50000)
 ParOldGen       total 60352K, used 55764K [0x00000007a7a00000, 0x00000007ab4f0000, 0x00000007e28b0000)
  object space 60352K, 92% used [0x00000007a7a00000,0x00000007ab075268,0x00000007ab4f0000)
 PSPermGen       total 21248K, used 6421K [0x00000007a2800000, 0x00000007a3cc0000, 0x00000007a7a00000)
  object space 21248K, 30% used [0x00000007a2800000,0x00000007a2e45790,0x00000007a3cc0000)
}
Event: 5.557 GC heap before
{Heap before GC invocations=4 (full 1):
 PSYoungGen      total 26432K, used 3701K [0x00000007e28b0000, 0x00000007e5c50000, 0x0000000800000000)
  eden space 22720K, 0% used [0x00000007e28b0000,0x00000007e28b0000,0x00000007e3ee0000)
  from space 3712K, 99% used [0x00000007e3ee0000,0x00000007e427d6e0,0x00000007e4280000)
  to   space 3712K, 0% used [0x00000007e58b0000,0x00000007e58b0000,0x00000007e5c50000)
 ParOldGen       total 60352K, used 55764K [0x00000007a7a00000, 0x00000007ab4f0000, 0x00000007e28b0000)
  object space 60352K, 92% used [0x00000007a7a00000,0x00000007ab075268,0x00000007ab4f0000)
 PSPermGen       total 21248K, used 6421K [0x00000007a2800000, 0x00000007a3cc0000, 0x00000007a7a00000)
  object space 21248K, 30% used [0x00000007a2800000,0x00000007a2e45790,0x00000007a3cc0000)
Event: 5.631 GC heap after
Heap after GC invocations=4 (full 1):
 PSYoungGen      total 26432K, used 0K [0x00000007e28b0000, 0x00000007e5c50000, 0x0000000800000000)
  eden space 22720K, 0% used [0x00000007e28b0000,0x00000007e28b0000,0x00000007e3ee0000)
  from space 3712K, 0% used [0x00000007e3ee0000,0x00000007e3ee0000,0x00000007e4280000)
  to   space 3712K, 0% used [0x00000007e58b0000,0x00000007e58b0000,0x00000007e5c50000)
 ParOldGen       total 113728K, used 59353K [0x00000007a7a00000, 0x00000007ae910000, 0x00000007e28b0000)
  object space 113728K, 52% used [0x00000007a7a00000,0x00000007ab3f6708,0x00000007ae910000)
 PSPermGen       total 21248K, used 6418K [0x00000007a2800000, 0x00000007a3cc0000, 0x00000007a7a00000)
  object space 21248K, 30% used [0x00000007a2800000,0x00000007a2e44b70,0x00000007a3cc0000)
}
Event: 6.266 GC heap before
{Heap before GC invocations=5 (full 1):
 PSYoungGen      total 26432K, used 22640K [0x00000007e28b0000, 0x00000007e5c50000, 0x0000000800000000)
  eden space 22720K, 99% used [0x00000007e28b0000,0x00000007e3ecc2a8,0x00000007e3ee0000)
  from space 3712K, 0% used [0x00000007e3ee0000,0x00000007e3ee0000,0x00000007e4280000)
  to   space 3712K, 0% used [0x00000007e58b0000,0x00000007e58b0000,0x00000007e5c50000)
 ParOldGen       total 113728K, used 59353K [0x00000007a7a00000, 0x00000007ae910000, 0x00000007e28b0000)
  object space 113728K, 52% used [0x00000007a7a00000,0x00000007ab3f6708,0x00000007ae910000)
 PSPermGen       total 21248K, used 6423K [0x00000007a2800000, 0x00000007a3cc0000, 0x00000007a7a00000)
  object space 21248K, 30% used [0x00000007a2800000,0x00000007a2e45c30,0x00000007a3cc0000)
Event: 6.290 GC heap after
Heap after GC invocations=5 (full 1):
 PSYoungGen      total 42112K, used 3350K [0x00000007e28b0000, 0x00000007e5c00000, 0x0000000800000000)
  eden space 38720K, 0% used [0x00000007e28b0000,0x00000007e28b0000,0x00000007e4e80000)
  from space 3392K, 98% used [0x00000007e58b0000,0x00000007e5bf5808,0x00000007e5c00000)
  to   space 3712K, 0% used [0x00000007e54c0000,0x00000007e54c0000,0x00000007e5860000)
 ParOldGen       total 113728K, used 77569K [0x00000007a7a00000, 0x00000007ae910000, 0x00000007e28b0000)
  object space 113728K, 68% used [0x00000007a7a00000,0x00000007ac5c05b8,0x00000007ae910000)
 PSPermGen       total 21248K, used 6423K [0x00000007a2800000, 0x00000007a3cc0000, 0x00000007a7a00000)
  object space 21248K, 30% used [0x00000007a2800000,0x00000007a2e45c30,0x00000007a3cc0000)
}

Deoptimization events (10 events):
Event: 2.826 Thread 0x00007f974a8e2800 Uncommon trap -34 fr.pc 0x000000010d0db308
Event: 2.826 Thread 0x00007f974a8e2800 Uncommon trap -34 fr.pc 0x000000010d0db308
Event: 2.826 Thread 0x00007f974a8e2800 Uncommon trap -34 fr.pc 0x000000010d0db308
Event: 7.961 Thread 0x00007f974a8e2800 Uncommon trap -34 fr.pc 0x000000010d0d7e1c
Event: 7.961 Thread 0x00007f974a8e2800 Uncommon trap -34 fr.pc 0x000000010d0d7e1c
Event: 7.962 Thread 0x00007f974a8e2800 Uncommon trap -34 fr.pc 0x000000010d0d7e1c
Event: 7.962 Thread 0x00007f974a8e2800 Uncommon trap -34 fr.pc 0x000000010d0d7e1c
Event: 8.551 Thread 0x00007f974a8e2800 Uncommon trap 51 fr.pc 0x000000010d112bc0
Event: 9.032 Thread 0x00007f974a8e2800 Uncommon trap -12 fr.pc 0x000000010d11d1c4
Event: 21.059 Thread 0x00007f974a8e2800 Uncommon trap -12 fr.pc 0x000000010d12ffd8

Internal exceptions (10 events):
Event: 7.358 Thread 0x00007f974a8e2800 Threw 0x00000007e3f3ab70 at /HUDSON/workspace/jdk7u4-2-build-macosx-x86_64-product/jdk7u4/hotspot/src/share/vm/prims/jvm.cpp:1166
Event: 7.359 Thread 0x00007f974a8e2800 Threw 0x00000007e3f3d7e8 at /HUDSON/workspace/jdk7u4-2-build-macosx-x86_64-product/jdk7u4/hotspot/src/share/vm/prims/jvm.cpp:1166
Event: 7.361 Thread 0x00007f974a8e2800 Threw 0x00000007e3f45d08 at /HUDSON/workspace/jdk7u4-2-build-macosx-x86_64-product/jdk7u4/hotspot/src/share/vm/prims/jvm.cpp:1166
Event: 7.383 Thread 0x00007f974a8e2800 Threw 0x00000007e3f4b770 at /HUDSON/workspace/jdk7u4-2-build-macosx-x86_64-product/jdk7u4/hotspot/src/share/vm/prims/jvm.cpp:1166
Event: 7.402 Thread 0x00007f974a8e2800 Threw 0x00000007e3f4ebb8 at /HUDSON/workspace/jdk7u4-2-build-macosx-x86_64-product/jdk7u4/hotspot/src/share/vm/prims/jvm.cpp:1166
Event: 7.421 Thread 0x00007f974a8e2800 Threw 0x00000007e3f51d30 at /HUDSON/workspace/jdk7u4-2-build-macosx-x86_64-product/jdk7u4/hotspot/src/share/vm/prims/jvm.cpp:1166
Event: 7.431 Thread 0x00007f974a8e2800 Threw 0x00000007e3f56820 at /HUDSON/workspace/jdk7u4-2-build-macosx-x86_64-product/jdk7u4/hotspot/src/share/vm/prims/jvm.cpp:1166
Event: 9.032 Thread 0x00007f974a8e2800 Implicit null exception at 0x000000010d11cf69 to 0x000000010d11d1a9
Event: 21.059 Thread 0x00007f974a8e2800 Implicit null exception at 0x000000010d12d7e9 to 0x000000010d12fef9
Event: 27.468 Thread 0x00007f974a8e2800 Threw 0x00000007e45bc818 at /HUDSON/workspace/jdk7u4-2-build-macosx-x86_64-product/jdk7u4/hotspot/src/share/vm/prims/jvm.cpp:1166

Events (10 events):
Event: 31.907 loading class 0x000000010c376410
Event: 31.907 loading class 0x000000010c376410 done
Event: 31.908 loading class 0x00007f9749d18d10
Event: 31.921 loading class 0x00007f9749d18fc0
Event: 31.921 loading class 0x00007f9749d18fc0 done
Event: 31.921 loading class 0x00007f9749d18d10 done
Event: 31.921 loading class 0x00007f974b37e6c0
Event: 31.921 loading class 0x00007f974b37e6c0 done
Event: 31.936 loading class 0x000000010c383370
Event: 31.937 loading class 0x000000010c383370 done


Dynamic libraries:
0x000000000a2d3000 	/System/Library/Frameworks/Cocoa.framework/Versions/A/Cocoa
0x000000000a2d3000 	/System/Library/Frameworks/Security.framework/Versions/A/Security
0x000000000a2d3000 	/System/Library/Frameworks/ApplicationServices.framework/Versions/A/ApplicationServices
0x000000000a2d3000 	/usr/lib/libz.1.dylib
0x000000000a2d3000 	/usr/lib/libSystem.B.dylib
0x000000000a2d3000 	/usr/lib/libobjc.A.dylib
0x000000000a2d3000 	/System/Library/Frameworks/CoreFoundation.framework/Versions/A/CoreFoundation
0x000000000a2d3000 	/System/Library/Frameworks/AppKit.framework/Versions/C/AppKit
0x000000000a2d3000 	/System/Library/Frameworks/CoreData.framework/Versions/A/CoreData
0x000000000a2d3000 	/System/Library/Frameworks/Foundation.framework/Versions/C/Foundation
0x000000000a2d3000 	/System/Library/PrivateFrameworks/RemoteViewServices.framework/Versions/A/RemoteViewServices
0x000000000a2d3000 	/System/Library/Frameworks/AudioToolbox.framework/Versions/A/AudioToolbox
0x000000000a2d3000 	/System/Library/Frameworks/AudioUnit.framework/Versions/A/AudioUnit
0x000000000a2d3000 	/System/Library/PrivateFrameworks/DataDetectorsCore.framework/Versions/A/DataDetectorsCore
0x000000000a2d3000 	/System/Library/PrivateFrameworks/DesktopServicesPriv.framework/Versions/A/DesktopServicesPriv
0x000000000a2d3000 	/System/Library/Frameworks/Carbon.framework/Versions/A/Frameworks/HIToolbox.framework/Versions/A/HIToolbox
0x000000000a2d3000 	/System/Library/Frameworks/QuartzCore.framework/Versions/A/QuartzCore
0x000000000a2d3000 	/System/Library/Frameworks/Carbon.framework/Versions/A/Frameworks/SpeechRecognition.framework/Versions/A/SpeechRecognition
0x000000000a2d3000 	/usr/lib/libauto.dylib
0x000000000a2d3000 	/usr/lib/libicucore.A.dylib
0x000000000a2d3000 	/usr/lib/libxml2.2.dylib
0x000000000a2d3000 	/System/Library/PrivateFrameworks/CoreUI.framework/Versions/A/CoreUI
0x000000000a2d3000 	/System/Library/Frameworks/CoreAudio.framework/Versions/A/CoreAudio
0x000000000a2d3000 	/System/Library/Frameworks/DiskArbitration.framework/Versions/A/DiskArbitration
0x000000000a2d3000 	/usr/lib/liblangid.dylib
0x000000000a2d3000 	/System/Library/PrivateFrameworks/MultitouchSupport.framework/Versions/A/MultitouchSupport
0x000000000a2d3000 	/System/Library/Frameworks/IOKit.framework/Versions/A/IOKit
0x000000000a2d3000 	/usr/lib/libDiagnosticMessagesClient.dylib
0x000000000a2d3000 	/System/Library/Frameworks/CoreServices.framework/Versions/A/CoreServices
0x000000000a2d3000 	/System/Library/PrivateFrameworks/PerformanceAnalysis.framework/Versions/A/PerformanceAnalysis
0x000000000a2d3000 	/System/Library/PrivateFrameworks/GenerationalStorage.framework/Versions/A/GenerationalStorage
0x000000000a2d3000 	/System/Library/Frameworks/OpenGL.framework/Versions/A/OpenGL
0x000000000a2d3000 	/System/Library/Frameworks/CoreServices.framework/Versions/A/Frameworks/CFNetwork.framework/Versions/A/CFNetwork
0x000000000a2d3000 	/System/Library/Frameworks/SystemConfiguration.framework/Versions/A/SystemConfiguration
0x000000000a2d3000 	/usr/lib/libCRFSuite.dylib
0x000000000a2d3000 	/usr/lib/libc++.1.dylib
0x000000000a2d3000 	/usr/lib/libstdc++.6.dylib
0x000000000a2d3000 	/usr/lib/libc++abi.dylib
0x000000000a2d3000 	/usr/lib/system/libcache.dylib
0x000000000a2d3000 	/usr/lib/system/libcommonCrypto.dylib
0x000000000a2d3000 	/usr/lib/system/libcompiler_rt.dylib
0x000000000a2d3000 	/usr/lib/system/libcopyfile.dylib
0x000000000a2d3000 	/usr/lib/system/libdispatch.dylib
0x000000000a2d3000 	/usr/lib/system/libdnsinfo.dylib
0x000000000a2d3000 	/usr/lib/system/libdyld.dylib
0x000000000a2d3000 	/usr/lib/system/libkeymgr.dylib
0x000000000a2d3000 	/usr/lib/system/liblaunch.dylib
0x000000000a2d3000 	/usr/lib/system/libmacho.dylib
0x000000000a2d3000 	/usr/lib/system/libmathCommon.A.dylib
0x000000000a2d3000 	/usr/lib/system/libquarantine.dylib
0x000000000a2d3000 	/usr/lib/system/libremovefile.dylib
0x000000000a2d3000 	/usr/lib/system/libsystem_blocks.dylib
0x000000000a2d3000 	/usr/lib/system/libsystem_c.dylib
0x000000000a2d3000 	/usr/lib/system/libsystem_dnssd.dylib
0x000000000a2d3000 	/usr/lib/system/libsystem_info.dylib
0x000000000a2d3000 	/usr/lib/system/libsystem_kernel.dylib
0x000000000a2d3000 	/usr/lib/system/libsystem_network.dylib
0x000000000a2d3000 	/usr/lib/system/libsystem_notify.dylib
0x000000000a2d3000 	/usr/lib/system/libsystem_sandbox.dylib
0x000000000a2d3000 	/usr/lib/system/libunc.dylib
0x000000000a2d3000 	/usr/lib/system/libunwind.dylib
0x000000000a2d3000 	/usr/lib/system/libxpc.dylib
0x000000000a2d3000 	/usr/lib/libbsm.0.dylib
0x000000000a2d3000 	/usr/lib/libsqlite3.dylib
0x000000000a2d3000 	/usr/lib/libOpenScriptingUtil.dylib
0x000000000a2d3000 	/usr/lib/libpam.2.dylib
0x000000000a2d3000 	/usr/lib/libxar-nossl.dylib
0x000000000a2d3000 	/usr/lib/libbz2.1.0.dylib
0x000000000a2d3000 	/System/Library/Frameworks/CoreServices.framework/Versions/A/Frameworks/CarbonCore.framework/Versions/A/CarbonCore
0x000000000a2d3000 	/System/Library/Frameworks/CoreServices.framework/Versions/A/Frameworks/Metadata.framework/Versions/A/Metadata
0x000000000a2d3000 	/System/Library/Frameworks/CoreServices.framework/Versions/A/Frameworks/OSServices.framework/Versions/A/OSServices
0x000000000a2d3000 	/System/Library/Frameworks/CoreServices.framework/Versions/A/Frameworks/SearchKit.framework/Versions/A/SearchKit
0x000000000a2d3000 	/System/Library/Frameworks/CoreServices.framework/Versions/A/Frameworks/AE.framework/Versions/A/AE
0x000000000a2d3000 	/System/Library/Frameworks/CoreServices.framework/Versions/A/Frameworks/LaunchServices.framework/Versions/A/LaunchServices
0x000000000a2d3000 	/System/Library/Frameworks/CoreServices.framework/Versions/A/Frameworks/DictionaryServices.framework/Versions/A/DictionaryServices
0x000000000a2d3000 	/System/Library/Frameworks/NetFS.framework/Versions/A/NetFS
0x000000000a2d3000 	/usr/lib/system/libkxld.dylib
0x000000000a2d3000 	/System/Library/PrivateFrameworks/NetAuth.framework/Versions/A/NetAuth
0x000000000a2d3000 	/usr/lib/libcrypto.0.9.8.dylib
0x000000000a2d3000 	/System/Library/PrivateFrameworks/TrustEvaluationAgent.framework/Versions/A/TrustEvaluationAgent
0x000000000a2d3000 	/System/Library/Frameworks/OpenDirectory.framework/Versions/A/Frameworks/CFOpenDirectory.framework/Versions/A/CFOpenDirectory
0x000000000a2d3000 	/usr/lib/libxslt.1.dylib
0x000000000a2d3000 	/System/Library/PrivateFrameworks/FamilyControls.framework/Versions/A/FamilyControls
0x000000000a2d3000 	/System/Library/Frameworks/Carbon.framework/Versions/A/Frameworks/Ink.framework/Versions/A/Ink
0x000000000a2d3000 	/System/Library/Frameworks/ApplicationServices.framework/Versions/A/Frameworks/CoreGraphics.framework/Versions/A/CoreGraphics
0x000000000a2d3000 	/System/Library/Frameworks/ApplicationServices.framework/Versions/A/Frameworks/ImageIO.framework/Versions/A/ImageIO
0x000000000a2d3000 	/System/Library/Frameworks/ApplicationServices.framework/Versions/A/Frameworks/CoreText.framework/Versions/A/CoreText
0x000000000a2d3000 	/System/Library/Frameworks/ApplicationServices.framework/Versions/A/Frameworks/ATS.framework/Versions/A/ATS
0x000000000a2d3000 	/System/Library/Frameworks/ApplicationServices.framework/Versions/A/Frameworks/ColorSync.framework/Versions/A/ColorSync
0x000000000a2d3000 	/System/Library/Frameworks/ApplicationServices.framework/Versions/A/Frameworks/HIServices.framework/Versions/A/HIServices
0x000000000a2d3000 	/System/Library/Frameworks/ApplicationServices.framework/Versions/A/Frameworks/LangAnalysis.framework/Versions/A/LangAnalysis
0x000000000a2d3000 	/System/Library/Frameworks/ApplicationServices.framework/Versions/A/Frameworks/PrintCore.framework/Versions/A/PrintCore
0x000000000a2d3000 	/System/Library/Frameworks/ApplicationServices.framework/Versions/A/Frameworks/QD.framework/Versions/A/QD
0x000000000a2d3000 	/System/Library/Frameworks/ApplicationServices.framework/Versions/A/Frameworks/SpeechSynthesis.framework/Versions/A/SpeechSynthesis
0x000000000a2d3000 	/System/Library/Frameworks/IOSurface.framework/Versions/A/IOSurface
0x000000000a2d3000 	/System/Library/Frameworks/Accelerate.framework/Versions/A/Accelerate
0x000000000a2d3000 	/System/Library/Frameworks/ApplicationServices.framework/Versions/A/Frameworks/ImageIO.framework/Versions/A/Resources/libJPEG.dylib
0x000000000a2d3000 	/System/Library/Frameworks/ApplicationServices.framework/Versions/A/Frameworks/ImageIO.framework/Versions/A/Resources/libTIFF.dylib
0x000000000a2d3000 	/System/Library/Frameworks/ApplicationServices.framework/Versions/A/Frameworks/ImageIO.framework/Versions/A/Resources/libPng.dylib
0x000000000a2d3000 	/System/Library/Frameworks/ApplicationServices.framework/Versions/A/Frameworks/ImageIO.framework/Versions/A/Resources/libGIF.dylib
0x000000000a2d3000 	/System/Library/Frameworks/ApplicationServices.framework/Versions/A/Frameworks/ImageIO.framework/Versions/A/Resources/libJP2.dylib
0x000000000a2d3000 	/System/Library/Frameworks/ApplicationServices.framework/Versions/A/Frameworks/ImageIO.framework/Versions/A/Resources/libRadiance.dylib
0x000000000a2d3000 	/System/Library/Frameworks/Accelerate.framework/Versions/A/Frameworks/vImage.framework/Versions/A/vImage
0x000000000a2d3000 	/System/Library/Frameworks/Accelerate.framework/Versions/A/Frameworks/vecLib.framework/Versions/A/vecLib
0x000000000a2d3000 	/System/Library/Frameworks/Accelerate.framework/Versions/A/Frameworks/vecLib.framework/Versions/A/libvDSP.dylib
0x000000000a2d3000 	/System/Library/Frameworks/Accelerate.framework/Versions/A/Frameworks/vecLib.framework/Versions/A/libvMisc.dylib
0x000000000a2d3000 	/System/Library/Frameworks/Accelerate.framework/Versions/A/Frameworks/vecLib.framework/Versions/A/libLAPACK.dylib
0x000000000a2d3000 	/System/Library/Frameworks/Accelerate.framework/Versions/A/Frameworks/vecLib.framework/Versions/A/libBLAS.dylib
0x000000000a2d3000 	/System/Library/Frameworks/ApplicationServices.framework/Versions/A/Frameworks/ATS.framework/Versions/A/Resources/libFontParser.dylib
0x000000000a2d3000 	/System/Library/Frameworks/ApplicationServices.framework/Versions/A/Frameworks/ATS.framework/Versions/A/Resources/libFontRegistry.dylib
0x000000000a2d3000 	/usr/lib/libcups.2.dylib
0x000000000a2d3000 	/System/Library/Frameworks/Kerberos.framework/Versions/A/Kerberos
0x000000000a2d3000 	/System/Library/Frameworks/GSS.framework/Versions/A/GSS
0x000000000a2d3000 	/usr/lib/libresolv.9.dylib
0x000000000a2d3000 	/usr/lib/libiconv.2.dylib
0x000000000a2d3000 	/System/Library/PrivateFrameworks/Heimdal.framework/Versions/A/Heimdal
0x000000000a2d3000 	/System/Library/Frameworks/OpenDirectory.framework/Versions/A/OpenDirectory
0x000000000a2d3000 	/System/Library/PrivateFrameworks/CommonAuth.framework/Versions/A/CommonAuth
0x000000000a2d3000 	/System/Library/Frameworks/CoreVideo.framework/Versions/A/CoreVideo
0x000000000a2d3000 	/System/Library/Frameworks/QuartzCore.framework/Versions/A/Frameworks/CoreImage.framework/Versions/A/CoreImage
0x000000000a2d3000 	/System/Library/Frameworks/QuartzCore.framework/Versions/A/Frameworks/ScalableUserInterface.framework/Versions/A/ScalableUserInterface
0x000000000a2d3000 	/System/Library/Frameworks/OpenGL.framework/Versions/A/Libraries/libGLU.dylib
0x000000000a2d3000 	/System/Library/Frameworks/OpenGL.framework/Versions/A/Libraries/libGFXShared.dylib
0x000000000a2d3000 	/System/Library/Frameworks/OpenGL.framework/Versions/A/Libraries/libGL.dylib
0x000000000a2d3000 	/System/Library/Frameworks/OpenGL.framework/Versions/A/Libraries/libGLImage.dylib
0x000000000a2d3000 	/System/Library/Frameworks/OpenGL.framework/Versions/A/Libraries/libCVMSPluginSupport.dylib
0x000000000a2d3000 	/System/Library/Frameworks/OpenGL.framework/Versions/A/Libraries/libCoreVMClient.dylib
0x000000000a2d3000 	/System/Library/Frameworks/OpenCL.framework/Versions/A/OpenCL
0x000000000a2d3000 	/System/Library/PrivateFrameworks/FaceCoreLight.framework/Versions/A/FaceCoreLight
0x000000000a2d3000 	/System/Library/Frameworks/vecLib.framework/Versions/A/vecLib
0x000000000a2d3000 	/System/Library/Frameworks/SecurityFoundation.framework/Versions/A/SecurityFoundation
0x000000000a2d3000 	/System/Library/PrivateFrameworks/CommerceKit.framework/Versions/A/Frameworks/CommerceCore.framework/Versions/A/CommerceCore
0x000000000a2d3000 	/System/Library/PrivateFrameworks/CoreSymbolication.framework/Versions/A/CoreSymbolication
0x000000000a2d3000 	/System/Library/PrivateFrameworks/Symbolication.framework/Versions/A/Symbolication
0x000000000a2d3000 	/System/Library/PrivateFrameworks/DebugSymbols.framework/Versions/A/DebugSymbols
0x000000010c483000 	/Library/Java/JavaVirtualMachines/1.7.0.jdk/Contents/Home/jre/lib/server/libjvm.dylib
0x000000010c2eb000 	/Library/Java/JavaVirtualMachines/1.7.0.jdk/Contents/Home/jre/lib/libverify.dylib
0x000000010d026000 	/Library/Java/JavaVirtualMachines/1.7.0.jdk/Contents/Home/jre/lib/libjava.dylib
0x000000010d05e000 	/Library/Java/JavaVirtualMachines/1.7.0.jdk/Contents/Home/jre/lib/libzip.dylib
0x000000011522e000 	/System/Library/Frameworks/JavaVM.framework/Frameworks/JavaRuntimeSupport.framework/JavaRuntimeSupport
0x0000000115246000 	/System/Library/Frameworks/JavaVM.framework/Versions/A/Frameworks/JavaNativeFoundation.framework/Versions/A/JavaNativeFoundation
0x000000011525b000 	/System/Library/Frameworks/JavaVM.framework/Versions/A/JavaVM
0x000000000a2d3000 	/System/Library/Frameworks/Carbon.framework/Versions/A/Carbon
0x0000000115268000 	/System/Library/PrivateFrameworks/JavaLaunching.framework/Versions/A/JavaLaunching
0x000000000a2d3000 	/System/Library/Frameworks/Carbon.framework/Versions/A/Frameworks/CommonPanels.framework/Versions/A/CommonPanels
0x000000000a2d3000 	/System/Library/Frameworks/Carbon.framework/Versions/A/Frameworks/Help.framework/Versions/A/Help
0x000000000a2d3000 	/System/Library/Frameworks/Carbon.framework/Versions/A/Frameworks/ImageCapture.framework/Versions/A/ImageCapture
0x000000000a2d3000 	/System/Library/Frameworks/Carbon.framework/Versions/A/Frameworks/OpenScripting.framework/Versions/A/OpenScripting
0x000000000a2d3000 	/System/Library/Frameworks/Carbon.framework/Versions/A/Frameworks/Print.framework/Versions/A/Print
0x000000000a2d3000 	/System/Library/Frameworks/Carbon.framework/Versions/A/Frameworks/SecurityHI.framework/Versions/A/SecurityHI
0x0000000115bc8000 	/Library/Java/JavaVirtualMachines/jdk1.7.0_45.jdk/Contents/Home/jre/lib/libprism-es2.dylib
0x0000000115c1e000 	/System/Library/Frameworks/OpenGL.framework/Resources/GLEngine.bundle/GLEngine
0x0000000115e0d000 	/System/Library/Frameworks/OpenGL.framework/Versions/A/Libraries/libGLProgrammability.dylib
0x0000000000000000 	/System/Library/Extensions/GeForceGLDriver.bundle/Contents/MacOS/GeForceGLDriver
0x0000000115f99000 	/System/Library/PrivateFrameworks/GPUSupport.framework/Versions/A/Libraries/libGPUSupport.dylib
0x000000000a2d3000 	/System/Library/Extensions/GeForceGLDriver.bundle/Contents/MacOS/libclh.dylib
0x0000000115faf000 	/System/Library/Frameworks/OpenGL.framework/Resources//GLRendererFloat.bundle/GLRendererFloat
0x0000000115fe6000 	/System/Library/Frameworks/OpenCL.framework/Versions/A/Libraries/libcldcpuengine.dylib
0x000000000a2d3000 	/System/Library/PrivateFrameworks/DiskImages.framework/Versions/A/DiskImages
0x0000000115ff6000 	/System/Library/Frameworks/OpenGL.framework/Versions/A/Libraries/libCoreFSCache.dylib
0x000000000a2d3000 	/System/Library/Frameworks/DiscRecording.framework/Versions/A/DiscRecording
0x000000000a2d3000 	/usr/lib/libcurl.4.dylib
0x000000000a2d3000 	/System/Library/PrivateFrameworks/MediaKit.framework/Versions/A/MediaKit
0x000000000a2d3000 	/usr/lib/libssl.0.9.8.dylib
0x000000000a2d3000 	/System/Library/Frameworks/LDAP.framework/Versions/A/LDAP
0x000000000a2d3000 	/usr/lib/libsasl2.2.dylib
0x00000001161af000 	/Library/Java/JavaVirtualMachines/jdk1.7.0_45.jdk/Contents/Home/jre/lib/libglass.dylib
0x000000000a2d3000 	/System/Library/PrivateFrameworks/CoreServicesInternal.framework/Versions/A/CoreServicesInternal
0x000000000a2d3000 	/System/Library/CoreServices/RawCamera.bundle/Contents/MacOS/RawCamera
0x000000000a2d3000 	/System/Library/Frameworks/ApplicationServices.framework/Versions/A/Frameworks/CoreGraphics.framework/Versions/A/Resources/libCSync.A.dylib
0x000000000a2d3000 	/System/Library/Frameworks/ApplicationServices.framework/Versions/A/Frameworks/CoreGraphics.framework/Versions/A/Resources/libRIP.A.dylib
0x0000000118e61000 	/Library/Java/JavaVirtualMachines/jdk1.7.0_45.jdk/Contents/Home/jre/lib/libjavafx-iio.dylib
0x000000011532d000 	/Library/Java/JavaVirtualMachines/jdk1.7.0_45.jdk/Contents/Home/jre/lib/libjavafx-font.dylib
0x000000000a2d3000 	/System/Library/Frameworks/ApplicationServices.framework/Versions/A/Frameworks/CoreGraphics.framework/Versions/A/Resources/libCGXType.A.dylib
0x0000000117743000 	cl_kernels
0x000000011aab3000 	/System/Library/Frameworks/OpenCL.framework/Versions/A/Libraries/ImageFormats/unorm8_bgra.dylib
0x0000000117749000 	cl_kernels

VM Arguments:
jvm_args: -Dfile.encoding=US-ASCII -Xbootclasspath/a:/Library/Java/JavaVirtualMachines/jdk1.7.0_45.jdk/Contents/Home/jre/lib/jfxrt.jar 
java_command: com.main.MVPApplication
Launcher Type: SUN_STANDARD

Environment Variables:
PATH=/usr/bin:/bin:/usr/sbin:/sbin
SHELL=/bin/bash
DISPLAY=/tmp/launch-fRATom/org.x:0

Signal Handlers:
SIGSEGV: [libjvm.dylib+0x4a177d], sa_mask[0]=0xfffefeff, sa_flags=0x00000042
SIGBUS: [libjvm.dylib+0x4a177d], sa_mask[0]=0xfffefeff, sa_flags=0x00000042
SIGFPE: [libjvm.dylib+0x3b1541], sa_mask[0]=0xfffefeff, sa_flags=0x00000042
SIGPIPE: [libjvm.dylib+0x3b1541], sa_mask[0]=0xfffefeff, sa_flags=0x00000042
SIGXFSZ: [libjvm.dylib+0x3b1541], sa_mask[0]=0xfffefeff, sa_flags=0x00000042
SIGILL: [libjvm.dylib+0x3b1541], sa_mask[0]=0xfffefeff, sa_flags=0x00000042
SIGUSR1: SIG_DFL, sa_mask[0]=0x00000000, sa_flags=0x00000002
SIGUSR2: [libjvm.dylib+0x3b10ce], sa_mask[0]=0x00000004, sa_flags=0x00000042
SIGHUP: [libjvm.dylib+0x3af2f3], sa_mask[0]=0xfffefeff, sa_flags=0x00000042
SIGINT: [libjvm.dylib+0x3af2f3], sa_mask[0]=0xfffefeff, sa_flags=0x00000042
SIGTERM: [libjvm.dylib+0x3af2f3], sa_mask[0]=0xfffefeff, sa_flags=0x00000042
SIGQUIT: [libjvm.dylib+0x3af2f3], sa_mask[0]=0xfffefeff, sa_flags=0x00000042


---------------  S Y S T E M  ---------------

OS:Bsd
uname:Darwin 11.4.2 Darwin Kernel Version 11.4.2: Thu Aug 23 16:25:48 PDT 2012; root:xnu-1699.32.7~1/RELEASE_X86_64 x86_64
rlimit: STACK 8192k, CORE 0k, NPROC 266, NOFILE 10240
CPU:total 2 (2 cores per cpu, 1 threads per core) family 6 model 23 stepping 10, cmov, cx8, fxsr, mmx, sse, sse2, sse3, ssse3, sse4.1, tsc

Memory: 4k page, physical 5790296k(1447574k free)

/proc/meminfo:


vm_info: Java HotSpot(TM) 64-Bit Server VM (23.0-b21) for bsd-amd64 JRE (1.7.0_04-b21), built on Apr 19 2012 22:33:17 by "java_re" with gcc 4.2.1 (Based on Apple Inc. build 5658) (LLVM build 2336.1.00)

time: Fri Jan 24 23:07:27 2014
elapsed time: 31 seconds

