#
# A fatal error has been detected by the Java Runtime Environment:
#
#  SIGSEGV (0xb) at pc=0x00007fff95db1398, pid=936, tid=140735275702624
#
# JRE version: 7.0_04-b21
# Java VM: Java HotSpot(TM) 64-Bit Server VM (23.0-b21 mixed mode bsd-amd64 compressed oops)
# Problematic frame:
# C  [libobjc.A.dylib+0xb398]  objc_msgSend_vtable14+0x18
#
# Failed to write core dump. Core dumps have been disabled. To enable core dumping, try "ulimit -c unlimited" before starting Java again
#
# If you would like to submit a bug report, please visit:
#   http://bugreport.sun.com/bugreport/crash.jsp
# The crash happened outside the Java Virtual Machine in native code.
# See problematic frame for where to report the bug.
#

---------------  T H R E A D  ---------------

Current thread (0x00007ffe0a8e4000):  JavaThread "JavaFX Application Thread" [_thread_in_native, id=2082314592, stack(0x00007fff69a8b000,0x00007fff6a28b000)]

siginfo:si_signo=SIGSEGV: si_errno=0, si_code=1 (SEGV_MAPERR), si_addr=0x0000003c00000070

Registers:
RAX=0x0000003c00000000, RBX=0x00007ffe0bd03960, RCX=0x00007ffe0a8e5070, RDX=0x00000000a1a1a1a1
RSP=0x00007fff6a2870d8, RBP=0x00007fff6a287100, RSI=0x00007fff9595bcb0, RDI=0x00007ffe0a59fe60
R8 =0x00007fff7bbe2084, R9 =0x00007fff6a287098, R10=0x00007ffe0a56be40, R11=0x000000010a7a92e8
R12=0x00007ffe0a5005d0, R13=0x0000000000000004, R14=0x00007ffe0a8e5068, R15=0x00007fff7c726720
RIP=0x00007fff95db1398, EFLAGS=0x0000000000010246, ERR=0x0000000000000004
  TRAPNO=0x000000000000000e

Top of Stack: (sp=0x00007fff6a2870d8)
0x00007fff6a2870d8:   00007fff963eb404 00007ffe0a5005d0
0x00007fff6a2870e8:   00007ffe0bd01980 0000000000000000
0x00007fff6a2870f8:   0000142947dc8508 00007fff6a287160
0x00007fff6a287108:   00007fff921cfb58 00007fff95a223a3
0x00007fff6a287118:   00007ffe0bd03960 00007ffe0bd01980
0x00007fff6a287128:   00007ffe0bd01998 6c6c3ec45db22c14
0x00007fff6a287138:   00007ffe0bd01980 00007ffe0a5005d0
0x00007fff6a287148:   0000000000000004 00007ffe0a5005c0
0x00007fff6a287158:   0000142947dc8508 00007fff6a2871d0
0x00007fff6a287168:   00007fff921cf4ba 00007fff6a2871a0
0x00007fff6a287178:   0000000000000000 0000000000000000
0x00007fff6a287188:   00007ffe0bd03960 00007ffe0bd01998
0x00007fff6a287198:   00007ffe0a5004d0 6c6c3ec45db22c14
0x00007fff6a2871a8:   0000000000000003 00007ffe0a5c77d0
0x00007fff6a2871b8:   00007ffe0a500400 0000000000000001
0x00007fff6a2871c8:   0000000000000005 00007fff6a287e80
0x00007fff6a2871d8:   00007fff921afe11 00007ffe0a8e41d8
0x00007fff6a2871e8:   00230004ffffffff 0000000000000000
0x00007fff6a2871f8:   000000017c2d3670 00007ffe0a5d67d0
0x00007fff6a287208:   00007ffe0a5005d0 00007ffe0a5004d0
0x00007fff6a287218:   01007fff93df1160 00007fff6a287258
0x00007fff6a287228:   00001b037c2d368c 00007fff7bbdafa0
0x00007fff6a287238:   00007ffe0a5004c0 00007ffe0a5005c0
0x00007fff6a287248:   00007ffe0bd00800 00007fff6a287258
0x00007fff6a287258:   0000003000001100 00001a0300000000
0x00007fff6a287268:   0000000000000000 0000000000000000
0x00007fff6a287278:   0000000000000000 0000000000000000
0x00007fff6a287288:   0000004400000000 0000000000000662
0x00007fff6a287298:   0000000000000001 0000000000000000
0x00007fff6a2872a8:   0000000000000000 0000000000000000
0x00007fff6a2872b8:   0000000000000000 a482165900000000
0x00007fff6a2872c8:   0000000000000000 00000000000119f7 

Instructions: (pc=0x00007fff95db1398)
0x00007fff95db1378:   60 68 66 0f 1f 44 00 00 48 85 ff 74 16 f7 c7 01
0x00007fff95db1388:   00 00 00 75 12 48 8b 07 48 8b 40 18 48 8b 76 08
0x00007fff95db1398:   ff 60 70 31 c0 c3 90 89 f8 83 e0 0f 4c 8d 15 2d
0x00007fff95db13a8:   51 84 e6 4d 8b 14 c2 49 8b 42 18 48 8b 76 08 ff 

Register to memory mapping:

RAX=0x0000003c00000000 is an unknown value
RBX=0x00007ffe0bd03960 is an unknown value
RCX=0x00007ffe0a8e5070 is an unknown value
RDX=0x00000000a1a1a1a1 is an unknown value
RSP=0x00007fff6a2870d8 is pointing into the stack for thread: 0x00007ffe0a8e4000
RBP=0x00007fff6a287100 is pointing into the stack for thread: 0x00007ffe0a8e4000
RSI=0x00007fff9595bcb0: __FUNCTION__.177291+0x23b8 in /System/Library/Frameworks/AppKit.framework/Versions/C/AppKit at 0x00007fff950d2000
RDI=0x00007ffe0a59fe60 is an unknown value
R8 =0x00007fff7bbe2084: __CFProcessKillingLock+0 in /System/Library/Frameworks/CoreFoundation.framework/Versions/A/CoreFoundation at 0x00007fff92177000
R9 =0x00007fff6a287098 is pointing into the stack for thread: 0x00007ffe0a8e4000
R10=0x00007ffe0a56be40 is an unknown value
R11=0x000000010a7a92e8 is an unknown value
R12=0x00007ffe0a5005d0 is an unknown value
R13=0x0000000000000004 is an unknown value
R14=0x00007ffe0a8e5068 is an unknown value
R15=0x00007fff7c726720: OBJC_IVAR_$_NSFileWatcher._formerPath+0x72d0 in /System/Library/Frameworks/Foundation.framework/Versions/C/Foundation at 0x00007fff963d5000


Stack: [0x00007fff69a8b000,0x00007fff6a28b000],  sp=0x00007fff6a2870d8,  free space=8176k
Native frames: (J=compiled Java code, j=interpreted, Vv=VM code, C=native code)
C  [libobjc.A.dylib+0xb398]  objc_msgSend_vtable14+0x18
C  [CoreFoundation+0x58b58]  CFRunLoopTimerInvalidate+0x218
C  [CoreFoundation+0x584ba]  __CFRunLoopDoTimer+0x24a
C  [CoreFoundation+0x38e11]  __CFRunLoopRun+0x651
C  [CoreFoundation+0x38486]  CFRunLoopRunSpecific+0xe6
C  [HIToolbox+0x22bf]  RunCurrentEventLoopInMode+0x115
C  [HIToolbox+0x94bf]  ReceiveNextEventCommon+0xb5
C  [HIToolbox+0x93fa]  BlockUntilNextEventMatchingListInMode+0x3e
C  [AppKit+0x8779]  _DPSNextEvent+0x293
C  [AppKit+0x807d]  -[NSApplication nextEventMatchingMask:untilDate:inMode:dequeue:]+0x87
C  [AppKit+0x49b9]  -[NSApplication run]+0x1d6
C  [libglass.dylib+0x3d31]  -[GlassApplication runLoop:]+0x2f1
C  [CoreFoundation+0x9370d]  -[NSObject performSelector:withObject:]+0x3d
C  [Foundation+0x4fd70]  __NSThreadPerformPerform+0xd6
C  [CoreFoundation+0x124f1]  __CFRUNLOOP_IS_CALLING_OUT_TO_A_SOURCE0_PERFORM_FUNCTION__+0x11
C  [CoreFoundation+0x11d5d]  __CFRunLoopDoSources0+0xfd
C  [CoreFoundation+0x38b49]  __CFRunLoopRun+0x389
C  [CoreFoundation+0x38486]  CFRunLoopRunSpecific+0xe6
C  [java+0x74bc]  CreateExecutionEnvironment+0x367
C  [java+0x1cac]  JLI_Launch+0x7a0
C  [java+0x7819]  main+0x65
C  [java+0x1504]  start+0x34


---------------  P R O C E S S  ---------------

Java Threads: ( => current thread )
  0x00007ffe0aaa1000 JavaThread "Prism Font Disposer" daemon [_thread_blocked, id=401231872, stack(0x0000000117da5000,0x0000000117ea5000)]
  0x00007ffe0b10c000 JavaThread "Thread-4" daemon [_thread_in_native, id=368951296, stack(0x0000000115f5c000,0x0000000115fdc000)]
=>0x00007ffe0a8e4000 JavaThread "JavaFX Application Thread" [_thread_in_native, id=2082314592, stack(0x00007fff69a8b000,0x00007fff6a28b000)]
  0x00007ffe0a8e1800 JavaThread "Thread-2" daemon [_thread_blocked, id=342908928, stack(0x0000000114606000,0x0000000114706000)]
  0x00007ffe0a8e1000 JavaThread "Disposer" daemon [_thread_blocked, id=341442560, stack(0x00000001144a0000,0x00000001145a0000)]
  0x00007ffe0a8a5800 JavaThread "QuantumRenderer-0" daemon [_thread_blocked, id=335220736, stack(0x0000000113eb1000,0x0000000113fb1000)]
  0x00007ffe0b0c7800 JavaThread "JavaFX-Launcher" [_thread_blocked, id=334127104, stack(0x0000000113da6000,0x0000000113ea6000)]
  0x00007ffe0b049800 JavaThread "Service Thread" daemon [_thread_blocked, id=331513856, stack(0x0000000113b28000,0x0000000113c28000)]
  0x00007ffe0b048800 JavaThread "C2 CompilerThread1" daemon [_thread_blocked, id=330452992, stack(0x0000000113a25000,0x0000000113b25000)]
  0x00007ffe0a865000 JavaThread "C2 CompilerThread0" daemon [_thread_blocked, id=329392128, stack(0x0000000113922000,0x0000000113a22000)]
  0x00007ffe0a869000 JavaThread "Signal Dispatcher" daemon [_thread_blocked, id=328331264, stack(0x000000011381f000,0x000000011391f000)]
  0x00007ffe0a858800 JavaThread "Finalizer" daemon [_thread_blocked, id=325152768, stack(0x0000000113517000,0x0000000113617000)]
  0x00007ffe0a852800 JavaThread "Reference Handler" daemon [_thread_blocked, id=324091904, stack(0x0000000113414000,0x0000000113514000)]
  0x00007ffe0b000800 JavaThread "main" [_thread_blocked, id=188985344, stack(0x000000010b33b000,0x000000010b43b000)]

Other Threads:
  0x00007ffe0a850000 VMThread [stack: 0x0000000113311000,0x0000000113411000] [id=323031040]
  0x00007ffe0b044000 WatcherThread [stack: 0x0000000113c2b000,0x0000000113d2b000] [id=332574720]

VM state:not at safepoint (normal execution)

VM Mutex/Monitor currently owned by a thread: None

Heap
 PSYoungGen      total 48896K, used 28784K [0x00000007e2a00000, 0x00000007e8980000, 0x0000000800000000)
  eden space 45184K, 57% used [0x00000007e2a00000,0x00000007e433d0d0,0x00000007e5620000)
  from space 3712K, 79% used [0x00000007e5620000,0x00000007e58ff188,0x00000007e59c0000)
  to   space 3712K, 0% used [0x00000007e85e0000,0x00000007e85e0000,0x00000007e8980000)
 ParOldGen       total 148480K, used 78012K [0x00000007a7e00000, 0x00000007b0f00000, 0x00000007e2a00000)
  object space 148480K, 52% used [0x00000007a7e00000,0x00000007aca2f158,0x00000007b0f00000)
 PSPermGen       total 21248K, used 11323K [0x00000007a2c00000, 0x00000007a40c0000, 0x00000007a7e00000)
  object space 21248K, 53% used [0x00000007a2c00000,0x00000007a370ede8,0x00000007a40c0000)

Code Cache  [0x000000010b47e000, 0x000000010b6ee000, 0x000000010e47e000)
 total_blobs=660 nmethods=131 adapters=481 free_code_cache=48252Kb largest_free_block=49380224

Compilation events (10 events):
Event: 27.419 Thread 0x00007ffe0b048800  126             javafx.scene.layout.Pane::getChildren (5 bytes)
Event: 27.419 Thread 0x00007ffe0b048800 nmethod 126 0x000000010b4f1890 code [0x000000010b4f19c0, 0x000000010b4f1a38]
Event: 27.887 Thread 0x00007ffe0b048800  127             java.nio.Buffer::nextPutIndex (31 bytes)
Event: 27.887 Thread 0x00007ffe0b048800 nmethod 127 0x000000010b4f15d0 code [0x000000010b4f1700, 0x000000010b4f1778]
Event: 27.894 Thread 0x00007ffe0b048800  128             java.nio.DirectFloatBufferU::put (17 bytes)
Event: 27.895 Thread 0x00007ffe0b048800 nmethod 128 0x000000010b55a450 code [0x000000010b55a580, 0x000000010b55a638]
Event: 27.895 Thread 0x00007ffe0b048800  129             java.nio.DirectFloatBufferU::ix (10 bytes)
Event: 27.896 Thread 0x00007ffe0b048800 nmethod 129 0x000000010b55a250 code [0x000000010b55a380, 0x000000010b55a3f8]
Event: 28.456 Thread 0x00007ffe0b048800  131             com.sun.javafx.geom.transform.GeneralTransform3D::get (34 bytes)
Event: 28.456 Thread 0x00007ffe0b048800 nmethod 131 0x000000010b559fd0 code [0x000000010b55a120, 0x000000010b55a1b8]

GC Heap History (8 events):
Event: 1.733 GC heap before
{Heap before GC invocations=1 (full 0):
 PSYoungGen      total 26304K, used 22364K [0x00000007e2a00000, 0x00000007e4750000, 0x0000000800000000)
  eden space 22592K, 98% used [0x00000007e2a00000,0x00000007e3fd7310,0x00000007e4010000)
  from space 3712K, 0% used [0x00000007e43b0000,0x00000007e43b0000,0x00000007e4750000)
  to   space 3712K, 0% used [0x00000007e4010000,0x00000007e4010000,0x00000007e43b0000)
 ParOldGen       total 60160K, used 0K [0x00000007a7e00000, 0x00000007ab8c0000, 0x00000007e2a00000)
  object space 60160K, 0% used [0x00000007a7e00000,0x00000007a7e00000,0x00000007ab8c0000)
 PSPermGen       total 21248K, used 6188K [0x00000007a2c00000, 0x00000007a40c0000, 0x00000007a7e00000)
  object space 21248K, 29% used [0x00000007a2c00000,0x00000007a320b1b0,0x00000007a40c0000)
Event: 2.444 GC heap after
Heap after GC invocations=1 (full 0):
 PSYoungGen      total 26304K, used 3704K [0x00000007e2a00000, 0x00000007e5d60000, 0x0000000800000000)
  eden space 22592K, 0% used [0x00000007e2a00000,0x00000007e2a00000,0x00000007e4010000)
  from space 3712K, 99% used [0x00000007e4010000,0x00000007e43ae018,0x00000007e43b0000)
  to   space 3712K, 0% used [0x00000007e59c0000,0x00000007e59c0000,0x00000007e5d60000)
 ParOldGen       total 60160K, used 13857K [0x00000007a7e00000, 0x00000007ab8c0000, 0x00000007e2a00000)
  object space 60160K, 23% used [0x00000007a7e00000,0x00000007a8b887b0,0x00000007ab8c0000)
 PSPermGen       total 21248K, used 6188K [0x00000007a2c00000, 0x00000007a40c0000, 0x00000007a7e00000)
  object space 21248K, 29% used [0x00000007a2c00000,0x00000007a320b1b0,0x00000007a40c0000)
}
Event: 3.649 GC heap before
{Heap before GC invocations=2 (full 0):
 PSYoungGen      total 26304K, used 26094K [0x00000007e2a00000, 0x00000007e5d60000, 0x0000000800000000)
  eden space 22592K, 99% used [0x00000007e2a00000,0x00000007e3fdd7e8,0x00000007e4010000)
  from space 3712K, 99% used [0x00000007e4010000,0x00000007e43ae018,0x00000007e43b0000)
  to   space 3712K, 0% used [0x00000007e59c0000,0x00000007e59c0000,0x00000007e5d60000)
 ParOldGen       total 60160K, used 13857K [0x00000007a7e00000, 0x00000007ab8c0000, 0x00000007e2a00000)
  object space 60160K, 23% used [0x00000007a7e00000,0x00000007a8b887b0,0x00000007ab8c0000)
 PSPermGen       total 21248K, used 6193K [0x00000007a2c00000, 0x00000007a40c0000, 0x00000007a7e00000)
  object space 21248K, 29% used [0x00000007a2c00000,0x00000007a320c6a8,0x00000007a40c0000)
Event: 4.376 GC heap after
Heap after GC invocations=2 (full 0):
 PSYoungGen      total 48896K, used 3711K [0x00000007e2a00000, 0x00000007e5d60000, 0x0000000800000000)
  eden space 45184K, 0% used [0x00000007e2a00000,0x00000007e2a00000,0x00000007e5620000)
  from space 3712K, 99% used [0x00000007e59c0000,0x00000007e5d5fe60,0x00000007e5d60000)
  to   space 3712K, 0% used [0x00000007e5620000,0x00000007e5620000,0x00000007e59c0000)
 ParOldGen       total 60160K, used 34651K [0x00000007a7e00000, 0x00000007ab8c0000, 0x00000007e2a00000)
  object space 60160K, 57% used [0x00000007a7e00000,0x00000007a9fd6cf0,0x00000007ab8c0000)
 PSPermGen       total 21248K, used 6193K [0x00000007a2c00000, 0x00000007a40c0000, 0x00000007a7e00000)
  object space 21248K, 29% used [0x00000007a2c00000,0x00000007a320c6a8,0x00000007a40c0000)
}
Event: 6.839 GC heap before
{Heap before GC invocations=3 (full 0):
 PSYoungGen      total 48896K, used 48752K [0x00000007e2a00000, 0x00000007e5d60000, 0x0000000800000000)
  eden space 45184K, 99% used [0x00000007e2a00000,0x00000007e55fc440,0x00000007e5620000)
  from space 3712K, 99% used [0x00000007e59c0000,0x00000007e5d5fe60,0x00000007e5d60000)
  to   space 3712K, 0% used [0x00000007e5620000,0x00000007e5620000,0x00000007e59c0000)
 ParOldGen       total 60160K, used 34651K [0x00000007a7e00000, 0x00000007ab8c0000, 0x00000007e2a00000)
  object space 60160K, 57% used [0x00000007a7e00000,0x00000007a9fd6cf0,0x00000007ab8c0000)
 PSPermGen       total 21248K, used 6208K [0x00000007a2c00000, 0x00000007a40c0000, 0x00000007a7e00000)
  object space 21248K, 29% used [0x00000007a2c00000,0x00000007a32103d0,0x00000007a40c0000)
Event: 8.988 GC heap after
Heap after GC invocations=3 (full 0):
 PSYoungGen      total 48896K, used 3313K [0x00000007e2a00000, 0x00000007e8980000, 0x0000000800000000)
  eden space 45184K, 0% used [0x00000007e2a00000,0x00000007e2a00000,0x00000007e5620000)
  from space 3712K, 89% used [0x00000007e5620000,0x00000007e595c428,0x00000007e59c0000)
  to   space 3712K, 0% used [0x00000007e85e0000,0x00000007e85e0000,0x00000007e8980000)
 ParOldGen       total 78016K, used 77824K [0x00000007a7e00000, 0x00000007aca30000, 0x00000007e2a00000)
  object space 78016K, 99% used [0x00000007a7e00000,0x00000007aca001f8,0x00000007aca30000)
 PSPermGen       total 21248K, used 6208K [0x00000007a2c00000, 0x00000007a40c0000, 0x00000007a7e00000)
  object space 21248K, 29% used [0x00000007a2c00000,0x00000007a32103d0,0x00000007a40c0000)
}
Event: 8.988 GC heap before
{Heap before GC invocations=4 (full 1):
 PSYoungGen      total 48896K, used 3313K [0x00000007e2a00000, 0x00000007e8980000, 0x0000000800000000)
  eden space 45184K, 0% used [0x00000007e2a00000,0x00000007e2a00000,0x00000007e5620000)
  from space 3712K, 89% used [0x00000007e5620000,0x00000007e595c428,0x00000007e59c0000)
  to   space 3712K, 0% used [0x00000007e85e0000,0x00000007e85e0000,0x00000007e8980000)
 ParOldGen       total 78016K, used 77824K [0x00000007a7e00000, 0x00000007aca30000, 0x00000007e2a00000)
  object space 78016K, 99% used [0x00000007a7e00000,0x00000007aca001f8,0x00000007aca30000)
 PSPermGen       total 21248K, used 6208K [0x00000007a2c00000, 0x00000007a40c0000, 0x00000007a7e00000)
  object space 21248K, 29% used [0x00000007a2c00000,0x00000007a32103d0,0x00000007a40c0000)
Event: 9.205 GC heap after
Heap after GC invocations=4 (full 1):
 PSYoungGen      total 48896K, used 2940K [0x00000007e2a00000, 0x00000007e8980000, 0x0000000800000000)
  eden space 45184K, 0% used [0x00000007e2a00000,0x00000007e2a00000,0x00000007e5620000)
  from space 3712K, 79% used [0x00000007e5620000,0x00000007e58ff188,0x00000007e59c0000)
  to   space 3712K, 0% used [0x00000007e85e0000,0x00000007e85e0000,0x00000007e8980000)
 ParOldGen       total 148480K, used 78012K [0x00000007a7e00000, 0x00000007b0f00000, 0x00000007e2a00000)
  object space 148480K, 52% used [0x00000007a7e00000,0x00000007aca2f158,0x00000007b0f00000)
 PSPermGen       total 21248K, used 6206K [0x00000007a2c00000, 0x00000007a40c0000, 0x00000007a7e00000)
  object space 21248K, 29% used [0x00000007a2c00000,0x00000007a320f850,0x00000007a40c0000)
}

Deoptimization events (10 events):
Event: 0.881 Thread 0x00007ffe0a8e4000 Uncommon trap -34 fr.pc 0x000000010b4edac8
Event: 0.881 Thread 0x00007ffe0a8e4000 Uncommon trap -34 fr.pc 0x000000010b4edac8
Event: 0.881 Thread 0x00007ffe0a8e4000 Uncommon trap -34 fr.pc 0x000000010b4edac8
Event: 11.424 Thread 0x00007ffe0a8e4000 Uncommon trap -34 fr.pc 0x000000010b4ee71c
Event: 11.424 Thread 0x00007ffe0a8e4000 Uncommon trap -34 fr.pc 0x000000010b4ee71c
Event: 11.425 Thread 0x00007ffe0a8e4000 Uncommon trap -34 fr.pc 0x000000010b4ee71c
Event: 11.425 Thread 0x00007ffe0a8e4000 Uncommon trap -34 fr.pc 0x000000010b4ee71c
Event: 13.752 Thread 0x00007ffe0a8e4000 Uncommon trap -12 fr.pc 0x000000010b543e78
Event: 13.752 Thread 0x00007ffe0a8e4000 Uncommon trap -12 fr.pc 0x000000010b530884
Event: 19.782 Thread 0x00007ffe0a8e4000 Uncommon trap -12 fr.pc 0x000000010b559550

Internal exceptions (10 events):
Event: 10.160 Thread 0x00007ffe0a8e4000 Threw 0x00000007e3d186b0 at /HUDSON/workspace/jdk7u4-2-build-macosx-x86_64-product/jdk7u4/hotspot/src/share/vm/prims/jvm.cpp:1166
Event: 10.161 Thread 0x00007ffe0a8e4000 Threw 0x00000007e3d1d8a0 at /HUDSON/workspace/jdk7u4-2-build-macosx-x86_64-product/jdk7u4/hotspot/src/share/vm/prims/jvm.cpp:1166
Event: 10.162 Thread 0x00007ffe0a8e4000 Threw 0x00000007e3d20d88 at /HUDSON/workspace/jdk7u4-2-build-macosx-x86_64-product/jdk7u4/hotspot/src/share/vm/prims/jvm.cpp:1166
Event: 10.178 Thread 0x00007ffe0a8e4000 Threw 0x00000007e3d23db8 at /HUDSON/workspace/jdk7u4-2-build-macosx-x86_64-product/jdk7u4/hotspot/src/share/vm/prims/jvm.cpp:1166
Event: 10.206 Thread 0x00007ffe0a8e4000 Threw 0x00000007e3d28030 at /HUDSON/workspace/jdk7u4-2-build-macosx-x86_64-product/jdk7u4/hotspot/src/share/vm/prims/jvm.cpp:1166
Event: 10.207 Thread 0x00007ffe0a8e4000 Threw 0x00000007e3d2af60 at /HUDSON/workspace/jdk7u4-2-build-macosx-x86_64-product/jdk7u4/hotspot/src/share/vm/prims/jvm.cpp:1166
Event: 10.208 Thread 0x00007ffe0a8e4000 Threw 0x00000007e3d2f5b0 at /HUDSON/workspace/jdk7u4-2-build-macosx-x86_64-product/jdk7u4/hotspot/src/share/vm/prims/jvm.cpp:1166
Event: 13.752 Thread 0x00007ffe0a8e4000 Implicit null exception at 0x000000010b541701 to 0x000000010b543d99
Event: 13.752 Thread 0x00007ffe0a8e4000 Implicit null exception at 0x000000010b530629 to 0x000000010b530869
Event: 19.782 Thread 0x00007ffe0a8e4000 Implicit null exception at 0x000000010b5594f1 to 0x000000010b559545

Events (10 events):
Event: 28.461 loading class 0x000000010a722900
Event: 28.461 loading class 0x000000010a722bb0
Event: 28.461 loading class 0x000000010a722bb0 done
Event: 28.461 loading class 0x000000010a722900 done
Event: 28.461 loading class 0x00007ffe0bb992f0
Event: 28.461 loading class 0x00007ffe0bb992f0 done
Event: 28.483 loading class 0x00007ffe0a546060
Event: 28.483 loading class 0x00007ffe0a546060 done
Event: 28.485 loading class 0x00007ffe0bb110c0
Event: 28.485 loading class 0x00007ffe0bb110c0 done


Dynamic libraries:
0x000000000b007000 	/System/Library/Frameworks/Cocoa.framework/Versions/A/Cocoa
0x000000000b007000 	/System/Library/Frameworks/Security.framework/Versions/A/Security
0x000000000b007000 	/System/Library/Frameworks/ApplicationServices.framework/Versions/A/ApplicationServices
0x000000000b007000 	/usr/lib/libz.1.dylib
0x000000000b007000 	/usr/lib/libSystem.B.dylib
0x000000000b007000 	/usr/lib/libobjc.A.dylib
0x000000000b007000 	/System/Library/Frameworks/CoreFoundation.framework/Versions/A/CoreFoundation
0x000000000b007000 	/System/Library/Frameworks/AppKit.framework/Versions/C/AppKit
0x000000000b007000 	/System/Library/Frameworks/CoreData.framework/Versions/A/CoreData
0x000000000b007000 	/System/Library/Frameworks/Foundation.framework/Versions/C/Foundation
0x000000000b007000 	/System/Library/PrivateFrameworks/RemoteViewServices.framework/Versions/A/RemoteViewServices
0x000000000b007000 	/System/Library/Frameworks/AudioToolbox.framework/Versions/A/AudioToolbox
0x000000000b007000 	/System/Library/Frameworks/AudioUnit.framework/Versions/A/AudioUnit
0x000000000b007000 	/System/Library/PrivateFrameworks/DataDetectorsCore.framework/Versions/A/DataDetectorsCore
0x000000000b007000 	/System/Library/PrivateFrameworks/DesktopServicesPriv.framework/Versions/A/DesktopServicesPriv
0x000000000b007000 	/System/Library/Frameworks/Carbon.framework/Versions/A/Frameworks/HIToolbox.framework/Versions/A/HIToolbox
0x000000000b007000 	/System/Library/Frameworks/QuartzCore.framework/Versions/A/QuartzCore
0x000000000b007000 	/System/Library/Frameworks/Carbon.framework/Versions/A/Frameworks/SpeechRecognition.framework/Versions/A/SpeechRecognition
0x000000000b007000 	/usr/lib/libauto.dylib
0x000000000b007000 	/usr/lib/libicucore.A.dylib
0x000000000b007000 	/usr/lib/libxml2.2.dylib
0x000000000b007000 	/System/Library/PrivateFrameworks/CoreUI.framework/Versions/A/CoreUI
0x000000000b007000 	/System/Library/Frameworks/CoreAudio.framework/Versions/A/CoreAudio
0x000000000b007000 	/System/Library/Frameworks/DiskArbitration.framework/Versions/A/DiskArbitration
0x000000000b007000 	/usr/lib/liblangid.dylib
0x000000000b007000 	/System/Library/PrivateFrameworks/MultitouchSupport.framework/Versions/A/MultitouchSupport
0x000000000b007000 	/System/Library/Frameworks/IOKit.framework/Versions/A/IOKit
0x000000000b007000 	/usr/lib/libDiagnosticMessagesClient.dylib
0x000000000b007000 	/System/Library/Frameworks/CoreServices.framework/Versions/A/CoreServices
0x000000000b007000 	/System/Library/PrivateFrameworks/PerformanceAnalysis.framework/Versions/A/PerformanceAnalysis
0x000000000b007000 	/System/Library/PrivateFrameworks/GenerationalStorage.framework/Versions/A/GenerationalStorage
0x000000000b007000 	/System/Library/Frameworks/OpenGL.framework/Versions/A/OpenGL
0x000000000b007000 	/System/Library/Frameworks/CoreServices.framework/Versions/A/Frameworks/CFNetwork.framework/Versions/A/CFNetwork
0x000000000b007000 	/System/Library/Frameworks/SystemConfiguration.framework/Versions/A/SystemConfiguration
0x000000000b007000 	/usr/lib/libCRFSuite.dylib
0x000000000b007000 	/usr/lib/libc++.1.dylib
0x000000000b007000 	/usr/lib/libstdc++.6.dylib
0x000000000b007000 	/usr/lib/libc++abi.dylib
0x000000000b007000 	/usr/lib/system/libcache.dylib
0x000000000b007000 	/usr/lib/system/libcommonCrypto.dylib
0x000000000b007000 	/usr/lib/system/libcompiler_rt.dylib
0x000000000b007000 	/usr/lib/system/libcopyfile.dylib
0x000000000b007000 	/usr/lib/system/libdispatch.dylib
0x000000000b007000 	/usr/lib/system/libdnsinfo.dylib
0x000000000b007000 	/usr/lib/system/libdyld.dylib
0x000000000b007000 	/usr/lib/system/libkeymgr.dylib
0x000000000b007000 	/usr/lib/system/liblaunch.dylib
0x000000000b007000 	/usr/lib/system/libmacho.dylib
0x000000000b007000 	/usr/lib/system/libmathCommon.A.dylib
0x000000000b007000 	/usr/lib/system/libquarantine.dylib
0x000000000b007000 	/usr/lib/system/libremovefile.dylib
0x000000000b007000 	/usr/lib/system/libsystem_blocks.dylib
0x000000000b007000 	/usr/lib/system/libsystem_c.dylib
0x000000000b007000 	/usr/lib/system/libsystem_dnssd.dylib
0x000000000b007000 	/usr/lib/system/libsystem_info.dylib
0x000000000b007000 	/usr/lib/system/libsystem_kernel.dylib
0x000000000b007000 	/usr/lib/system/libsystem_network.dylib
0x000000000b007000 	/usr/lib/system/libsystem_notify.dylib
0x000000000b007000 	/usr/lib/system/libsystem_sandbox.dylib
0x000000000b007000 	/usr/lib/system/libunc.dylib
0x000000000b007000 	/usr/lib/system/libunwind.dylib
0x000000000b007000 	/usr/lib/system/libxpc.dylib
0x000000000b007000 	/usr/lib/libbsm.0.dylib
0x000000000b007000 	/usr/lib/libsqlite3.dylib
0x000000000b007000 	/usr/lib/libOpenScriptingUtil.dylib
0x000000000b007000 	/usr/lib/libpam.2.dylib
0x000000000b007000 	/usr/lib/libxar-nossl.dylib
0x000000000b007000 	/usr/lib/libbz2.1.0.dylib
0x000000000b007000 	/System/Library/Frameworks/CoreServices.framework/Versions/A/Frameworks/CarbonCore.framework/Versions/A/CarbonCore
0x000000000b007000 	/System/Library/Frameworks/CoreServices.framework/Versions/A/Frameworks/Metadata.framework/Versions/A/Metadata
0x000000000b007000 	/System/Library/Frameworks/CoreServices.framework/Versions/A/Frameworks/OSServices.framework/Versions/A/OSServices
0x000000000b007000 	/System/Library/Frameworks/CoreServices.framework/Versions/A/Frameworks/SearchKit.framework/Versions/A/SearchKit
0x000000000b007000 	/System/Library/Frameworks/CoreServices.framework/Versions/A/Frameworks/AE.framework/Versions/A/AE
0x000000000b007000 	/System/Library/Frameworks/CoreServices.framework/Versions/A/Frameworks/LaunchServices.framework/Versions/A/LaunchServices
0x000000000b007000 	/System/Library/Frameworks/CoreServices.framework/Versions/A/Frameworks/DictionaryServices.framework/Versions/A/DictionaryServices
0x000000000b007000 	/System/Library/Frameworks/NetFS.framework/Versions/A/NetFS
0x000000000b007000 	/usr/lib/system/libkxld.dylib
0x000000000b007000 	/System/Library/PrivateFrameworks/NetAuth.framework/Versions/A/NetAuth
0x000000000b007000 	/usr/lib/libcrypto.0.9.8.dylib
0x000000000b007000 	/System/Library/PrivateFrameworks/TrustEvaluationAgent.framework/Versions/A/TrustEvaluationAgent
0x000000000b007000 	/System/Library/Frameworks/OpenDirectory.framework/Versions/A/Frameworks/CFOpenDirectory.framework/Versions/A/CFOpenDirectory
0x000000000b007000 	/usr/lib/libxslt.1.dylib
0x000000000b007000 	/System/Library/PrivateFrameworks/FamilyControls.framework/Versions/A/FamilyControls
0x000000000b007000 	/System/Library/Frameworks/Carbon.framework/Versions/A/Frameworks/Ink.framework/Versions/A/Ink
0x000000000b007000 	/System/Library/Frameworks/ApplicationServices.framework/Versions/A/Frameworks/CoreGraphics.framework/Versions/A/CoreGraphics
0x000000000b007000 	/System/Library/Frameworks/ApplicationServices.framework/Versions/A/Frameworks/ImageIO.framework/Versions/A/ImageIO
0x000000000b007000 	/System/Library/Frameworks/ApplicationServices.framework/Versions/A/Frameworks/CoreText.framework/Versions/A/CoreText
0x000000000b007000 	/System/Library/Frameworks/ApplicationServices.framework/Versions/A/Frameworks/ATS.framework/Versions/A/ATS
0x000000000b007000 	/System/Library/Frameworks/ApplicationServices.framework/Versions/A/Frameworks/ColorSync.framework/Versions/A/ColorSync
0x000000000b007000 	/System/Library/Frameworks/ApplicationServices.framework/Versions/A/Frameworks/HIServices.framework/Versions/A/HIServices
0x000000000b007000 	/System/Library/Frameworks/ApplicationServices.framework/Versions/A/Frameworks/LangAnalysis.framework/Versions/A/LangAnalysis
0x000000000b007000 	/System/Library/Frameworks/ApplicationServices.framework/Versions/A/Frameworks/PrintCore.framework/Versions/A/PrintCore
0x000000000b007000 	/System/Library/Frameworks/ApplicationServices.framework/Versions/A/Frameworks/QD.framework/Versions/A/QD
0x000000000b007000 	/System/Library/Frameworks/ApplicationServices.framework/Versions/A/Frameworks/SpeechSynthesis.framework/Versions/A/SpeechSynthesis
0x000000000b007000 	/System/Library/Frameworks/IOSurface.framework/Versions/A/IOSurface
0x000000000b007000 	/System/Library/Frameworks/Accelerate.framework/Versions/A/Accelerate
0x000000000b007000 	/System/Library/Frameworks/ApplicationServices.framework/Versions/A/Frameworks/ImageIO.framework/Versions/A/Resources/libJPEG.dylib
0x000000000b007000 	/System/Library/Frameworks/ApplicationServices.framework/Versions/A/Frameworks/ImageIO.framework/Versions/A/Resources/libTIFF.dylib
0x000000000b007000 	/System/Library/Frameworks/ApplicationServices.framework/Versions/A/Frameworks/ImageIO.framework/Versions/A/Resources/libPng.dylib
0x000000000b007000 	/System/Library/Frameworks/ApplicationServices.framework/Versions/A/Frameworks/ImageIO.framework/Versions/A/Resources/libGIF.dylib
0x000000000b007000 	/System/Library/Frameworks/ApplicationServices.framework/Versions/A/Frameworks/ImageIO.framework/Versions/A/Resources/libJP2.dylib
0x000000000b007000 	/System/Library/Frameworks/ApplicationServices.framework/Versions/A/Frameworks/ImageIO.framework/Versions/A/Resources/libRadiance.dylib
0x000000000b007000 	/System/Library/Frameworks/Accelerate.framework/Versions/A/Frameworks/vImage.framework/Versions/A/vImage
0x000000000b007000 	/System/Library/Frameworks/Accelerate.framework/Versions/A/Frameworks/vecLib.framework/Versions/A/vecLib
0x000000000b007000 	/System/Library/Frameworks/Accelerate.framework/Versions/A/Frameworks/vecLib.framework/Versions/A/libvDSP.dylib
0x000000000b007000 	/System/Library/Frameworks/Accelerate.framework/Versions/A/Frameworks/vecLib.framework/Versions/A/libvMisc.dylib
0x000000000b007000 	/System/Library/Frameworks/Accelerate.framework/Versions/A/Frameworks/vecLib.framework/Versions/A/libLAPACK.dylib
0x000000000b007000 	/System/Library/Frameworks/Accelerate.framework/Versions/A/Frameworks/vecLib.framework/Versions/A/libBLAS.dylib
0x000000000b007000 	/System/Library/Frameworks/ApplicationServices.framework/Versions/A/Frameworks/ATS.framework/Versions/A/Resources/libFontParser.dylib
0x000000000b007000 	/System/Library/Frameworks/ApplicationServices.framework/Versions/A/Frameworks/ATS.framework/Versions/A/Resources/libFontRegistry.dylib
0x000000000b007000 	/usr/lib/libcups.2.dylib
0x000000000b007000 	/System/Library/Frameworks/Kerberos.framework/Versions/A/Kerberos
0x000000000b007000 	/System/Library/Frameworks/GSS.framework/Versions/A/GSS
0x000000000b007000 	/usr/lib/libresolv.9.dylib
0x000000000b007000 	/usr/lib/libiconv.2.dylib
0x000000000b007000 	/System/Library/PrivateFrameworks/Heimdal.framework/Versions/A/Heimdal
0x000000000b007000 	/System/Library/Frameworks/OpenDirectory.framework/Versions/A/OpenDirectory
0x000000000b007000 	/System/Library/PrivateFrameworks/CommonAuth.framework/Versions/A/CommonAuth
0x000000000b007000 	/System/Library/Frameworks/CoreVideo.framework/Versions/A/CoreVideo
0x000000000b007000 	/System/Library/Frameworks/QuartzCore.framework/Versions/A/Frameworks/CoreImage.framework/Versions/A/CoreImage
0x000000000b007000 	/System/Library/Frameworks/QuartzCore.framework/Versions/A/Frameworks/ScalableUserInterface.framework/Versions/A/ScalableUserInterface
0x000000000b007000 	/System/Library/Frameworks/OpenGL.framework/Versions/A/Libraries/libGLU.dylib
0x000000000b007000 	/System/Library/Frameworks/OpenGL.framework/Versions/A/Libraries/libGFXShared.dylib
0x000000000b007000 	/System/Library/Frameworks/OpenGL.framework/Versions/A/Libraries/libGL.dylib
0x000000000b007000 	/System/Library/Frameworks/OpenGL.framework/Versions/A/Libraries/libGLImage.dylib
0x000000000b007000 	/System/Library/Frameworks/OpenGL.framework/Versions/A/Libraries/libCVMSPluginSupport.dylib
0x000000000b007000 	/System/Library/Frameworks/OpenGL.framework/Versions/A/Libraries/libCoreVMClient.dylib
0x000000000b007000 	/System/Library/Frameworks/OpenCL.framework/Versions/A/OpenCL
0x000000000b007000 	/System/Library/PrivateFrameworks/FaceCoreLight.framework/Versions/A/FaceCoreLight
0x000000000b007000 	/System/Library/Frameworks/vecLib.framework/Versions/A/vecLib
0x000000000b007000 	/System/Library/Frameworks/SecurityFoundation.framework/Versions/A/SecurityFoundation
0x000000000b007000 	/System/Library/PrivateFrameworks/CommerceKit.framework/Versions/A/Frameworks/CommerceCore.framework/Versions/A/CommerceCore
0x000000000b007000 	/System/Library/PrivateFrameworks/CoreSymbolication.framework/Versions/A/CoreSymbolication
0x000000000b007000 	/System/Library/PrivateFrameworks/Symbolication.framework/Versions/A/Symbolication
0x000000000b007000 	/System/Library/PrivateFrameworks/DebugSymbols.framework/Versions/A/DebugSymbols
0x000000010a89a000 	/Library/Java/JavaVirtualMachines/1.7.0.jdk/Contents/Home/jre/lib/server/libjvm.dylib
0x000000010a6eb000 	/Library/Java/JavaVirtualMachines/1.7.0.jdk/Contents/Home/jre/lib/libverify.dylib
0x000000010b43d000 	/Library/Java/JavaVirtualMachines/1.7.0.jdk/Contents/Home/jre/lib/libjava.dylib
0x000000010b475000 	/Library/Java/JavaVirtualMachines/1.7.0.jdk/Contents/Home/jre/lib/libzip.dylib
0x0000000113619000 	/System/Library/Frameworks/JavaVM.framework/Frameworks/JavaRuntimeSupport.framework/JavaRuntimeSupport
0x0000000113631000 	/System/Library/Frameworks/JavaVM.framework/Versions/A/Frameworks/JavaNativeFoundation.framework/Versions/A/JavaNativeFoundation
0x0000000113646000 	/System/Library/Frameworks/JavaVM.framework/Versions/A/JavaVM
0x000000000b007000 	/System/Library/Frameworks/Carbon.framework/Versions/A/Carbon
0x0000000113653000 	/System/Library/PrivateFrameworks/JavaLaunching.framework/Versions/A/JavaLaunching
0x000000000b007000 	/System/Library/Frameworks/Carbon.framework/Versions/A/Frameworks/CommonPanels.framework/Versions/A/CommonPanels
0x000000000b007000 	/System/Library/Frameworks/Carbon.framework/Versions/A/Frameworks/Help.framework/Versions/A/Help
0x000000000b007000 	/System/Library/Frameworks/Carbon.framework/Versions/A/Frameworks/ImageCapture.framework/Versions/A/ImageCapture
0x000000000b007000 	/System/Library/Frameworks/Carbon.framework/Versions/A/Frameworks/OpenScripting.framework/Versions/A/OpenScripting
0x000000000b007000 	/System/Library/Frameworks/Carbon.framework/Versions/A/Frameworks/Print.framework/Versions/A/Print
0x000000000b007000 	/System/Library/Frameworks/Carbon.framework/Versions/A/Frameworks/SecurityHI.framework/Versions/A/SecurityHI
0x0000000113fb3000 	/Library/Java/JavaVirtualMachines/jdk1.7.0_45.jdk/Contents/Home/jre/lib/libprism-es2.dylib
0x0000000114011000 	/System/Library/Frameworks/OpenGL.framework/Resources/GLEngine.bundle/GLEngine
0x0000000114200000 	/System/Library/Frameworks/OpenGL.framework/Versions/A/Libraries/libGLProgrammability.dylib
0x0000000000000000 	/System/Library/Extensions/GeForceGLDriver.bundle/Contents/MacOS/GeForceGLDriver
0x000000011438c000 	/System/Library/PrivateFrameworks/GPUSupport.framework/Versions/A/Libraries/libGPUSupport.dylib
0x000000000b007000 	/System/Library/Extensions/GeForceGLDriver.bundle/Contents/MacOS/libclh.dylib
0x00000001143a2000 	/System/Library/Frameworks/OpenGL.framework/Resources//GLRendererFloat.bundle/GLRendererFloat
0x00000001143d9000 	/System/Library/Frameworks/OpenCL.framework/Versions/A/Libraries/libcldcpuengine.dylib
0x000000000b007000 	/System/Library/PrivateFrameworks/DiskImages.framework/Versions/A/DiskImages
0x00000001143e9000 	/System/Library/Frameworks/OpenGL.framework/Versions/A/Libraries/libCoreFSCache.dylib
0x000000000b007000 	/System/Library/Frameworks/DiscRecording.framework/Versions/A/DiscRecording
0x000000000b007000 	/usr/lib/libcurl.4.dylib
0x000000000b007000 	/System/Library/PrivateFrameworks/MediaKit.framework/Versions/A/MediaKit
0x000000000b007000 	/usr/lib/libssl.0.9.8.dylib
0x000000000b007000 	/System/Library/Frameworks/LDAP.framework/Versions/A/LDAP
0x000000000b007000 	/usr/lib/libsasl2.2.dylib
0x00000001145a2000 	/Library/Java/JavaVirtualMachines/jdk1.7.0_45.jdk/Contents/Home/jre/lib/libglass.dylib
0x000000000b007000 	/System/Library/PrivateFrameworks/CoreServicesInternal.framework/Versions/A/CoreServicesInternal
0x000000000b007000 	/System/Library/CoreServices/RawCamera.bundle/Contents/MacOS/RawCamera
0x000000000b007000 	/System/Library/Frameworks/ApplicationServices.framework/Versions/A/Frameworks/CoreGraphics.framework/Versions/A/Resources/libCSync.A.dylib
0x000000000b007000 	/System/Library/Frameworks/ApplicationServices.framework/Versions/A/Frameworks/CoreGraphics.framework/Versions/A/Resources/libRIP.A.dylib
0x0000000115aa2000 	/Library/Java/JavaVirtualMachines/jdk1.7.0_45.jdk/Contents/Home/jre/lib/libjavafx-iio.dylib
0x000000011379b000 	/Library/Java/JavaVirtualMachines/jdk1.7.0_45.jdk/Contents/Home/jre/lib/libjavafx-font.dylib
0x000000000b007000 	/System/Library/Frameworks/ApplicationServices.framework/Versions/A/Frameworks/CoreGraphics.framework/Versions/A/Resources/libCGXType.A.dylib
0x000000011380e000 	cl_kernels
0x00000001181e0000 	/System/Library/Frameworks/OpenCL.framework/Versions/A/Libraries/ImageFormats/unorm8_bgra.dylib
0x0000000113814000 	cl_kernels

VM Arguments:
jvm_args: -Dfile.encoding=US-ASCII -Xbootclasspath/a:/Library/Java/JavaVirtualMachines/jdk1.7.0_45.jdk/Contents/Home/jre/lib/jfxrt.jar 
java_command: com.main.MVPApplication
Launcher Type: SUN_STANDARD

Environment Variables:
PATH=/usr/bin:/bin:/usr/sbin:/sbin
SHELL=/bin/bash
DISPLAY=/tmp/launch-zBgJXt/org.x:0

Signal Handlers:
SIGSEGV: [libjvm.dylib+0x4a177d], sa_mask[0]=0xfffefeff, sa_flags=0x00000042
SIGBUS: [libjvm.dylib+0x4a177d], sa_mask[0]=0xfffefeff, sa_flags=0x00000042
SIGFPE: [libjvm.dylib+0x3b1541], sa_mask[0]=0xfffefeff, sa_flags=0x00000042
SIGPIPE: [libjvm.dylib+0x3b1541], sa_mask[0]=0xfffefeff, sa_flags=0x00000042
SIGXFSZ: [libjvm.dylib+0x3b1541], sa_mask[0]=0xfffefeff, sa_flags=0x00000042
SIGILL: [libjvm.dylib+0x3b1541], sa_mask[0]=0xfffefeff, sa_flags=0x00000042
SIGUSR1: SIG_DFL, sa_mask[0]=0x00000000, sa_flags=0x00000002
SIGUSR2: [libjvm.dylib+0x3b10ce], sa_mask[0]=0x00000004, sa_flags=0x00000042
SIGHUP: [libjvm.dylib+0x3af2f3], sa_mask[0]=0xfffefeff, sa_flags=0x00000042
SIGINT: [libjvm.dylib+0x3af2f3], sa_mask[0]=0xfffefeff, sa_flags=0x00000042
SIGTERM: [libjvm.dylib+0x3af2f3], sa_mask[0]=0xfffefeff, sa_flags=0x00000042
SIGQUIT: [libjvm.dylib+0x3af2f3], sa_mask[0]=0xfffefeff, sa_flags=0x00000042


---------------  S Y S T E M  ---------------

OS:Bsd
uname:Darwin 11.4.2 Darwin Kernel Version 11.4.2: Thu Aug 23 16:25:48 PDT 2012; root:xnu-1699.32.7~1/RELEASE_X86_64 x86_64
rlimit: STACK 8192k, CORE 0k, NPROC 266, NOFILE 10240
CPU:total 2 (2 cores per cpu, 1 threads per core) family 6 model 23 stepping 10, cmov, cx8, fxsr, mmx, sse, sse2, sse3, ssse3, sse4.1, tsc

Memory: 4k page, physical 5769432k(1442358k free)

/proc/meminfo:


vm_info: Java HotSpot(TM) 64-Bit Server VM (23.0-b21) for bsd-amd64 JRE (1.7.0_04-b21), built on Apr 19 2012 22:33:17 by "java_re" with gcc 4.2.1 (Based on Apple Inc. build 5658) (LLVM build 2336.1.00)

time: Tue Jan 28 22:10:43 2014
elapsed time: 29 seconds

