#
# A fatal error has been detected by the Java Runtime Environment:
#
#  SIGSEGV (0xb) at pc=0x00007fff95db1390, pid=576, tid=140735275702624
#
# JRE version: 7.0_04-b21
# Java VM: Java HotSpot(TM) 64-Bit Server VM (23.0-b21 mixed mode bsd-amd64 compressed oops)
# Problematic frame:
# C  [libobjc.A.dylib+0xb390]  objc_msgSend_vtable14+0x10
#
# Failed to write core dump. Core dumps have been disabled. To enable core dumping, try "ulimit -c unlimited" before starting Java again
#
# If you would like to submit a bug report, please visit:
#   http://bugreport.sun.com/bugreport/crash.jsp
# The crash happened outside the Java Virtual Machine in native code.
# See problematic frame for where to report the bug.
#

---------------  T H R E A D  ---------------

Current thread (0x00007fa55b955800):  JavaThread "JavaFX Application Thread" [_thread_in_native, id=2082314592, stack(0x00007fff5fb05000,0x00007fff60305000)]

siginfo:si_signo=SIGSEGV: si_errno=0, si_code=0 (SEGV0), si_addr=0x0000000000000000

Registers:
RAX=0x8000000000000000, RBX=0x00007fa55cc9c210, RCX=0x00007fa55b956070, RDX=0x00000000a1a1a1a1
RSP=0x00007fff603010d8, RBP=0x00007fff60301100, RSI=0x00007fff7c726720, RDI=0x00000001008f7390
R8 =0x00007fff7bbe2084, R9 =0x00007fff60301098, R10=0x00007fa55b59f150, R11=0x00007fa55b54e3f8
R12=0x00000001008187f0, R13=0x0000000000000004, R14=0x00007fa55b956068, R15=0x00007fff7c726720
RIP=0x00007fff95db1390, EFLAGS=0x0000000000010246, ERR=0x0000000000000000
  TRAPNO=0x000000000000000d

Top of Stack: (sp=0x00007fff603010d8)
0x00007fff603010d8:   00007fff963eb404 00000001008187f0
0x00007fff603010e8:   00007fa55cc9bee0 0000000000000000
0x00007fff603010f8:   00000fc7e8f48221 00007fff60301160
0x00007fff60301108:   00007fff921cfb58 00007fff95a223a3
0x00007fff60301118:   00007fa55cc9c210 00007fa55cc9bee0
0x00007fff60301128:   00007fa55cc9bef8 edb29774008f8375
0x00007fff60301138:   00007fa55cc9bee0 00000001008187f0
0x00007fff60301148:   0000000000000004 00000001008187e0
0x00007fff60301158:   00000fc7e8f48221 00007fff603011d0
0x00007fff60301168:   00007fff921cf4ba 00007fff603011a0
0x00007fff60301178:   0000000000000000 0000000000000000
0x00007fff60301188:   00007fa55cc9c210 00007fa55cc9bef8
0x00007fff60301198:   00000001008186e0 edb29774008f8375
0x00007fff603011a8:   0000000000000003 00007fa55cb7dfc0
0x00007fff603011b8:   00000001008185a0 0000000000000001
0x00007fff603011c8:   0000000000000005 00007fff60301e80
0x00007fff603011d8:   00007fff921afe11 00007fa55b9559d8
0x00007fff603011e8:   00230004ffffffff 0000000000000000
0x00007fff603011f8:   000000017c2d3670 00007fa55cb7d480
0x00007fff60301208:   00000001008187f0 00000001008186e0
0x00007fff60301218:   01007fff93df1160 00007fff60301258
0x00007fff60301228:   00001b037c2d368c 00007fff7bbdafa0
0x00007fff60301238:   00000001008186d0 00000001008187e0
0x00007fff60301248:   00007fa55cb7ed70 00007fff60301258
0x00007fff60301258:   0000003000001100 00001a0300000000
0x00007fff60301268:   0000000000000000 0000000000000000
0x00007fff60301278:   0000000000000000 0000000000000000
0x00007fff60301288:   0000004400000000 000000000000021d
0x00007fff60301298:   0000000000000001 0000000000000000
0x00007fff603012a8:   0000000000000000 0000000000000000
0x00007fff603012b8:   0000000000000000 0100ffff00000000
0x00007fff603012c8:   0000000000000000 0000000000012cf7 

Instructions: (pc=0x00007fff95db1390)
0x00007fff95db1370:   8b 42 18 48 8b 76 08 ff 60 68 66 0f 1f 44 00 00
0x00007fff95db1380:   48 85 ff 74 16 f7 c7 01 00 00 00 75 12 48 8b 07
0x00007fff95db1390:   48 8b 40 18 48 8b 76 08 ff 60 70 31 c0 c3 90 89
0x00007fff95db13a0:   f8 83 e0 0f 4c 8d 15 2d 51 84 e6 4d 8b 14 c2 49 

Register to memory mapping:

RAX=0x8000000000000000 is an unknown value
RBX=0x00007fa55cc9c210 is an unknown value
RCX=0x00007fa55b956070 is an unknown value
RDX=0x00000000a1a1a1a1 is an unknown value
RSP=0x00007fff603010d8 is pointing into the stack for thread: 0x00007fa55b955800
RBP=0x00007fff60301100 is pointing into the stack for thread: 0x00007fa55b955800
RSI=0x00007fff7c726720: OBJC_IVAR_$_NSFileWatcher._formerPath+0x72d0 in /System/Library/Frameworks/Foundation.framework/Versions/C/Foundation at 0x00007fff963d5000
RDI=0x00000001008f7390 is an unknown value
R8 =0x00007fff7bbe2084: __CFProcessKillingLock+0 in /System/Library/Frameworks/CoreFoundation.framework/Versions/A/CoreFoundation at 0x00007fff92177000
R9 =0x00007fff60301098 is pointing into the stack for thread: 0x00007fa55b955800
R10=0x00007fa55b59f150 is an unknown value
R11=0x00007fa55b54e3f8 is an unknown value
R12=0x00000001008187f0 is an unknown value
R13=0x0000000000000004 is an unknown value
R14=0x00007fa55b956068 is an unknown value
R15=0x00007fff7c726720: OBJC_IVAR_$_NSFileWatcher._formerPath+0x72d0 in /System/Library/Frameworks/Foundation.framework/Versions/C/Foundation at 0x00007fff963d5000


Stack: [0x00007fff5fb05000,0x00007fff60305000],  sp=0x00007fff603010d8,  free space=8176k
Native frames: (J=compiled Java code, j=interpreted, Vv=VM code, C=native code)
C  [libobjc.A.dylib+0xb390]  objc_msgSend_vtable14+0x10
C  [CoreFoundation+0x58b58]  CFRunLoopTimerInvalidate+0x218
C  [CoreFoundation+0x584ba]  __CFRunLoopDoTimer+0x24a
C  [CoreFoundation+0x38e11]  __CFRunLoopRun+0x651
C  [CoreFoundation+0x38486]  CFRunLoopRunSpecific+0xe6
C  [HIToolbox+0x22bf]  RunCurrentEventLoopInMode+0x115
C  [HIToolbox+0x94bf]  ReceiveNextEventCommon+0xb5
C  [HIToolbox+0x93fa]  BlockUntilNextEventMatchingListInMode+0x3e
C  [AppKit+0x8779]  _DPSNextEvent+0x293
C  [AppKit+0x807d]  -[NSApplication nextEventMatchingMask:untilDate:inMode:dequeue:]+0x87
C  [AppKit+0x49b9]  -[NSApplication run]+0x1d6
C  [libglass.dylib+0x3d31]  -[GlassApplication runLoop:]+0x2f1
C  [CoreFoundation+0x9370d]  -[NSObject performSelector:withObject:]+0x3d
C  [Foundation+0x4fd70]  __NSThreadPerformPerform+0xd6
C  [CoreFoundation+0x124f1]  __CFRUNLOOP_IS_CALLING_OUT_TO_A_SOURCE0_PERFORM_FUNCTION__+0x11
C  [CoreFoundation+0x11d5d]  __CFRunLoopDoSources0+0xfd
C  [CoreFoundation+0x38b49]  __CFRunLoopRun+0x389
C  [CoreFoundation+0x38486]  CFRunLoopRunSpecific+0xe6
C  [java+0x74bc]  CreateExecutionEnvironment+0x367
C  [java+0x1cac]  JLI_Launch+0x7a0
C  [java+0x7819]  main+0x65
C  [java+0x1504]  start+0x34


---------------  P R O C E S S  ---------------

Java Threads: ( => current thread )
  0x00007fa55bc3d000 JavaThread "Prism Font Disposer" daemon [_thread_blocked, id=1803284480, stack(0x000000016b6bf000,0x000000016b7bf000)]
  0x00007fa55c10f000 JavaThread "Thread-4" daemon [_thread_in_native, id=1769578496, stack(0x000000016971a000,0x000000016979a000)]
=>0x00007fa55b955800 JavaThread "JavaFX Application Thread" [_thread_in_native, id=2082314592, stack(0x00007fff5fb05000,0x00007fff60305000)]
  0x00007fa55c08d800 JavaThread "Thread-2" daemon [_thread_blocked, id=1744617472, stack(0x0000000167ecc000,0x0000000167fcc000)]
  0x00007fa55b952800 JavaThread "Disposer" daemon [_thread_blocked, id=1743151104, stack(0x0000000167d66000,0x0000000167e66000)]
  0x00007fa55b945000 JavaThread "QuantumRenderer-0" daemon [_thread_blocked, id=1736863744, stack(0x0000000167767000,0x0000000167867000)]
  0x00007fa55c053800 JavaThread "JavaFX-Launcher" [_thread_blocked, id=1735770112, stack(0x000000016765c000,0x000000016775c000)]
  0x00007fa55b8b2000 JavaThread "Service Thread" daemon [_thread_blocked, id=1733144576, stack(0x00000001673db000,0x00000001674db000)]
  0x00007fa55b8b1800 JavaThread "C2 CompilerThread1" daemon [_thread_blocked, id=1732083712, stack(0x00000001672d8000,0x00000001673d8000)]
  0x00007fa55b8a8000 JavaThread "C2 CompilerThread0" daemon [_thread_blocked, id=1731022848, stack(0x00000001671d5000,0x00000001672d5000)]
  0x00007fa55b88f000 JavaThread "Signal Dispatcher" daemon [_thread_blocked, id=1729961984, stack(0x00000001670d2000,0x00000001671d2000)]
  0x00007fa55c007800 JavaThread "Finalizer" daemon [_thread_blocked, id=1726828544, stack(0x0000000166dd5000,0x0000000166ed5000)]
  0x00007fa55c001800 JavaThread "Reference Handler" daemon [_thread_blocked, id=1725767680, stack(0x0000000166cd2000,0x0000000166dd2000)]
  0x00007fa55b834800 JavaThread "main" [_thread_blocked, id=21630976, stack(0x00000001013a1000,0x00000001014a1000)]

Other Threads:
  0x00007fa55b88a000 VMThread [stack: 0x0000000166bcf000,0x0000000166ccf000] [id=1724706816]
  0x00007fa55b893000 WatcherThread [stack: 0x00000001674de000,0x00000001675de000] [id=1734205440]

VM state:not at safepoint (normal execution)

VM Mutex/Monitor currently owned by a thread: None

Heap
 PSYoungGen      total 49152K, used 29444K [0x0000000144680000, 0x000000014a680000, 0x0000000161dd0000)
  eden space 45440K, 57% used [0x0000000144680000,0x0000000145fe3020,0x00000001472e0000)
  from space 3712K, 92% used [0x00000001472e0000,0x000000014763e0d0,0x0000000147680000)
  to   space 3712K, 0% used [0x000000014a2e0000,0x000000014a2e0000,0x000000014a680000)
 ParOldGen       total 155968K, used 77512K [0x00000001097d0000, 0x0000000113020000, 0x0000000144680000)
  object space 155968K, 49% used [0x00000001097d0000,0x000000010e382060,0x0000000113020000)
 PSPermGen       total 21248K, used 11207K [0x00000001045d0000, 0x0000000105a90000, 0x00000001097d0000)
  object space 21248K, 52% used [0x00000001045d0000,0x00000001050c1e98,0x0000000105a90000)

Code Cache  [0x00000001014f2000, 0x0000000101762000, 0x00000001044f2000)
 total_blobs=648 nmethods=118 adapters=482 free_code_cache=48260Kb largest_free_block=49394816

Compilation events (10 events):
Event: 5.402 Thread 0x00007fa55b8a8000  108             java.lang.ref.Reference::get (5 bytes)
Event: 5.402 Thread 0x00007fa55b8a8000 nmethod 108 0x00000001015cf0d0 code [0x00000001015cf200, 0x00000001015cf278]
Event: 6.379 Thread 0x00007fa55b8b1800  109             java.nio.Buffer::nextPutIndex (31 bytes)
Event: 6.379 Thread 0x00007fa55b8b1800 nmethod 109 0x00000001015ce850 code [0x00000001015ce980, 0x00000001015ce9f8]
Event: 6.542 Thread 0x00007fa55b8b1800  110             java.util.ArrayList::isEmpty (13 bytes)
Event: 6.542 Thread 0x00007fa55b8b1800 nmethod 110 0x00000001015ce650 code [0x00000001015ce780, 0x00000001015ce7f8]
Event: 8.100 Thread 0x00007fa55b8a8000  111             java.nio.DirectFloatBufferU::put (17 bytes)
Event: 8.102 Thread 0x00007fa55b8a8000 nmethod 111 0x00000001015d5190 code [0x00000001015d52c0, 0x00000001015d5378]
Event: 8.102 Thread 0x00007fa55b8a8000  112             java.nio.DirectFloatBufferU::ix (10 bytes)
Event: 8.102 Thread 0x00007fa55b8a8000 nmethod 112 0x00000001015d4f90 code [0x00000001015d50c0, 0x00000001015d5138]

GC Heap History (8 events):
Event: 1.109 GC heap before
{Heap before GC invocations=1 (full 0):
 PSYoungGen      total 26432K, used 22419K [0x0000000144680000, 0x00000001463f0000, 0x0000000161dd0000)
  eden space 22720K, 98% used [0x0000000144680000,0x0000000145c64cd8,0x0000000145cb0000)
  from space 3712K, 0% used [0x0000000146050000,0x0000000146050000,0x00000001463f0000)
  to   space 3712K, 0% used [0x0000000145cb0000,0x0000000145cb0000,0x0000000146050000)
 ParOldGen       total 60352K, used 0K [0x00000001097d0000, 0x000000010d2c0000, 0x0000000144680000)
  object space 60352K, 0% used [0x00000001097d0000,0x00000001097d0000,0x000000010d2c0000)
 PSPermGen       total 21248K, used 6192K [0x00000001045d0000, 0x0000000105a90000, 0x00000001097d0000)
  object space 21248K, 29% used [0x00000001045d0000,0x0000000104bdc120,0x0000000105a90000)
Event: 1.132 GC heap after
Heap after GC invocations=1 (full 0):
 PSYoungGen      total 26432K, used 3710K [0x0000000144680000, 0x0000000147a20000, 0x0000000161dd0000)
  eden space 22720K, 0% used [0x0000000144680000,0x0000000144680000,0x0000000145cb0000)
  from space 3712K, 99% used [0x0000000145cb0000,0x000000014604f890,0x0000000146050000)
  to   space 3712K, 0% used [0x0000000147680000,0x0000000147680000,0x0000000147a20000)
 ParOldGen       total 60352K, used 13859K [0x00000001097d0000, 0x000000010d2c0000, 0x0000000144680000)
  object space 60352K, 22% used [0x00000001097d0000,0x000000010a558f38,0x000000010d2c0000)
 PSPermGen       total 21248K, used 6192K [0x00000001045d0000, 0x0000000105a90000, 0x00000001097d0000)
  object space 21248K, 29% used [0x00000001045d0000,0x0000000104bdc120,0x0000000105a90000)
}
Event: 1.578 GC heap before
{Heap before GC invocations=2 (full 0):
 PSYoungGen      total 26432K, used 26129K [0x0000000144680000, 0x0000000147a20000, 0x0000000161dd0000)
  eden space 22720K, 98% used [0x0000000144680000,0x0000000145c64f68,0x0000000145cb0000)
  from space 3712K, 99% used [0x0000000145cb0000,0x000000014604f890,0x0000000146050000)
  to   space 3712K, 0% used [0x0000000147680000,0x0000000147680000,0x0000000147a20000)
 ParOldGen       total 60352K, used 13859K [0x00000001097d0000, 0x000000010d2c0000, 0x0000000144680000)
  object space 60352K, 22% used [0x00000001097d0000,0x000000010a558f38,0x000000010d2c0000)
 PSPermGen       total 21248K, used 6197K [0x00000001045d0000, 0x0000000105a90000, 0x00000001097d0000)
  object space 21248K, 29% used [0x00000001045d0000,0x0000000104bdd618,0x0000000105a90000)
Event: 1.605 GC heap after
Heap after GC invocations=2 (full 0):
 PSYoungGen      total 49152K, used 3701K [0x0000000144680000, 0x0000000147a20000, 0x0000000161dd0000)
  eden space 45440K, 0% used [0x0000000144680000,0x0000000144680000,0x00000001472e0000)
  from space 3712K, 99% used [0x0000000147680000,0x0000000147a1d7f0,0x0000000147a20000)
  to   space 3712K, 0% used [0x00000001472e0000,0x00000001472e0000,0x0000000147680000)
 ParOldGen       total 60352K, used 34676K [0x00000001097d0000, 0x000000010d2c0000, 0x0000000144680000)
  object space 60352K, 57% used [0x00000001097d0000,0x000000010b9ad360,0x000000010d2c0000)
 PSPermGen       total 21248K, used 6197K [0x00000001045d0000, 0x0000000105a90000, 0x00000001097d0000)
  object space 21248K, 29% used [0x00000001045d0000,0x0000000104bdd618,0x0000000105a90000)
}
Event: 2.491 GC heap before
{Heap before GC invocations=3 (full 0):
 PSYoungGen      total 49152K, used 48767K [0x0000000144680000, 0x0000000147a20000, 0x0000000161dd0000)
  eden space 45440K, 99% used [0x0000000144680000,0x0000000147282600,0x00000001472e0000)
  from space 3712K, 99% used [0x0000000147680000,0x0000000147a1d7f0,0x0000000147a20000)
  to   space 3712K, 0% used [0x00000001472e0000,0x00000001472e0000,0x0000000147680000)
 ParOldGen       total 60352K, used 34676K [0x00000001097d0000, 0x000000010d2c0000, 0x0000000144680000)
  object space 60352K, 57% used [0x00000001097d0000,0x000000010b9ad360,0x000000010d2c0000)
 PSPermGen       total 21248K, used 6212K [0x00000001045d0000, 0x0000000105a90000, 0x00000001097d0000)
  object space 21248K, 29% used [0x00000001045d0000,0x0000000104be1340,0x0000000105a90000)
Event: 2.542 GC heap after
Heap after GC invocations=3 (full 0):
 PSYoungGen      total 49152K, used 3701K [0x0000000144680000, 0x000000014a680000, 0x0000000161dd0000)
  eden space 45440K, 0% used [0x0000000144680000,0x0000000144680000,0x00000001472e0000)
  from space 3712K, 99% used [0x00000001472e0000,0x000000014767d7f0,0x0000000147680000)
  to   space 3712K, 0% used [0x000000014a2e0000,0x000000014a2e0000,0x000000014a680000)
 ParOldGen       total 77632K, used 77355K [0x00000001097d0000, 0x000000010e3a0000, 0x0000000144680000)
  object space 77632K, 99% used [0x00000001097d0000,0x000000010e35ae20,0x000000010e3a0000)
 PSPermGen       total 21248K, used 6212K [0x00000001045d0000, 0x0000000105a90000, 0x00000001097d0000)
  object space 21248K, 29% used [0x00000001045d0000,0x0000000104be1340,0x0000000105a90000)
}
Event: 2.542 GC heap before
{Heap before GC invocations=4 (full 1):
 PSYoungGen      total 49152K, used 3701K [0x0000000144680000, 0x000000014a680000, 0x0000000161dd0000)
  eden space 45440K, 0% used [0x0000000144680000,0x0000000144680000,0x00000001472e0000)
  from space 3712K, 99% used [0x00000001472e0000,0x000000014767d7f0,0x0000000147680000)
  to   space 3712K, 0% used [0x000000014a2e0000,0x000000014a2e0000,0x000000014a680000)
 ParOldGen       total 77632K, used 77355K [0x00000001097d0000, 0x000000010e3a0000, 0x0000000144680000)
  object space 77632K, 99% used [0x00000001097d0000,0x000000010e35ae20,0x000000010e3a0000)
 PSPermGen       total 21248K, used 6212K [0x00000001045d0000, 0x0000000105a90000, 0x00000001097d0000)
  object space 21248K, 29% used [0x00000001045d0000,0x0000000104be1340,0x0000000105a90000)
Event: 2.629 GC heap after
Heap after GC invocations=4 (full 1):
 PSYoungGen      total 49152K, used 3448K [0x0000000144680000, 0x000000014a680000, 0x0000000161dd0000)
  eden space 45440K, 0% used [0x0000000144680000,0x0000000144680000,0x00000001472e0000)
  from space 3712K, 92% used [0x00000001472e0000,0x000000014763e0d0,0x0000000147680000)
  to   space 3712K, 0% used [0x000000014a2e0000,0x000000014a2e0000,0x000000014a680000)
 ParOldGen       total 155968K, used 77512K [0x00000001097d0000, 0x0000000113020000, 0x0000000144680000)
  object space 155968K, 49% used [0x00000001097d0000,0x000000010e382060,0x0000000113020000)
 PSPermGen       total 21248K, used 6209K [0x00000001045d0000, 0x0000000105a90000, 0x00000001097d0000)
  object space 21248K, 29% used [0x00000001045d0000,0x0000000104be07c0,0x0000000105a90000)
}

Deoptimization events (10 events):
Event: 0.541 Thread 0x00007fa55b955800 Uncommon trap -34 fr.pc 0x0000000101566548
Event: 0.541 Thread 0x00007fa55b955800 Uncommon trap -34 fr.pc 0x0000000101566548
Event: 0.541 Thread 0x00007fa55b955800 Uncommon trap -34 fr.pc 0x0000000101566548
Event: 0.541 Thread 0x00007fa55b955800 Uncommon trap -34 fr.pc 0x0000000101566548
Event: 3.091 Thread 0x00007fa55b955800 Uncommon trap -34 fr.pc 0x000000010156305c
Event: 3.091 Thread 0x00007fa55b955800 Uncommon trap -34 fr.pc 0x000000010156305c
Event: 3.091 Thread 0x00007fa55b955800 Uncommon trap -34 fr.pc 0x000000010156305c
Event: 3.091 Thread 0x00007fa55b955800 Uncommon trap -34 fr.pc 0x000000010156305c
Event: 3.384 Thread 0x00007fa55b955800 Uncommon trap -12 fr.pc 0x00000001015a1604
Event: 3.405 Thread 0x00007fa55b955800 Uncommon trap -12 fr.pc 0x00000001015b906c

Internal exceptions (10 events):
Event: 3.571 Thread 0x00007fa55b955800 Threw 0x0000000145e13c80 at /HUDSON/workspace/jdk7u4-2-build-macosx-x86_64-product/jdk7u4/hotspot/src/share/vm/prims/jvm.cpp:1166
Event: 3.572 Thread 0x00007fa55b955800 Threw 0x0000000145e8ab10 at /HUDSON/workspace/jdk7u4-2-build-macosx-x86_64-product/jdk7u4/hotspot/src/share/vm/prims/jvm.cpp:1166
Event: 3.572 Thread 0x00007fa55b955800 Threw 0x0000000145e8e318 at /HUDSON/workspace/jdk7u4-2-build-macosx-x86_64-product/jdk7u4/hotspot/src/share/vm/prims/jvm.cpp:1166
Event: 3.573 Thread 0x00007fa55b955800 Threw 0x0000000145e91b98 at /HUDSON/workspace/jdk7u4-2-build-macosx-x86_64-product/jdk7u4/hotspot/src/share/vm/prims/jvm.cpp:1166
Event: 3.573 Thread 0x00007fa55b955800 Threw 0x0000000145e953c8 at /HUDSON/workspace/jdk7u4-2-build-macosx-x86_64-product/jdk7u4/hotspot/src/share/vm/prims/jvm.cpp:1166
Event: 3.574 Thread 0x00007fa55b955800 Threw 0x0000000145e988f0 at /HUDSON/workspace/jdk7u4-2-build-macosx-x86_64-product/jdk7u4/hotspot/src/share/vm/prims/jvm.cpp:1166
Event: 3.574 Thread 0x00007fa55b955800 Threw 0x0000000145e9c000 at /HUDSON/workspace/jdk7u4-2-build-macosx-x86_64-product/jdk7u4/hotspot/src/share/vm/prims/jvm.cpp:1166
Event: 3.575 Thread 0x00007fa55b955800 Threw 0x0000000145e9f760 at /HUDSON/workspace/jdk7u4-2-build-macosx-x86_64-product/jdk7u4/hotspot/src/share/vm/prims/jvm.cpp:1166
Event: 3.575 Thread 0x00007fa55b955800 Threw 0x0000000145ea2fc8 at /HUDSON/workspace/jdk7u4-2-build-macosx-x86_64-product/jdk7u4/hotspot/src/share/vm/prims/jvm.cpp:1166
Event: 3.576 Thread 0x00007fa55b955800 Threw 0x0000000145ea6938 at /HUDSON/workspace/jdk7u4-2-build-macosx-x86_64-product/jdk7u4/hotspot/src/share/vm/prims/jvm.cpp:1166

Events (10 events):
Event: 8.112 loading class 0x0000000100838b00
Event: 8.112 loading class 0x0000000100838db0
Event: 8.112 loading class 0x0000000100838db0 done
Event: 8.113 loading class 0x0000000100838b00 done
Event: 8.113 loading class 0x00007fa55cc37100
Event: 8.113 loading class 0x00007fa55cc37100 done
Event: 8.153 loading class 0x0000000100899b80
Event: 8.154 loading class 0x0000000100899b80 done
Event: 8.155 loading class 0x00007fa55b5a2560
Event: 8.155 loading class 0x00007fa55b5a2560 done


Dynamic libraries:
0x000000000b007000 	/System/Library/Frameworks/Cocoa.framework/Versions/A/Cocoa
0x000000000b007000 	/System/Library/Frameworks/Security.framework/Versions/A/Security
0x000000000b007000 	/System/Library/Frameworks/ApplicationServices.framework/Versions/A/ApplicationServices
0x000000000b007000 	/usr/lib/libz.1.dylib
0x000000000b007000 	/usr/lib/libSystem.B.dylib
0x000000000b007000 	/usr/lib/libobjc.A.dylib
0x000000000b007000 	/System/Library/Frameworks/CoreFoundation.framework/Versions/A/CoreFoundation
0x000000000b007000 	/System/Library/Frameworks/AppKit.framework/Versions/C/AppKit
0x000000000b007000 	/System/Library/Frameworks/CoreData.framework/Versions/A/CoreData
0x000000000b007000 	/System/Library/Frameworks/Foundation.framework/Versions/C/Foundation
0x000000000b007000 	/System/Library/PrivateFrameworks/RemoteViewServices.framework/Versions/A/RemoteViewServices
0x000000000b007000 	/System/Library/Frameworks/AudioToolbox.framework/Versions/A/AudioToolbox
0x000000000b007000 	/System/Library/Frameworks/AudioUnit.framework/Versions/A/AudioUnit
0x000000000b007000 	/System/Library/PrivateFrameworks/DataDetectorsCore.framework/Versions/A/DataDetectorsCore
0x000000000b007000 	/System/Library/PrivateFrameworks/DesktopServicesPriv.framework/Versions/A/DesktopServicesPriv
0x000000000b007000 	/System/Library/Frameworks/Carbon.framework/Versions/A/Frameworks/HIToolbox.framework/Versions/A/HIToolbox
0x000000000b007000 	/System/Library/Frameworks/QuartzCore.framework/Versions/A/QuartzCore
0x000000000b007000 	/System/Library/Frameworks/Carbon.framework/Versions/A/Frameworks/SpeechRecognition.framework/Versions/A/SpeechRecognition
0x000000000b007000 	/usr/lib/libauto.dylib
0x000000000b007000 	/usr/lib/libicucore.A.dylib
0x000000000b007000 	/usr/lib/libxml2.2.dylib
0x000000000b007000 	/System/Library/PrivateFrameworks/CoreUI.framework/Versions/A/CoreUI
0x000000000b007000 	/System/Library/Frameworks/CoreAudio.framework/Versions/A/CoreAudio
0x000000000b007000 	/System/Library/Frameworks/DiskArbitration.framework/Versions/A/DiskArbitration
0x000000000b007000 	/usr/lib/liblangid.dylib
0x000000000b007000 	/System/Library/PrivateFrameworks/MultitouchSupport.framework/Versions/A/MultitouchSupport
0x000000000b007000 	/System/Library/Frameworks/IOKit.framework/Versions/A/IOKit
0x000000000b007000 	/usr/lib/libDiagnosticMessagesClient.dylib
0x000000000b007000 	/System/Library/Frameworks/CoreServices.framework/Versions/A/CoreServices
0x000000000b007000 	/System/Library/PrivateFrameworks/PerformanceAnalysis.framework/Versions/A/PerformanceAnalysis
0x000000000b007000 	/System/Library/PrivateFrameworks/GenerationalStorage.framework/Versions/A/GenerationalStorage
0x000000000b007000 	/System/Library/Frameworks/OpenGL.framework/Versions/A/OpenGL
0x000000000b007000 	/System/Library/Frameworks/CoreServices.framework/Versions/A/Frameworks/CFNetwork.framework/Versions/A/CFNetwork
0x000000000b007000 	/System/Library/Frameworks/SystemConfiguration.framework/Versions/A/SystemConfiguration
0x000000000b007000 	/usr/lib/libCRFSuite.dylib
0x000000000b007000 	/usr/lib/libc++.1.dylib
0x000000000b007000 	/usr/lib/libstdc++.6.dylib
0x000000000b007000 	/usr/lib/libc++abi.dylib
0x000000000b007000 	/usr/lib/system/libcache.dylib
0x000000000b007000 	/usr/lib/system/libcommonCrypto.dylib
0x000000000b007000 	/usr/lib/system/libcompiler_rt.dylib
0x000000000b007000 	/usr/lib/system/libcopyfile.dylib
0x000000000b007000 	/usr/lib/system/libdispatch.dylib
0x000000000b007000 	/usr/lib/system/libdnsinfo.dylib
0x000000000b007000 	/usr/lib/system/libdyld.dylib
0x000000000b007000 	/usr/lib/system/libkeymgr.dylib
0x000000000b007000 	/usr/lib/system/liblaunch.dylib
0x000000000b007000 	/usr/lib/system/libmacho.dylib
0x000000000b007000 	/usr/lib/system/libmathCommon.A.dylib
0x000000000b007000 	/usr/lib/system/libquarantine.dylib
0x000000000b007000 	/usr/lib/system/libremovefile.dylib
0x000000000b007000 	/usr/lib/system/libsystem_blocks.dylib
0x000000000b007000 	/usr/lib/system/libsystem_c.dylib
0x000000000b007000 	/usr/lib/system/libsystem_dnssd.dylib
0x000000000b007000 	/usr/lib/system/libsystem_info.dylib
0x000000000b007000 	/usr/lib/system/libsystem_kernel.dylib
0x000000000b007000 	/usr/lib/system/libsystem_network.dylib
0x000000000b007000 	/usr/lib/system/libsystem_notify.dylib
0x000000000b007000 	/usr/lib/system/libsystem_sandbox.dylib
0x000000000b007000 	/usr/lib/system/libunc.dylib
0x000000000b007000 	/usr/lib/system/libunwind.dylib
0x000000000b007000 	/usr/lib/system/libxpc.dylib
0x000000000b007000 	/usr/lib/libbsm.0.dylib
0x000000000b007000 	/usr/lib/libsqlite3.dylib
0x000000000b007000 	/usr/lib/libOpenScriptingUtil.dylib
0x000000000b007000 	/usr/lib/libpam.2.dylib
0x000000000b007000 	/usr/lib/libxar-nossl.dylib
0x000000000b007000 	/usr/lib/libbz2.1.0.dylib
0x000000000b007000 	/System/Library/Frameworks/CoreServices.framework/Versions/A/Frameworks/CarbonCore.framework/Versions/A/CarbonCore
0x000000000b007000 	/System/Library/Frameworks/CoreServices.framework/Versions/A/Frameworks/Metadata.framework/Versions/A/Metadata
0x000000000b007000 	/System/Library/Frameworks/CoreServices.framework/Versions/A/Frameworks/OSServices.framework/Versions/A/OSServices
0x000000000b007000 	/System/Library/Frameworks/CoreServices.framework/Versions/A/Frameworks/SearchKit.framework/Versions/A/SearchKit
0x000000000b007000 	/System/Library/Frameworks/CoreServices.framework/Versions/A/Frameworks/AE.framework/Versions/A/AE
0x000000000b007000 	/System/Library/Frameworks/CoreServices.framework/Versions/A/Frameworks/LaunchServices.framework/Versions/A/LaunchServices
0x000000000b007000 	/System/Library/Frameworks/CoreServices.framework/Versions/A/Frameworks/DictionaryServices.framework/Versions/A/DictionaryServices
0x000000000b007000 	/System/Library/Frameworks/NetFS.framework/Versions/A/NetFS
0x000000000b007000 	/usr/lib/system/libkxld.dylib
0x000000000b007000 	/System/Library/PrivateFrameworks/NetAuth.framework/Versions/A/NetAuth
0x000000000b007000 	/usr/lib/libcrypto.0.9.8.dylib
0x000000000b007000 	/System/Library/PrivateFrameworks/TrustEvaluationAgent.framework/Versions/A/TrustEvaluationAgent
0x000000000b007000 	/System/Library/Frameworks/OpenDirectory.framework/Versions/A/Frameworks/CFOpenDirectory.framework/Versions/A/CFOpenDirectory
0x000000000b007000 	/usr/lib/libxslt.1.dylib
0x000000000b007000 	/System/Library/PrivateFrameworks/FamilyControls.framework/Versions/A/FamilyControls
0x000000000b007000 	/System/Library/Frameworks/Carbon.framework/Versions/A/Frameworks/Ink.framework/Versions/A/Ink
0x000000000b007000 	/System/Library/Frameworks/ApplicationServices.framework/Versions/A/Frameworks/CoreGraphics.framework/Versions/A/CoreGraphics
0x000000000b007000 	/System/Library/Frameworks/ApplicationServices.framework/Versions/A/Frameworks/ImageIO.framework/Versions/A/ImageIO
0x000000000b007000 	/System/Library/Frameworks/ApplicationServices.framework/Versions/A/Frameworks/CoreText.framework/Versions/A/CoreText
0x000000000b007000 	/System/Library/Frameworks/ApplicationServices.framework/Versions/A/Frameworks/ATS.framework/Versions/A/ATS
0x000000000b007000 	/System/Library/Frameworks/ApplicationServices.framework/Versions/A/Frameworks/ColorSync.framework/Versions/A/ColorSync
0x000000000b007000 	/System/Library/Frameworks/ApplicationServices.framework/Versions/A/Frameworks/HIServices.framework/Versions/A/HIServices
0x000000000b007000 	/System/Library/Frameworks/ApplicationServices.framework/Versions/A/Frameworks/LangAnalysis.framework/Versions/A/LangAnalysis
0x000000000b007000 	/System/Library/Frameworks/ApplicationServices.framework/Versions/A/Frameworks/PrintCore.framework/Versions/A/PrintCore
0x000000000b007000 	/System/Library/Frameworks/ApplicationServices.framework/Versions/A/Frameworks/QD.framework/Versions/A/QD
0x000000000b007000 	/System/Library/Frameworks/ApplicationServices.framework/Versions/A/Frameworks/SpeechSynthesis.framework/Versions/A/SpeechSynthesis
0x000000000b007000 	/System/Library/Frameworks/IOSurface.framework/Versions/A/IOSurface
0x000000000b007000 	/System/Library/Frameworks/Accelerate.framework/Versions/A/Accelerate
0x000000000b007000 	/System/Library/Frameworks/ApplicationServices.framework/Versions/A/Frameworks/ImageIO.framework/Versions/A/Resources/libJPEG.dylib
0x000000000b007000 	/System/Library/Frameworks/ApplicationServices.framework/Versions/A/Frameworks/ImageIO.framework/Versions/A/Resources/libTIFF.dylib
0x000000000b007000 	/System/Library/Frameworks/ApplicationServices.framework/Versions/A/Frameworks/ImageIO.framework/Versions/A/Resources/libPng.dylib
0x000000000b007000 	/System/Library/Frameworks/ApplicationServices.framework/Versions/A/Frameworks/ImageIO.framework/Versions/A/Resources/libGIF.dylib
0x000000000b007000 	/System/Library/Frameworks/ApplicationServices.framework/Versions/A/Frameworks/ImageIO.framework/Versions/A/Resources/libJP2.dylib
0x000000000b007000 	/System/Library/Frameworks/ApplicationServices.framework/Versions/A/Frameworks/ImageIO.framework/Versions/A/Resources/libRadiance.dylib
0x000000000b007000 	/System/Library/Frameworks/Accelerate.framework/Versions/A/Frameworks/vImage.framework/Versions/A/vImage
0x000000000b007000 	/System/Library/Frameworks/Accelerate.framework/Versions/A/Frameworks/vecLib.framework/Versions/A/vecLib
0x000000000b007000 	/System/Library/Frameworks/Accelerate.framework/Versions/A/Frameworks/vecLib.framework/Versions/A/libvDSP.dylib
0x000000000b007000 	/System/Library/Frameworks/Accelerate.framework/Versions/A/Frameworks/vecLib.framework/Versions/A/libvMisc.dylib
0x000000000b007000 	/System/Library/Frameworks/Accelerate.framework/Versions/A/Frameworks/vecLib.framework/Versions/A/libLAPACK.dylib
0x000000000b007000 	/System/Library/Frameworks/Accelerate.framework/Versions/A/Frameworks/vecLib.framework/Versions/A/libBLAS.dylib
0x000000000b007000 	/System/Library/Frameworks/ApplicationServices.framework/Versions/A/Frameworks/ATS.framework/Versions/A/Resources/libFontParser.dylib
0x000000000b007000 	/System/Library/Frameworks/ApplicationServices.framework/Versions/A/Frameworks/ATS.framework/Versions/A/Resources/libFontRegistry.dylib
0x000000000b007000 	/usr/lib/libcups.2.dylib
0x000000000b007000 	/System/Library/Frameworks/Kerberos.framework/Versions/A/Kerberos
0x000000000b007000 	/System/Library/Frameworks/GSS.framework/Versions/A/GSS
0x000000000b007000 	/usr/lib/libresolv.9.dylib
0x000000000b007000 	/usr/lib/libiconv.2.dylib
0x000000000b007000 	/System/Library/PrivateFrameworks/Heimdal.framework/Versions/A/Heimdal
0x000000000b007000 	/System/Library/Frameworks/OpenDirectory.framework/Versions/A/OpenDirectory
0x000000000b007000 	/System/Library/PrivateFrameworks/CommonAuth.framework/Versions/A/CommonAuth
0x000000000b007000 	/System/Library/Frameworks/CoreVideo.framework/Versions/A/CoreVideo
0x000000000b007000 	/System/Library/Frameworks/QuartzCore.framework/Versions/A/Frameworks/CoreImage.framework/Versions/A/CoreImage
0x000000000b007000 	/System/Library/Frameworks/QuartzCore.framework/Versions/A/Frameworks/ScalableUserInterface.framework/Versions/A/ScalableUserInterface
0x000000000b007000 	/System/Library/Frameworks/OpenGL.framework/Versions/A/Libraries/libGLU.dylib
0x000000000b007000 	/System/Library/Frameworks/OpenGL.framework/Versions/A/Libraries/libGFXShared.dylib
0x000000000b007000 	/System/Library/Frameworks/OpenGL.framework/Versions/A/Libraries/libGL.dylib
0x000000000b007000 	/System/Library/Frameworks/OpenGL.framework/Versions/A/Libraries/libGLImage.dylib
0x000000000b007000 	/System/Library/Frameworks/OpenGL.framework/Versions/A/Libraries/libCVMSPluginSupport.dylib
0x000000000b007000 	/System/Library/Frameworks/OpenGL.framework/Versions/A/Libraries/libCoreVMClient.dylib
0x000000000b007000 	/System/Library/Frameworks/OpenCL.framework/Versions/A/OpenCL
0x000000000b007000 	/System/Library/PrivateFrameworks/FaceCoreLight.framework/Versions/A/FaceCoreLight
0x000000000b007000 	/System/Library/Frameworks/vecLib.framework/Versions/A/vecLib
0x000000000b007000 	/System/Library/Frameworks/SecurityFoundation.framework/Versions/A/SecurityFoundation
0x000000000b007000 	/System/Library/PrivateFrameworks/CommerceKit.framework/Versions/A/Frameworks/CommerceCore.framework/Versions/A/CommerceCore
0x000000000b007000 	/System/Library/PrivateFrameworks/CoreSymbolication.framework/Versions/A/CoreSymbolication
0x000000000b007000 	/System/Library/PrivateFrameworks/Symbolication.framework/Versions/A/Symbolication
0x000000000b007000 	/System/Library/PrivateFrameworks/DebugSymbols.framework/Versions/A/DebugSymbols
0x0000000100900000 	/Library/Java/JavaVirtualMachines/1.7.0.jdk/Contents/Home/jre/lib/server/libjvm.dylib
0x00000001014a3000 	/Library/Java/JavaVirtualMachines/1.7.0.jdk/Contents/Home/jre/lib/libverify.dylib
0x00000001014b0000 	/Library/Java/JavaVirtualMachines/1.7.0.jdk/Contents/Home/jre/lib/libjava.dylib
0x00000001014e9000 	/Library/Java/JavaVirtualMachines/1.7.0.jdk/Contents/Home/jre/lib/libzip.dylib
0x0000000166ed7000 	/System/Library/Frameworks/JavaVM.framework/Frameworks/JavaRuntimeSupport.framework/JavaRuntimeSupport
0x0000000166eef000 	/System/Library/Frameworks/JavaVM.framework/Versions/A/Frameworks/JavaNativeFoundation.framework/Versions/A/JavaNativeFoundation
0x00000001045b3000 	/System/Library/Frameworks/JavaVM.framework/Versions/A/JavaVM
0x000000000b007000 	/System/Library/Frameworks/Carbon.framework/Versions/A/Carbon
0x0000000166f04000 	/System/Library/PrivateFrameworks/JavaLaunching.framework/Versions/A/JavaLaunching
0x000000000b007000 	/System/Library/Frameworks/Carbon.framework/Versions/A/Frameworks/CommonPanels.framework/Versions/A/CommonPanels
0x000000000b007000 	/System/Library/Frameworks/Carbon.framework/Versions/A/Frameworks/Help.framework/Versions/A/Help
0x000000000b007000 	/System/Library/Frameworks/Carbon.framework/Versions/A/Frameworks/ImageCapture.framework/Versions/A/ImageCapture
0x000000000b007000 	/System/Library/Frameworks/Carbon.framework/Versions/A/Frameworks/OpenScripting.framework/Versions/A/OpenScripting
0x000000000b007000 	/System/Library/Frameworks/Carbon.framework/Versions/A/Frameworks/Print.framework/Versions/A/Print
0x000000000b007000 	/System/Library/Frameworks/Carbon.framework/Versions/A/Frameworks/SecurityHI.framework/Versions/A/SecurityHI
0x0000000167869000 	/Library/Java/JavaVirtualMachines/jdk1.7.0_45.jdk/Contents/Home/jre/lib/libprism-es2.dylib
0x00000001678d7000 	/System/Library/Frameworks/OpenGL.framework/Resources/GLEngine.bundle/GLEngine
0x0000000167ac6000 	/System/Library/Frameworks/OpenGL.framework/Versions/A/Libraries/libGLProgrammability.dylib
0x0000000000000000 	/System/Library/Extensions/GeForceGLDriver.bundle/Contents/MacOS/GeForceGLDriver
0x0000000167c52000 	/System/Library/PrivateFrameworks/GPUSupport.framework/Versions/A/Libraries/libGPUSupport.dylib
0x000000000b007000 	/System/Library/Extensions/GeForceGLDriver.bundle/Contents/MacOS/libclh.dylib
0x0000000167c68000 	/System/Library/Frameworks/OpenGL.framework/Resources//GLRendererFloat.bundle/GLRendererFloat
0x0000000167c9f000 	/System/Library/Frameworks/OpenCL.framework/Versions/A/Libraries/libcldcpuengine.dylib
0x000000000b007000 	/System/Library/PrivateFrameworks/DiskImages.framework/Versions/A/DiskImages
0x0000000167caf000 	/System/Library/Frameworks/OpenGL.framework/Versions/A/Libraries/libCoreFSCache.dylib
0x000000000b007000 	/System/Library/Frameworks/DiscRecording.framework/Versions/A/DiscRecording
0x000000000b007000 	/usr/lib/libcurl.4.dylib
0x000000000b007000 	/System/Library/PrivateFrameworks/MediaKit.framework/Versions/A/MediaKit
0x000000000b007000 	/usr/lib/libssl.0.9.8.dylib
0x000000000b007000 	/System/Library/Frameworks/LDAP.framework/Versions/A/LDAP
0x000000000b007000 	/usr/lib/libsasl2.2.dylib
0x0000000167e68000 	/Library/Java/JavaVirtualMachines/jdk1.7.0_45.jdk/Contents/Home/jre/lib/libglass.dylib
0x000000000b007000 	/System/Library/PrivateFrameworks/CoreServicesInternal.framework/Versions/A/CoreServicesInternal
0x000000000b007000 	/System/Library/CoreServices/RawCamera.bundle/Contents/MacOS/RawCamera
0x000000000b007000 	/System/Library/Frameworks/ApplicationServices.framework/Versions/A/Frameworks/CoreGraphics.framework/Versions/A/Resources/libCSync.A.dylib
0x000000000b007000 	/System/Library/Frameworks/ApplicationServices.framework/Versions/A/Frameworks/CoreGraphics.framework/Versions/A/Resources/libRIP.A.dylib
0x000000016ab1a000 	/Library/Java/JavaVirtualMachines/jdk1.7.0_45.jdk/Contents/Home/jre/lib/libjavafx-iio.dylib
0x0000000169368000 	/Library/Java/JavaVirtualMachines/jdk1.7.0_45.jdk/Contents/Home/jre/lib/libjavafx-font.dylib
0x000000000b007000 	/System/Library/Frameworks/ApplicationServices.framework/Versions/A/Frameworks/CoreGraphics.framework/Versions/A/Resources/libCGXType.A.dylib
0x0000000168f90000 	cl_kernels
0x000000016acd8000 	/System/Library/Frameworks/OpenCL.framework/Versions/A/Libraries/ImageFormats/unorm8_bgra.dylib
0x0000000169565000 	cl_kernels

VM Arguments:
jvm_args: -Dfile.encoding=US-ASCII -Xbootclasspath/a:/Library/Java/JavaVirtualMachines/jdk1.7.0_45.jdk/Contents/Home/jre/lib/jfxrt.jar 
java_command: com.main.MVPApplication
Launcher Type: SUN_STANDARD

Environment Variables:
PATH=/usr/bin:/bin:/usr/sbin:/sbin
SHELL=/bin/bash
DISPLAY=/tmp/launch-sqQt9G/org.x:0

Signal Handlers:
SIGSEGV: [libjvm.dylib+0x4a177d], sa_mask[0]=0xfffefeff, sa_flags=0x00000042
SIGBUS: [libjvm.dylib+0x4a177d], sa_mask[0]=0xfffefeff, sa_flags=0x00000042
SIGFPE: [libjvm.dylib+0x3b1541], sa_mask[0]=0xfffefeff, sa_flags=0x00000042
SIGPIPE: [libjvm.dylib+0x3b1541], sa_mask[0]=0xfffefeff, sa_flags=0x00000042
SIGXFSZ: [libjvm.dylib+0x3b1541], sa_mask[0]=0xfffefeff, sa_flags=0x00000042
SIGILL: [libjvm.dylib+0x3b1541], sa_mask[0]=0xfffefeff, sa_flags=0x00000042
SIGUSR1: SIG_DFL, sa_mask[0]=0x00000000, sa_flags=0x00000002
SIGUSR2: [libjvm.dylib+0x3b10ce], sa_mask[0]=0x00000004, sa_flags=0x00000042
SIGHUP: [libjvm.dylib+0x3af2f3], sa_mask[0]=0xfffefeff, sa_flags=0x00000042
SIGINT: [libjvm.dylib+0x3af2f3], sa_mask[0]=0xfffefeff, sa_flags=0x00000042
SIGTERM: [libjvm.dylib+0x3af2f3], sa_mask[0]=0xfffefeff, sa_flags=0x00000042
SIGQUIT: [libjvm.dylib+0x3af2f3], sa_mask[0]=0xfffefeff, sa_flags=0x00000042


---------------  S Y S T E M  ---------------

OS:Bsd
uname:Darwin 11.4.2 Darwin Kernel Version 11.4.2: Thu Aug 23 16:25:48 PDT 2012; root:xnu-1699.32.7~1/RELEASE_X86_64 x86_64
rlimit: STACK 8192k, CORE 0k, NPROC 266, NOFILE 10240
CPU:total 2 (2 cores per cpu, 1 threads per core) family 6 model 23 stepping 10, cmov, cx8, fxsr, mmx, sse, sse2, sse3, ssse3, sse4.1, tsc

Memory: 4k page, physical 5791292k(1447823k free)

/proc/meminfo:


vm_info: Java HotSpot(TM) 64-Bit Server VM (23.0-b21) for bsd-amd64 JRE (1.7.0_04-b21), built on Apr 19 2012 22:33:17 by "java_re" with gcc 4.2.1 (Based on Apple Inc. build 5658) (LLVM build 2336.1.00)

time: Thu Jan 30 22:34:03 2014
elapsed time: 8 seconds

