#
# A fatal error has been detected by the Java Runtime Environment:
#
#  SIGSEGV (0xb) at pc=0x00007fff9507d390, pid=7815, tid=140735261858144
#
# JRE version: 7.0_04-b21
# Java VM: Java HotSpot(TM) 64-Bit Server VM (23.0-b21 mixed mode bsd-amd64 compressed oops)
# Problematic frame:
# C  [libobjc.A.dylib+0xb390]  objc_msgSend_vtable14+0x10
#
# Failed to write core dump. Core dumps have been disabled. To enable core dumping, try "ulimit -c unlimited" before starting Java again
#
# If you would like to submit a bug report, please visit:
#   http://bugreport.sun.com/bugreport/crash.jsp
# The crash happened outside the Java Virtual Machine in native code.
# See problematic frame for where to report the bug.
#

---------------  T H R E A D  ---------------

Current thread (0x00007fbeb48b7000):  JavaThread "JavaFX Application Thread" [_thread_in_native, id=2068470112, stack(0x00007fff62ccb000,0x00007fff634cb000)]

siginfo:si_signo=SIGSEGV: si_errno=0, si_code=0 (SEGV0), si_addr=0x0000000000000000

Registers:
RAX=0x6000000000000000, RBX=0x00007fbeb53da2d0, RCX=0x00007fbeb48b8070, RDX=0x00000000a1a1a1a1
RSP=0x00007fff634c70d8, RBP=0x00007fff634c7100, RSI=0x00007fff7b9f2720, RDI=0x00007fbeb3dd4420
R8 =0x00007fff7aeae084, R9 =0x00007fff634c7098, R10=0x00007fbeb3d83800, R11=0x00007fbeb3d64388
R12=0x0000000103a18af0, R13=0x0000000000000004, R14=0x00007fbeb48b8068, R15=0x00007fff7b9f2720
RIP=0x00007fff9507d390, EFLAGS=0x0000000000010246, ERR=0x0000000000000000
  TRAPNO=0x000000000000000d

Top of Stack: (sp=0x00007fff634c70d8)
0x00007fff634c70d8:   00007fff956b7404 0000000103a18af0
0x00007fff634c70e8:   00007fbeb53da310 0000000000000000
0x00007fff634c70f8:   00001a4dff771d67 00007fff634c7160
0x00007fff634c7108:   00007fff9149bb58 00007fff94cee3a3
0x00007fff634c7118:   00007fbeb53da2d0 00007fbeb53da310
0x00007fff634c7128:   00007fbeb53da328 62dc8a560c054df2
0x00007fff634c7138:   00007fbeb53da310 0000000103a18af0
0x00007fff634c7148:   0000000000000004 0000000103a18ae0
0x00007fff634c7158:   00001a4dff771d67 00007fff634c71d0
0x00007fff634c7168:   00007fff9149b4ba 00007fff634c71a0
0x00007fff634c7178:   0000000000000000 0000000000000000
0x00007fff634c7188:   00007fbeb53da2d0 00007fbeb53da328
0x00007fff634c7198:   0000000103a189c0 62dc8a560c054df2
0x00007fff634c71a8:   0000000000000003 00007fbeb3d82bc0
0x00007fff634c71b8:   0000000103a188b0 0000000000000002
0x00007fff634c71c8:   0000000000000005 00007fff634c7e80
0x00007fff634c71d8:   00007fff9147be11 00007fbeb48b71d8
0x00007fff634c71e8:   00230004ffffffff 0000000000000000
0x00007fff634c71f8:   000000017b59f670 00007fbeb5418770
0x00007fff634c7208:   0000000103a18af0 0000000103a189c0
0x00007fff634c7218:   01007fff930bd160 00007fff634c7258
0x00007fff634c7228:   000030037b59f68c 00007fff7aea6fa0
0x00007fff634c7238:   0000000103a189b0 0000000103a18ae0
0x00007fff634c7248:   00007fbeb54596e0 00007fff634c7258
0x00007fff634c7258:   0000003000001100 00002f0300000000
0x00007fff634c7268:   0000000000000000 0000000000000000
0x00007fff634c7278:   0000000000000000 0000000000000000
0x00007fff634c7288:   0000004400000000 00000000000003b2
0x00007fff634c7298:   0000000000000001 0000000000000000
0x00007fff634c72a8:   0000000000000000 0000000000000000
0x00007fff634c72b8:   0000000000000000 0000000000000000
0x00007fff634c72c8:   0000000000000000 000000000000cedb 

Instructions: (pc=0x00007fff9507d390)
0x00007fff9507d370:   8b 42 18 48 8b 76 08 ff 60 68 66 0f 1f 44 00 00
0x00007fff9507d380:   48 85 ff 74 16 f7 c7 01 00 00 00 75 12 48 8b 07
0x00007fff9507d390:   48 8b 40 18 48 8b 76 08 ff 60 70 31 c0 c3 90 89
0x00007fff9507d3a0:   f8 83 e0 0f 4c 8d 15 2d 51 84 e6 4d 8b 14 c2 49 

Register to memory mapping:

RAX=0x6000000000000000 is an unknown value
RBX=0x00007fbeb53da2d0 is an unknown value
RCX=0x00007fbeb48b8070 is an unknown value
RDX=0x00000000a1a1a1a1 is an unknown value
RSP=0x00007fff634c70d8 is pointing into the stack for thread: 0x00007fbeb48b7000
RBP=0x00007fff634c7100 is pointing into the stack for thread: 0x00007fbeb48b7000
RSI=0x00007fff7b9f2720: OBJC_IVAR_$_NSFileWatcher._formerPath+0x72d0 in /System/Library/Frameworks/Foundation.framework/Versions/C/Foundation at 0x00007fff956a1000
RDI=0x00007fbeb3dd4420 is an unknown value
R8 =0x00007fff7aeae084: __CFProcessKillingLock+0 in /System/Library/Frameworks/CoreFoundation.framework/Versions/A/CoreFoundation at 0x00007fff91443000
R9 =0x00007fff634c7098 is pointing into the stack for thread: 0x00007fbeb48b7000
R10=0x00007fbeb3d83800 is an unknown value
R11=0x00007fbeb3d64388 is an unknown value
R12=0x0000000103a18af0 is an unknown value
R13=0x0000000000000004 is an unknown value
R14=0x00007fbeb48b8068 is an unknown value
R15=0x00007fff7b9f2720: OBJC_IVAR_$_NSFileWatcher._formerPath+0x72d0 in /System/Library/Frameworks/Foundation.framework/Versions/C/Foundation at 0x00007fff956a1000


Stack: [0x00007fff62ccb000,0x00007fff634cb000],  sp=0x00007fff634c70d8,  free space=8176k
Native frames: (J=compiled Java code, j=interpreted, Vv=VM code, C=native code)
C  [libobjc.A.dylib+0xb390]  objc_msgSend_vtable14+0x10
C  [CoreFoundation+0x58b58]  CFRunLoopTimerInvalidate+0x218
C  [CoreFoundation+0x584ba]  __CFRunLoopDoTimer+0x24a
C  [CoreFoundation+0x38e11]  __CFRunLoopRun+0x651
C  [CoreFoundation+0x38486]  CFRunLoopRunSpecific+0xe6
C  [HIToolbox+0x22bf]  RunCurrentEventLoopInMode+0x115
C  [HIToolbox+0x94bf]  ReceiveNextEventCommon+0xb5
C  [HIToolbox+0x93fa]  BlockUntilNextEventMatchingListInMode+0x3e
C  [AppKit+0x8779]  _DPSNextEvent+0x293
C  [AppKit+0x807d]  -[NSApplication nextEventMatchingMask:untilDate:inMode:dequeue:]+0x87
C  [AppKit+0x49b9]  -[NSApplication run]+0x1d6
C  [libglass.dylib+0x3d31]  -[GlassApplication runLoop:]+0x2f1
C  [CoreFoundation+0x9370d]  -[NSObject performSelector:withObject:]+0x3d
C  [Foundation+0x4fd70]  __NSThreadPerformPerform+0xd6
C  [CoreFoundation+0x124f1]  __CFRUNLOOP_IS_CALLING_OUT_TO_A_SOURCE0_PERFORM_FUNCTION__+0x11
C  [CoreFoundation+0x11d5d]  __CFRunLoopDoSources0+0xfd
C  [CoreFoundation+0x38b49]  __CFRunLoopRun+0x389
C  [CoreFoundation+0x38486]  CFRunLoopRunSpecific+0xe6
C  [java+0x74bc]  CreateExecutionEnvironment+0x367
C  [java+0x1cac]  JLI_Launch+0x7a0
C  [java+0x7819]  main+0x65
C  [java+0x1504]  start+0x34


---------------  P R O C E S S  ---------------

Java Threads: ( => current thread )
  0x00007fbeb43a9800 JavaThread "Prism Font Disposer" daemon [_thread_blocked, id=286920704, stack(0x00000001110a1000,0x00000001111a1000)]
  0x00007fbeb41b0800 JavaThread "Thread-4" daemon [_thread_in_native, id=252936192, stack(0x000000010f0b8000,0x000000010f138000)]
=>0x00007fbeb48b7000 JavaThread "JavaFX Application Thread" [_thread_in_native, id=2068470112, stack(0x00007fff62ccb000,0x00007fff634cb000)]
  0x00007fbeb48b5000 JavaThread "Thread-2" daemon [_thread_blocked, id=227975168, stack(0x000000010d86a000,0x000000010d96a000)]
  0x00007fbeb48b2800 JavaThread "Disposer" daemon [_thread_blocked, id=226508800, stack(0x000000010d704000,0x000000010d804000)]
  0x00007fbeb40e2000 JavaThread "QuantumRenderer-0" daemon [_thread_blocked, id=220319744, stack(0x000000010d11d000,0x000000010d21d000)]
  0x00007fbeb40e5800 JavaThread "JavaFX-Launcher" [_thread_blocked, id=219226112, stack(0x000000010d012000,0x000000010d112000)]
  0x00007fbeb4074000 JavaThread "Service Thread" daemon [_thread_blocked, id=216600576, stack(0x000000010cd91000,0x000000010ce91000)]
  0x00007fbeb4073000 JavaThread "C2 CompilerThread1" daemon [_thread_blocked, id=215539712, stack(0x000000010cc8e000,0x000000010cd8e000)]
  0x00007fbeb4069800 JavaThread "C2 CompilerThread0" daemon [_thread_blocked, id=214478848, stack(0x000000010cb8b000,0x000000010cc8b000)]
  0x00007fbeb4068000 JavaThread "Signal Dispatcher" daemon [_thread_blocked, id=213417984, stack(0x000000010ca88000,0x000000010cb88000)]
  0x00007fbeb4057800 JavaThread "Finalizer" daemon [_thread_blocked, id=210239488, stack(0x000000010c780000,0x000000010c880000)]
  0x00007fbeb4051800 JavaThread "Reference Handler" daemon [_thread_blocked, id=209178624, stack(0x000000010c67d000,0x000000010c77d000)]
  0x00007fbeb4036000 JavaThread "main" [_thread_blocked, id=74059776, stack(0x00000001045a1000,0x00000001046a1000)]

Other Threads:
  0x00007fbeb483c000 VMThread [stack: 0x000000010c57a000,0x000000010c67a000] [id=208117760]
  0x00007fbeb4069000 WatcherThread [stack: 0x000000010ce94000,0x000000010cf94000] [id=217661440]

VM state:not at safepoint (normal execution)

VM Mutex/Monitor currently owned by a thread: None

Heap
 PSYoungGen      total 49152K, used 33417K [0x00000007e28b0000, 0x00000007e88b0000, 0x0000000800000000)
  eden space 45440K, 66% used [0x00000007e28b0000,0x00000007e46232c0,0x00000007e5510000)
  from space 3712K, 87% used [0x00000007e5510000,0x00000007e583f1c8,0x00000007e58b0000)
  to   space 3712K, 0% used [0x00000007e8510000,0x00000007e8510000,0x00000007e88b0000)
 ParOldGen       total 155648K, used 77616K [0x00000007a7a00000, 0x00000007b1200000, 0x00000007e28b0000)
  object space 155648K, 49% used [0x00000007a7a00000,0x00000007ac5cc130,0x00000007b1200000)
 PSPermGen       total 21248K, used 11492K [0x00000007a2800000, 0x00000007a3cc0000, 0x00000007a7a00000)
  object space 21248K, 54% used [0x00000007a2800000,0x00000007a3339048,0x00000007a3cc0000)

Code Cache  [0x00000001046d3000, 0x0000000104943000, 0x00000001076d3000)
 total_blobs=674 nmethods=144 adapters=482 free_code_cache=48153Kb largest_free_block=49240192

Compilation events (10 events):
Event: 8.636 Thread 0x00007fbeb4073000  137             com.sun.javafx.css.StyleManager$StylesheetContainer::getStyleHelper (933 bytes)
Event: 8.837 Thread 0x00007fbeb4073000 nmethod 137 0x00000001047c8d50 code [0x00000001047c9300, 0x00000001047cda80]
Event: 9.508 Thread 0x00007fbeb4069800  138             com.sun.javafx.css.StyleManager$StylesheetContainer::getStyleHelper (933 bytes)
Event: 9.707 Thread 0x00007fbeb4069800 nmethod 138 0x00000001047d32d0 code [0x00000001047d3880, 0x00000001047d7f40]
Event: 11.126 Thread 0x00007fbeb4073000  139             java.util.ArrayList::access$200 (5 bytes)
Event: 11.127 Thread 0x00007fbeb4073000 nmethod 139 0x00000001047b4690 code [0x00000001047b47c0, 0x00000001047b4818]
Event: 11.128 Thread 0x00007fbeb4073000  140             java.util.ArrayList$Itr::hasNext (20 bytes)
Event: 11.128 Thread 0x00007fbeb4073000 nmethod 140 0x00000001047b4410 code [0x00000001047b4540, 0x00000001047b45d8]
Event: 11.135 Thread 0x00007fbeb4073000  141             com.sun.javafx.geom.transform.GeneralTransform3D::get (34 bytes)
Event: 11.136 Thread 0x00007fbeb4073000 nmethod 141 0x0000000104746e10 code [0x0000000104746f60, 0x0000000104746ff8]

GC Heap History (8 events):
Event: 1.235 GC heap before
{Heap before GC invocations=1 (full 0):
 PSYoungGen      total 26432K, used 22450K [0x00000007e28b0000, 0x00000007e4620000, 0x0000000800000000)
  eden space 22720K, 98% used [0x00000007e28b0000,0x00000007e3e9ca90,0x00000007e3ee0000)
  from space 3712K, 0% used [0x00000007e4280000,0x00000007e4280000,0x00000007e4620000)
  to   space 3712K, 0% used [0x00000007e3ee0000,0x00000007e3ee0000,0x00000007e4280000)
 ParOldGen       total 60352K, used 0K [0x00000007a7a00000, 0x00000007ab4f0000, 0x00000007e28b0000)
  object space 60352K, 0% used [0x00000007a7a00000,0x00000007a7a00000,0x00000007ab4f0000)
 PSPermGen       total 21248K, used 6405K [0x00000007a2800000, 0x00000007a3cc0000, 0x00000007a7a00000)
  object space 21248K, 30% used [0x00000007a2800000,0x00000007a2e416c0,0x00000007a3cc0000)
Event: 1.259 GC heap after
Heap after GC invocations=1 (full 0):
 PSYoungGen      total 26432K, used 3681K [0x00000007e28b0000, 0x00000007e5c50000, 0x0000000800000000)
  eden space 22720K, 0% used [0x00000007e28b0000,0x00000007e28b0000,0x00000007e3ee0000)
  from space 3712K, 99% used [0x00000007e3ee0000,0x00000007e42785f8,0x00000007e4280000)
  to   space 3712K, 0% used [0x00000007e58b0000,0x00000007e58b0000,0x00000007e5c50000)
 ParOldGen       total 60352K, used 13744K [0x00000007a7a00000, 0x00000007ab4f0000, 0x00000007e28b0000)
  object space 60352K, 22% used [0x00000007a7a00000,0x00000007a876c278,0x00000007ab4f0000)
 PSPermGen       total 21248K, used 6405K [0x00000007a2800000, 0x00000007a3cc0000, 0x00000007a7a00000)
  object space 21248K, 30% used [0x00000007a2800000,0x00000007a2e416c0,0x00000007a3cc0000)
}
Event: 1.711 GC heap before
{Heap before GC invocations=2 (full 0):
 PSYoungGen      total 26432K, used 26126K [0x00000007e28b0000, 0x00000007e5c50000, 0x0000000800000000)
  eden space 22720K, 98% used [0x00000007e28b0000,0x00000007e3e9b5f0,0x00000007e3ee0000)
  from space 3712K, 99% used [0x00000007e3ee0000,0x00000007e42785f8,0x00000007e4280000)
  to   space 3712K, 0% used [0x00000007e58b0000,0x00000007e58b0000,0x00000007e5c50000)
 ParOldGen       total 60352K, used 13744K [0x00000007a7a00000, 0x00000007ab4f0000, 0x00000007e28b0000)
  object space 60352K, 22% used [0x00000007a7a00000,0x00000007a876c278,0x00000007ab4f0000)
 PSPermGen       total 21248K, used 6410K [0x00000007a2800000, 0x00000007a3cc0000, 0x00000007a7a00000)
  object space 21248K, 30% used [0x00000007a2800000,0x00000007a2e42970,0x00000007a3cc0000)
Event: 1.741 GC heap after
Heap after GC invocations=2 (full 0):
 PSYoungGen      total 49152K, used 3711K [0x00000007e28b0000, 0x00000007e5c50000, 0x0000000800000000)
  eden space 45440K, 0% used [0x00000007e28b0000,0x00000007e28b0000,0x00000007e5510000)
  from space 3712K, 99% used [0x00000007e58b0000,0x00000007e5c4fc80,0x00000007e5c50000)
  to   space 3712K, 0% used [0x00000007e5510000,0x00000007e5510000,0x00000007e58b0000)
 ParOldGen       total 60352K, used 34536K [0x00000007a7a00000, 0x00000007ab4f0000, 0x00000007e28b0000)
  object space 60352K, 57% used [0x00000007a7a00000,0x00000007a9bba268,0x00000007ab4f0000)
 PSPermGen       total 21248K, used 6410K [0x00000007a2800000, 0x00000007a3cc0000, 0x00000007a7a00000)
  object space 21248K, 30% used [0x00000007a2800000,0x00000007a2e42970,0x00000007a3cc0000)
}
Event: 2.630 GC heap before
{Heap before GC invocations=3 (full 0):
 PSYoungGen      total 49152K, used 48891K [0x00000007e28b0000, 0x00000007e5c50000, 0x0000000800000000)
  eden space 45440K, 99% used [0x00000007e28b0000,0x00000007e54cf280,0x00000007e5510000)
  from space 3712K, 99% used [0x00000007e58b0000,0x00000007e5c4fc80,0x00000007e5c50000)
  to   space 3712K, 0% used [0x00000007e5510000,0x00000007e5510000,0x00000007e58b0000)
 ParOldGen       total 60352K, used 34536K [0x00000007a7a00000, 0x00000007ab4f0000, 0x00000007e28b0000)
  object space 60352K, 57% used [0x00000007a7a00000,0x00000007a9bba268,0x00000007ab4f0000)
 PSPermGen       total 21248K, used 6421K [0x00000007a2800000, 0x00000007a3cc0000, 0x00000007a7a00000)
  object space 21248K, 30% used [0x00000007a2800000,0x00000007a2e457f8,0x00000007a3cc0000)
Event: 2.681 GC heap after
Heap after GC invocations=3 (full 0):
 PSYoungGen      total 49152K, used 3687K [0x00000007e28b0000, 0x00000007e88b0000, 0x0000000800000000)
  eden space 45440K, 0% used [0x00000007e28b0000,0x00000007e28b0000,0x00000007e5510000)
  from space 3712K, 99% used [0x00000007e5510000,0x00000007e58a9d80,0x00000007e58b0000)
  to   space 3712K, 0% used [0x00000007e8510000,0x00000007e8510000,0x00000007e88b0000)
 ParOldGen       total 77632K, used 77312K [0x00000007a7a00000, 0x00000007ac5d0000, 0x00000007e28b0000)
  object space 77632K, 99% used [0x00000007a7a00000,0x00000007ac580280,0x00000007ac5d0000)
 PSPermGen       total 21248K, used 6421K [0x00000007a2800000, 0x00000007a3cc0000, 0x00000007a7a00000)
  object space 21248K, 30% used [0x00000007a2800000,0x00000007a2e457f8,0x00000007a3cc0000)
}
Event: 2.681 GC heap before
{Heap before GC invocations=4 (full 1):
 PSYoungGen      total 49152K, used 3687K [0x00000007e28b0000, 0x00000007e88b0000, 0x0000000800000000)
  eden space 45440K, 0% used [0x00000007e28b0000,0x00000007e28b0000,0x00000007e5510000)
  from space 3712K, 99% used [0x00000007e5510000,0x00000007e58a9d80,0x00000007e58b0000)
  to   space 3712K, 0% used [0x00000007e8510000,0x00000007e8510000,0x00000007e88b0000)
 ParOldGen       total 77632K, used 77312K [0x00000007a7a00000, 0x00000007ac5d0000, 0x00000007e28b0000)
  object space 77632K, 99% used [0x00000007a7a00000,0x00000007ac580280,0x00000007ac5d0000)
 PSPermGen       total 21248K, used 6421K [0x00000007a2800000, 0x00000007a3cc0000, 0x00000007a7a00000)
  object space 21248K, 30% used [0x00000007a2800000,0x00000007a2e457f8,0x00000007a3cc0000)
Event: 2.765 GC heap after
Heap after GC invocations=4 (full 1):
 PSYoungGen      total 49152K, used 3260K [0x00000007e28b0000, 0x00000007e88b0000, 0x0000000800000000)
  eden space 45440K, 0% used [0x00000007e28b0000,0x00000007e28b0000,0x00000007e5510000)
  from space 3712K, 87% used [0x00000007e5510000,0x00000007e583f1c8,0x00000007e58b0000)
  to   space 3712K, 0% used [0x00000007e8510000,0x00000007e8510000,0x00000007e88b0000)
 ParOldGen       total 155648K, used 77616K [0x00000007a7a00000, 0x00000007b1200000, 0x00000007e28b0000)
  object space 155648K, 49% used [0x00000007a7a00000,0x00000007ac5cc130,0x00000007b1200000)
 PSPermGen       total 21248K, used 6419K [0x00000007a2800000, 0x00000007a3cc0000, 0x00000007a7a00000)
  object space 21248K, 30% used [0x00000007a2800000,0x00000007a2e44c18,0x00000007a3cc0000)
}

Deoptimization events (10 events):
Event: 3.297 Thread 0x00007fbeb48b7000 Uncommon trap -34 fr.pc 0x0000000104743e1c
Event: 3.297 Thread 0x00007fbeb48b7000 Uncommon trap -34 fr.pc 0x0000000104743e1c
Event: 3.298 Thread 0x00007fbeb48b7000 Uncommon trap -34 fr.pc 0x0000000104743e1c
Event: 3.298 Thread 0x00007fbeb48b7000 Uncommon trap -34 fr.pc 0x0000000104743e1c
Event: 3.622 Thread 0x00007fbeb48b7000 Uncommon trap -12 fr.pc 0x0000000104786bd0
Event: 3.623 Thread 0x00007fbeb48b7000 Uncommon trap -12 fr.pc 0x0000000104787828
Event: 5.332 Thread 0x00007fbeb48b7000 Uncommon trap -12 fr.pc 0x000000010479d9c0
Event: 6.794 Thread 0x00007fbeb48b7000 Uncommon trap -12 fr.pc 0x00000001047add50
Event: 9.508 Thread 0x00007fbeb48b7000 Uncommon trap -12 fr.pc 0x00000001047cd4ec
Event: 9.513 Thread 0x00007fbeb48b7000 Uncommon trap -83 fr.pc 0x00000001047b3558

Internal exceptions (10 events):
Event: 3.200 Thread 0x00007fbeb48b7000 Threw 0x00000007e3ae5590 at /HUDSON/workspace/jdk7u4-2-build-macosx-x86_64-product/jdk7u4/hotspot/src/share/vm/prims/jvm.cpp:1166
Event: 3.200 Thread 0x00007fbeb48b7000 Threw 0x00000007e3ae9c80 at /HUDSON/workspace/jdk7u4-2-build-macosx-x86_64-product/jdk7u4/hotspot/src/share/vm/prims/jvm.cpp:1166
Event: 3.622 Thread 0x00007fbeb48b7000 Implicit null exception at 0x0000000104786b0b to 0x0000000104786bc5
Event: 3.623 Thread 0x00007fbeb48b7000 Implicit null exception at 0x00000001047872a1 to 0x000000010478780d
Event: 5.332 Thread 0x00007fbeb48b7000 Implicit null exception at 0x000000010479b10d to 0x000000010479d8dd
Event: 6.794 Thread 0x00007fbeb48b7000 Implicit null exception at 0x00000001047adcf1 to 0x00000001047add45
Event: 6.795 Thread 0x00007fbeb48b7000 Threw 0x00000007e44e2eb8 at /HUDSON/workspace/jdk7u4-2-build-macosx-x86_64-product/jdk7u4/hotspot/src/share/vm/prims/jvm.cpp:1170
Event: 8.500 Thread 0x00007fbeb48b7000 Threw 0x00000007e4526a30 at /HUDSON/workspace/jdk7u4-2-build-macosx-x86_64-product/jdk7u4/hotspot/src/share/vm/prims/jvm.cpp:1166
Event: 9.504 Thread 0x00007fbeb48b7000 Threw 0x00000007e45de6c8 at /HUDSON/workspace/jdk7u4-2-build-macosx-x86_64-product/jdk7u4/hotspot/src/share/vm/prims/jvm.cpp:1170
Event: 9.508 Thread 0x00007fbeb48b7000 Implicit null exception at 0x00000001047c9380 to 0x00000001047cd4d5

Events (10 events):
Event: 9.513 Thread 0x00007fbeb48b7000 DEOPT PACKING pc=0x00000001047b3558 sp=0x00007fff634c5d60
Event: 9.513 Thread 0x00007fbeb48b7000 DEOPT UNPACKING pc=0x000000010470c145 sp=0x00007fff634c5d28 mode 2
Event: 11.129 Thread 0x00007fbeb4073000 flushing nmethod 0x00000001047460d0
Event: 11.129 Thread 0x00007fbeb4073000 flushing nmethod 0x0000000104746590
Event: 11.129 Thread 0x00007fbeb4073000 flushing nmethod 0x0000000104746e10
Event: 11.136 Thread 0x00007fbeb4073000 flushing nmethod 0x0000000104748450
Event: 11.605 loading class 0x0000000103a74650
Event: 11.606 loading class 0x0000000103a74650 done
Event: 11.632 loading class 0x0000000103a801d0
Event: 11.632 loading class 0x0000000103a801d0 done


Dynamic libraries:
0x000000000a2d3000 	/System/Library/Frameworks/Cocoa.framework/Versions/A/Cocoa
0x000000000a2d3000 	/System/Library/Frameworks/Security.framework/Versions/A/Security
0x000000000a2d3000 	/System/Library/Frameworks/ApplicationServices.framework/Versions/A/ApplicationServices
0x000000000a2d3000 	/usr/lib/libz.1.dylib
0x000000000a2d3000 	/usr/lib/libSystem.B.dylib
0x000000000a2d3000 	/usr/lib/libobjc.A.dylib
0x000000000a2d3000 	/System/Library/Frameworks/CoreFoundation.framework/Versions/A/CoreFoundation
0x000000000a2d3000 	/System/Library/Frameworks/AppKit.framework/Versions/C/AppKit
0x000000000a2d3000 	/System/Library/Frameworks/CoreData.framework/Versions/A/CoreData
0x000000000a2d3000 	/System/Library/Frameworks/Foundation.framework/Versions/C/Foundation
0x000000000a2d3000 	/System/Library/PrivateFrameworks/RemoteViewServices.framework/Versions/A/RemoteViewServices
0x000000000a2d3000 	/System/Library/Frameworks/AudioToolbox.framework/Versions/A/AudioToolbox
0x000000000a2d3000 	/System/Library/Frameworks/AudioUnit.framework/Versions/A/AudioUnit
0x000000000a2d3000 	/System/Library/PrivateFrameworks/DataDetectorsCore.framework/Versions/A/DataDetectorsCore
0x000000000a2d3000 	/System/Library/PrivateFrameworks/DesktopServicesPriv.framework/Versions/A/DesktopServicesPriv
0x000000000a2d3000 	/System/Library/Frameworks/Carbon.framework/Versions/A/Frameworks/HIToolbox.framework/Versions/A/HIToolbox
0x000000000a2d3000 	/System/Library/Frameworks/QuartzCore.framework/Versions/A/QuartzCore
0x000000000a2d3000 	/System/Library/Frameworks/Carbon.framework/Versions/A/Frameworks/SpeechRecognition.framework/Versions/A/SpeechRecognition
0x000000000a2d3000 	/usr/lib/libauto.dylib
0x000000000a2d3000 	/usr/lib/libicucore.A.dylib
0x000000000a2d3000 	/usr/lib/libxml2.2.dylib
0x000000000a2d3000 	/System/Library/PrivateFrameworks/CoreUI.framework/Versions/A/CoreUI
0x000000000a2d3000 	/System/Library/Frameworks/CoreAudio.framework/Versions/A/CoreAudio
0x000000000a2d3000 	/System/Library/Frameworks/DiskArbitration.framework/Versions/A/DiskArbitration
0x000000000a2d3000 	/usr/lib/liblangid.dylib
0x000000000a2d3000 	/System/Library/PrivateFrameworks/MultitouchSupport.framework/Versions/A/MultitouchSupport
0x000000000a2d3000 	/System/Library/Frameworks/IOKit.framework/Versions/A/IOKit
0x000000000a2d3000 	/usr/lib/libDiagnosticMessagesClient.dylib
0x000000000a2d3000 	/System/Library/Frameworks/CoreServices.framework/Versions/A/CoreServices
0x000000000a2d3000 	/System/Library/PrivateFrameworks/PerformanceAnalysis.framework/Versions/A/PerformanceAnalysis
0x000000000a2d3000 	/System/Library/PrivateFrameworks/GenerationalStorage.framework/Versions/A/GenerationalStorage
0x000000000a2d3000 	/System/Library/Frameworks/OpenGL.framework/Versions/A/OpenGL
0x000000000a2d3000 	/System/Library/Frameworks/CoreServices.framework/Versions/A/Frameworks/CFNetwork.framework/Versions/A/CFNetwork
0x000000000a2d3000 	/System/Library/Frameworks/SystemConfiguration.framework/Versions/A/SystemConfiguration
0x000000000a2d3000 	/usr/lib/libCRFSuite.dylib
0x000000000a2d3000 	/usr/lib/libc++.1.dylib
0x000000000a2d3000 	/usr/lib/libstdc++.6.dylib
0x000000000a2d3000 	/usr/lib/libc++abi.dylib
0x000000000a2d3000 	/usr/lib/system/libcache.dylib
0x000000000a2d3000 	/usr/lib/system/libcommonCrypto.dylib
0x000000000a2d3000 	/usr/lib/system/libcompiler_rt.dylib
0x000000000a2d3000 	/usr/lib/system/libcopyfile.dylib
0x000000000a2d3000 	/usr/lib/system/libdispatch.dylib
0x000000000a2d3000 	/usr/lib/system/libdnsinfo.dylib
0x000000000a2d3000 	/usr/lib/system/libdyld.dylib
0x000000000a2d3000 	/usr/lib/system/libkeymgr.dylib
0x000000000a2d3000 	/usr/lib/system/liblaunch.dylib
0x000000000a2d3000 	/usr/lib/system/libmacho.dylib
0x000000000a2d3000 	/usr/lib/system/libmathCommon.A.dylib
0x000000000a2d3000 	/usr/lib/system/libquarantine.dylib
0x000000000a2d3000 	/usr/lib/system/libremovefile.dylib
0x000000000a2d3000 	/usr/lib/system/libsystem_blocks.dylib
0x000000000a2d3000 	/usr/lib/system/libsystem_c.dylib
0x000000000a2d3000 	/usr/lib/system/libsystem_dnssd.dylib
0x000000000a2d3000 	/usr/lib/system/libsystem_info.dylib
0x000000000a2d3000 	/usr/lib/system/libsystem_kernel.dylib
0x000000000a2d3000 	/usr/lib/system/libsystem_network.dylib
0x000000000a2d3000 	/usr/lib/system/libsystem_notify.dylib
0x000000000a2d3000 	/usr/lib/system/libsystem_sandbox.dylib
0x000000000a2d3000 	/usr/lib/system/libunc.dylib
0x000000000a2d3000 	/usr/lib/system/libunwind.dylib
0x000000000a2d3000 	/usr/lib/system/libxpc.dylib
0x000000000a2d3000 	/usr/lib/libbsm.0.dylib
0x000000000a2d3000 	/usr/lib/libsqlite3.dylib
0x000000000a2d3000 	/usr/lib/libOpenScriptingUtil.dylib
0x000000000a2d3000 	/usr/lib/libpam.2.dylib
0x000000000a2d3000 	/usr/lib/libxar-nossl.dylib
0x000000000a2d3000 	/usr/lib/libbz2.1.0.dylib
0x000000000a2d3000 	/System/Library/Frameworks/CoreServices.framework/Versions/A/Frameworks/CarbonCore.framework/Versions/A/CarbonCore
0x000000000a2d3000 	/System/Library/Frameworks/CoreServices.framework/Versions/A/Frameworks/Metadata.framework/Versions/A/Metadata
0x000000000a2d3000 	/System/Library/Frameworks/CoreServices.framework/Versions/A/Frameworks/OSServices.framework/Versions/A/OSServices
0x000000000a2d3000 	/System/Library/Frameworks/CoreServices.framework/Versions/A/Frameworks/SearchKit.framework/Versions/A/SearchKit
0x000000000a2d3000 	/System/Library/Frameworks/CoreServices.framework/Versions/A/Frameworks/AE.framework/Versions/A/AE
0x000000000a2d3000 	/System/Library/Frameworks/CoreServices.framework/Versions/A/Frameworks/LaunchServices.framework/Versions/A/LaunchServices
0x000000000a2d3000 	/System/Library/Frameworks/CoreServices.framework/Versions/A/Frameworks/DictionaryServices.framework/Versions/A/DictionaryServices
0x000000000a2d3000 	/System/Library/Frameworks/NetFS.framework/Versions/A/NetFS
0x000000000a2d3000 	/usr/lib/system/libkxld.dylib
0x000000000a2d3000 	/System/Library/PrivateFrameworks/NetAuth.framework/Versions/A/NetAuth
0x000000000a2d3000 	/usr/lib/libcrypto.0.9.8.dylib
0x000000000a2d3000 	/System/Library/PrivateFrameworks/TrustEvaluationAgent.framework/Versions/A/TrustEvaluationAgent
0x000000000a2d3000 	/System/Library/Frameworks/OpenDirectory.framework/Versions/A/Frameworks/CFOpenDirectory.framework/Versions/A/CFOpenDirectory
0x000000000a2d3000 	/usr/lib/libxslt.1.dylib
0x000000000a2d3000 	/System/Library/PrivateFrameworks/FamilyControls.framework/Versions/A/FamilyControls
0x000000000a2d3000 	/System/Library/Frameworks/Carbon.framework/Versions/A/Frameworks/Ink.framework/Versions/A/Ink
0x000000000a2d3000 	/System/Library/Frameworks/ApplicationServices.framework/Versions/A/Frameworks/CoreGraphics.framework/Versions/A/CoreGraphics
0x000000000a2d3000 	/System/Library/Frameworks/ApplicationServices.framework/Versions/A/Frameworks/ImageIO.framework/Versions/A/ImageIO
0x000000000a2d3000 	/System/Library/Frameworks/ApplicationServices.framework/Versions/A/Frameworks/CoreText.framework/Versions/A/CoreText
0x000000000a2d3000 	/System/Library/Frameworks/ApplicationServices.framework/Versions/A/Frameworks/ATS.framework/Versions/A/ATS
0x000000000a2d3000 	/System/Library/Frameworks/ApplicationServices.framework/Versions/A/Frameworks/ColorSync.framework/Versions/A/ColorSync
0x000000000a2d3000 	/System/Library/Frameworks/ApplicationServices.framework/Versions/A/Frameworks/HIServices.framework/Versions/A/HIServices
0x000000000a2d3000 	/System/Library/Frameworks/ApplicationServices.framework/Versions/A/Frameworks/LangAnalysis.framework/Versions/A/LangAnalysis
0x000000000a2d3000 	/System/Library/Frameworks/ApplicationServices.framework/Versions/A/Frameworks/PrintCore.framework/Versions/A/PrintCore
0x000000000a2d3000 	/System/Library/Frameworks/ApplicationServices.framework/Versions/A/Frameworks/QD.framework/Versions/A/QD
0x000000000a2d3000 	/System/Library/Frameworks/ApplicationServices.framework/Versions/A/Frameworks/SpeechSynthesis.framework/Versions/A/SpeechSynthesis
0x000000000a2d3000 	/System/Library/Frameworks/IOSurface.framework/Versions/A/IOSurface
0x000000000a2d3000 	/System/Library/Frameworks/Accelerate.framework/Versions/A/Accelerate
0x000000000a2d3000 	/System/Library/Frameworks/ApplicationServices.framework/Versions/A/Frameworks/ImageIO.framework/Versions/A/Resources/libJPEG.dylib
0x000000000a2d3000 	/System/Library/Frameworks/ApplicationServices.framework/Versions/A/Frameworks/ImageIO.framework/Versions/A/Resources/libTIFF.dylib
0x000000000a2d3000 	/System/Library/Frameworks/ApplicationServices.framework/Versions/A/Frameworks/ImageIO.framework/Versions/A/Resources/libPng.dylib
0x000000000a2d3000 	/System/Library/Frameworks/ApplicationServices.framework/Versions/A/Frameworks/ImageIO.framework/Versions/A/Resources/libGIF.dylib
0x000000000a2d3000 	/System/Library/Frameworks/ApplicationServices.framework/Versions/A/Frameworks/ImageIO.framework/Versions/A/Resources/libJP2.dylib
0x000000000a2d3000 	/System/Library/Frameworks/ApplicationServices.framework/Versions/A/Frameworks/ImageIO.framework/Versions/A/Resources/libRadiance.dylib
0x000000000a2d3000 	/System/Library/Frameworks/Accelerate.framework/Versions/A/Frameworks/vImage.framework/Versions/A/vImage
0x000000000a2d3000 	/System/Library/Frameworks/Accelerate.framework/Versions/A/Frameworks/vecLib.framework/Versions/A/vecLib
0x000000000a2d3000 	/System/Library/Frameworks/Accelerate.framework/Versions/A/Frameworks/vecLib.framework/Versions/A/libvDSP.dylib
0x000000000a2d3000 	/System/Library/Frameworks/Accelerate.framework/Versions/A/Frameworks/vecLib.framework/Versions/A/libvMisc.dylib
0x000000000a2d3000 	/System/Library/Frameworks/Accelerate.framework/Versions/A/Frameworks/vecLib.framework/Versions/A/libLAPACK.dylib
0x000000000a2d3000 	/System/Library/Frameworks/Accelerate.framework/Versions/A/Frameworks/vecLib.framework/Versions/A/libBLAS.dylib
0x000000000a2d3000 	/System/Library/Frameworks/ApplicationServices.framework/Versions/A/Frameworks/ATS.framework/Versions/A/Resources/libFontParser.dylib
0x000000000a2d3000 	/System/Library/Frameworks/ApplicationServices.framework/Versions/A/Frameworks/ATS.framework/Versions/A/Resources/libFontRegistry.dylib
0x000000000a2d3000 	/usr/lib/libcups.2.dylib
0x000000000a2d3000 	/System/Library/Frameworks/Kerberos.framework/Versions/A/Kerberos
0x000000000a2d3000 	/System/Library/Frameworks/GSS.framework/Versions/A/GSS
0x000000000a2d3000 	/usr/lib/libresolv.9.dylib
0x000000000a2d3000 	/usr/lib/libiconv.2.dylib
0x000000000a2d3000 	/System/Library/PrivateFrameworks/Heimdal.framework/Versions/A/Heimdal
0x000000000a2d3000 	/System/Library/Frameworks/OpenDirectory.framework/Versions/A/OpenDirectory
0x000000000a2d3000 	/System/Library/PrivateFrameworks/CommonAuth.framework/Versions/A/CommonAuth
0x000000000a2d3000 	/System/Library/Frameworks/CoreVideo.framework/Versions/A/CoreVideo
0x000000000a2d3000 	/System/Library/Frameworks/QuartzCore.framework/Versions/A/Frameworks/CoreImage.framework/Versions/A/CoreImage
0x000000000a2d3000 	/System/Library/Frameworks/QuartzCore.framework/Versions/A/Frameworks/ScalableUserInterface.framework/Versions/A/ScalableUserInterface
0x000000000a2d3000 	/System/Library/Frameworks/OpenGL.framework/Versions/A/Libraries/libGLU.dylib
0x000000000a2d3000 	/System/Library/Frameworks/OpenGL.framework/Versions/A/Libraries/libGFXShared.dylib
0x000000000a2d3000 	/System/Library/Frameworks/OpenGL.framework/Versions/A/Libraries/libGL.dylib
0x000000000a2d3000 	/System/Library/Frameworks/OpenGL.framework/Versions/A/Libraries/libGLImage.dylib
0x000000000a2d3000 	/System/Library/Frameworks/OpenGL.framework/Versions/A/Libraries/libCVMSPluginSupport.dylib
0x000000000a2d3000 	/System/Library/Frameworks/OpenGL.framework/Versions/A/Libraries/libCoreVMClient.dylib
0x000000000a2d3000 	/System/Library/Frameworks/OpenCL.framework/Versions/A/OpenCL
0x000000000a2d3000 	/System/Library/PrivateFrameworks/FaceCoreLight.framework/Versions/A/FaceCoreLight
0x000000000a2d3000 	/System/Library/Frameworks/vecLib.framework/Versions/A/vecLib
0x000000000a2d3000 	/System/Library/Frameworks/SecurityFoundation.framework/Versions/A/SecurityFoundation
0x000000000a2d3000 	/System/Library/PrivateFrameworks/CommerceKit.framework/Versions/A/Frameworks/CommerceCore.framework/Versions/A/CommerceCore
0x000000000a2d3000 	/System/Library/PrivateFrameworks/CoreSymbolication.framework/Versions/A/CoreSymbolication
0x000000000a2d3000 	/System/Library/PrivateFrameworks/Symbolication.framework/Versions/A/Symbolication
0x000000000a2d3000 	/System/Library/PrivateFrameworks/DebugSymbols.framework/Versions/A/DebugSymbols
0x0000000103b00000 	/Library/Java/JavaVirtualMachines/1.7.0.jdk/Contents/Home/jre/lib/server/libjvm.dylib
0x00000001039c5000 	/Library/Java/JavaVirtualMachines/1.7.0.jdk/Contents/Home/jre/lib/libverify.dylib
0x00000001046a3000 	/Library/Java/JavaVirtualMachines/1.7.0.jdk/Contents/Home/jre/lib/libjava.dylib
0x00000001039dc000 	/Library/Java/JavaVirtualMachines/1.7.0.jdk/Contents/Home/jre/lib/libzip.dylib
0x000000010c882000 	/System/Library/Frameworks/JavaVM.framework/Frameworks/JavaRuntimeSupport.framework/JavaRuntimeSupport
0x000000010c89a000 	/System/Library/Frameworks/JavaVM.framework/Versions/A/Frameworks/JavaNativeFoundation.framework/Versions/A/JavaNativeFoundation
0x000000010c8af000 	/System/Library/Frameworks/JavaVM.framework/Versions/A/JavaVM
0x000000000a2d3000 	/System/Library/Frameworks/Carbon.framework/Versions/A/Carbon
0x000000010c8bc000 	/System/Library/PrivateFrameworks/JavaLaunching.framework/Versions/A/JavaLaunching
0x000000000a2d3000 	/System/Library/Frameworks/Carbon.framework/Versions/A/Frameworks/CommonPanels.framework/Versions/A/CommonPanels
0x000000000a2d3000 	/System/Library/Frameworks/Carbon.framework/Versions/A/Frameworks/Help.framework/Versions/A/Help
0x000000000a2d3000 	/System/Library/Frameworks/Carbon.framework/Versions/A/Frameworks/ImageCapture.framework/Versions/A/ImageCapture
0x000000000a2d3000 	/System/Library/Frameworks/Carbon.framework/Versions/A/Frameworks/OpenScripting.framework/Versions/A/OpenScripting
0x000000000a2d3000 	/System/Library/Frameworks/Carbon.framework/Versions/A/Frameworks/Print.framework/Versions/A/Print
0x000000000a2d3000 	/System/Library/Frameworks/Carbon.framework/Versions/A/Frameworks/SecurityHI.framework/Versions/A/SecurityHI
0x000000010d21f000 	/Library/Java/JavaVirtualMachines/jdk1.7.0_45.jdk/Contents/Home/jre/lib/libprism-es2.dylib
0x000000010d275000 	/System/Library/Frameworks/OpenGL.framework/Resources/GLEngine.bundle/GLEngine
0x000000010d464000 	/System/Library/Frameworks/OpenGL.framework/Versions/A/Libraries/libGLProgrammability.dylib
0x0000000000000000 	/System/Library/Extensions/GeForceGLDriver.bundle/Contents/MacOS/GeForceGLDriver
0x000000010d5f0000 	/System/Library/PrivateFrameworks/GPUSupport.framework/Versions/A/Libraries/libGPUSupport.dylib
0x000000000a2d3000 	/System/Library/Extensions/GeForceGLDriver.bundle/Contents/MacOS/libclh.dylib
0x000000010d606000 	/System/Library/Frameworks/OpenGL.framework/Resources//GLRendererFloat.bundle/GLRendererFloat
0x000000010d63d000 	/System/Library/Frameworks/OpenCL.framework/Versions/A/Libraries/libcldcpuengine.dylib
0x000000000a2d3000 	/System/Library/PrivateFrameworks/DiskImages.framework/Versions/A/DiskImages
0x000000010d64d000 	/System/Library/Frameworks/OpenGL.framework/Versions/A/Libraries/libCoreFSCache.dylib
0x000000000a2d3000 	/System/Library/Frameworks/DiscRecording.framework/Versions/A/DiscRecording
0x000000000a2d3000 	/usr/lib/libcurl.4.dylib
0x000000000a2d3000 	/System/Library/PrivateFrameworks/MediaKit.framework/Versions/A/MediaKit
0x000000000a2d3000 	/usr/lib/libssl.0.9.8.dylib
0x000000000a2d3000 	/System/Library/Frameworks/LDAP.framework/Versions/A/LDAP
0x000000000a2d3000 	/usr/lib/libsasl2.2.dylib
0x000000010d806000 	/Library/Java/JavaVirtualMachines/jdk1.7.0_45.jdk/Contents/Home/jre/lib/libglass.dylib
0x000000000a2d3000 	/System/Library/PrivateFrameworks/CoreServicesInternal.framework/Versions/A/CoreServicesInternal
0x000000000a2d3000 	/System/Library/CoreServices/RawCamera.bundle/Contents/MacOS/RawCamera
0x000000000a2d3000 	/System/Library/Frameworks/ApplicationServices.framework/Versions/A/Frameworks/CoreGraphics.framework/Versions/A/Resources/libCSync.A.dylib
0x000000000a2d3000 	/System/Library/Frameworks/ApplicationServices.framework/Versions/A/Frameworks/CoreGraphics.framework/Versions/A/Resources/libRIP.A.dylib
0x000000011044e000 	/Library/Java/JavaVirtualMachines/jdk1.7.0_45.jdk/Contents/Home/jre/lib/libjavafx-iio.dylib
0x00000001106d2000 	/Library/Java/JavaVirtualMachines/jdk1.7.0_45.jdk/Contents/Home/jre/lib/libjavafx-font.dylib
0x000000000a2d3000 	/System/Library/Frameworks/ApplicationServices.framework/Versions/A/Frameworks/CoreGraphics.framework/Versions/A/Resources/libCGXType.A.dylib
0x000000010e92e000 	cl_kernels
0x00000001104e7000 	/System/Library/Frameworks/OpenCL.framework/Versions/A/Libraries/ImageFormats/unorm8_bgra.dylib
0x000000010edf0000 	cl_kernels

VM Arguments:
jvm_args: -Dfile.encoding=US-ASCII -Xbootclasspath/a:/Library/Java/JavaVirtualMachines/jdk1.7.0_45.jdk/Contents/Home/jre/lib/jfxrt.jar 
java_command: com.main.MVPApplication
Launcher Type: SUN_STANDARD

Environment Variables:
PATH=/usr/bin:/bin:/usr/sbin:/sbin
SHELL=/bin/bash
DISPLAY=/tmp/launch-fRATom/org.x:0

Signal Handlers:
SIGSEGV: [libjvm.dylib+0x4a177d], sa_mask[0]=0xfffefeff, sa_flags=0x00000042
SIGBUS: [libjvm.dylib+0x4a177d], sa_mask[0]=0xfffefeff, sa_flags=0x00000042
SIGFPE: [libjvm.dylib+0x3b1541], sa_mask[0]=0xfffefeff, sa_flags=0x00000042
SIGPIPE: [libjvm.dylib+0x3b1541], sa_mask[0]=0xfffefeff, sa_flags=0x00000042
SIGXFSZ: [libjvm.dylib+0x3b1541], sa_mask[0]=0xfffefeff, sa_flags=0x00000042
SIGILL: [libjvm.dylib+0x3b1541], sa_mask[0]=0xfffefeff, sa_flags=0x00000042
SIGUSR1: SIG_DFL, sa_mask[0]=0x00000000, sa_flags=0x00000002
SIGUSR2: [libjvm.dylib+0x3b10ce], sa_mask[0]=0x00000004, sa_flags=0x00000042
SIGHUP: [libjvm.dylib+0x3af2f3], sa_mask[0]=0xfffefeff, sa_flags=0x00000042
SIGINT: [libjvm.dylib+0x3af2f3], sa_mask[0]=0xfffefeff, sa_flags=0x00000042
SIGTERM: [libjvm.dylib+0x3af2f3], sa_mask[0]=0xfffefeff, sa_flags=0x00000042
SIGQUIT: [libjvm.dylib+0x3af2f3], sa_mask[0]=0xfffefeff, sa_flags=0x00000042


---------------  S Y S T E M  ---------------

OS:Bsd
uname:Darwin 11.4.2 Darwin Kernel Version 11.4.2: Thu Aug 23 16:25:48 PDT 2012; root:xnu-1699.32.7~1/RELEASE_X86_64 x86_64
rlimit: STACK 8192k, CORE 0k, NPROC 266, NOFILE 10240
CPU:total 2 (2 cores per cpu, 1 threads per core) family 6 model 23 stepping 10, cmov, cx8, fxsr, mmx, sse, sse2, sse3, ssse3, sse4.1, tsc

Memory: 4k page, physical 5789308k(1447327k free)

/proc/meminfo:


vm_info: Java HotSpot(TM) 64-Bit Server VM (23.0-b21) for bsd-amd64 JRE (1.7.0_04-b21), built on Apr 19 2012 22:33:17 by "java_re" with gcc 4.2.1 (Based on Apple Inc. build 5658) (LLVM build 2336.1.00)

time: Sat Jan 25 01:21:31 2014
elapsed time: 11 seconds

